2023-12-12 01:47:57,281 [INFO] Started logging at 20231212-014757
2023-12-12 01:47:57,288 [INFO] Hyperparameters: 
num_components: 4
range_low: 0.666666
range_high: 1.5
prob_jump: 0.25
no_jump_threshold: 0.3

2023-12-12 01:47:57,315 [INFO] Benchmarking for 20 indices
2023-12-12 01:47:57,316 [INFO] Running for idx 0
2023-12-12 01:49:54,950 [INFO] Calculating loss for idx 0
2023-12-12 01:49:57,579 [INFO] 
               fix_nofl flo_nofl                              e_perc                                e_abs     fix_t     flt_t                         speedup
correlation           0        0       1.194385528564461457949895475      0.01194385528564461558680555556  0.009906  0.010645   1.074601251766606097314758732
covariance            0        0   0.0001481311655862873288252545117     0.002076789008244972704861111111  0.005305  0.010567   1.991894439208294062205466541
2mm                   0        0    0.002116203505084219250051580296       0.1438640358449807895808080808  0.014554  0.017989   1.236017589666071183179881819
3mm                   0        0      0.1607428143865255962080035148        1.172867386937267929232804233  0.017723  0.025526   1.440275348417310839022738814
atax                  0        0    0.001245307518139623818345421377      0.03266340436183471048780487805  0.000215  0.000344                             1.6
bicg                  0        0  0.00004759444696888559227595466863              0.000047051263120545625  0.000432  0.000523   1.210648148148148148148148148
doitgen               0        0  0.00001518226308628690546534849225  0.000002021210889111604166666666667  0.004042  0.005121   1.266947055912914398812469075
mvt                   0        0  0.00004734201893050139907084194797               0.00004664236306823225  0.000197  0.000340   1.725888324873096446700507614
gemm                  0        0  0.00001479771693590298682699517632   0.00001244721276953818181818181818  0.007127  0.002643  0.3708432720639820401290865722
gemver                0        0  0.00003027313379544594871299482309               0.00191701929193391475  0.000453  0.000524   1.156732891832229580573951435
gesummv               0        0  0.00004861237071837252610943306509                0.0000806915283183144  0.000086  0.000145   1.686046511627906976744186047
symm                  0        0   0.0007963238953248391125850552133    0.0001487045288080912958333333333  0.006578  0.006787   1.031772575250836120401337793
syr2k                 0        0  0.00001699802890578776291817536193   0.00001223600474022919097222222222  0.008336  0.005009  0.6008877159309021113243761996
syrk                  0        0    0.008908022082727790005679672968     0.003215815621837633934027777778  0.004175  0.003548  0.8498203592814371257485029940
trmm                  0        0   0.0001165630935028292699829867013            0.00004396649698377393125  0.004203  0.004387   1.043778253628360694741851059
cholesky              0        0   0.0008462985893928526759173484168  0.000005670095025417226932668329177  0.007693  0.010814   1.405693487586117249447549721
durbin                0        0      -25.16409692019274273840881420               0.00062922264855964425  0.000109  0.000115   1.055045871559633027522935780
gramschmidt           0        0       8.481730959763505411538193444       0.2667616760502377581136363636  0.009699  0.011607   1.196721311475409836065573770
lu                    0        0    0.002061708849909160448173884941               0.00001379618248277339  0.019504  0.020848   1.068908941755537325676784249
ludcmp                0        0      0.2520458220045806715679653536               0.00002521245863239575  0.018521  0.019209   1.037147022299011932401058258
trisolv               0        0   0.0007163980422090239072829048338               0.00000225930572684625  0.000081  0.000100   1.234567901234567901234567901
deriche               0        0  0.00003496357273198525772562378705     6.531283331761574074074074074E-9  0.011162  0.005749  0.5150510661171833004837842681
floyd-warshall        0        0                                   0                                    0  0.085912  0.163654   1.904902691125803147406648664
nussinov              0        0                                   0                                    0  0.018710  0.013688  0.7315873864243719935863174773
adi                   0        0     0.07478138527832312320764620720              0.000747813852783233995  0.154468  0.058503  0.3787386384234922443483439936
fdtd-2d               0        0  0.00004704790130159278723838813586   0.00001697663885679788055555555556  0.007653  0.006463  0.8445054227100483470534430942
heat-3d               0        0                                   0                                0E-16  0.010019  0.011252   1.123066174268889110689689590
jacobi-1d             0        0  0.00007857036815572305723013131653                     3.95077510528E-7  0.000054  0.000023  0.4259259259259259259259259259
jacobi-2d             0        0   0.0001428396627244173423026414782             0.0000900335637676545744  0.008628  0.006849  0.7938108484005563282336578581
seidel-2d             0        0   0.0001020126506449179568796360769           0.000102525901793475199375  0.048021  0.087947   1.831427916952999729285104433
2023-12-12 01:49:57,591 [INFO] Modifying components ['CAST_FIX_FLOAT' 'REM_FIX' 'ADD_FLOAT' 'ADD_DOUBLE'] with modifications [('CAST_FIX_FLOAT', 0.8818806886214227), ('REM_FIX', 0.8098096300454186), ('ADD_FLOAT', 1.451047568839074), ('ADD_DOUBLE', 1.3374875274275873)]
2023-12-12 01:49:57,602 [INFO] Running idx 1
2023-12-12 01:50:52,112 [INFO] Calculating loss for idx 1
2023-12-12 01:50:53,180 [INFO] 
          fix_nofl flo_nofl                              e_perc                               e_abs     fix_t     flt_t                         speedup
gemm             0        0  0.00001479771693590298682699517632  0.00001244721276953818181818181818  0.014101  0.004223  0.2994823062194170626196723637
syr2k            0        0  0.00001699802890578776291817536193  0.00001223600474022919097222222222  0.008585  0.005244  0.6108328479906814210832847991
syrk             0        0    0.008908022082727790005679672968    0.003215815621837633934027777778  0.004152  0.002131  0.5132466281310211946050096339
deriche          0        0  0.00003496357273198525772562378705    6.531283331761574074074074074E-9  0.011553  0.006223  0.5386479702241841945814939842
nussinov         0        0                                   0                                   0  0.015636  0.017529   1.121066768994627782041442824
adi              0        0     0.07478138527832312320764620720             0.000747813852783233995  0.139081  0.060578  0.4355591346050143441591590512
fdtd-2d          0        0  0.00004704790130159278723838813586  0.00001697663885679788055555555556  0.007697  0.006451  0.8381187475639859685591789009
jacobi-1d        0        0  0.00007857036815572305723013131653                    3.95077510528E-7  0.000046  0.000026  0.5652173913043478260869565217
jacobi-2d        0        0   0.0001428396627244173423026414782            0.0000900335637676545744  0.011314  0.006404  0.5660243945554180661127806258
2023-12-12 01:50:53,192 [INFO] 
loss: 3.6328701972961426, prev_loss: 3.4888293743133545

2023-12-12 01:50:53,192 [INFO] Loss increased from 3.4888293743133545 to 3.6328701972961426. Removing components ['CAST_FIX_FLOAT' 'REM_FIX' 'ADD_FLOAT' 'ADD_DOUBLE'] and reversing modifications.
2023-12-12 01:50:53,210 [INFO] Modifying components ['CAST_FLOAT_FIX' 'DIV_FIX' 'REM_DOUBLE' 'MUL_FLOAT'] with modifications [('CAST_FLOAT_FIX', 0.6803995592881702), ('DIV_FIX', 0.6811471184061852), ('REM_DOUBLE', 1.2607459805533767), ('MUL_FLOAT', 1.311751104646036)]
2023-12-12 01:50:53,225 [INFO] Running idx 2
2023-12-12 01:51:51,883 [INFO] Calculating loss for idx 2
2023-12-12 01:51:52,815 [INFO] 
          fix_nofl flo_nofl                              e_perc                               e_abs     fix_t     flt_t                         speedup
gemm             0        0  0.00001479771693590298682699517632  0.00001244721276953818181818181818  0.006989  0.002644  0.3783087709257404492774359708
syr2k            0        0  0.00001699802890578776291817536193  0.00001223600474022919097222222222  0.008815  0.007010  0.7952353942144072603516732842
syrk             0        0    0.008908022082727790005679672968    0.003215815621837633934027777778  0.004162  0.003668  0.8813070639115809706871696300
deriche          0        0  0.00003496357273198525772562378705    6.531283331761574074074074074E-9  0.014693  0.006123  0.4167290546518750425372626421
adi              0        0     0.07478138527832312320764620720             0.000747813852783233995  0.137456  0.059766  0.4348009544872541031311837970
fdtd-2d          0        0  0.00004704790130159278723838813586  0.00001697663885679788055555555556  0.007673  0.006563  0.8553368956079760198097224032
jacobi-1d        0        0  0.00007857036815572305723013131653                    3.95077510528E-7  0.000086  0.000022  0.2558139534883720930232558140
jacobi-2d        0        0   0.0001428396627244173423026414782            0.0000900335637676545744  0.011767  0.007883  0.6699243647488739695759326931
2023-12-12 01:51:52,835 [INFO] 
loss: 3.3125433921813965, prev_loss: 3.4888293743133545

2023-12-12 01:51:52,835 [INFO] Loss decreased from 3.4888293743133545 to 3.3125433921813965. Resetting components.
2023-12-12 01:51:52,838 [INFO] Modifying components ['CAST_DOUBLE_FIX' 'CAST_FIX_FIX' 'DIV_DOUBLE' 'ADD_FLOAT'] with modifications [('CAST_DOUBLE_FIX', 1.0787831710132887), ('CAST_FIX_FIX', 1.407573487780619), ('DIV_DOUBLE', 1.1659295699931647), ('ADD_FLOAT', 0.759590584971826)]
2023-12-12 01:51:52,849 [INFO] Running idx 3
2023-12-12 01:52:40,799 [INFO] Calculating loss for idx 3
2023-12-12 01:52:41,725 [INFO] 
          fix_nofl flo_nofl                              e_perc                               e_abs     fix_t     flt_t                         speedup
gemm             0        0  0.00001479771693590298682699517632  0.00001244721276953818181818181818  0.007036  0.003175  0.4512507106310403638430926663
syr2k            0        0  0.00001699802890578776291817536193  0.00001223600474022919097222222222  0.009124  0.005190  0.5688294607628233231039017975
syrk             0        0    0.008908022082727790005679672968    0.003215815621837633934027777778  0.005086  0.002188  0.4302005505308690523004325600
deriche          0        0  0.00003496357273198525772562378705    6.531283331761574074074074074E-9  0.011761  0.005976  0.5081200578182127370121588300
adi              0        0     0.07478138527832312320764620720             0.000747813852783233995  0.137966  0.060166  0.4360929504370642042242291579
fdtd-2d          0        0  0.00004704790130159278723838813586  0.00001697663885679788055555555556  0.011161  0.008808  0.7891765970791147746617686587
jacobi-1d        0        0  0.00007857036815572305723013131653                    3.95077510528E-7  0.000067  0.000042  0.6268656716417910447761194030
jacobi-2d        0        0   0.0001428396627244173423026414782            0.0000900335637676545744  0.008692  0.006167  0.7095029912563276576161988035
2023-12-12 01:52:41,738 [INFO] 
loss: 3.4799609184265137, prev_loss: 3.3125433921813965

2023-12-12 01:52:41,739 [INFO] Loss increased from 3.3125433921813965 to 3.4799609184265137. Jumping to search new minima.
2023-12-12 01:52:41,739 [INFO] Modifying components ['MUL_DOUBLE' 'CAST_DOUBLE_FIX' 'MUL_FIX' 'REM_DOUBLE'] with modifications [('MUL_DOUBLE', 1.3612387739415863), ('CAST_DOUBLE_FIX', 0.8682314387599633), ('MUL_FIX', 0.7299193179693514), ('REM_DOUBLE', 0.8493479756235705)]
2023-12-12 01:52:41,759 [INFO] Running idx 4
2023-12-12 01:53:35,706 [INFO] Calculating loss for idx 4
2023-12-12 01:53:36,639 [INFO] 
          fix_nofl flo_nofl                              e_perc                               e_abs     fix_t     flt_t                         speedup
gemm             0        0  0.00001479771693590298682699517632  0.00001244721276953818181818181818  0.012386  0.002748  0.2218633941546907799128047796
syr2k            0        0  0.00001699802890578776291817536193  0.00001223600474022919097222222222  0.015742  0.007067  0.4489264388260703849574386990
syrk             0        0    0.008908022082727790005679672968    0.003215815621837633934027777778  0.007493  0.003642  0.4860536500734018417189376752
deriche          0        0  0.00003496357273198525772562378705    6.531283331761574074074074074E-9  0.015555  0.007492  0.4816457730633236901317904211
adi              0        0     0.07478138527832312320764620720             0.000747813852783233995  0.139644  0.060514  0.4333447910400733293231359743
fdtd-2d          0        0  0.00004704790130159278723838813586  0.00001697663885679788055555555556  0.007655  0.006453  0.8429784454604833442194644024
jacobi-1d        0        0  0.00007857036815572305723013131653                    3.95077510528E-7  0.000057  0.000030  0.5263157894736842105263157895
jacobi-2d        0        0   0.0001428396627244173423026414782            0.0000900335637676545744  0.008588  0.006082  0.7081974848625989753143921751
2023-12-12 01:53:36,659 [INFO] 
loss: 3.8506741523742676, prev_loss: 3.4799609184265137

2023-12-12 01:53:36,660 [INFO] Loss increased from 3.4799609184265137 to 3.8506741523742676. Removing components ['MUL_DOUBLE' 'CAST_DOUBLE_FIX' 'MUL_FIX' 'REM_DOUBLE'] and reversing modifications.
2023-12-12 01:53:36,697 [INFO] Modifying components ['DIV_FIX' 'REM_FLOAT' 'CAST_FIX_FLOAT' 'CAST_FLOAT_DOUBLE'] with modifications [('DIV_FIX', 1.1020997693930785), ('REM_FLOAT', 0.911888033402246), ('CAST_FIX_FLOAT', 0.7036146197613644), ('CAST_FLOAT_DOUBLE', 1.2246546767867996)]
2023-12-12 01:53:36,722 [INFO] Running idx 5
2023-12-12 01:54:29,268 [INFO] Calculating loss for idx 5
2023-12-12 01:54:30,292 [INFO] 
          fix_nofl flo_nofl                              e_perc                               e_abs     fix_t     flt_t                         speedup
gemm             0        0  0.00001479771693590298682699517632  0.00001244721276953818181818181818  0.012925  0.003958  0.3062282398452611218568665377
syr2k            0        0  0.00001699802890578776291817536193  0.00001223600474022919097222222222  0.008593  0.005118  0.5956010706388921214942394973
syrk             0        0    0.008908022082727790005679672968    0.003215815621837633934027777778  0.004194  0.003348  0.7982832618025751072961373391
deriche          0        0  0.00003496357273198525772562378705    6.531283331761574074074074074E-9  0.011561  0.005759  0.4981402992820690251708329729
adi              0        0     0.07478138527832312320764620720             0.000747813852783233995  0.140191  0.059300  0.4229943434314613634256122005
fdtd-2d          0        0  0.00004704790130159278723838813586  0.00001697663885679788055555555556  0.016065  0.006400  0.3983815748521630874572051043
jacobi-1d        0        0  0.00007857036815572305723013131653                    3.95077510528E-7  0.000047  0.000020  0.4255319148936170212765957447
jacobi-2d        0        0   0.0001428396627244173423026414782            0.0000900335637676545744  0.012061  0.007524  0.6238288699112843047840145925
2023-12-12 01:54:30,301 [INFO] 
loss: 3.9310102462768555, prev_loss: 3.4799609184265137

2023-12-12 01:54:30,302 [INFO] Loss increased from 3.4799609184265137 to 3.9310102462768555. Jumping to search new minima.
2023-12-12 01:54:30,305 [INFO] Modifying components ['CAST_DOUBLE_FLOAT' 'CAST_FIX_FLOAT' 'DIV_FIX' 'CAST_FIX_DOUBLE'] with modifications [('CAST_DOUBLE_FLOAT', 0.7771028976155437), ('CAST_FIX_FLOAT', 1.1062753795308933), ('DIV_FIX', 1.1784085093907128), ('CAST_FIX_DOUBLE', 0.8020509573774461)]
2023-12-12 01:54:30,316 [INFO] Running idx 6
2023-12-12 01:55:19,484 [INFO] Calculating loss for idx 6
2023-12-12 01:55:20,417 [INFO] 
          fix_nofl flo_nofl                              e_perc                               e_abs     fix_t     flt_t                         speedup
gemm             0        0  0.00001479771693590298682699517632  0.00001244721276953818181818181818  0.007077  0.002863  0.4045499505440158259149357072
syr2k            0        0  0.00001699802890578776291817536193  0.00001223600474022919097222222222  0.008463  0.005143  0.6077041238331560912206073496
syrk             0        0    0.008908022082727790005679672968    0.003215815621837633934027777778  0.004200  0.002296  0.5466666666666666666666666667
deriche          0        0  0.00003496357273198525772562378705    6.531283331761574074074074074E-9  0.014620  0.008302  0.5678522571819425444596443228
adi              0        0     0.07478138527832312320764620720             0.000747813852783233995  0.143569  0.062116  0.4326560747793743774770319498
fdtd-2d          0        0  0.00004704790130159278723838813586  0.00001697663885679788055555555556  0.011199  0.008446  0.7541744798642735958567729262
jacobi-1d        0        0  0.00007857036815572305723013131653                    3.95077510528E-7  0.000078  0.000021  0.2692307692307692307692307692
jacobi-2d        0        0   0.0001428396627244173423026414782            0.0000900335637676545744  0.013043  0.006102  0.4678371540289810626389634287
2023-12-12 01:55:20,426 [INFO] 
loss: 3.9493284225463867, prev_loss: 3.9310102462768555

2023-12-12 01:55:20,426 [INFO] Loss increased from 3.9310102462768555 to 3.9493284225463867. Removing components ['CAST_DOUBLE_FLOAT' 'CAST_FIX_FLOAT' 'DIV_FIX' 'CAST_FIX_DOUBLE'] and reversing modifications.
2023-12-12 01:55:20,441 [INFO] Modifying components ['SUB_DOUBLE' 'ADD_FLOAT' 'CAST_FLOAT_DOUBLE' 'CAST_FIX_FIX'] with modifications [('SUB_DOUBLE', 0.8569423654004759), ('ADD_FLOAT', 0.8948773120233048), ('CAST_FLOAT_DOUBLE', 1.2562627399343862), ('CAST_FIX_FIX', 0.7563774837604552)]
2023-12-12 01:55:20,452 [INFO] Running idx 7
2023-12-12 01:56:07,158 [INFO] Calculating loss for idx 7
2023-12-12 01:56:08,104 [INFO] 
          fix_nofl flo_nofl                              e_perc                               e_abs     fix_t     flt_t                         speedup
gemm             0        0  0.00001479771693590298682699517632  0.00001244721276953818181818181818  0.007154  0.003092  0.4322057590159351411797595751
syr2k            0        0  0.00001699802890578776291817536193  0.00001223600474022919097222222222  0.008881  0.005018  0.5650264609841234095259542844
syrk             0        0    0.008908022082727790005679672968    0.003215815621837633934027777778  0.004111  0.002164  0.5263926052055460958404281197
deriche          0        0  0.00003496357273198525772562378705    6.531283331761574074074074074E-9  0.014343  0.005715  0.3984522066513281740221710939
adi              0        0     0.07478138527832312320764620720             0.000747813852783233995  0.134926  0.057948  0.4294798630360345670960378281
fdtd-2d          0        0  0.00004704790130159278723838813586  0.00001697663885679788055555555556  0.007523  0.006849  0.9104080818822278346404359963
jacobi-1d        0        0  0.00007857036815572305723013131653                    3.95077510528E-7  0.000061  0.000020  0.3278688524590163934426229508
jacobi-2d        0        0   0.0001428396627244173423026414782            0.0000900335637676545744  0.008505  0.005849  0.6877131099353321575543797766
2023-12-12 01:56:08,125 [INFO] 
loss: 3.7224531173706055, prev_loss: 3.9310102462768555

2023-12-12 01:56:08,125 [INFO] Loss decreased from 3.9310102462768555 to 3.7224531173706055. Resetting components.
2023-12-12 01:56:08,128 [INFO] Modifying components ['CAST_DOUBLE_FIX' 'DIV_DOUBLE' 'REM_FIX' 'DIV_FLOAT'] with modifications [('CAST_DOUBLE_FIX', 1.3225124374769028), ('DIV_DOUBLE', 1.0036144393389281), ('REM_FIX', 0.9383615728227681), ('DIV_FLOAT', 1.4099798254531053)]
2023-12-12 01:56:08,141 [INFO] Running idx 8
2023-12-12 01:56:53,084 [INFO] Calculating loss for idx 8
2023-12-12 01:56:54,076 [INFO] 
          fix_nofl flo_nofl                              e_perc                               e_abs     fix_t     flt_t                         speedup
gemm             0        0  0.00001479771693590298682699517632  0.00001244721276953818181818181818  0.007024  0.002672  0.3804100227790432801822323462
syr2k            0        0  0.00001699802890578776291817536193  0.00001223600474022919097222222222  0.008253  0.005040  0.6106870229007633587786259542
syrk             0        0    0.008908022082727790005679672968    0.003215815621837633934027777778  0.004069  0.002136  0.5249447038584418776112066847
deriche          0        0  0.00003496357273198525772562378705    6.531283331761574074074074074E-9  0.014627  0.006030  0.4122513160593423121624393245
adi              0        0     0.07478138527832312320764620720             0.000747813852783233995  0.138937  0.058520  0.4211980969792064029020347352
fdtd-2d          0        0  0.00004704790130159278723838813586  0.00001697663885679788055555555556  0.007732  0.006356  0.8220382824624935333678220383
jacobi-1d        0        0  0.00007857036815572305723013131653                    3.95077510528E-7  0.000047  0.000020  0.4255319148936170212765957447
jacobi-2d        0        0   0.0001428396627244173423026414782            0.0000900335637676545744  0.011065  0.005998  0.5420695887934929959331224582
2023-12-12 01:56:54,086 [INFO] 
loss: 3.8608689308166504, prev_loss: 3.7224531173706055

2023-12-12 01:56:54,086 [INFO] Loss increased from 3.7224531173706055 to 3.8608689308166504. Removing components ['CAST_DOUBLE_FIX' 'DIV_DOUBLE' 'REM_FIX' 'DIV_FLOAT'] and reversing modifications.
2023-12-12 01:56:54,103 [INFO] Modifying components ['SUB_DOUBLE' 'SUB_FLOAT' 'CAST_FIX_FLOAT' 'CAST_FIX_FIX'] with modifications [('SUB_DOUBLE', 0.7471176949857693), ('SUB_FLOAT', 0.8816462083292281), ('CAST_FIX_FLOAT', 0.7736545898661434), ('CAST_FIX_FIX', 1.137006170255038)]
2023-12-12 01:56:54,117 [INFO] Running idx 9
2023-12-12 01:57:58,749 [INFO] Calculating loss for idx 9
2023-12-12 01:57:59,659 [INFO] 
          fix_nofl flo_nofl                              e_perc                               e_abs     fix_t     flt_t                         speedup
gemm             0        0  0.00001479771693590298682699517632  0.00001244721276953818181818181818  0.009690  0.002644  0.2728586171310629514963880289
syr2k            0        0  0.00001699802890578776291817536193  0.00001223600474022919097222222222  0.011450  0.005010  0.4375545851528384279475982533
syrk             0        0    0.008908022082727790005679672968    0.003215815621837633934027777778  0.005895  0.003087  0.5236641221374045801526717557
deriche          0        0  0.00003496357273198525772562378705    6.531283331761574074074074074E-9  0.012126  0.009237  0.7617516081147946561108362197
adi              0        0     0.07478138527832312320764620720             0.000747813852783233995  0.138322  0.058591  0.4235841008660950535706539813
fdtd-2d          0        0  0.00004704790130159278723838813586  0.00001697663885679788055555555556  0.007733  0.006640  0.8586577007629639208586577008
jacobi-1d        0        0  0.00007857036815572305723013131653                    3.95077510528E-7  0.000046  0.000020  0.4347826086956521739130434783
jacobi-2d        0        0   0.0001428396627244173423026414782            0.0000900335637676545744  0.008361  0.005909  0.7067336443009209424709962923
2023-12-12 01:57:59,675 [INFO] 
loss: 3.5804131031036377, prev_loss: 3.7224531173706055

2023-12-12 01:57:59,675 [INFO] Loss decreased from 3.7224531173706055 to 3.5804131031036377. Resetting components.
2023-12-12 01:57:59,692 [INFO] Resetting benchmark to everything for idx 10
2023-12-12 01:57:59,692 [INFO] Running idx 10
2023-12-12 01:59:36,772 [INFO] Calculating loss for idx 10
