2023-12-12 17:25:49,900 [INFO] Started logging at 20231212-172549
2023-12-12 17:25:49,901 [INFO] Setting seed to 1
2023-12-12 17:25:49,901 [INFO] Hyperparameters: 
num_components_min: 1
num_components_max: 20
range_low: 0.5
range_high: 2.0
prob_jump: 1.0
no_jump_threshold: 5.0

2023-12-12 17:25:49,901 [INFO] Benchmarking for 50 indices
2023-12-12 17:25:49,904 [INFO] Resetting benchmark to everything for idx 0
2023-12-12 17:25:49,904 [INFO] Compiling and running for idx 0
2023-12-12 17:26:30,226 [INFO] Calculating loss for idx 0

2023-12-12 17:26:32,959 [INFO] 
               fix_nofl flo_nofl                              e_perc                                e_abs     fix_t     flt_t                         speedup
correlation           0        0       1.194385528564461457949895475      0.01194385528564461558680555556  0.006077  0.011616   1.911469475069935823597169656
covariance            0        0   0.0001481311655862873288252545117     0.002076789008244972704861111111  0.005360  0.009964   1.858955223880597014925373134
2mm                   0        0    0.002116203505084219250051580296       0.1438640358449807895808080808  0.010503  0.013501   1.285442254593925545082357422
3mm                   0        0      0.1607428143865255962080035148        1.172867386937267929232804233  0.013595  0.020967   1.542258183155571901434350864
atax                  0        0    0.001245307518139623818345421377      0.03266340436183471048780487805  0.000222  0.000165  0.7432432432432432432432432432
bicg                  0        0  0.00004759444696888559227595466863              0.000047051263120545625  0.000255  0.000374   1.466666666666666666666666667
doitgen               0        0  0.00001518226308628690546534849225  0.000002021210889111604166666666667  0.004902  0.004628  0.9441044471644226846185230518
mvt                   0        0  0.00004734201893050139907084194797               0.00004664236306823225  0.000200  0.000313                           1.565
gemm                  0        0  0.00001479771693590298682699517632   0.00001244721276953818181818181818  0.007846  0.003336  0.4251848075452459852153963803
gemver                0        0  0.00003027313379544594871299482309               0.00191701929193391475  0.000486  0.000394  0.8106995884773662551440329218
gesummv               0        0  0.00004861237071837252610943306509                0.0000806915283183144  0.000101  0.000144   1.425742574257425742574257426
symm                  0        0   0.0007963238953248391125850552133    0.0001487045288080912958333333333  0.007744  0.009129   1.178848140495867768595041322
syr2k                 0        0  0.00001699802890578776291817536193   0.00001223600474022919097222222222  0.009775  0.006731  0.6885933503836317135549872123
syrk                  0        0    0.008908022082727790005679672968     0.003215815621837633934027777778  0.004473  0.002796  0.6250838363514419852448021462
trmm                  0        0   0.0001165630935028292699829867013            0.00004396649698377393125  0.004736  0.004447  0.9389780405405405405405405405
cholesky              0        0   0.0008462985893928526759173484168  0.000005670095025417226932668329177  0.008391  0.008876   1.057800023835061375283041354
durbin                0        0      -25.16409692019274273840881420               0.00062922264855964425  0.000129  0.000105  0.8139534883720930232558139535
gramschmidt           0        0       8.481730959763505411538193444       0.2667616760502377581136363636  0.010823  0.015369   1.420031414580060981243647787
lu                    0        0    0.002061708849909160448173884941               0.00001379618248277339  0.019570  0.020803   1.063004598875830352580480327
ludcmp                0        0      0.2520458220045806715679653536               0.00002521245863239575  0.019877  0.017762  0.8935956130200734517281279871
trisolv               0        0   0.0007163980422090239072829048338               0.00000225930572684625  0.000084  0.000068  0.8095238095238095238095238095
deriche               0        0  0.00003496357273198525772562378705     6.531283331761574074074074074E-9  0.011264  0.005669  0.5032848011363636363636363636
floyd-warshall        0        0                                   0                                    0  0.092472  0.097938   1.059109784583441474175966779
nussinov              0        0                                   0                                    0  0.019256  0.019424   1.008724553385957623597839634
adi                   0        0     0.07478138527832312320764620720              0.000747813852783233995  0.152427  0.075943  0.4982253800179758179325185171
fdtd-2d               0        0  0.00004704790130159278723838813586   0.00001697663885679788055555555556  0.009704  0.009264  0.9546578730420445177246496290
heat-3d               0        0                                   0                                0E-16  0.012706  0.014948   1.176452069888241775539115379
jacobi-1d             0        0  0.00007857036815572305723013131653                     3.95077510528E-7  0.000076  0.000025  0.3289473684210526315789473684
jacobi-2d             0        0   0.0001428396627244173423026414782             0.0000900335637676545744  0.014987  0.008458  0.5643557750050043370921465270
seidel-2d             0        0   0.0001020126506449179568796360769           0.000102525901793475199375  0.050655  0.107669   2.125535485144605665778304215
2023-12-12 17:26:32,962 [INFO] Mean performance gains: 1.0562491416931152
2023-12-12 17:26:32,962 [INFO] Modifying components ['CAST_FIX_DOUBLE' 'REM_FIX' 'SUB_DOUBLE' 'CAST_DOUBLE_FIX'
 'CAST_FLOAT_DOUBLE' 'CAST_FIX_FLOAT'] with modifications [('CAST_FIX_DOUBLE', 0.8443658205947383), ('REM_FIX', 1.3016208634205255), ('SUB_DOUBLE', 1.8709430368688493), ('CAST_DOUBLE_FIX', 1.1858072119804823), ('CAST_FLOAT_DOUBLE', 1.1460478507770626), ('CAST_FIX_FLOAT', 1.9086916841354387)]
2023-12-12 17:26:32,967 [INFO] Compiling and running for idx 1
2023-12-12 17:27:13,246 [INFO] Calculating loss for idx 1

2023-12-12 17:27:15,949 [INFO] 
               fix_nofl flo_nofl                              e_perc                                e_abs     fix_t     flt_t                         speedup
correlation           0        0       1.194385528564461457949895475      0.01194385528564461558680555556  0.006191  0.011268   1.820061379421741237279922468
covariance            0        0   0.0001481311655862873288252545117     0.002076789008244972704861111111  0.005890  0.009949   1.689134125636672325976230900
2mm                   0        0    0.002116203505084219250051580296       0.1438640358449807895808080808  0.010296  0.013634   1.324203574203574203574203574
3mm                   0        0      0.1607428143865255962080035148        1.172867386937267929232804233  0.013504  0.021250   1.573607819905213270142180095
atax                  0        0    0.001245307518139623818345421377      0.03266340436183471048780487805  0.000210  0.000181  0.8619047619047619047619047619
bicg                  0        0  0.00004759444696888559227595466863              0.000047051263120545625  0.000270  0.000373   1.381481481481481481481481481
doitgen               0        0  0.00001518226308628690546534849225  0.000002021210889111604166666666667  0.004938  0.004817  0.9754961522883758606723369785
mvt                   0        0  0.00004734201893050139907084194797               0.00004664236306823225  0.000200  0.000311                           1.555
gemm                  0        0  0.00001479771693590298682699517632   0.00001244721276953818181818181818  0.007973  0.003277  0.4110121660604540323592123417
gemver                0        0  0.00003027313379544594871299482309               0.00191701929193391475  0.000410  0.000402  0.9804878048780487804878048780
gesummv               0        0  0.00004861237071837252610943306509                0.0000806915283183144  0.000101  0.000152   1.504950495049504950495049505
symm                  0        0   0.0007963238953248391125850552133    0.0001487045288080912958333333333  0.007859  0.009200   1.170632395979132205115154600
syr2k                 0        0  0.00001699802890578776291817536193   0.00001223600474022919097222222222  0.010098  0.006747  0.6681521093285799168152109329
syrk                  0        0    0.008908022082727790005679672968     0.003215815621837633934027777778  0.004527  0.002810  0.6207201237022310580958692291
trmm                  0        0   0.0001165630935028292699829867013            0.00004396649698377393125  0.004759  0.004625  0.9718428241227148560621979407
cholesky              0        0   0.0008462985893928526759173484168  0.000005670095025417226932668329177  0.008500  0.008941   1.051882352941176470588235294
durbin                0        0      -25.16409692019274273840881420               0.00062922264855964425  0.000130  0.000119  0.9153846153846153846153846154
gramschmidt           0        0       8.481730959763505411538193444       0.2667616760502377581136363636  0.010746  0.015193   1.413828401265587195235436441
lu                    0        0    0.002061708849909160448173884941               0.00001379618248277339  0.019497  0.020780   1.065804995640354926398933169
ludcmp                0        0      0.2520458220045806715679653536               0.00002521245863239575  0.019779  0.017785  0.8991860053592193740836240457
trisolv               0        0   0.0007163980422090239072829048338               0.00000225930572684625  0.000076  0.000066  0.8684210526315789473684210526
deriche               0        0  0.00003496357273198525772562378705     6.531283331761574074074074074E-9  0.011216  0.005727  0.5106098430813124108416547789
floyd-warshall        0        0                                   0                                    0  0.093746  0.103175   1.100580291425767499413308301
nussinov              0        0                                   0                                    0  0.019345  0.019241  0.9946239338330317911605065909
adi                   0        0     0.07478138527832312320764620720              0.000747813852783233995  0.151808  0.075660  0.4983927065767284991568296796
fdtd-2d               0        0  0.00004704790130159278723838813586   0.00001697663885679788055555555556  0.009710  0.009712   1.000205973223480947476828012
heat-3d               0        0                                   0                                0E-16  0.012668  0.015277   1.205952005052099778970634670
jacobi-1d             0        0  0.00007857036815572305723013131653                     3.95077510528E-7  0.000070  0.000024  0.3428571428571428571428571429
jacobi-2d             0        0   0.0001428396627244173423026414782             0.0000900335637676545744  0.014946  0.008219  0.5499130202060752040679780543
seidel-2d             0        0   0.0001020126506449179568796360769           0.000102525901793475199375  0.050911  0.107871   2.118815187287619571408929308
2023-12-12 17:27:15,951 [INFO] Mean performance gains: 1.0681713819503784
2023-12-12 17:27:15,951 [INFO] 
loss: 0.11879466474056244, prev_loss: 0.1266285926103592

2023-12-12 17:27:15,953 [INFO] Mean performance gain increased from 1.0562491416931152 to 1.0681713819503784. Resetting components.
2023-12-12 17:27:15,966 [INFO] Modifying components ['CAST_FLOAT_DOUBLE' 'SUB_FLOAT' 'CAST_FIX_DOUBLE' 'MUL_FIX'
 'CAST_FIX_FIX' 'MUL_FLOAT' 'REM_FIX' 'MUL_DOUBLE' 'REM_FLOAT'
 'CAST_DOUBLE_FIX' 'SUB_DOUBLE' 'CAST_FIX_FLOAT' 'DIV_FLOAT'
 'CAST_FLOAT_FIX'] with modifications [('CAST_FLOAT_DOUBLE', 0.9732734465090944), ('SUB_FLOAT', 1.5297513915223755), ('CAST_FIX_DOUBLE', 1.7519385078460594), ('MUL_FIX', 0.5274324160162878), ('CAST_FIX_FIX', 1.6252164724174512), ('MUL_FLOAT', 1.9832916333597421), ('REM_FIX', 1.622248481569759), ('MUL_DOUBLE', 0.9206659880966077), ('REM_FLOAT', 1.6839189926772327), ('CAST_DOUBLE_FIX', 0.654839009866463), ('SUB_DOUBLE', 1.1718402892638577), ('CAST_FIX_FLOAT', 1.8628932546396433), ('DIV_FLOAT', 0.9404212225605193), ('CAST_FLOAT_FIX', 0.9316630078795232)]
2023-12-12 17:27:15,976 [INFO] Compiling and running for idx 2
2023-12-12 17:27:35,229 [INFO] Calculating loss for idx 2

2023-12-12 17:27:36,449 [INFO] 
          fix_nofl flo_nofl                              e_perc                                e_abs     fix_t     flt_t                         speedup
atax             0        0    0.001245307518139623818345421377      0.03266340436183471048780487805  0.000264  0.000217  0.8219696969696969696969696970
doitgen          0        0  0.00001518226308628690546534849225  0.000002021210889111604166666666667  0.005238  0.005804   1.108056510118365788468881252
gemm             0        0  0.00001479771693590298682699517632   0.00001244721276953818181818181818  0.007950  0.003492  0.4392452830188679245283018868
gemver           0        0  0.00003027313379544594871299482309               0.00191701929193391475  0.000411  0.000413   1.004866180048661800486618005
syr2k            0        0  0.00001699802890578776291817536193   0.00001223600474022919097222222222  0.009901  0.006667  0.6733663266336733663266336734
syrk             0        0    0.008908022082727790005679672968     0.003215815621837633934027777778  0.004485  0.002808  0.6260869565217391304347826087
trmm             0        0   0.0001165630935028292699829867013            0.00004396649698377393125  0.004800  0.004467                        0.930625
durbin           0        0      -25.16409692019274273840881420               0.00062922264855964425  0.000129  0.000105  0.8139534883720930232558139535
ludcmp           0        0      0.2520458220045806715679653536               0.00002521245863239575  0.019778  0.017916  0.9058549903933663666700374153
trisolv          0        0   0.0007163980422090239072829048338               0.00000225930572684625  0.000072  0.000066  0.9166666666666666666666666667
deriche          0        0  0.00003496357273198525772562378705     6.531283331761574074074074074E-9  0.011144  0.005834  0.5235104091888011486001435750
nussinov         0        0                                   0                                    0  0.019243  0.019685   1.022969391467026970846541600
adi              0        0     0.07478138527832312320764620720              0.000747813852783233995  0.153535  0.076036  0.4952356140293744097437066467
jacobi-1d        0        0  0.00007857036815572305723013131653                     3.95077510528E-7  0.000074  0.000026  0.3513513513513513513513513514
jacobi-2d        0        0   0.0001428396627244173423026414782             0.0000900335637676545744  0.014999  0.008253  0.5502366824454963664244282952
2023-12-12 17:27:36,451 [INFO] Mean performance gains: 0.745599627494812
2023-12-12 17:27:36,451 [INFO] 
loss: 0.14606137573719025, prev_loss: 0.11879466474056244

2023-12-12 17:27:36,453 [INFO] Current jump probability: 1.3316452264785765
2023-12-12 17:27:36,453 [INFO] Mean performance gain decreased from 1.0562491416931152 to 0.745599627494812. Jumping to search new minima.
2023-12-12 17:27:36,454 [INFO] Modifying components ['CAST_FIX_DOUBLE' 'MUL_FLOAT' 'MUL_FIX' 'CAST_FIX_FLOAT' 'REM_FLOAT'
 'CAST_DOUBLE_FIX'] with modifications [('CAST_FIX_DOUBLE', 1.3038446088732674), ('MUL_FLOAT', 1.4956919678296832), ('MUL_FIX', 1.2723336680874628), ('CAST_FIX_FLOAT', 1.91689213398622), ('REM_FLOAT', 1.3798325607529893), ('CAST_DOUBLE_FIX', 1.8551028729318253)]
2023-12-12 17:27:36,459 [INFO] Compiling and running for idx 3
2023-12-12 17:27:51,730 [INFO] Calculating loss for idx 3

