2023-12-12 18:38:31,563 [INFO] Started logging at 20231212-183831
2023-12-12 18:38:31,566 [INFO] Setting seed to 1
2023-12-12 18:38:31,567 [INFO] Hyperparameters: 
num_components_min: 1
num_components_max: 20
range_low: 0.666666
range_high: 1.5
prob_jump: 0.5
no_jump_threshold: 1.0

2023-12-12 18:38:31,567 [INFO] Benchmarking for 30 indices
2023-12-12 18:38:31,587 [INFO] Resetting benchmark to everything for idx 0
2023-12-12 18:38:31,587 [INFO] Compiling and running for idx 0
2023-12-12 18:45:00,556 [INFO] Calculating loss for idx 0

2023-12-12 18:45:03,177 [INFO] 
               fix_nofl flo_nofl                              e_perc                                e_abs     fix_t     flt_t                         speedup
correlation           0        0       1.194385528564461457949895475      0.01194385528564461558680555556  0.005810  0.010196   1.754905335628227194492254733
covariance            0        0   0.0001481311655862873288252545117     0.002076789008244972704861111111  0.005261  0.008134   1.546093898498384337578407147
2mm                   0        0    0.002116203505084219250051580296       0.1438640358449807895808080808  0.011952  0.017251   1.443356760374832663989290495
3mm                   0        0      0.1607428143865255962080035148        1.172867386937267929232804233  0.026481  0.025528  0.9640119330840980325516407991
atax                  0        0    0.001245307518139623818345421377      0.03266340436183471048780487805  0.000284  0.000300   1.056338028169014084507042254
bicg                  0        0  0.00004759444696888559227595466863              0.000047051263120545625  0.000335  0.000410   1.223880597014925373134328358
doitgen               0        0  0.00001518226308628690546534849225  0.000002021210889111604166666666667  0.007787  0.006546  0.8406318222678823680493129575
mvt                   0        0  0.00004734201893050139907084194797               0.00004664236306823225  0.000195  0.000377   1.933333333333333333333333333
gemm                  0        0  0.00001479771693590298682699517632   0.00001244721276953818181818181818  0.007030  0.003859  0.5489331436699857752489331437
gemver                0        0  0.00003027313379544594871299482309               0.00191701929193391475  0.000448  0.000476                          1.0625
gesummv               0        0  0.00004861237071837252610943306509                0.0000806915283183144  0.000126  0.000150   1.190476190476190476190476190
symm                  0        0   0.0007963238953248391125850552133    0.0001487045288080912958333333333  0.009759  0.006972  0.7144174608054103904088533661
syr2k                 0        0  0.00001699802890578776291817536193   0.00001223600474022919097222222222  0.008285  0.005141  0.6205190102595051297525648763
syrk                  0        0    0.008908022082727790005679672968     0.003215815621837633934027777778  0.004048  0.003131  0.7734683794466403162055335968
trmm                  0        0   0.0001165630935028292699829867013            0.00004396649698377393125  0.005982  0.005710  0.9545302574389836175192243397
cholesky              0        0   0.0008462985893928526759173484168  0.000005670095025417226932668329177  0.007634  0.010614   1.390358920618286612522923762
durbin                0        0      -25.16409692019274273840881420               0.00062922264855964425  0.000108  0.000118   1.092592592592592592592592593
gramschmidt           0        0       8.481730959763505411538193444       0.2667616760502377581136363636  0.011333  0.017037   1.503308920850613253330980323
lu                    0        0    0.002061708849909160448173884941               0.00001379618248277339  0.019208  0.022380   1.165139525197834235735110371
ludcmp                0        0      0.2520458220045806715679653536               0.00002521245863239575  0.019553  0.019113  0.9774970592747915920830563085
trisolv               0        0   0.0007163980422090239072829048338               0.00000225930572684625  0.000091  0.000105   1.153846153846153846153846154
deriche               0        0  0.00003496357273198525772562378705     6.531283331761574074074074074E-9  0.011364  0.006139  0.5402147131291798662442801830
floyd-warshall        0        0                                   0                                    0  0.088952  0.116755   1.312561831099919057469196870
nussinov              0        0                                   0                                    0  0.015159  0.015039  0.9920839105481891945378982783
adi                   0        0     0.07478138527832312320764620720              0.000747813852783233995  0.137964  0.062022  0.4495520570583630512307558494
fdtd-2d               0        0  0.00004704790130159278723838813586   0.00001697663885679788055555555556  0.007827  0.006451  0.8241982879775137345087517567
heat-3d               0        0                                   0                                0E-16  0.013501  0.014880   1.102140582179097844604103400
jacobi-1d             0        0  0.00007857036815572305723013131653                     3.95077510528E-7  0.000067  0.000026  0.3880597014925373134328358209
jacobi-2d             0        0   0.0001428396627244173423026414782             0.0000900335637676545744  0.013030  0.007897  0.6060629316960859554873369148
seidel-2d             0        0   0.0001020126506449179568796360769           0.000102525901793475199375  0.052403  0.091538   1.746808388832700417915004866
2023-12-12 18:45:03,182 [INFO] Mean performance gains: 1.0623940229415894
2023-12-12 18:45:03,187 [INFO] Modifying components ['CAST_FIX_DOUBLE' 'REM_FIX' 'SUB_DOUBLE' 'CAST_DOUBLE_FIX'
 'CAST_FLOAT_DOUBLE' 'CAST_FIX_FLOAT'] with modifications [('CAST_FIX_DOUBLE', 0.8579804978263305), ('REM_FIX', 1.1120112803984534), ('SUB_DOUBLE', 1.4283016297907105), ('CAST_DOUBLE_FIX', 1.047670311459029), ('CAST_FLOAT_DOUBLE', 1.0255817597863017), ('CAST_FIX_FLOAT', 1.4492731172715478)]
2023-12-12 18:45:03,207 [INFO] Compiling and running for idx 1
2023-12-12 18:51:57,417 [INFO] Calculating loss for idx 1

2023-12-12 18:52:00,057 [INFO] 
               fix_nofl flo_nofl                              e_perc                                e_abs     fix_t     flt_t                         speedup
correlation           0        0       1.194385528564461457949895475      0.01194385528564461558680555556  0.007869  0.011101   1.410725632227729063413394332
covariance            0        0   0.0001481311655862873288252545117     0.002076789008244972704861111111  0.005373  0.011329   2.108505490415038153731621068
2mm                   0        0    0.002116203505084219250051580296       0.1438640358449807895808080808  0.021971  0.014181  0.6454417186291019980883892404
3mm                   0        0      0.1607428143865255962080035148        1.172867386937267929232804233  0.030319  0.029064  0.9586068142089119034268940268
atax                  0        0    0.001245307518139623818345421377      0.03266340436183471048780487805  0.000173  0.000212   1.225433526011560693641618497
bicg                  0        0  0.00004759444696888559227595466863              0.000047051263120545625  0.000227  0.000369   1.625550660792951541850220264
doitgen               0        0  0.00001518226308628690546534849225  0.000002021210889111604166666666667  0.011934  0.013163   1.102983073571308865426512485
mvt                   0        0  0.00004734201893050139907084194797               0.00004664236306823225  0.000205  0.000383   1.868292682926829268292682927
gemm                  0        0  0.00001479771693590298682699517632   0.00001244721276953818181818181818  0.007438  0.002734  0.3675719279376176391503092229
gemver                0        0  0.00003027313379544594871299482309               0.00191701929193391475  0.000478  0.000450  0.9414225941422594142259414226
gesummv               0        0  0.00004861237071837252610943306509                0.0000806915283183144  0.000086  0.000150   1.744186046511627906976744186
symm                  0        0   0.0007963238953248391125850552133    0.0001487045288080912958333333333  0.009087  0.006905  0.7598767470012105205238252449
syr2k                 0        0  0.00001699802890578776291817536193   0.00001223600474022919097222222222  0.011082  0.007078  0.6386933766468146543945136257
syrk                  0        0    0.008908022082727790005679672968     0.003215815621837633934027777778  0.004235  0.003582  0.8458087367178276269185360094
trmm                  0        0   0.0001165630935028292699829867013            0.00004396649698377393125  0.006508  0.006423  0.9869391518131530424093423479
cholesky              0        0   0.0008462985893928526759173484168  0.000005670095025417226932668329177  0.007549  0.010642   1.409723142138031527354616505
durbin                0        0      -25.16409692019274273840881420               0.00062922264855964425  0.000108  0.000129   1.194444444444444444444444444
gramschmidt           0        0       8.481730959763505411538193444       0.2667616760502377581136363636  0.009600  0.015530   1.617708333333333333333333333
lu                    0        0    0.002061708849909160448173884941               0.00001379618248277339  0.019360  0.021293   1.099845041322314049586776860
ludcmp                0        0      0.2520458220045806715679653536               0.00002521245863239575  0.018770  0.019081   1.016568993074054342035162493
trisolv               0        0   0.0007163980422090239072829048338               0.00000225930572684625  0.000078  0.000134   1.717948717948717948717948718
deriche               0        0  0.00003496357273198525772562378705     6.531283331761574074074074074E-9  0.014334  0.007851  0.5477187107576391795730431143
floyd-warshall        0        0                                   0                                    0  0.085639  0.117085   1.367192517427807424187578089
nussinov              0        0                                   0                                    0  0.015856  0.015868   1.000756811301715438950554995
adi                   0        0     0.07478138527832312320764620720              0.000747813852783233995  0.138609  0.057988  0.4183566723661522700546140583
fdtd-2d               0        0  0.00004704790130159278723838813586   0.00001697663885679788055555555556  0.010894  0.006764  0.6208922342573893886543051221
heat-3d               0        0                                   0                                0E-16  0.013024  0.011104  0.8525798525798525798525798526
jacobi-1d             0        0  0.00007857036815572305723013131653                     3.95077510528E-7  0.000082  0.000034  0.4146341463414634146341463415
jacobi-2d             0        0   0.0001428396627244173423026414782             0.0000900335637676545744  0.008571  0.007958  0.9284797573211993933029984833
seidel-2d             0        0   0.0001020126506449179568796360769           0.000102525901793475199375  0.051300  0.090281   1.759863547758284600389863548
2023-12-12 18:52:00,059 [INFO] Mean performance gains: 1.1065583229064941
2023-12-12 18:52:00,061 [INFO] 
loss: 0.12850426137447357, prev_loss: 0.11318785697221756

2023-12-12 18:52:00,080 [INFO] Current jump probability: 0.4110447327295939
2023-12-12 18:52:00,081 [INFO] Loss increased from 0.11318785697221756 to 0.12850426137447357. Removing components ['CAST_FIX_DOUBLE' 'REM_FIX' 'SUB_DOUBLE' 'CAST_DOUBLE_FIX'
 'CAST_FLOAT_DOUBLE' 'CAST_FIX_FLOAT'] and reversing modifications.
2023-12-12 18:52:00,106 [INFO] Modifying components ['CAST_DOUBLE_FIX' 'SUB_FLOAT' 'CAST_FLOAT_FIX' 'MUL_FIX' 'CAST_FIX_FLOAT'
 'MUL_FLOAT' 'REM_FLOAT' 'MUL_DOUBLE' 'CAST_FIX_DOUBLE'
 'CAST_DOUBLE_FLOAT'] with modifications [('CAST_DOUBLE_FIX', 0.9295959028488064), ('SUB_FLOAT', 1.2387505640686047), ('CAST_FLOAT_FIX', 1.3621879496649254), ('MUL_FIX', 0.6819062433123447), ('CAST_FIX_FLOAT', 1.2917867625503496), ('MUL_FLOAT', 1.4907175666628047), ('REM_FLOAT', 1.290137877426969), ('MUL_DOUBLE', 0.900369513682999), ('CAST_FIX_DOUBLE', 1.3243992998957927), ('CAST_DOUBLE_FLOAT', 0.7526877409653727)]
2023-12-12 18:52:00,142 [INFO] Compiling and running for idx 2
2023-12-12 18:58:39,353 [INFO] Calculating loss for idx 2

2023-12-12 18:58:42,193 [INFO] 
               fix_nofl flo_nofl                              e_perc                                e_abs     fix_t     flt_t                         speedup
correlation           0        0       1.194385528564461457949895475      0.01194385528564461558680555556  0.005534  0.013100   2.367184676544994578966389592
covariance            0        0   0.0001481311655862873288252545117     0.002076789008244972704861111111  0.007647  0.008123   1.062246632666405126193278410
2mm                   0        0    0.002116203505084219250051580296       0.1438640358449807895808080808  0.017260  0.017268   1.000463499420625724217844728
3mm                   0        0      0.1607428143865255962080035148        1.172867386937267929232804233  0.025601  0.022001  0.8593804929494941603843599859
atax                  0        0    0.001245307518139623818345421377      0.03266340436183471048780487805  0.000277  0.000209  0.7545126353790613718411552347
bicg                  0        0  0.00004759444696888559227595466863              0.000047051263120545625  0.000218  0.000540   2.477064220183486238532110092
doitgen               0        0  0.00001518226308628690546534849225  0.000002021210889111604166666666667  0.008774  0.004950  0.5641668566218372464098472760
mvt                   0        0  0.00004734201893050139907084194797               0.00004664236306823225  0.000321  0.000586   1.825545171339563862928348910
gemm                  0        0  0.00001479771693590298682699517632   0.00001244721276953818181818181818  0.009803  0.003988  0.4068142405386106293991635214
gemver                0        0  0.00003027313379544594871299482309               0.00191701929193391475  0.000694  0.000592  0.8530259365994236311239193084
gesummv               0        0  0.00004861237071837252610943306509                0.0000806915283183144  0.000174  0.000178   1.022988505747126436781609195
symm                  0        0   0.0007963238953248391125850552133    0.0001487045288080912958333333333  0.007204  0.009373   1.301082731815657967795669073
syr2k                 0        0  0.00001699802890578776291817536193   0.00001223600474022919097222222222  0.016286  0.010243  0.6289451062262065577796880756
syrk                  0        0    0.008908022082727790005679672968     0.003215815621837633934027777778  0.005736  0.003414  0.5951882845188284518828451883
trmm                  0        0   0.0001165630935028292699829867013            0.00004396649698377393125  0.006406  0.006791   1.060099906337808304714330315
cholesky              0        0   0.0008462985893928526759173484168  0.000005670095025417226932668329177  0.007649  0.010347   1.352725846515884429337168257
durbin                0        0      -25.16409692019274273840881420               0.00062922264855964425  0.000183  0.000167  0.9125683060109289617486338798
gramschmidt           0        0       8.481730959763505411538193444       0.2667616760502377581136363636  0.017003  0.014490  0.8522025524907369287772745986
lu                    0        0    0.002061708849909160448173884941               0.00001379618248277339  0.020018  0.020997   1.048905984613847537216505145
ludcmp                0        0      0.2520458220045806715679653536               0.00002521245863239575  0.018431  0.018834   1.021865335575931853941728609
trisolv               0        0   0.0007163980422090239072829048338               0.00000225930572684625  0.000089  0.000100   1.123595505617977528089887640
deriche               0        0  0.00003496357273198525772562378705     6.531283331761574074074074074E-9  0.011213  0.005834  0.5202889503255150272005707661
floyd-warshall        0        0                                   0                                    0  0.086809  0.112367   1.294416477554170650508587819
nussinov              0        0                                   0                                    0  0.015170  0.015318   1.009756097560975609756097561
adi                   0        0     0.07478138527832312320764620720              0.000747813852783233995  0.134253  0.059312  0.4417927346130067856956641565
fdtd-2d               0        0  0.00004704790130159278723838813586   0.00001697663885679788055555555556  0.008300  0.006772  0.8159036144578313253012048193
heat-3d               0        0                                   0                                0E-16  0.012807  0.015628   1.220270164753650347466229406
jacobi-1d             0        0  0.00007857036815572305723013131653                     3.95077510528E-7  0.000049  0.000020  0.4081632653061224489795918367
jacobi-2d             0        0   0.0001428396627244173423026414782             0.0000900335637676545744  0.011100  0.006316  0.5690090090090090090090090090
seidel-2d             0        0   0.0001020126506449179568796360769           0.000102525901793475199375  0.051993  0.089453   1.720481603292750947242898082
2023-12-12 18:58:42,196 [INFO] Mean performance gains: 1.0363551378250122
2023-12-12 18:58:42,198 [INFO] 
loss: 0.14900965988636017, prev_loss: 0.11318785697221756

2023-12-12 18:58:42,215 [INFO] Current jump probability: 0.3418203614652157
2023-12-12 18:58:42,216 [INFO] Loss increased from 0.11318785697221756 to 0.14900965988636017. Removing components ['CAST_DOUBLE_FIX' 'SUB_FLOAT' 'CAST_FLOAT_FIX' 'MUL_FIX' 'CAST_FIX_FLOAT'
 'MUL_FLOAT' 'REM_FLOAT' 'MUL_DOUBLE' 'CAST_FIX_DOUBLE'
 'CAST_DOUBLE_FLOAT'] and reversing modifications.
2023-12-12 18:58:42,253 [INFO] Modifying components ['REM_DOUBLE' 'REM_FLOAT' 'CAST_FIX_FIX' 'CAST_FLOAT_FIX' 'REM_FIX'
 'CAST_FLOAT_DOUBLE' 'CAST_FIX_FLOAT' 'ADD_DOUBLE' 'CAST_FIX_DOUBLE'
 'CAST_DOUBLE_FIX'] with modifications [('REM_DOUBLE', 0.7519447589128074), ('REM_FLOAT', 1.0117129325536323), ('CAST_FIX_FIX', 1.2453332610398928), ('CAST_FLOAT_FIX', 1.0118156673919319), ('REM_FIX', 0.7082939157573785), ('CAST_FLOAT_DOUBLE', 1.113246695527197), ('CAST_FIX_FLOAT', 1.2198286468795874), ('ADD_DOUBLE', 1.0957406033079984), ('CAST_FIX_DOUBLE', 1.4538289263888484), ('CAST_DOUBLE_FIX', 1.1554622581216878)]
2023-12-12 18:58:42,275 [INFO] Compiling and running for idx 3
2023-12-12 19:05:10,400 [INFO] Calculating loss for idx 3

2023-12-12 19:05:16,861 [INFO] 
               fix_nofl flo_nofl                              e_perc                                e_abs     fix_t     flt_t                         speedup
correlation           0        0       1.194385528564461457949895475      0.01194385528564461558680555556  0.008093  0.010452   1.291486469788706289385889040
covariance            0        0   0.0001481311655862873288252545117     0.002076789008244972704861111111  0.007671  0.011133   1.451310129057489245209229566
2mm                   0        0    0.002116203505084219250051580296       0.1438640358449807895808080808  0.014869  0.017817   1.198264846324567892931602663
3mm                   0        0      0.1607428143865255962080035148        1.172867386937267929232804233  0.017592  0.025895   1.471975898135516143701682583
atax                  0        0    0.001245307518139623818345421377      0.03266340436183471048780487805  0.000278  0.000341   1.226618705035971223021582734
bicg                  0        0  0.00004759444696888559227595466863              0.000047051263120545625  0.000373  0.000609   1.632707774798927613941018767
doitgen               0        0  0.00001518226308628690546534849225  0.000002021210889111604166666666667  0.005944  0.006874   1.156460296096904441453566622
mvt                   0        0  0.00004734201893050139907084194797               0.00004664236306823225  0.000327  0.000567   1.733944954128440366972477064
gemm                  0        0  0.00001479771693590298682699517632   0.00001244721276953818181818181818  0.010228  0.004031  0.3941141963238169730152522487
gemver                0        0  0.00003027313379544594871299482309               0.00191701929193391475  0.000646  0.000681   1.054179566563467492260061920
gesummv               0        0  0.00004861237071837252610943306509                0.0000806915283183144  0.000124  0.000252   2.032258064516129032258064516
symm                  0        0   0.0007963238953248391125850552133    0.0001487045288080912958333333333  0.009707  0.006787  0.6991861543216235706191408262
syr2k                 0        0  0.00001699802890578776291817536193   0.00001223600474022919097222222222  0.011470  0.005129  0.4471665213600697471665213601
syrk                  0        0    0.008908022082727790005679672968     0.003215815621837633934027777778  0.006318  0.002132  0.3374485596707818930041152263
trmm                  0        0   0.0001165630935028292699829867013            0.00004396649698377393125  0.006346  0.006262  0.9867633154743145288370627167
cholesky              0        0   0.0008462985893928526759173484168  0.000005670095025417226932668329177  0.007653  0.010492   1.370965634391741800601071475
durbin                0        0      -25.16409692019274273840881420               0.00062922264855964425  0.000158  0.000197   1.246835443037974683544303797
gramschmidt           0        0       8.481730959763505411538193444       0.2667616760502377581136363636  0.012724  0.012172  0.9566174159069475007859163785
lu                    0        0    0.002061708849909160448173884941               0.00001379618248277339  0.019648  0.020697   1.053389657980456026058631922
ludcmp                0        0      0.2520458220045806715679653536               0.00002521245863239575  0.018906  0.019326   1.022215169787369089178038718
trisolv               0        0   0.0007163980422090239072829048338               0.00000225930572684625  0.000085  0.000086   1.011764705882352941176470588
deriche               0        0  0.00003496357273198525772562378705     6.531283331761574074074074074E-9  0.012338  0.008061  0.6533473820716485654076835792
floyd-warshall        0        0                                   0                                    0  0.102881  0.116617   1.133513476735257238945966699
nussinov              0        0                                   0                                    0  0.015715  0.015100  0.9608654152083996181991727649
adi                   0        0     0.07478138527832312320764620720              0.000747813852783233995  0.147365  0.066777  0.4531401621823363756658636718
fdtd-2d               0        0  0.00004704790130159278723838813586   0.00001697663885679788055555555556  0.008857  0.009339   1.054420232584396522524556848
heat-3d               0        0                                   0                                0E-16  0.010451  0.012569   1.202660032532771983542244761
jacobi-1d             0        0  0.00007857036815572305723013131653                     3.95077510528E-7  0.000101  0.000036  0.3564356435643564356435643564
jacobi-2d             0        0   0.0001428396627244173423026414782             0.0000900335637676545744  0.011430  0.008370  0.7322834645669291338582677165
seidel-2d             0        0   0.0001020126506449179568796360769           0.000102525901793475199375  0.053258  0.096115   1.804705396372375981073265988
2023-12-12 19:05:16,864 [INFO] Mean performance gains: 1.0709015130996704
2023-12-12 19:05:16,865 [INFO] 
loss: 0.19189505279064178, prev_loss: 0.11318785697221756

2023-12-12 19:05:16,874 [INFO] Current jump probability: 0.25559841593106586
2023-12-12 19:05:16,874 [INFO] Loss increased from 0.11318785697221756 to 0.19189505279064178. Removing components ['REM_DOUBLE' 'REM_FLOAT' 'CAST_FIX_FIX' 'CAST_FLOAT_FIX' 'REM_FIX'
 'CAST_FLOAT_DOUBLE' 'CAST_FIX_FLOAT' 'ADD_DOUBLE' 'CAST_FIX_DOUBLE'
 'CAST_DOUBLE_FIX'] and reversing modifications.
2023-12-12 19:05:16,891 [INFO] Modifying components ['MUL_DOUBLE' 'DIV_FLOAT' 'CAST_FIX_FLOAT' 'SUB_DOUBLE' 'ADD_DOUBLE'
 'CAST_DOUBLE_FIX' 'CAST_FLOAT_DOUBLE' 'MUL_FLOAT' 'REM_FIX'] with modifications [('MUL_DOUBLE', 0.9574148509137634), ('DIV_FLOAT', 0.8916060897561162), ('CAST_FIX_FLOAT', 1.4132384457542013), ('SUB_DOUBLE', 1.0234089436202056), ('ADD_DOUBLE', 1.4707000158503527), ('CAST_DOUBLE_FIX', 1.2195343571430386), ('CAST_FLOAT_DOUBLE', 1.1847461813047482), ('MUL_FLOAT', 0.762287720625128), ('REM_FIX', 1.4579076819153984)]
2023-12-12 19:05:16,904 [INFO] Compiling and running for idx 4
2023-12-12 19:09:54,613 [INFO] Calculating loss for idx 4

2023-12-12 19:09:58,670 [INFO] 
               fix_nofl flo_nofl                              e_perc                                e_abs     fix_t     flt_t                         speedup
correlation           0        0       1.194385528564461457949895475      0.01194385528564461558680555556  0.006656  0.009460   1.421274038461538461538461538
covariance            0        0   0.0001481311655862873288252545117     0.002076789008244972704861111111  0.006733  0.009671   1.436358235556215654240308926
2mm                   0        0    0.002116203505084219250051580296       0.1438640358449807895808080808  0.013811  0.016224   1.174715806241401781188907393
3mm                   0        0      0.1607428143865255962080035148        1.172867386937267929232804233  0.016613  0.025466   1.532895924878107506169866972
atax                  0        0    0.001245307518139623818345421377      0.03266340436183471048780487805  0.000205  0.000307   1.497560975609756097560975610
bicg                  0        0  0.00004759444696888559227595466863              0.000047051263120545625  0.000258  0.000425   1.647286821705426356589147287
doitgen               0        0  0.00001518226308628690546534849225  0.000002021210889111604166666666667  0.004702  0.006024   1.281156954487452148022118248
mvt                   0        0  0.00004734201893050139907084194797               0.00004664236306823225  0.000273  0.000444   1.626373626373626373626373626
gemm                  0        0  0.00001479771693590298682699517632   0.00001244721276953818181818181818  0.007883  0.003274  0.4153241151845744006089052391
gemver                0        0  0.00003027313379544594871299482309               0.00191701929193391475  0.000496  0.000549   1.106854838709677419354838710
gesummv               0        0  0.00004861237071837252610943306509                0.0000806915283183144  0.000090  0.000185   2.055555555555555555555555556
symm                  0        0   0.0007963238953248391125850552133    0.0001487045288080912958333333333  0.008115  0.007931  0.9773259396179913739987677141
syr2k                 0        0  0.00001699802890578776291817536193   0.00001223600474022919097222222222  0.009498  0.009431  0.9929458833438618656559275637
syrk                  0        0    0.008908022082727790005679672968     0.003215815621837633934027777778  0.004914  0.002524  0.5136345136345136345136345136
trmm                  0        0   0.0001165630935028292699829867013            0.00004396649698377393125  0.005259  0.005214  0.9914432401597261836851112379
cholesky              0        0   0.0008462985893928526759173484168  0.000005670095025417226932668329177  0.008804  0.012114   1.375965470240799636528850522
durbin                0        0      -25.16409692019274273840881420               0.00062922264855964425  0.000142  0.000134  0.9436619718309859154929577465
gramschmidt           0        0       8.481730959763505411538193444       0.2667616760502377581136363636  0.011858  0.013235   1.116124135604655085174565694
lu                    0        0    0.002061708849909160448173884941               0.00001379618248277339  0.023952  0.024824   1.036406145624582498329993320
ludcmp                0        0      0.2520458220045806715679653536               0.00002521245863239575  0.023393  0.023033  0.9846107810028641046466891805
trisolv               0        0   0.0007163980422090239072829048338               0.00000225930572684625  0.000101  0.000148   1.465346534653465346534653465
deriche               0        0  0.00003496357273198525772562378705     6.531283331761574074074074074E-9  0.013046  0.007364  0.5644642035873064540855434616
floyd-warshall        0        0                                   0                                    0  0.097984  0.142441   1.453716933376877857609405617
nussinov              0        0                                   0                                    0  0.013389  0.016108   1.203077152886698035700948540
adi                   0        0     0.07478138527832312320764620720              0.000747813852783233995  0.156025  0.066109  0.4237077391443678897612562089
fdtd-2d               0        0  0.00004704790130159278723838813586   0.00001697663885679788055555555556  0.009046  0.007149  0.7902940526199425160291841698
heat-3d               0        0                                   0                                0E-16  0.011625  0.013262   1.140817204301075268817204301
jacobi-1d             0        0  0.00007857036815572305723013131653                     3.95077510528E-7  0.000052  0.000020  0.3846153846153846153846153846
jacobi-2d             0        0   0.0001428396627244173423026414782             0.0000900335637676545744  0.009741  0.006537  0.6710809978441638435478903603
seidel-2d             0        0   0.0001020126506449179568796360769           0.000102525901793475199375  0.055618  0.095106   1.709985975763242115861771369
2023-12-12 19:09:58,673 [INFO] Mean performance gains: 1.1311527490615845
2023-12-12 19:09:58,673 [INFO] 
loss: 0.1362593173980713, prev_loss: 0.11318785697221756

2023-12-12 19:09:58,683 [INFO] Current jump probability: 0.34611656640966737
2023-12-12 19:09:58,683 [INFO] Loss increased from 0.11318785697221756 to 0.1362593173980713. Removing components ['MUL_DOUBLE' 'DIV_FLOAT' 'CAST_FIX_FLOAT' 'SUB_DOUBLE' 'ADD_DOUBLE'
 'CAST_DOUBLE_FIX' 'CAST_FLOAT_DOUBLE' 'MUL_FLOAT' 'REM_FIX'] and reversing modifications.
2023-12-12 19:09:58,699 [INFO] Modifying components ['CAST_FIX_FLOAT'] with modifications [('CAST_FIX_FLOAT', 1.186133178733246)]
2023-12-12 19:09:58,710 [INFO] Compiling and running for idx 5
2023-12-12 19:15:48,562 [INFO] Calculating loss for idx 5

2023-12-12 19:15:53,570 [INFO] 
               fix_nofl flo_nofl                              e_perc                                e_abs     fix_t     flt_t                         speedup
correlation           0        0       1.194385528564461457949895475      0.01194385528564461558680555556  0.006304  0.008645   1.371351522842639593908629442
covariance            0        0   0.0001481311655862873288252545117     0.002076789008244972704861111111  0.008722  0.008568  0.9823434991974317817014446228
2mm                   0        0    0.002116203505084219250051580296       0.1438640358449807895808080808  0.013009  0.015741   1.210008455684526097317241909
3mm                   0        0      0.1607428143865255962080035148        1.172867386937267929232804233  0.014484  0.024661   1.702637392985363159348246341
atax                  0        0    0.001245307518139623818345421377      0.03266340436183471048780487805  0.000180  0.000241   1.338888888888888888888888889
bicg                  0        0  0.00004759444696888559227595466863              0.000047051263120545625  0.000259  0.000380   1.467181467181467181467181467
doitgen               0        0  0.00001518226308628690546534849225  0.000002021210889111604166666666667  0.004395  0.005150   1.171786120591581342434584755
mvt                   0        0  0.00004734201893050139907084194797               0.00004664236306823225  0.000246  0.000510   2.073170731707317073170731707
gemm                  0        0  0.00001479771693590298682699517632   0.00001244721276953818181818181818  0.007730  0.004509  0.5833117723156532988357050453
gemver                0        0  0.00003027313379544594871299482309               0.00191701929193391475  0.000484  0.000507   1.047520661157024793388429752
gesummv               0        0  0.00004861237071837252610943306509                0.0000806915283183144  0.000095  0.000157   1.652631578947368421052631579
symm                  0        0   0.0007963238953248391125850552133    0.0001487045288080912958333333333  0.012495  0.006812  0.5451780712284913965586234494
syr2k                 0        0  0.00001699802890578776291817536193   0.00001223600474022919097222222222  0.009197  0.005640  0.6132434489507448080895944330
syrk                  0        0    0.008908022082727790005679672968     0.003215815621837633934027777778  0.005078  0.002384  0.4694761717211500590783773139
trmm                  0        0   0.0001165630935028292699829867013            0.00004396649698377393125  0.008388  0.006494  0.7742012398664759179780639008
cholesky              0        0   0.0008462985893928526759173484168  0.000005670095025417226932668329177  0.008318  0.011058   1.329406107237316662659293099
durbin                0        0      -25.16409692019274273840881420               0.00062922264855964425  0.000178  0.000155  0.8707865168539325842696629213
gramschmidt           0        0       8.481730959763505411538193444       0.2667616760502377581136363636  0.010585  0.015816   1.494189891355692017005196032
lu                    0        0    0.002061708849909160448173884941               0.00001379618248277339  0.022404  0.022057  0.9845116943402963756472058561
ludcmp                0        0      0.2520458220045806715679653536               0.00002521245863239575  0.020059  0.020001  0.9971085298369809063263373050
trisolv               0        0   0.0007163980422090239072829048338               0.00000225930572684625  0.000081  0.000098   1.209876543209876543209876543
deriche               0        0  0.00003496357273198525772562378705     6.531283331761574074074074074E-9  0.011998  0.006035  0.5030005000833472245374229038
floyd-warshall        0        0                                   0                                    0  0.093221  0.129182   1.385760719151264200126580921
nussinov              0        0                                   0                                    0  0.013541  0.018730   1.383206557861310095266228491
adi                   0        0     0.07478138527832312320764620720              0.000747813852783233995  0.144717  0.061123  0.4223622656633291182100237014
fdtd-2d               0        0  0.00004704790130159278723838813586   0.00001697663885679788055555555556  0.009363  0.007526  0.8038022001495247249813094094
heat-3d               0        0                                   0                                0E-16  0.010139  0.012263   1.209488115198737548081664858
jacobi-1d             0        0  0.00007857036815572305723013131653                     3.95077510528E-7  0.000065  0.000040  0.6153846153846153846153846154
jacobi-2d             0        0   0.0001428396627244173423026414782             0.0000900335637676545744  0.009530  0.008507  0.8926547743966421825813221406
seidel-2d             0        0   0.0001020126506449179568796360769           0.000102525901793475199375  0.049780  0.095940   1.927280032141422257934913620
2023-12-12 19:15:53,573 [INFO] Mean performance gains: 1.1010583639144897
2023-12-12 19:15:53,574 [INFO] 
loss: 0.11845634877681732, prev_loss: 0.11318785697221756

2023-12-12 19:15:53,586 [INFO] Current jump probability: 0.3822095081210137
2023-12-12 19:15:53,586 [INFO] Loss increased from 0.11318785697221756 to 0.11845634877681732. Jumping to search new minima.
2023-12-12 19:15:53,597 [INFO] Modifying components ['REM_FIX' 'SUB_DOUBLE' 'CAST_DOUBLE_FLOAT' 'ADD_DOUBLE' 'CAST_DOUBLE_FIX'
 'REM_DOUBLE' 'MUL_FLOAT' 'DIV_FIX'] with modifications [('REM_FIX', 1.0915082383434627), ('SUB_DOUBLE', 0.7517787618719826), ('CAST_DOUBLE_FLOAT', 0.9072643863998967), ('ADD_DOUBLE', 0.8597982082734208), ('CAST_DOUBLE_FIX', 1.4730565856546236), ('REM_DOUBLE', 0.898598550721063), ('MUL_FLOAT', 0.8613515917834434), ('DIV_FIX', 0.7429630957691306)]
2023-12-12 19:15:53,611 [INFO] Compiling and running for idx 6
2023-12-12 19:19:24,249 [INFO] Calculating loss for idx 6

2023-12-12 19:19:25,732 [INFO] 
           fix_nofl flo_nofl                              e_perc                               e_abs     fix_t     flt_t                         speedup
covariance        0        0   0.0001481311655862873288252545117    0.002076789008244972704861111111  0.006126  0.008974   1.464903689193601044727391446
gemm              0        0  0.00001479771693590298682699517632  0.00001244721276953818181818181818  0.007612  0.002696  0.3541776142932212296374146085
symm              0        0   0.0007963238953248391125850552133   0.0001487045288080912958333333333  0.008394  0.007038  0.8384560400285918513223731237
syr2k             0        0  0.00001699802890578776291817536193  0.00001223600474022919097222222222  0.008691  0.005336  0.6139684731331262225290530434
syrk              0        0    0.008908022082727790005679672968    0.003215815621837633934027777778  0.005889  0.003258  0.5532348446255731023942944473
trmm              0        0   0.0001165630935028292699829867013           0.00004396649698377393125  0.004753  0.005066   1.065853145381864085840521776
durbin            0        0      -25.16409692019274273840881420              0.00062922264855964425  0.000115  0.000116   1.008695652173913043478260870
lu                0        0    0.002061708849909160448173884941              0.00001379618248277339  0.022057  0.021143  0.9585619077843768418189236977
ludcmp            0        0      0.2520458220045806715679653536              0.00002521245863239575  0.019973  0.020549   1.028838932558954588694737896
deriche           0        0  0.00003496357273198525772562378705    6.531283331761574074074074074E-9  0.011888  0.006709  0.5643506056527590847913862719
adi               0        0     0.07478138527832312320764620720             0.000747813852783233995  0.143918  0.065389  0.4543490042941119248460929140
fdtd-2d           0        0  0.00004704790130159278723838813586  0.00001697663885679788055555555556  0.008387  0.008779   1.046739000834625014904018123
jacobi-1d         0        0  0.00007857036815572305723013131653                    3.95077510528E-7  0.000046  0.000029  0.6304347826086956521739130435
jacobi-2d         0        0   0.0001428396627244173423026414782            0.0000900335637676545744  0.009551  0.006188  0.6478902732698146790911946393
2023-12-12 19:19:25,739 [INFO] Mean performance gains: 0.8021751642227173
2023-12-12 19:19:25,739 [INFO] 
loss: 0.17128941416740417, prev_loss: 0.11845634877681732

2023-12-12 19:19:25,755 [INFO] Current jump probability: 0.26509675482908884
2023-12-12 19:19:25,756 [INFO] Loss increased from 0.11845634877681732 to 0.17128941416740417. Removing components ['REM_FIX' 'SUB_DOUBLE' 'CAST_DOUBLE_FLOAT' 'ADD_DOUBLE' 'CAST_DOUBLE_FIX'
 'REM_DOUBLE' 'MUL_FLOAT' 'DIV_FIX'] and reversing modifications.
2023-12-12 19:19:25,778 [INFO] Modifying components ['CAST_DOUBLE_FLOAT' 'DIV_FLOAT' 'DIV_FIX' 'REM_FIX' 'REM_DOUBLE'
 'CAST_FLOAT_DOUBLE' 'CAST_FIX_DOUBLE' 'DIV_DOUBLE' 'MUL_DOUBLE'
 'CAST_DOUBLE_FIX' 'CAST_FLOAT_FIX' 'MUL_FIX' 'SUB_FLOAT' 'ADD_DOUBLE'
 'CAST_FIX_FIX'] with modifications [('CAST_DOUBLE_FLOAT', 0.7677856273462516), ('DIV_FLOAT', 0.7037925951552204), ('DIV_FIX', 0.7562445125844968), ('REM_FIX', 0.854757265979438), ('REM_DOUBLE', 1.2608239589782175), ('CAST_FLOAT_DOUBLE', 1.1330971915231067), ('CAST_FIX_DOUBLE', 0.6771293251699166), ('DIV_DOUBLE', 0.7266446143907588), ('MUL_DOUBLE', 1.4727302531844466), ('CAST_DOUBLE_FIX', 1.140083430333593), ('CAST_FLOAT_FIX', 0.8360771644129819), ('MUL_FIX', 0.8769376220257659), ('SUB_FLOAT', 1.2865213742798134), ('ADD_DOUBLE', 0.829524031210753), ('CAST_FIX_FIX', 1.151132160300333)]
2023-12-12 19:19:25,797 [INFO] Compiling and running for idx 7
2023-12-12 19:22:50,294 [INFO] Calculating loss for idx 7

2023-12-12 19:22:52,347 [INFO] 
           fix_nofl flo_nofl                              e_perc                               e_abs     fix_t     flt_t                         speedup
covariance        0        0   0.0001481311655862873288252545117    0.002076789008244972704861111111  0.011386  0.008345  0.7329176181275250307395046548
gemm              0        0  0.00001479771693590298682699517632  0.00001244721276953818181818181818  0.007889  0.003088  0.3914311066041323361642793763
symm              0        0   0.0007963238953248391125850552133   0.0001487045288080912958333333333  0.010247  0.007079  0.6908363423441007124036303308
syr2k             0        0  0.00001699802890578776291817536193  0.00001223600474022919097222222222  0.009019  0.008160  0.9047566249029825923051336068
syrk              0        0    0.008908022082727790005679672968    0.003215815621837633934027777778  0.004511  0.003156  0.6996231434271780093105741521
trmm              0        0   0.0001165630935028292699829867013           0.00004396649698377393125  0.004548  0.004862   1.069041336851363236587510994
durbin            0        0      -25.16409692019274273840881420              0.00062922264855964425  0.000170  0.000153                             0.9
lu                0        0    0.002061708849909160448173884941              0.00001379618248277339  0.020385  0.027881   1.367721363747853814078979642
ludcmp            0        0      0.2520458220045806715679653536              0.00002521245863239575  0.018679  0.020318   1.087745596659350072273676321
deriche           0        0  0.00003496357273198525772562378705    6.531283331761574074074074074E-9  0.012636  0.006174  0.4886039886039886039886039886
adi               0        0     0.07478138527832312320764620720             0.000747813852783233995  0.189018  0.066167  0.3500566083653408670073749590
fdtd-2d           0        0  0.00004704790130159278723838813586  0.00001697663885679788055555555556  0.011965  0.007497  0.6265775177601337233597994150
jacobi-1d         0        0  0.00007857036815572305723013131653                    3.95077510528E-7  0.000086  0.000021  0.2441860465116279069767441860
jacobi-2d         0        0   0.0001428396627244173423026414782            0.0000900335637676545744  0.008796  0.006895  0.7838790359254206457480673033
2023-12-12 19:22:52,350 [INFO] Mean performance gains: 0.7383840680122375
2023-12-12 19:22:52,356 [INFO] 
loss: 0.18981169164180756, prev_loss: 0.11845634877681732

2023-12-12 19:22:52,372 [INFO] Current jump probability: 0.22882676621278125
2023-12-12 19:22:52,372 [INFO] Loss increased from 0.11845634877681732 to 0.18981169164180756. Removing components ['CAST_DOUBLE_FLOAT' 'DIV_FLOAT' 'DIV_FIX' 'REM_FIX' 'REM_DOUBLE'
 'CAST_FLOAT_DOUBLE' 'CAST_FIX_DOUBLE' 'DIV_DOUBLE' 'MUL_DOUBLE'
 'CAST_DOUBLE_FIX' 'CAST_FLOAT_FIX' 'MUL_FIX' 'SUB_FLOAT' 'ADD_DOUBLE'
 'CAST_FIX_FIX'] and reversing modifications.
2023-12-12 19:22:52,398 [INFO] Modifying components ['DIV_DOUBLE' 'REM_DOUBLE' 'REM_FLOAT' 'CAST_FLOAT_FIX' 'CAST_DOUBLE_FIX'
 'CAST_FIX_DOUBLE' 'ADD_DOUBLE' 'REM_FIX' 'DIV_FIX' 'MUL_DOUBLE'
 'MUL_FLOAT' 'CAST_FIX_FIX' 'DIV_FLOAT' 'CAST_DOUBLE_FLOAT' 'SUB_DOUBLE'
 'ADD_FLOAT'] with modifications [('DIV_DOUBLE', 0.7883600523453546), ('REM_DOUBLE', 1.0906569548419407), ('REM_FLOAT', 0.8463747111858465), ('CAST_FLOAT_FIX', 1.4303696968744437), ('CAST_DOUBLE_FIX', 1.051793402147699), ('CAST_FIX_DOUBLE', 0.7768888168921252), ('ADD_DOUBLE', 1.3035345167897623), ('REM_FIX', 0.8439442235830054), ('DIV_FIX', 0.7285480773041035), ('MUL_DOUBLE', 0.746182104101634), ('MUL_FLOAT', 0.8018373667513214), ('CAST_FIX_FIX', 0.9637193044096783), ('DIV_FLOAT', 0.7460892390718709), ('CAST_DOUBLE_FLOAT', 0.7860519339765113), ('SUB_DOUBLE', 1.4425107317171433), ('ADD_FLOAT', 1.1471532313820392)]
2023-12-12 19:22:52,419 [INFO] Compiling and running for idx 8
2023-12-12 19:26:27,194 [INFO] Calculating loss for idx 8

2023-12-12 19:26:28,914 [INFO] 
           fix_nofl flo_nofl                              e_perc                               e_abs     fix_t     flt_t                         speedup
covariance        0        0   0.0001481311655862873288252545117    0.002076789008244972704861111111  0.005682  0.008725   1.535550862372404083069341781
gemm              0        0  0.00001479771693590298682699517632  0.00001244721276953818181818181818  0.007867  0.002802  0.3561713486716664548112368120
symm              0        0   0.0007963238953248391125850552133   0.0001487045288080912958333333333  0.007457  0.008650   1.159983907737696124446828483
syr2k             0        0  0.00001699802890578776291817536193  0.00001223600474022919097222222222  0.011878  0.005501  0.4631251052365718134366054891
syrk              0        0    0.008908022082727790005679672968    0.003215815621837633934027777778  0.005834  0.002854  0.4892012341446691806650668495
trmm              0        0   0.0001165630935028292699829867013           0.00004396649698377393125  0.004629  0.004994   1.078850723698422985526031540
durbin            0        0      -25.16409692019274273840881420              0.00062922264855964425  0.000127  0.000175   1.377952755905511811023622047
lu                0        0    0.002061708849909160448173884941              0.00001379618248277339  0.028142  0.021418  0.7610688650415748703006182929
ludcmp            0        0      0.2520458220045806715679653536              0.00002521245863239575  0.019398  0.019757   1.018507062583771522837405918
deriche           0        0  0.00003496357273198525772562378705    6.531283331761574074074074074E-9  0.013483  0.005865  0.4349922124156345027071126604
adi               0        0     0.07478138527832312320764620720             0.000747813852783233995  0.143308  0.063036  0.4398637898791414296480308147
fdtd-2d           0        0  0.00004704790130159278723838813586  0.00001697663885679788055555555556  0.016417  0.006853  0.4174331485655113601754279101
jacobi-1d         0        0  0.00007857036815572305723013131653                    3.95077510528E-7  0.000059  0.000021  0.3559322033898305084745762712
jacobi-2d         0        0   0.0001428396627244173423026414782            0.0000900335637676545744  0.009566  0.006346  0.6633911770855111854484633075
2023-12-12 19:26:28,916 [INFO] Mean performance gains: 0.753715991973877
2023-12-12 19:26:28,917 [INFO] 
loss: 0.2801392078399658, prev_loss: 0.11845634877681732

2023-12-12 19:26:28,928 [INFO] Current jump probability: 0.14799685776233673
2023-12-12 19:26:28,928 [INFO] Loss increased from 0.11845634877681732 to 0.2801392078399658. Removing components ['DIV_DOUBLE' 'REM_DOUBLE' 'REM_FLOAT' 'CAST_FLOAT_FIX' 'CAST_DOUBLE_FIX'
 'CAST_FIX_DOUBLE' 'ADD_DOUBLE' 'REM_FIX' 'DIV_FIX' 'MUL_DOUBLE'
 'MUL_FLOAT' 'CAST_FIX_FIX' 'DIV_FLOAT' 'CAST_DOUBLE_FLOAT' 'SUB_DOUBLE'
 'ADD_FLOAT'] and reversing modifications.
2023-12-12 19:26:28,953 [INFO] Modifying components ['SUB_FLOAT' 'REM_FLOAT' 'DIV_DOUBLE' 'CAST_FIX_FIX' 'ADD_DOUBLE'
 'CAST_FLOAT_FIX' 'CAST_DOUBLE_FIX' 'MUL_DOUBLE' 'ADD_FLOAT'
 'CAST_FLOAT_DOUBLE' 'DIV_FLOAT' 'SUB_DOUBLE' 'REM_DOUBLE' 'MUL_FLOAT'
 'CAST_FIX_FLOAT' 'DIV_FIX' 'MUL_FIX'] with modifications [('SUB_FLOAT', 0.9916726884561813), ('REM_FLOAT', 1.071658546574536), ('DIV_DOUBLE', 1.170258471973633), ('CAST_FIX_FIX', 1.1246229676224164), ('ADD_DOUBLE', 1.4384844730429958), ('CAST_FLOAT_FIX', 1.4322778088502957), ('CAST_DOUBLE_FIX', 0.9957292740200376), ('MUL_DOUBLE', 1.469385415875612), ('ADD_FLOAT', 0.8116291715374981), ('CAST_FLOAT_DOUBLE', 0.7719406837527107), ('DIV_FLOAT', 0.7792320550917148), ('SUB_DOUBLE', 1.088051475172191), ('REM_DOUBLE', 0.6846033520783685), ('MUL_FLOAT', 1.4566418079948749), ('CAST_FIX_FLOAT', 1.3559294440525913), ('DIV_FIX', 0.6791818272977558), ('MUL_FIX', 0.8134963304433831)]
2023-12-12 19:26:28,974 [INFO] Compiling and running for idx 9
2023-12-12 19:29:38,441 [INFO] Calculating loss for idx 9

2023-12-12 19:29:39,920 [INFO] 
           fix_nofl flo_nofl                              e_perc                               e_abs     fix_t     flt_t                         speedup
covariance        0        0   0.0001481311655862873288252545117    0.002076789008244972704861111111  0.011063  0.008760  0.7918286179155744373135677484
gemm              0        0  0.00001479771693590298682699517632  0.00001244721276953818181818181818  0.007309  0.002790  0.3817211656861403748802845807
symm              0        0   0.0007963238953248391125850552133   0.0001487045288080912958333333333  0.006963  0.008158   1.171621427545598161711905788
syr2k             0        0  0.00001699802890578776291817536193  0.00001223600474022919097222222222  0.010757  0.011264   1.047132100027888816584549596
syrk              0        0    0.008908022082727790005679672968    0.003215815621837633934027777778  0.004708  0.002146  0.4558198810535259133389974511
trmm              0        0   0.0001165630935028292699829867013           0.00004396649698377393125  0.004612  0.005230   1.133998265394622723330442324
durbin            0        0      -25.16409692019274273840881420              0.00062922264855964425  0.000126  0.000120  0.9523809523809523809523809524
lu                0        0    0.002061708849909160448173884941              0.00001379618248277339  0.020450  0.033015   1.614425427872860635696821516
ludcmp            0        0      0.2520458220045806715679653536              0.00002521245863239575  0.020445  0.019690  0.9630716556615309366593299095
deriche           0        0  0.00003496357273198525772562378705    6.531283331761574074074074074E-9  0.011373  0.005934  0.5217620680559219203376417832
adi               0        0     0.07478138527832312320764620720             0.000747813852783233995  0.142153  0.061079  0.4296708476078591376896723952
fdtd-2d           0        0  0.00004704790130159278723838813586  0.00001697663885679788055555555556  0.010473  0.009014  0.8606893917693115630669340208
jacobi-1d         0        0  0.00007857036815572305723013131653                    3.95077510528E-7  0.000045  0.000020  0.4444444444444444444444444444
jacobi-2d         0        0   0.0001428396627244173423026414782            0.0000900335637676545744  0.008606  0.006210  0.7215895886590750639089007669
2023-12-12 19:29:39,923 [INFO] Mean performance gains: 0.8207254409790039
2023-12-12 19:29:39,925 [INFO] 
loss: 0.16849161684513092, prev_loss: 0.11845634877681732

2023-12-12 19:29:39,937 [INFO] Current jump probability: 0.23434666792551676
2023-12-12 19:29:39,937 [INFO] Loss increased from 0.11845634877681732 to 0.16849161684513092. Removing components ['SUB_FLOAT' 'REM_FLOAT' 'DIV_DOUBLE' 'CAST_FIX_FIX' 'ADD_DOUBLE'
 'CAST_FLOAT_FIX' 'CAST_DOUBLE_FIX' 'MUL_DOUBLE' 'ADD_FLOAT'
 'CAST_FLOAT_DOUBLE' 'DIV_FLOAT' 'SUB_DOUBLE' 'REM_DOUBLE' 'MUL_FLOAT'
 'CAST_FIX_FLOAT' 'DIV_FIX' 'MUL_FIX'] and reversing modifications.
2023-12-12 19:29:39,970 [INFO] Resetting benchmark to everything for idx 10
2023-12-12 19:29:39,970 [INFO] Compiling and running for idx 10
2023-12-12 19:34:26,058 [INFO] Calculating loss for idx 10

2023-12-12 19:34:31,274 [INFO] 
               fix_nofl flo_nofl                              e_perc                                e_abs     fix_t     flt_t                         speedup
correlation           0        0       1.194385528564461457949895475      0.01194385528564461558680555556  0.005570  0.013095   2.350987432675044883303411131
covariance            0        0   0.0001481311655862873288252545117     0.002076789008244972704861111111  0.008690  0.008245  0.9487917146144994246260069045
2mm                   0        0    0.002116203505084219250051580296       0.1438640358449807895808080808  0.011506  0.014626   1.271162871545280723100990787
3mm                   0        0      0.1607428143865255962080035148        1.172867386937267929232804233  0.016101  0.023118   1.435811440283212222843301658
atax                  0        0    0.001245307518139623818345421377      0.03266340436183471048780487805  0.000172  0.000287   1.668604651162790697674418605
bicg                  0        0  0.00004759444696888559227595466863              0.000047051263120545625  0.000223  0.000422   1.892376681614349775784753363
doitgen               0        0  0.00001518226308628690546534849225  0.000002021210889111604166666666667  0.007137  0.005075  0.7110830881322684601373125963
mvt                   0        0  0.00004734201893050139907084194797               0.00004664236306823225  0.000209  0.000411   1.966507177033492822966507177
gemm                  0        0  0.00001479771693590298682699517632   0.00001244721276953818181818181818  0.009161  0.002664  0.2907979478222901429974893571
gemver                0        0  0.00003027313379544594871299482309               0.00191701929193391475  0.000472  0.000489   1.036016949152542372881355932
gesummv               0        0  0.00004861237071837252610943306509                0.0000806915283183144  0.000096  0.000168                            1.75
symm                  0        0   0.0007963238953248391125850552133    0.0001487045288080912958333333333  0.009642  0.007026  0.7286869943995021779713752334
syr2k                 0        0  0.00001699802890578776291817536193   0.00001223600474022919097222222222  0.011612  0.006532  0.5625215294522907337237340682
syrk                  0        0    0.008908022082727790005679672968     0.003215815621837633934027777778  0.006377  0.003096  0.4854947467461188646699074800
trmm                  0        0   0.0001165630935028292699829867013            0.00004396649698377393125  0.006689  0.006143  0.9183734489460307968306174316
cholesky              0        0   0.0008462985893928526759173484168  0.000005670095025417226932668329177  0.007538  0.010538   1.397983550013266118333775537
durbin                0        0      -25.16409692019274273840881420               0.00062922264855964425  0.000107  0.000192   1.794392523364485981308411215
gramschmidt           0        0       8.481730959763505411538193444       0.2667616760502377581136363636  0.009896  0.012013   1.213924818108326596604688763
lu                    0        0    0.002061708849909160448173884941               0.00001379618248277339  0.019832  0.021297   1.073870512303348124243646632
ludcmp                0        0      0.2520458220045806715679653536               0.00002521245863239575  0.026564  0.019526  0.7350549616021683481403403102
trisolv               0        0   0.0007163980422090239072829048338               0.00000225930572684625  0.000091  0.000101   1.109890109890109890109890110
deriche               0        0  0.00003496357273198525772562378705     6.531283331761574074074074074E-9  0.014493  0.006338  0.4373145656523839094735389498
floyd-warshall        0        0                                   0                                    0  0.088287  0.120468   1.364504400421353087090964695
nussinov              0        0                                   0                                    0  0.017330  0.013024  0.7515291402192729371032890941
adi                   0        0     0.07478138527832312320764620720              0.000747813852783233995  0.167671  0.066324  0.3955603533109482259901831563
fdtd-2d               0        0  0.00004704790130159278723838813586   0.00001697663885679788055555555556  0.028168  0.009360  0.3322919625106503834138028969
heat-3d               0        0                                   0                                0E-16  0.012514  0.015368   1.228064567684193703052581109
jacobi-1d             0        0  0.00007857036815572305723013131653                     3.95077510528E-7  0.000085  0.000052  0.6117647058823529411764705882
jacobi-2d             0        0   0.0001428396627244173423026414782             0.0000900335637676545744  0.009074  0.006085  0.6705973109984571302622878554
seidel-2d             0        0   0.0001020126506449179568796360769           0.000102525901793475199375  0.051491  0.094714   1.839428249597016954419218893
2023-12-12 19:34:31,277 [INFO] Mean performance gains: 1.0991129875183105
2023-12-12 19:34:31,278 [INFO] Modifying components ['CAST_DOUBLE_FLOAT' 'DIV_FLOAT' 'CAST_FIX_FIX' 'DIV_DOUBLE' 'REM_DOUBLE'
 'MUL_FLOAT' 'CAST_FIX_DOUBLE' 'REM_FLOAT' 'REM_FIX' 'CAST_FLOAT_FIX'
 'CAST_FIX_FLOAT' 'SUB_DOUBLE'] with modifications [('CAST_DOUBLE_FLOAT', 0.8486605057448688), ('DIV_FLOAT', 0.8739163325302226), ('CAST_FIX_FIX', 1.3865014047118143), ('DIV_DOUBLE', 0.8627230995673127), ('REM_DOUBLE', 1.345916589873389), ('MUL_FLOAT', 1.1199140586601493), ('CAST_FIX_DOUBLE', 0.8260496851687745), ('REM_FLOAT', 1.157366340756762), ('REM_FIX', 0.7067800266567351), ('CAST_FLOAT_FIX', 0.6798934945858991), ('CAST_FIX_FLOAT', 0.7080918801486875), ('SUB_DOUBLE', 0.9995123423096395)]
2023-12-12 19:34:31,304 [INFO] Compiling and running for idx 11
