2023-12-12 16:25:44,492 [INFO] Started logging at 20231212-162544
2023-12-12 16:25:44,497 [INFO] Setting seed to 1
2023-12-12 16:25:44,498 [INFO] Hyperparameters: 
num_components_min: 1
num_components_max: 20
range_low: 0.666666
range_high: 1.5
prob_jump: 1.0
no_jump_threshold: 5.0

2023-12-12 16:25:44,498 [INFO] Benchmarking for 50 indices
2023-12-12 16:25:44,515 [INFO] Resetting benchmark to everything for idx 0
2023-12-12 16:25:44,515 [INFO] Compiling and running for idx 0
2023-12-12 16:32:06,574 [INFO] Calculating loss for idx 0

2023-12-12 16:32:09,869 [INFO] 
               fix_nofl flo_nofl                              e_perc                                e_abs     fix_t     flt_t                         speedup
correlation           0        0       1.194385528564461457949895475      0.01194385528564461558680555556  0.008008  0.010963   1.369005994005994005994005994
covariance            0        0   0.0001481311655862873288252545117     0.002076789008244972704861111111  0.007783  0.010870   1.396633688808942567133496081
2mm                   0        0    0.002116203505084219250051580296       0.1438640358449807895808080808  0.015315  0.018447   1.204505386875612144955925563
3mm                   0        0      0.1607428143865255962080035148        1.172867386937267929232804233  0.016735  0.025647   1.532536599940244995518374664
atax                  0        0    0.001245307518139623818345421377      0.03266340436183471048780487805  0.000236  0.000327   1.385593220338983050847457627
bicg                  0        0  0.00004759444696888559227595466863              0.000047051263120545625  0.000372  0.000525   1.411290322580645161290322581
doitgen               0        0  0.00001518226308628690546534849225  0.000002021210889111604166666666667  0.005903  0.006916   1.171607657123496527189564628
mvt                   0        0  0.00004734201893050139907084194797               0.00004664236306823225  0.000289  0.000562   1.944636678200692041522491349
gemm                  0        0  0.00001479771693590298682699517632   0.00001244721276953818181818181818  0.009657  0.004336  0.4490007248627938283110696904
gemver                0        0  0.00003027313379544594871299482309               0.00191701929193391475  0.000661  0.000622  0.9409984871406959152798789713
gesummv               0        0  0.00004861237071837252610943306509                0.0000806915283183144  0.000152  0.000247                           1.625
symm                  0        0   0.0007963238953248391125850552133    0.0001487045288080912958333333333  0.009202  0.006948  0.7550532492936318191697457075
syr2k                 0        0  0.00001699802890578776291817536193   0.00001223600474022919097222222222  0.008317  0.006840  0.8224119273776602140194781772
syrk                  0        0    0.008908022082727790005679672968     0.003215815621837633934027777778  0.004116  0.003504  0.8513119533527696793002915452
trmm                  0        0   0.0001165630935028292699829867013            0.00004396649698377393125  0.004190  0.006319   1.508114558472553699284009547
cholesky              0        0   0.0008462985893928526759173484168  0.000005670095025417226932668329177  0.007426  0.010383   1.398195529221653649340156208
durbin                0        0      -25.16409692019274273840881420               0.00062922264855964425  0.000159  0.000197   1.238993710691823899371069182
gramschmidt           0        0       8.481730959763505411538193444       0.2667616760502377581136363636  0.009502  0.014110   1.484950536729109661123973900
lu                    0        0    0.002061708849909160448173884941               0.00001379618248277339  0.019378  0.021751   1.122458458045205903602022913
ludcmp                0        0      0.2520458220045806715679653536               0.00002521245863239575  0.018168  0.019329   1.063903566710700132100396301
trisolv               0        0   0.0007163980422090239072829048338               0.00000225930572684625  0.000125  0.000136                           1.088
deriche               0        0  0.00003496357273198525772562378705     6.531283331761574074074074074E-9  0.014572  0.007934  0.5444688443590447433433982981
floyd-warshall        0        0                                   0                                    0  0.090341  0.115500   1.278489279507643262748917989
nussinov              0        0                                   0                                    0  0.016123  0.012586  0.7806239533585560999813930410
adi                   0        0     0.07478138527832312320764620720              0.000747813852783233995  0.142603  0.062126  0.4356570338632427087789176946
fdtd-2d               0        0  0.00004704790130159278723838813586   0.00001697663885679788055555555556  0.010393  0.009409  0.9053208890599441932069662273
heat-3d               0        0                                   0                                0E-16  0.012339  0.015173   1.229678255936461625739525083
jacobi-1d             0        0  0.00007857036815572305723013131653                     3.95077510528E-7  0.000053  0.000035  0.6603773584905660377358490566
jacobi-2d             0        0   0.0001428396627244173423026414782             0.0000900335637676545744  0.011289  0.008056  0.7136150234741784037558685446
seidel-2d             0        0   0.0001020126506449179568796360769           0.000102525901793475199375  0.051704  0.090155   1.743675537676001856722884110
2023-12-12 16:32:09,876 [INFO] Mean performance gains: 1.1352037191390991
2023-12-12 16:32:09,877 [INFO] Modifying components ['CAST_FIX_DOUBLE' 'REM_FIX' 'SUB_DOUBLE' 'CAST_DOUBLE_FIX'
 'CAST_FLOAT_DOUBLE' 'CAST_FIX_FLOAT'] with modifications [('CAST_FIX_DOUBLE', 0.8579804978263305), ('REM_FIX', 1.1120112803984534), ('SUB_DOUBLE', 1.4283016297907105), ('CAST_DOUBLE_FIX', 1.047670311459029), ('CAST_FLOAT_DOUBLE', 1.0255817597863017), ('CAST_FIX_FLOAT', 1.4492731172715478)]
2023-12-12 16:32:09,930 [INFO] Compiling and running for idx 1
2023-12-12 16:38:39,504 [INFO] Calculating loss for idx 1

2023-12-12 16:38:42,258 [INFO] 
               fix_nofl flo_nofl                              e_perc                                e_abs     fix_t     flt_t                         speedup
correlation           0        0       1.194385528564461457949895475      0.01194385528564461558680555556  0.007687  0.010917   1.420189931052426174060101470
covariance            0        0   0.0001481311655862873288252545117     0.002076789008244972704861111111  0.005255  0.010413   1.981541389153187440532825880
2mm                   0        0    0.002116203505084219250051580296       0.1438640358449807895808080808  0.014359  0.018054   1.257329897625182812173549690
3mm                   0        0      0.1607428143865255962080035148        1.172867386937267929232804233  0.016422  0.022692   1.381804895871392035074899525
atax                  0        0    0.001245307518139623818345421377      0.03266340436183471048780487805  0.000276  0.000353   1.278985507246376811594202899
bicg                  0        0  0.00004759444696888559227595466863              0.000047051263120545625  0.000377  0.000603   1.599469496021220159151193634
doitgen               0        0  0.00001518226308628690546534849225  0.000002021210889111604166666666667  0.003902  0.007115   1.823423885187083546899026140
mvt                   0        0  0.00004734201893050139907084194797               0.00004664236306823225  0.000340  0.000556   1.635294117647058823529411765
gemm                  0        0  0.00001479771693590298682699517632   0.00001244721276953818181818181818  0.009771  0.004154  0.4251356053628083103060075734
gemver                0        0  0.00003027313379544594871299482309               0.00191701929193391475  0.000503  0.000715   1.421471172962226640159045726
gesummv               0        0  0.00004861237071837252610943306509                0.0000806915283183144  0.000122  0.000212   1.737704918032786885245901639
symm                  0        0   0.0007963238953248391125850552133    0.0001487045288080912958333333333  0.012172  0.007305  0.6001478803812027604337824515
syr2k                 0        0  0.00001699802890578776291817536193   0.00001223600474022919097222222222  0.011512  0.007131  0.6194405837387074357192494788
syrk                  0        0    0.008908022082727790005679672968     0.003215815621837633934027777778  0.006318  0.002090  0.3308008863564419119974675530
trmm                  0        0   0.0001165630935028292699829867013            0.00004396649698377393125  0.004244  0.006621   1.560084825636192271442035815
cholesky              0        0   0.0008462985893928526759173484168  0.000005670095025417226932668329177  0.007376  0.010140   1.374728850325379609544468547
durbin                0        0      -25.16409692019274273840881420               0.00062922264855964425  0.000107  0.000131   1.224299065420560747663551402
gramschmidt           0        0       8.481730959763505411538193444       0.2667616760502377581136363636  0.012834  0.011773  0.9173289699236403303724481845
lu                    0        0    0.002061708849909160448173884941               0.00001379618248277339  0.019707  0.020949   1.063023291216319074440554118
ludcmp                0        0      0.2520458220045806715679653536               0.00002521245863239575  0.018171  0.018830   1.036266578614275493918881735
trisolv               0        0   0.0007163980422090239072829048338               0.00000225930572684625  0.000097  0.000147   1.515463917525773195876288660
deriche               0        0  0.00003496357273198525772562378705     6.531283331761574074074074074E-9  0.014131  0.006076  0.4299766470879626353407402165
floyd-warshall        0        0                                   0                                    0  0.085382  0.115696   1.355039703918858775854395540
nussinov              0        0                                   0                                    0  0.015803  0.014896  0.9426058343352528001012465987
adi                   0        0     0.07478138527832312320764620720              0.000747813852783233995  0.133970  0.062905  0.4695454206165559453609016944
fdtd-2d               0        0  0.00004704790130159278723838813586   0.00001697663885679788055555555556  0.007650  0.009095   1.188888888888888888888888889
heat-3d               0        0                                   0                                0E-16  0.013582  0.014868   1.094684140774554557502576940
jacobi-1d             0        0  0.00007857036815572305723013131653                     3.95077510528E-7  0.000058  0.000034  0.5862068965517241379310344828
jacobi-2d             0        0   0.0001428396627244173423026414782             0.0000900335637676545744  0.011334  0.007226  0.6375507323098641256396682548
seidel-2d             0        0   0.0001020126506449179568796360769           0.000102525901793475199375  0.053939  0.089258   1.654795231650568234487105805
2023-12-12 16:38:42,261 [INFO] Mean performance gains: 1.1521077156066895
2023-12-12 16:38:42,263 [INFO] 
loss: 0.20020350813865662, prev_loss: 0.10919705033302307

2023-12-12 16:38:42,263 [INFO] Mean performance gain increased from 1.1352037191390991 to 1.1521077156066895. Resetting components.
2023-12-12 16:38:42,264 [INFO] Modifying components ['CAST_FLOAT_DOUBLE' 'SUB_FLOAT' 'CAST_FIX_DOUBLE' 'MUL_FIX'
 'CAST_FIX_FIX' 'MUL_FLOAT' 'REM_FIX' 'MUL_DOUBLE' 'REM_FLOAT'
 'CAST_DOUBLE_FIX' 'SUB_DOUBLE' 'CAST_FIX_FLOAT' 'DIV_FLOAT'
 'CAST_FLOAT_FIX'] with modifications [('CAST_FLOAT_DOUBLE', 0.9295959028488064), ('SUB_FLOAT', 1.2387505640686047), ('CAST_FIX_DOUBLE', 1.3621879496649254), ('MUL_FIX', 0.6819062433123447), ('CAST_FIX_FIX', 1.2917867625503496), ('MUL_FLOAT', 1.4907175666628047), ('REM_FIX', 1.290137877426969), ('MUL_DOUBLE', 0.900369513682999), ('REM_FLOAT', 1.3243992998957927), ('CAST_DOUBLE_FIX', 0.7526877409653727), ('SUB_DOUBLE', 1.0399109037422718), ('CAST_FIX_FLOAT', 1.4238295249745816), ('DIV_FLOAT', 0.9113446527208318), ('CAST_FLOAT_FIX', 0.9064789740055164)]
2023-12-12 16:38:42,315 [INFO] Compiling and running for idx 2
2023-12-12 16:44:34,726 [INFO] Calculating loss for idx 2

2023-12-12 16:44:37,508 [INFO] 
               fix_nofl flo_nofl                              e_perc                                e_abs     fix_t     flt_t                         speedup
correlation           0        0       1.194385528564461457949895475      0.01194385528564461558680555556  0.007908  0.009782   1.236975214972180070814365200
covariance            0        0   0.0001481311655862873288252545117     0.002076789008244972704861111111  0.008068  0.008015  0.9934308378780366881507188894
2mm                   0        0    0.002116203505084219250051580296       0.1438640358449807895808080808  0.014300  0.017660   1.234965034965034965034965035
3mm                   0        0      0.1607428143865255962080035148        1.172867386937267929232804233  0.016559  0.025357   1.531312277311431849749381001
atax                  0        0    0.001245307518139623818345421377      0.03266340436183471048780487805  0.000317  0.000343   1.082018927444794952681388013
bicg                  0        0  0.00004759444696888559227595466863              0.000047051263120545625  0.000371  0.000528   1.423180592991913746630727763
doitgen               0        0  0.00001518226308628690546534849225  0.000002021210889111604166666666667  0.005463  0.007282   1.332967234120446641039721765
mvt                   0        0  0.00004734201893050139907084194797               0.00004664236306823225  0.000203  0.000388   1.911330049261083743842364532
gemm                  0        0  0.00001479771693590298682699517632   0.00001244721276953818181818181818  0.010050  0.002673  0.2659701492537313432835820896
gemver                0        0  0.00003027313379544594871299482309               0.00191701929193391475  0.000780  0.000642  0.8230769230769230769230769231
gesummv               0        0  0.00004861237071837252610943306509                0.0000806915283183144  0.000116  0.000242   2.086206896551724137931034483
symm                  0        0   0.0007963238953248391125850552133    0.0001487045288080912958333333333  0.009635  0.006978  0.7242345614945511157239231967
syr2k                 0        0  0.00001699802890578776291817536193   0.00001223600474022919097222222222  0.008430  0.005157  0.6117437722419928825622775801
syrk                  0        0    0.008908022082727790005679672968     0.003215815621837633934027777778  0.004308  0.003064  0.7112349117920148560817084494
trmm                  0        0   0.0001165630935028292699829867013            0.00004396649698377393125  0.006032  0.004857  0.8052055702917771883289124668
cholesky              0        0   0.0008462985893928526759173484168  0.000005670095025417226932668329177  0.007589  0.010075   1.327579391224140202925286599
durbin                0        0      -25.16409692019274273840881420               0.00062922264855964425  0.000109  0.000114   1.045871559633027522935779817
gramschmidt           0        0       8.481730959763505411538193444       0.2667616760502377581136363636  0.009518  0.012024   1.263290607270434965328850599
lu                    0        0    0.002061708849909160448173884941               0.00001379618248277339  0.019981  0.021440   1.073019368399979980981932836
ludcmp                0        0      0.2520458220045806715679653536               0.00002521245863239575  0.018994  0.019198   1.010740233758028851216173528
trisolv               0        0   0.0007163980422090239072829048338               0.00000225930572684625  0.000116  0.000139   1.198275862068965517241379310
deriche               0        0  0.00003496357273198525772562378705     6.531283331761574074074074074E-9  0.014094  0.007691  0.5456932027813253866893713637
floyd-warshall        0        0                                   0                                    0  0.086343  0.151411   1.753599017870585918951159909
nussinov              0        0                                   0                                    0  0.015561  0.012212  0.7847824689929953087847824690
adi                   0        0     0.07478138527832312320764620720              0.000747813852783233995  0.139737  0.060995  0.4364985651616966157853682275
fdtd-2d               0        0  0.00004704790130159278723838813586   0.00001697663885679788055555555556  0.007701  0.010520   1.366056356317361381638748215
heat-3d               0        0                                   0                                0E-16  0.009585  0.014083   1.469274908711528429838288993
jacobi-1d             0        0  0.00007857036815572305723013131653                     3.95077510528E-7  0.000045  0.000021  0.4666666666666666666666666667
jacobi-2d             0        0   0.0001428396627244173423026414782             0.0000900335637676545744  0.008436  0.006710  0.7954006638217164532954006638
seidel-2d             0        0   0.0001020126506449179568796360769           0.000102525901793475199375  0.048164  0.085631   1.777904659081471638568225230
2023-12-12 16:44:37,511 [INFO] Mean performance gains: 1.1029503345489502
2023-12-12 16:44:37,511 [INFO] 
loss: 0.15123474597930908, prev_loss: 0.20020350813865662

2023-12-12 16:44:37,512 [INFO] Current jump probability: 0.9674882570281624
2023-12-12 16:44:37,514 [INFO] Mean performance gain decreased from 1.1352037191390991 to 1.1029503345489502. Jumping to search new minima.
2023-12-12 16:44:37,515 [INFO] Modifying components ['CAST_FIX_DOUBLE' 'MUL_FLOAT' 'MUL_FIX' 'CAST_FIX_FLOAT' 'REM_FLOAT'
 'CAST_DOUBLE_FIX'] with modifications [('CAST_FIX_DOUBLE', 1.113246695527197), ('MUL_FLOAT', 1.2198286468795874), ('MUL_FIX', 1.0957406033079984), ('CAST_FIX_FLOAT', 1.4538289263888484), ('REM_FLOAT', 1.1554622581216878), ('CAST_DOUBLE_FIX', 1.4195015316745132)]
2023-12-12 16:44:37,537 [INFO] Compiling and running for idx 3
2023-12-12 16:45:26,701 [INFO] Calculating loss for idx 3

