2023-12-12 11:12:17,713 [INFO] Started logging at 20231212-111217
2023-12-12 11:12:17,716 [INFO] Hyperparameters: 
num_components_min: 1
num_components_max: 20
range_low: 0.666666
range_high: 1.5
prob_jump: 0.5
no_jump_threshold: 1.0

2023-12-12 11:12:17,727 [INFO] Benchmarking for 50 indices
2023-12-12 11:12:17,727 [INFO] Running for idx 0

2023-12-12 11:14:16,713 [INFO] Calculating loss for idx 0

2023-12-12 11:14:19,537 [INFO] 
               fix_nofl flo_nofl                              e_perc                                e_abs     fix_t     flt_t                         speedup
correlation           0        0       1.194385528564461457949895475      0.01194385528564461558680555556  0.011833  0.009459  0.7993746302712752471900616919
covariance            0        0   0.0001481311655862873288252545117     0.002076789008244972704861111111  0.005203  0.009374   1.801652892561983471074380165
2mm                   0        0    0.002116203505084219250051580296       0.1438640358449807895808080808  0.011369  0.014143   1.243996833494590553258861817
3mm                   0        0      0.1607428143865255962080035148        1.172867386937267929232804233  0.014473  0.021997   1.519864575416292406550127824
atax                  0        0    0.001245307518139623818345421377      0.03266340436183471048780487805  0.000182  0.000216   1.186813186813186813186813187
bicg                  0        0  0.00004759444696888559227595466863              0.000047051263120545625  0.000228  0.000413   1.811403508771929824561403509
doitgen               0        0  0.00001518226308628690546534849225  0.000002021210889111604166666666667  0.007943  0.005745  0.7232783583029082210751605187
mvt                   0        0  0.00004734201893050139907084194797               0.00004664236306823225  0.000211  0.000359   1.701421800947867298578199052
gemm                  0        0  0.00001479771693590298682699517632   0.00001244721276953818181818181818  0.007596  0.002886  0.3799368088467614533965244866
gemver                0        0  0.00003027313379544594871299482309               0.00191701929193391475  0.001014  0.000551  0.5433925049309664694280078895
gesummv               0        0  0.00004861237071837252610943306509                0.0000806915283183144  0.000146  0.000179   1.226027397260273972602739726
symm                  0        0   0.0007963238953248391125850552133    0.0001487045288080912958333333333  0.007493  0.009883   1.318964366742292806619511544
syr2k                 0        0  0.00001699802890578776291817536193   0.00001223600474022919097222222222  0.008334  0.005566  0.6678665706743460523158147348
syrk                  0        0    0.008908022082727790005679672968     0.003215815621837633934027777778  0.004065  0.002118  0.5210332103321033210332103321
trmm                  0        0   0.0001165630935028292699829867013            0.00004396649698377393125  0.007601  0.004449  0.5853177213524536245230890672
cholesky              0        0   0.0008462985893928526759173484168  0.000005670095025417226932668329177  0.008737  0.011565   1.323680897333180725649536454
durbin                0        0      -25.16409692019274273840881420               0.00062922264855964425  0.000117  0.000127   1.085470085470085470085470085
gramschmidt           0        0       8.481730959763505411538193444       0.2667616760502377581136363636  0.015055  0.013184  0.8757223513782796413151776818
lu                    0        0    0.002061708849909160448173884941               0.00001379618248277339  0.021680  0.027303   1.259363468634686346863468635
ludcmp                0        0      0.2520458220045806715679653536               0.00002521245863239575  0.019983  0.020462   1.023970374818595806435470150
trisolv               0        0   0.0007163980422090239072829048338               0.00000225930572684625  0.000082  0.000107   1.304878048780487804878048780
deriche               0        0  0.00003496357273198525772562378705     6.531283331761574074074074074E-9  0.011751  0.006367  0.5418262275551016934728959238
floyd-warshall        0        0                                   0                                    0  0.131398  0.112513  0.8562763512382228040000608837
nussinov              0        0                                   0                                    0  0.013325  0.013227  0.9926454033771106941838649156
adi                   0        0     0.07478138527832312320764620720              0.000747813852783233995  0.135250  0.059251  0.4380850277264325323475046211
fdtd-2d               0        0  0.00004704790130159278723838813586   0.00001697663885679788055555555556  0.007665  0.006821  0.8898891063274624918460534899
heat-3d               0        0                                   0                                0E-16  0.010086  0.018911   1.874975213166765813999603411
jacobi-1d             0        0  0.00007857036815572305723013131653                     3.95077510528E-7  0.000051  0.000020  0.3921568627450980392156862745
jacobi-2d             0        0   0.0001428396627244173423026414782             0.0000900335637676545744  0.008447  0.005890  0.6972889783355037291346040014
seidel-2d             0        0   0.0001020126506449179568796360769           0.000102525901793475199375  0.047572  0.084555   1.777411082149163373412931977
2023-12-12 11:14:19,549 [INFO] Modifying components ['CAST_FIX_DOUBLE' 'REM_FIX' 'SUB_DOUBLE' 'CAST_DOUBLE_FIX'
 'CAST_FLOAT_DOUBLE' 'CAST_FIX_FLOAT'] with modifications [('CAST_FIX_DOUBLE', 0.8579804978263305), ('REM_FIX', 1.1120112803984534), ('SUB_DOUBLE', 1.4283016297907105), ('CAST_DOUBLE_FIX', 1.047670311459029), ('CAST_FLOAT_DOUBLE', 1.0255817597863017), ('CAST_FIX_FLOAT', 1.4492731172715478)]
2023-12-12 11:14:19,564 [INFO] Running idx 1

2023-12-12 11:15:59,527 [INFO] Calculating loss for idx 1

2023-12-12 11:16:01,632 [INFO] 
               fix_nofl flo_nofl                              e_perc                                e_abs     fix_t     flt_t                         speedup
correlation           0        0       1.194385528564461457949895475      0.01194385528564461558680555556  0.005712  0.008958   1.568277310924369747899159664
doitgen               0        0  0.00001518226308628690546534849225  0.000002021210889111604166666666667  0.006045  0.005107  0.8448304383788254755996691481
gemm                  0        0  0.00001479771693590298682699517632   0.00001244721276953818181818181818  0.007020  0.004455  0.6346153846153846153846153846
gemver                0        0  0.00003027313379544594871299482309               0.00191701929193391475  0.000617  0.000713   1.155591572123176661264181524
syr2k                 0        0  0.00001699802890578776291817536193   0.00001223600474022919097222222222  0.011867  0.005620  0.4735822027471138451167102048
syrk                  0        0    0.008908022082727790005679672968     0.003215815621837633934027777778  0.004344  0.002245  0.5168047882136279926335174954
trmm                  0        0   0.0001165630935028292699829867013            0.00004396649698377393125  0.008518  0.004674  0.5487203568912890349847382015
gramschmidt           0        0       8.481730959763505411538193444       0.2667616760502377581136363636  0.015279  0.016253   1.063747627462530270305648275
deriche               0        0  0.00003496357273198525772562378705     6.531283331761574074074074074E-9  0.012078  0.007429  0.6150852790197052492134459348
floyd-warshall        0        0                                   0                                    0  0.086478  0.116674   1.349175512847198131316635445
nussinov              0        0                                   0                                    0  0.013231  0.012095  0.9141410324238530723301337767
adi                   0        0     0.07478138527832312320764620720              0.000747813852783233995  0.140958  0.061496  0.4362717972729465514550433462
fdtd-2d               0        0  0.00004704790130159278723838813586   0.00001697663885679788055555555556  0.015336  0.009171  0.5980046948356807511737089202
jacobi-1d             0        0  0.00007857036815572305723013131653                     3.95077510528E-7  0.000077  0.000078   1.012987012987012987012987013
jacobi-2d             0        0   0.0001428396627244173423026414782             0.0000900335637676545744  0.013605  0.012259  0.9010657846380007350238882764
2023-12-12 11:16:01,653 [INFO] 
loss: 1.5165389776229858, prev_loss: 2.2565362453460693

2023-12-12 11:16:01,653 [INFO] Loss decreased from 2.2565362453460693 to 1.5165389776229858. Resetting components.
2023-12-12 11:16:01,653 [INFO] Modifying components ['CAST_FLOAT_DOUBLE' 'SUB_FLOAT' 'CAST_FIX_DOUBLE' 'MUL_FIX'
 'CAST_FIX_FIX' 'MUL_FLOAT' 'REM_FIX' 'MUL_DOUBLE' 'REM_FLOAT'
 'CAST_DOUBLE_FIX' 'SUB_DOUBLE' 'CAST_FIX_FLOAT' 'DIV_FLOAT'
 'CAST_FLOAT_FIX'] with modifications [('CAST_FLOAT_DOUBLE', 0.9295959028488064), ('SUB_FLOAT', 1.2387505640686047), ('CAST_FIX_DOUBLE', 1.3621879496649254), ('MUL_FIX', 0.6819062433123447), ('CAST_FIX_FIX', 1.2917867625503496), ('MUL_FLOAT', 1.4907175666628047), ('REM_FIX', 1.290137877426969), ('MUL_DOUBLE', 0.900369513682999), ('REM_FLOAT', 1.3243992998957927), ('CAST_DOUBLE_FIX', 0.7526877409653727), ('SUB_DOUBLE', 1.0399109037422718), ('CAST_FIX_FLOAT', 1.4238295249745816), ('DIV_FLOAT', 0.9113446527208318), ('CAST_FLOAT_FIX', 0.9064789740055164)]
2023-12-12 11:16:01,672 [INFO] Running idx 2

2023-12-12 11:17:25,504 [INFO] Calculating loss for idx 2

2023-12-12 11:17:27,614 [INFO] 
          fix_nofl flo_nofl                              e_perc                                e_abs     fix_t     flt_t                         speedup
doitgen          0        0  0.00001518226308628690546534849225  0.000002021210889111604166666666667  0.004675  0.006480   1.386096256684491978609625668
gemm             0        0  0.00001479771693590298682699517632   0.00001244721276953818181818181818  0.007148  0.005147  0.7200615556799104644655847790
syr2k            0        0  0.00001699802890578776291817536193   0.00001223600474022919097222222222  0.008967  0.006327  0.7055871528939444630311140850
syrk             0        0    0.008908022082727790005679672968     0.003215815621837633934027777778  0.008373  0.003299  0.3940045383972291890600740475
trmm             0        0   0.0001165630935028292699829867013            0.00004396649698377393125  0.007710  0.005806  0.7530479896238651102464332036
deriche          0        0  0.00003496357273198525772562378705     6.531283331761574074074074074E-9  0.011101  0.007216  0.6500315286911089091072876317
nussinov         0        0                                   0                                    0  0.011971  0.019739   1.648901511987302648066159886
adi              0        0     0.07478138527832312320764620720              0.000747813852783233995  0.135368  0.058147  0.4295476035695289876484841321
fdtd-2d          0        0  0.00004704790130159278723838813586   0.00001697663885679788055555555556  0.007788  0.006366  0.8174114021571648690292758089
jacobi-2d        0        0   0.0001428396627244173423026414782             0.0000900335637676545744  0.014825  0.006365  0.4293423271500843170320404722
2023-12-12 11:17:27,623 [INFO] 
loss: 1.4001429080963135, prev_loss: 1.5165389776229858

2023-12-12 11:17:27,623 [INFO] Loss decreased from 1.5165389776229858 to 1.4001429080963135. Resetting components.
2023-12-12 11:17:27,623 [INFO] Modifying components ['CAST_FIX_DOUBLE' 'CAST_DOUBLE_FLOAT' 'MUL_FIX' 'CAST_FIX_FLOAT'
 'REM_FLOAT'] with modifications [('CAST_FIX_DOUBLE', 1.113246695527197), ('CAST_DOUBLE_FLOAT', 1.2198286468795874), ('MUL_FIX', 1.0957406033079984), ('CAST_FIX_FLOAT', 1.4538289263888484), ('REM_FLOAT', 1.1554622581216878)]
2023-12-12 11:17:27,637 [INFO] Running idx 3

2023-12-12 11:18:56,861 [INFO] Calculating loss for idx 3

2023-12-12 11:18:57,797 [INFO] 
          fix_nofl flo_nofl                              e_perc                               e_abs     fix_t     flt_t                         speedup
gemm             0        0  0.00001479771693590298682699517632  0.00001244721276953818181818181818  0.007762  0.002901  0.3737438804431847461994331358
syr2k            0        0  0.00001699802890578776291817536193  0.00001223600474022919097222222222  0.008586  0.005089  0.5927090612625203820172373631
syrk             0        0    0.008908022082727790005679672968    0.003215815621837633934027777778  0.004141  0.002152  0.5196812364163245592851968124
trmm             0        0   0.0001165630935028292699829867013           0.00004396649698377393125  0.004318  0.004430   1.025937934228809634089856415
deriche          0        0  0.00003496357273198525772562378705    6.531283331761574074074074074E-9  0.012198  0.008080  0.6624036727332349565502541400
adi              0        0     0.07478138527832312320764620720             0.000747813852783233995  0.140103  0.060799  0.4339593013711340942021227240
fdtd-2d          0        0  0.00004704790130159278723838813586  0.00001697663885679788055555555556  0.010558  0.006695  0.6341163099071793900359916651
jacobi-2d        0        0   0.0001428396627244173423026414782            0.0000900335637676545744  0.008905  0.006578  0.7386861313868613138686131387
2023-12-12 11:18:57,810 [INFO] 
loss: 1.4253180027008057, prev_loss: 1.4001429080963135

2023-12-12 11:18:57,810 [INFO] Current jump probability: 4.45
2023-12-12 11:18:57,810 [INFO] Loss increased from 1.4001429080963135 to 1.4253180027008057. Jumping to search new minima.
2023-12-12 11:18:57,814 [INFO] Modifying components ['MUL_DOUBLE' 'DIV_FLOAT' 'CAST_FIX_FLOAT' 'SUB_DOUBLE' 'ADD_DOUBLE'
 'CAST_DOUBLE_FIX' 'CAST_FLOAT_DOUBLE' 'MUL_FLOAT' 'REM_FIX'] with modifications [('MUL_DOUBLE', 0.9574148509137634), ('DIV_FLOAT', 0.8916060897561162), ('CAST_FIX_FLOAT', 1.4132384457542013), ('SUB_DOUBLE', 1.0234089436202056), ('ADD_DOUBLE', 1.4707000158503527), ('CAST_DOUBLE_FIX', 1.2195343571430386), ('CAST_FLOAT_DOUBLE', 1.1847461813047482), ('MUL_FLOAT', 0.762287720625128), ('REM_FIX', 1.4579076819153984)]
2023-12-12 11:18:57,833 [INFO] Running idx 4

2023-12-12 11:20:18,685 [INFO] Calculating loss for idx 4

2023-12-12 11:20:20,063 [INFO] 
          fix_nofl flo_nofl                              e_perc                               e_abs     fix_t     flt_t                         speedup
gemm             0        0  0.00001479771693590298682699517632  0.00001244721276953818181818181818  0.009693  0.003416  0.3524192716393273496337563190
syr2k            0        0  0.00001699802890578776291817536193  0.00001223600474022919097222222222  0.008482  0.005192  0.6121197830700306531478424900
syrk             0        0    0.008908022082727790005679672968    0.003215815621837633934027777778  0.006202  0.003738  0.6027088036117381489841986456
deriche          0        0  0.00003496357273198525772562378705    6.531283331761574074074074074E-9  0.014410  0.008829  0.6126995142262317834836918806
adi              0        0     0.07478138527832312320764620720             0.000747813852783233995  0.141931  0.062787  0.4423769296348225546216119100
fdtd-2d          0        0  0.00004704790130159278723838813586  0.00001697663885679788055555555556  0.007626  0.006615  0.8674272226593233674272226593
jacobi-2d        0        0   0.0001428396627244173423026414782            0.0000900335637676545744  0.009187  0.008737  0.9510177424621748122346794383
2023-12-12 11:20:20,072 [INFO] 
loss: 1.2085720300674438, prev_loss: 1.4253180027008057

2023-12-12 11:20:20,072 [INFO] Loss decreased from 1.4253180027008057 to 1.2085720300674438. Resetting components.
2023-12-12 11:20:20,073 [INFO] Modifying components ['CAST_FIX_FLOAT' 'SUB_DOUBLE' 'CAST_DOUBLE_FIX' 'CAST_FLOAT_FIX'
 'REM_FIX' 'REM_FLOAT' 'DIV_FLOAT' 'CAST_FIX_FIX' 'REM_DOUBLE' 'MUL_FIX'
 'ADD_DOUBLE'] with modifications [('CAST_FIX_FLOAT', 1.186133178733246), ('SUB_DOUBLE', 0.6798503795862921), ('CAST_DOUBLE_FIX', 1.4411976477446236), ('CAST_FLOAT_FIX', 1.2424138918620482), ('REM_FIX', 1.497769040258134), ('REM_FLOAT', 0.810283205181446), ('DIV_FLOAT', 0.7809458827812312), ('CAST_FIX_FIX', 1.4438295075946117), ('REM_DOUBLE', 1.2473482657870245), ('MUL_FIX', 0.7216661879351672), ('ADD_DOUBLE', 1.2962190474774236)]
2023-12-12 11:20:20,089 [INFO] Running idx 5

2023-12-12 11:20:50,763 [INFO] Calculating loss for idx 5

