2023-12-12 11:39:05,458 [INFO] Started logging at 20231212-113905
2023-12-12 11:39:05,460 [INFO] Setting seed to 1
2023-12-12 11:39:05,461 [INFO] Hyperparameters: 
num_components_min: 1
num_components_max: 20
range_low: 0.666666
range_high: 1.5
prob_jump: 0.5
no_jump_threshold: 1.0

2023-12-12 11:39:05,475 [INFO] Benchmarking for 50 indices
2023-12-12 11:39:05,475 [INFO] Running for idx 0

2023-12-12 11:41:39,644 [INFO] Calculating loss for idx 0

2023-12-12 11:41:44,482 [INFO] 
               fix_nofl flo_nofl                              e_perc                                e_abs     fix_t     flt_t                         speedup
correlation           0        0       1.194385528564461457949895475      0.01194385528564461558680555556  0.005454  0.016161   2.963146314631463146314631463
covariance            0        0   0.0001481311655862873288252545117     0.002076789008244972704861111111  0.026601  0.008848  0.3326190744708845532122852524
2mm                   0        0    0.002116203505084219250051580296       0.1438640358449807895808080808  0.024083  0.031253   1.297720383673130423950504505
3mm                   0        0      0.1607428143865255962080035148        1.172867386937267929232804233  0.017886  0.043104   2.409929553840992955384099296
atax                  0        0    0.001245307518139623818345421377      0.03266340436183471048780487805  0.000168  0.000212   1.261904761904761904761904762
bicg                  0        0  0.00004759444696888559227595466863              0.000047051263120545625  0.000218  0.000371   1.701834862385321100917431193
doitgen               0        0  0.00001518226308628690546534849225  0.000002021210889111604166666666667  0.003988  0.016941   4.247993981945837512537612839
mvt                   0        0  0.00004734201893050139907084194797               0.00004664236306823225  0.000206  0.000378   1.834951456310679611650485437
gemm                  0        0  0.00001479771693590298682699517632   0.00001244721276953818181818181818  0.016335  0.002773  0.1697581879400061218243036425
gemver                0        0  0.00003027313379544594871299482309               0.00191701929193391475  0.000475  0.000470  0.9894736842105263157894736842
gesummv               0        0  0.00004861237071837252610943306509                0.0000806915283183144  0.000134  0.000172   1.283582089552238805970149254
symm                  0        0   0.0007963238953248391125850552133    0.0001487045288080912958333333333  0.012177  0.009479  0.7784347540445101420711176809
syr2k                 0        0  0.00001699802890578776291817536193   0.00001223600474022919097222222222  0.008923  0.004969  0.5568754903059509133699428443
syrk                  0        0    0.008908022082727790005679672968     0.003215815621837633934027777778  0.004048  0.002066  0.5103754940711462450592885375
trmm                  0        0   0.0001165630935028292699829867013            0.00004396649698377393125  0.012243  0.016807   1.372784448256146369353916524
cholesky              0        0   0.0008462985893928526759173484168  0.000005670095025417226932668329177  0.028803  0.011515  0.3997847446446550706523626011
durbin                0        0      -25.16409692019274273840881420               0.00062922264855964425  0.000110  0.000146   1.327272727272727272727272727
gramschmidt           0        0       8.481730959763505411538193444       0.2667616760502377581136363636  0.021448  0.028823   1.343854904886236478925773965
lu                    0        0    0.002061708849909160448173884941               0.00001379618248277339  0.025591  0.038071   1.487671446993083505920050018
ludcmp                0        0      0.2520458220045806715679653536               0.00002521245863239575  0.018774  0.019461   1.036593160754234579737935443
trisolv               0        0   0.0007163980422090239072829048338               0.00000225930572684625  0.000086  0.000095   1.104651162790697674418604651
deriche               0        0  0.00003496357273198525772562378705     6.531283331761574074074074074E-9  0.031914  0.005889  0.1845271667606692987403647302
floyd-warshall        0        0                                   0                                    0  0.231274  0.240326   1.039139721715367918572775150
nussinov              0        0                                   0                                    0  0.043503  0.042110  0.9679792198239201894122244443
adi                   0        0     0.07478138527832312320764620720              0.000747813852783233995  0.360672  0.120187  0.3332307470499512022003371484
fdtd-2d               0        0  0.00004704790130159278723838813586   0.00001697663885679788055555555556  0.012498  0.030779   2.462714034245479276684269483
heat-3d               0        0                                   0                                0E-16  0.029640  0.019236  0.6489878542510121457489878543
jacobi-1d             0        0  0.00007857036815572305723013131653                     3.95077510528E-7  0.000059  0.000021  0.3559322033898305084745762712
jacobi-2d             0        0   0.0001428396627244173423026414782             0.0000900335637676545744  0.012598  0.005821  0.4620574694395935862835370694
seidel-2d             0        0   0.0001020126506449179568796360769           0.000102525901793475199375  0.108237  0.169323   1.564372626735774273122869259
2023-12-12 11:41:44,496 [INFO] Modifying components ['CAST_FIX_DOUBLE' 'REM_FIX' 'SUB_DOUBLE' 'CAST_DOUBLE_FIX'
 'CAST_FLOAT_DOUBLE' 'CAST_FIX_FLOAT'] with modifications [('CAST_FIX_DOUBLE', 0.8579804978263305), ('REM_FIX', 1.1120112803984534), ('SUB_DOUBLE', 1.4283016297907105), ('CAST_DOUBLE_FIX', 1.047670311459029), ('CAST_FLOAT_DOUBLE', 1.0255817597863017), ('CAST_FIX_FLOAT', 1.4492731172715478)]
2023-12-12 11:41:44,510 [INFO] Running idx 1

2023-12-12 11:42:53,245 [INFO] Calculating loss for idx 1

2023-12-12 11:42:56,512 [INFO] 
           fix_nofl flo_nofl                              e_perc                                e_abs     fix_t     flt_t                          speedup
covariance        0        0   0.0001481311655862873288252545117     0.002076789008244972704861111111  0.013488  0.008160   0.6049822064056939501779359431
gemm              0        0  0.00001479771693590298682699517632   0.00001244721276953818181818181818  0.027434  0.002717  0.09903769045709703287890938252
gemver            0        0  0.00003027313379544594871299482309               0.00191701929193391475  0.000447  0.000512    1.145413870246085011185682327
symm              0        0   0.0007963238953248391125850552133    0.0001487045288080912958333333333  0.006733  0.014691    2.181939699985147779593049161
syr2k             0        0  0.00001699802890578776291817536193   0.00001223600474022919097222222222  0.024566  0.005002   0.2036147520963933892371570463
syrk              0        0    0.008908022082727790005679672968     0.003215815621837633934027777778  0.006497  0.002517   0.3874095736493766353701708481
cholesky          0        0   0.0008462985893928526759173484168  0.000005670095025417226932668329177  0.007864  0.011639    1.480035605289928789420142421
deriche           0        0  0.00003496357273198525772562378705     6.531283331761574074074074074E-9  0.011535  0.017954    1.556480277416558300823580407
nussinov          0        0                                   0                                    0  0.029024  0.024212   0.8342061742006615214994487321
adi               0        0     0.07478138527832312320764620720              0.000747813852783233995  0.275073  0.059745   0.2171968895529550337546760315
heat-3d           0        0                                   0                                0E-16  0.016630  0.011659   0.7010823812387251954299458809
jacobi-1d         0        0  0.00007857036815572305723013131653                     3.95077510528E-7  0.000045  0.000020   0.4444444444444444444444444444
jacobi-2d         0        0   0.0001428396627244173423026414782             0.0000900335637676545744  0.013045  0.013851    1.061786124952088922958988118
2023-12-12 11:42:56,526 [INFO] 
loss: 3.015530586242676, prev_loss: 3.9182679653167725

2023-12-12 11:42:56,526 [INFO] Loss decreased from 3.9182679653167725 to 3.015530586242676. Resetting components.
2023-12-12 11:42:56,527 [INFO] Modifying components ['CAST_FLOAT_DOUBLE' 'SUB_FLOAT' 'CAST_FIX_DOUBLE' 'MUL_FIX'
 'CAST_FIX_FIX' 'MUL_FLOAT' 'REM_FIX' 'MUL_DOUBLE' 'REM_FLOAT'
 'CAST_DOUBLE_FIX' 'SUB_DOUBLE' 'CAST_FIX_FLOAT' 'DIV_FLOAT'
 'CAST_FLOAT_FIX'] with modifications [('CAST_FLOAT_DOUBLE', 0.9295959028488064), ('SUB_FLOAT', 1.2387505640686047), ('CAST_FIX_DOUBLE', 1.3621879496649254), ('MUL_FIX', 0.6819062433123447), ('CAST_FIX_FIX', 1.2917867625503496), ('MUL_FLOAT', 1.4907175666628047), ('REM_FIX', 1.290137877426969), ('MUL_DOUBLE', 0.900369513682999), ('REM_FLOAT', 1.3243992998957927), ('CAST_DOUBLE_FIX', 0.7526877409653727), ('SUB_DOUBLE', 1.0399109037422718), ('CAST_FIX_FLOAT', 1.4238295249745816), ('DIV_FLOAT', 0.9113446527208318), ('CAST_FLOAT_FIX', 0.9064789740055164)]
2023-12-12 11:42:56,559 [INFO] Running idx 2

2023-12-12 11:43:28,839 [INFO] Calculating loss for idx 2

2023-12-12 11:43:30,235 [INFO] 
           fix_nofl flo_nofl                              e_perc                               e_abs     fix_t     flt_t                         speedup
covariance        0        0   0.0001481311655862873288252545117    0.002076789008244972704861111111  0.017348  0.016791  0.9678925524556144800553377911
gemm              0        0  0.00001479771693590298682699517632  0.00001244721276953818181818181818  0.007095  0.002795  0.3939393939393939393939393939
syr2k             0        0  0.00001699802890578776291817536193  0.00001223600474022919097222222222  0.008622  0.005140  0.5961493852934353978195314312
syrk              0        0    0.008908022082727790005679672968    0.003215815621837633934027777778  0.020183  0.002183  0.1081603329534756973690729822
nussinov          0        0                                   0                                   0  0.020018  0.028711   1.434259166749925067439304626
adi               0        0     0.07478138527832312320764620720             0.000747813852783233995  0.308687  0.111961  0.3627007292176217333415401361
heat-3d           0        0                                   0                               0E-16  0.014969  0.027528   1.839000601242567973812545928
jacobi-1d         0        0  0.00007857036815572305723013131653                    3.95077510528E-7  0.000047  0.000038  0.8085106382978723404255319149
2023-12-12 11:43:30,248 [INFO] 
loss: 1.769632339477539, prev_loss: 3.015530586242676

2023-12-12 11:43:30,248 [INFO] Loss decreased from 3.015530586242676 to 1.769632339477539. Resetting components.
2023-12-12 11:43:30,249 [INFO] Modifying components ['CAST_FIX_DOUBLE' 'CAST_DOUBLE_FLOAT' 'MUL_FIX' 'CAST_FIX_FLOAT'
 'REM_FLOAT'] with modifications [('CAST_FIX_DOUBLE', 1.113246695527197), ('CAST_DOUBLE_FLOAT', 1.2198286468795874), ('MUL_FIX', 1.0957406033079984), ('CAST_FIX_FLOAT', 1.4538289263888484), ('REM_FLOAT', 1.1554622581216878)]
2023-12-12 11:43:30,268 [INFO] Running idx 3

2023-12-12 11:43:50,354 [INFO] Calculating loss for idx 3

2023-12-12 11:43:50,699 [INFO] 
           fix_nofl flo_nofl                              e_perc                               e_abs     fix_t     flt_t                         speedup
covariance        0        0   0.0001481311655862873288252545117    0.002076789008244972704861111111  0.005330  0.008671   1.626829268292682926829268293
gemm              0        0  0.00001479771693590298682699517632  0.00001244721276953818181818181818  0.007546  0.016235   2.151470978001590246488205672
syr2k             0        0  0.00001699802890578776291817536193  0.00001223600474022919097222222222  0.022234  0.009018  0.4055950346316452280291445534
syrk              0        0    0.008908022082727790005679672968    0.003215815621837633934027777778  0.004193  0.002116  0.5046506081564512282375387551
adi               0        0     0.07478138527832312320764620720             0.000747813852783233995  0.278936  0.122863  0.4404702153899102303037255858
jacobi-1d         0        0  0.00007857036815572305723013131653                    3.95077510528E-7  0.000047  0.000020  0.4255319148936170212765957447
2023-12-12 11:43:50,708 [INFO] 
loss: 1.241775393486023, prev_loss: 1.769632339477539

2023-12-12 11:43:50,709 [INFO] Loss decreased from 1.769632339477539 to 1.241775393486023. Resetting components.
2023-12-12 11:43:50,709 [INFO] Modifying components ['CAST_FIX_DOUBLE' 'ADD_DOUBLE' 'MUL_FLOAT' 'SUB_DOUBLE' 'MUL_DOUBLE'
 'CAST_DOUBLE_FIX' 'SUB_FLOAT' 'REM_FIX'] with modifications [('CAST_FIX_DOUBLE', 1.2064575983107229), ('ADD_DOUBLE', 0.9616154766246441), ('MUL_FLOAT', 1.3026940527513033), ('SUB_DOUBLE', 0.9637760073195282), ('MUL_DOUBLE', 1.293990129505239), ('CAST_DOUBLE_FIX', 1.401118112256229), ('SUB_FLOAT', 0.6763903358468738), ('REM_FIX', 1.081757223429577)]
2023-12-12 11:43:50,726 [INFO] Running idx 4

2023-12-12 11:44:02,313 [INFO] Calculating loss for idx 4

2023-12-12 11:44:02,510 [INFO] 
          fix_nofl flo_nofl                              e_perc                               e_abs     fix_t     flt_t                          speedup
syr2k            0        0  0.00001699802890578776291817536193  0.00001223600474022919097222222222  0.032581  0.005251   0.1611675516405266873331082533
syrk             0        0    0.008908022082727790005679672968    0.003215815621837633934027777778  0.024173  0.002081  0.08608778389111818971579861829
adi              0        0     0.07478138527832312320764620720             0.000747813852783233995  0.136875  0.058323   0.4261041095890410958904109589
jacobi-1d        0        0  0.00007857036815572305723013131653                    3.95077510528E-7  0.000047  0.000021   0.4468085106382978723404255319
2023-12-12 11:44:02,526 [INFO] 
loss: 2.17425274848938, prev_loss: 1.241775393486023

2023-12-12 11:44:02,526 [INFO] Current jump probability: 0.11208476722240449
2023-12-12 11:44:02,537 [INFO] Loss increased from 1.241775393486023 to 2.17425274848938. Jumping to search new minima.
2023-12-12 11:44:02,538 [INFO] Modifying components ['DIV_FLOAT' 'SUB_DOUBLE' 'MUL_FIX' 'CAST_FLOAT_FIX' 'REM_DOUBLE'
 'ADD_DOUBLE' 'MUL_FLOAT' 'CAST_DOUBLE_FIX'] with modifications [('DIV_FLOAT', 0.6741726701395337), ('SUB_DOUBLE', 1.257535241022386), ('MUL_FIX', 1.058866986812556), ('CAST_FLOAT_FIX', 1.3038269849287956), ('REM_DOUBLE', 1.0561602142176656), ('ADD_DOUBLE', 0.8908337220488909), ('MUL_FLOAT', 1.3597437119671842), ('CAST_DOUBLE_FIX', 1.126103818548255)]
2023-12-12 11:44:02,569 [INFO] Running idx 5

2023-12-12 11:44:14,627 [INFO] Calculating loss for idx 5

2023-12-12 11:44:14,828 [INFO] 
          fix_nofl flo_nofl                              e_perc                               e_abs     fix_t     flt_t                         speedup
syr2k            0        0  0.00001699802890578776291817536193  0.00001223600474022919097222222222  0.031492  0.025547  0.8112218976247935983741902705
syrk             0        0    0.008908022082727790005679672968    0.003215815621837633934027777778  0.016305  0.002211  0.1356025758969641214351425943
adi              0        0     0.07478138527832312320764620720             0.000747813852783233995  0.335026  0.123591  0.3688997271853527785903183634
jacobi-1d        0        0  0.00007857036815572305723013131653                    3.95077510528E-7  0.000047  0.000019  0.4042553191489361702127659574
2023-12-12 11:44:14,844 [INFO] 
loss: 1.5360194444656372, prev_loss: 2.17425274848938

2023-12-12 11:44:14,844 [INFO] Loss decreased from 2.17425274848938 to 1.5360194444656372. Resetting components.
2023-12-12 11:44:14,845 [INFO] Modifying components ['REM_FIX'] with modifications [('REM_FIX', 1.0915082383434627)]
2023-12-12 11:44:14,866 [INFO] Running idx 6

2023-12-12 11:44:27,664 [INFO] Calculating loss for idx 6

2023-12-12 11:44:27,881 [INFO] 
          fix_nofl flo_nofl                              e_perc                               e_abs     fix_t     flt_t                         speedup
syr2k            0        0  0.00001699802890578776291817536193  0.00001223600474022919097222222222  0.009121  0.021121   2.315645214340532836311807916
syrk             0        0    0.008908022082727790005679672968    0.003215815621837633934027777778  0.004320  0.002185  0.5057870370370370370370370370
adi              0        0     0.07478138527832312320764620720             0.000747813852783233995  0.362736  0.119700  0.3299920603414053195712584359
jacobi-1d        0        0  0.00007857036815572305723013131653                    3.95077510528E-7  0.000047  0.000021  0.4468085106382978723404255319
2023-12-12 11:44:27,898 [INFO] 
loss: 0.9991779327392578, prev_loss: 1.5360194444656372

2023-12-12 11:44:27,898 [INFO] Loss decreased from 1.5360194444656372 to 0.9991779327392578. Resetting components.
2023-12-12 11:44:27,898 [INFO] Modifying components ['MUL_FLOAT' 'CAST_FLOAT_FIX' 'ADD_DOUBLE' 'DIV_DOUBLE' 'REM_FLOAT'
 'REM_DOUBLE' 'CAST_DOUBLE_FIX' 'MUL_DOUBLE' 'SUB_FLOAT' 'MUL_FIX'
 'SUB_DOUBLE' 'REM_FIX' 'ADD_FLOAT' 'DIV_FIX' 'CAST_DOUBLE_FLOAT'
 'CAST_FIX_FLOAT' 'DIV_FLOAT' 'CAST_FIX_FIX'] with modifications [('MUL_FLOAT', 1.3392542010857795), ('CAST_FLOAT_FIX', 0.9898834619605725), ('ADD_DOUBLE', 1.386284787827427), ('DIV_DOUBLE', 1.289267867028749), ('REM_FLOAT', 1.1301998991521718), ('REM_DOUBLE', 0.7803787790207213), ('CAST_DOUBLE_FIX', 0.7165974478719693), ('MUL_DOUBLE', 0.7677856273462516), ('SUB_FLOAT', 0.7037925951552204), ('MUL_FIX', 0.7562445125844968), ('SUB_DOUBLE', 0.854757265979438), ('REM_FIX', 1.2608239589782175), ('ADD_FLOAT', 1.1330971915231067), ('DIV_FIX', 0.6771293251699166), ('CAST_DOUBLE_FLOAT', 0.7266446143907588), ('CAST_FIX_FLOAT', 1.4727302531844466), ('DIV_FLOAT', 1.140083430333593), ('CAST_FIX_FIX', 0.8360771644129819)]
2023-12-12 11:44:27,929 [INFO] Running idx 7

2023-12-12 11:44:36,026 [INFO] Calculating loss for idx 7

2023-12-12 11:44:36,237 [INFO] 
          fix_nofl flo_nofl                              e_perc                             e_abs     fix_t     flt_t                         speedup
syrk             0        0    0.008908022082727790005679672968  0.003215815621837633934027777778  0.016538  0.019653   1.188354093602612165920909421
adi              0        0     0.07478138527832312320764620720           0.000747813852783233995  0.289934  0.059082  0.2037774114108728193312960881
jacobi-1d        0        0  0.00007857036815572305723013131653                  3.95077510528E-7  0.000052  0.000020  0.3846153846153846153846153846
2023-12-12 11:44:36,246 [INFO] 
loss: 1.0126686096191406, prev_loss: 0.9991779327392578

2023-12-12 11:44:36,247 [INFO] Current jump probability: 0.4143292539194226
2023-12-12 11:44:36,249 [INFO] Loss increased from 0.9991779327392578 to 1.0126686096191406. Jumping to search new minima.
2023-12-12 11:44:36,250 [INFO] Modifying components ['REM_FIX' 'CAST_FLOAT_FIX' 'MUL_DOUBLE' 'MUL_FLOAT' 'ADD_DOUBLE'
 'CAST_DOUBLE_FIX' 'DIV_DOUBLE' 'DIV_FLOAT' 'CAST_FIX_FIX' 'ADD_FLOAT'
 'CAST_DOUBLE_FLOAT' 'MUL_FIX' 'SUB_FLOAT' 'CAST_FLOAT_DOUBLE'
 'REM_DOUBLE' 'CAST_FIX_FLOAT' 'CAST_FIX_DOUBLE' 'SUB_DOUBLE' 'DIV_FIX'
 'REM_FLOAT'] with modifications [('REM_FIX', 1.4905134544211438), ('CAST_FLOAT_FIX', 1.1497874025349768), ('MUL_DOUBLE', 0.9834505639470738), ('MUL_FLOAT', 1.1257898832303934), ('ADD_DOUBLE', 1.2877785226450391), ('CAST_DOUBLE_FIX', 1.224360524032916), ('DIV_DOUBLE', 0.8874324746653796), ('DIV_FLOAT', 0.7219450729135909), ('CAST_FIX_FIX', 0.9750697449845538), ('ADD_FLOAT', 1.1914310089963083), ('CAST_DOUBLE_FLOAT', 0.8418111483783729), ('MUL_FIX', 1.2939627966193807), ('SUB_FLOAT', 0.72211311215275), ('CAST_FLOAT_DOUBLE', 0.8835954223588498), ('REM_DOUBLE', 1.337295339622497), ('CAST_FIX_FLOAT', 0.8278613644756282), ('CAST_FIX_DOUBLE', 1.199550493707204), ('SUB_DOUBLE', 1.1038916073833174), ('DIV_FIX', 1.4373399252047725), ('REM_FLOAT', 0.8860801509371061)]
2023-12-12 11:44:36,276 [INFO] Running idx 8

2023-12-12 11:44:40,123 [INFO] Calculating loss for idx 8

2023-12-12 11:44:40,236 [INFO] 
          fix_nofl flo_nofl                              e_perc                    e_abs     fix_t     flt_t                         speedup
adi              0        0     0.07478138527832312320764620720  0.000747813852783233995  0.145434  0.126006  0.8664136309253682082594166426
jacobi-1d        0        0  0.00007857036815572305723013131653         3.95077510528E-7  0.000047  0.000021  0.4468085106382978723404255319
2023-12-12 11:44:40,246 [INFO] 
loss: 0.3238661289215088, prev_loss: 1.0126686096191406

2023-12-12 11:44:40,246 [INFO] Loss decreased from 1.0126686096191406 to 0.3238661289215088. Resetting components.
2023-12-12 11:44:40,246 [INFO] Modifying components ['CAST_FLOAT_FIX' 'REM_FLOAT' 'CAST_DOUBLE_FLOAT' 'DIV_DOUBLE'
 'CAST_FIX_DOUBLE' 'SUB_FLOAT' 'ADD_DOUBLE' 'CAST_DOUBLE_FIX' 'MUL_FLOAT'
 'DIV_FIX' 'MUL_DOUBLE' 'ADD_FLOAT' 'CAST_FIX_FIX' 'DIV_FLOAT'
 'SUB_DOUBLE' 'REM_DOUBLE'] with modifications [('CAST_FLOAT_FIX', 1.1246229676224164), ('REM_FLOAT', 1.4384844730429958), ('CAST_DOUBLE_FLOAT', 1.4322778088502957), ('DIV_DOUBLE', 0.9957292740200376), ('CAST_FIX_DOUBLE', 1.469385415875612), ('SUB_FLOAT', 0.8116291715374981), ('ADD_DOUBLE', 0.7719406837527107), ('CAST_DOUBLE_FIX', 0.7792320550917148), ('MUL_FLOAT', 1.088051475172191), ('DIV_FIX', 0.6846033520783685), ('MUL_DOUBLE', 1.4566418079948749), ('ADD_FLOAT', 1.3559294440525913), ('CAST_FIX_FIX', 0.6791818272977558), ('DIV_FLOAT', 0.8134963304433831), ('SUB_DOUBLE', 0.9433858666814137), ('REM_DOUBLE', 0.7758301246736606)]
2023-12-12 11:44:40,276 [INFO] Running idx 9

2023-12-12 11:44:43,804 [INFO] Calculating loss for idx 9

2023-12-12 11:44:43,872 [INFO] 
          fix_nofl flo_nofl                              e_perc                    e_abs     fix_t     flt_t                         speedup
adi              0        0     0.07478138527832312320764620720  0.000747813852783233995  0.298712  0.127523  0.4269095315889552478641634752
jacobi-1d        0        0  0.00007857036815572305723013131653         3.95077510528E-7  0.000044  0.000020  0.4545454545454545454545454545
2023-12-12 11:44:43,885 [INFO] 
loss: 0.6259532570838928, prev_loss: 0.3238661289215088

2023-12-12 11:44:43,885 [INFO] Current jump probability: 0.026898765563964845
2023-12-12 11:44:43,885 [INFO] Loss increased from 0.3238661289215088 to 0.6259532570838928. Removing components ['CAST_FLOAT_FIX' 'REM_FLOAT' 'CAST_DOUBLE_FLOAT' 'DIV_DOUBLE'
 'CAST_FIX_DOUBLE' 'SUB_FLOAT' 'ADD_DOUBLE' 'CAST_DOUBLE_FIX' 'MUL_FLOAT'
 'DIV_FIX' 'MUL_DOUBLE' 'ADD_FLOAT' 'CAST_FIX_FIX' 'DIV_FLOAT'
 'SUB_DOUBLE' 'REM_DOUBLE'] and reversing modifications.
2023-12-12 11:44:43,920 [INFO] Resetting benchmark to everything for idx 10
2023-12-12 11:44:43,920 [INFO] Running idx 10

2023-12-12 11:47:34,657 [INFO] Calculating loss for idx 10

2023-12-12 11:47:37,759 [INFO] 
               fix_nofl flo_nofl                              e_perc                                e_abs     fix_t     flt_t                         speedup
correlation           0        0       1.194385528564461457949895475      0.01194385528564461558680555556  0.005776  0.007998   1.384695290858725761772853186
covariance            0        0   0.0001481311655862873288252545117     0.002076789008244972704861111111  0.013223  0.029784   2.252438932163654238826287529
2mm                   0        0    0.002116203505084219250051580296       0.1438640358449807895808080808  0.011589  0.030776   2.655621710242471308999913711
3mm                   0        0      0.1607428143865255962080035148        1.172867386937267929232804233  0.021838  0.046496   2.129132704460115395182709039
atax                  0        0    0.001245307518139623818345421377      0.03266340436183471048780487805  0.000171  0.000208   1.216374269005847953216374269
bicg                  0        0  0.00004759444696888559227595466863              0.000047051263120545625  0.000246  0.000376   1.528455284552845528455284553
doitgen               0        0  0.00001518226308628690546534849225  0.000002021210889111604166666666667  0.022423  0.035030   1.562235204923516032645051956
mvt                   0        0  0.00004734201893050139907084194797               0.00004664236306823225  0.000202  0.000363   1.797029702970297029702970297
gemm                  0        0  0.00001479771693590298682699517632   0.00001244721276953818181818181818  0.023722  0.002660  0.1121321979596998566731304275
gemver                0        0  0.00003027313379544594871299482309               0.00191701929193391475  0.000442  0.000481   1.088235294117647058823529412
gesummv               0        0  0.00004861237071837252610943306509                0.0000806915283183144  0.000087  0.000148   1.701149425287356321839080460
symm                  0        0   0.0007963238953248391125850552133    0.0001487045288080912958333333333  0.006897  0.006627  0.9608525445846020008699434537
syr2k                 0        0  0.00001699802890578776291817536193   0.00001223600474022919097222222222  0.008630  0.005246  0.6078794901506373117033603708
syrk                  0        0    0.008908022082727790005679672968     0.003215815621837633934027777778  0.016259  0.002199  0.1352481702441724583307706501
trmm                  0        0   0.0001165630935028292699829867013            0.00004396649698377393125  0.012454  0.004460  0.3581178737754938172474706921
cholesky              0        0   0.0008462985893928526759173484168  0.000005670095025417226932668329177  0.023484  0.010313  0.4391500596150570601260432635
durbin                0        0      -25.16409692019274273840881420               0.00062922264855964425  0.000108  0.000116   1.074074074074074074074074074
gramschmidt           0        0       8.481730959763505411538193444       0.2667616760502377581136363636  0.015657  0.019664   1.255923867918502906048412850
lu                    0        0    0.002061708849909160448173884941               0.00001379618248277339  0.084246  0.053036  0.6295373074092538518149229637
ludcmp                0        0      0.2520458220045806715679653536               0.00002521245863239575  0.035308  0.035739   1.012206865299648804803443979
trisolv               0        0   0.0007163980422090239072829048338               0.00000225930572684625  0.000086  0.000103   1.197674418604651162790697674
deriche               0        0  0.00003496357273198525772562378705     6.531283331761574074074074074E-9  0.032049  0.017885  0.5580517332834097787762488689
floyd-warshall        0        0                                   0                                    0  0.182877  0.273124   1.493484691896739338462463842
nussinov              0        0                                   0                                    0  0.020091  0.024844   1.236573590164750385744860883
adi                   0        0     0.07478138527832312320764620720              0.000747813852783233995  0.180852  0.065670  0.3631145909362351536062636852
fdtd-2d               0        0  0.00004704790130159278723838813586   0.00001697663885679788055555555556  0.008989  0.019125   2.127600400489487150962287240
heat-3d               0        0                                   0                                0E-16  0.009986  0.013477   1.349589425195273382735830162
jacobi-1d             0        0  0.00007857036815572305723013131653                     3.95077510528E-7  0.000046  0.000020  0.4347826086956521739130434783
jacobi-2d             0        0   0.0001428396627244173423026414782             0.0000900335637676545744  0.009367  0.006171  0.6588021778584392014519056261
seidel-2d             0        0   0.0001020126506449179568796360769           0.000102525901793475199375  0.056510  0.089916   1.591152008494071845691028137
2023-12-12 11:47:37,771 [INFO] Modifying components ['ADD_DOUBLE' 'DIV_FLOAT' 'CAST_FLOAT_FIX' 'DIV_DOUBLE' 'CAST_FIX_DOUBLE'
 'REM_FLOAT' 'REM_FIX' 'MUL_FLOAT' 'CAST_FLOAT_DOUBLE' 'CAST_FIX_FLOAT'
 'CAST_FIX_FIX' 'CAST_DOUBLE_FIX' 'REM_DOUBLE' 'MUL_DOUBLE' 'SUB_DOUBLE'
 'MUL_FIX' 'SUB_FLOAT' 'CAST_DOUBLE_FLOAT' 'DIV_FIX'] with modifications [('ADD_DOUBLE', 0.8486605057448688), ('DIV_FLOAT', 0.8739163325302226), ('CAST_FLOAT_FIX', 1.3865014047118143), ('DIV_DOUBLE', 0.8627230995673127), ('CAST_FIX_DOUBLE', 1.345916589873389), ('REM_FLOAT', 1.1199140586601493), ('REM_FIX', 0.8260496851687745), ('MUL_FLOAT', 1.157366340756762), ('CAST_FLOAT_DOUBLE', 0.7067800266567351), ('CAST_FIX_FLOAT', 0.6798934945858991), ('CAST_FIX_FIX', 0.7080918801486875), ('CAST_DOUBLE_FIX', 0.9995123423096395), ('REM_DOUBLE', 1.1474196859375314), ('MUL_DOUBLE', 1.389597791877602), ('SUB_DOUBLE', 1.3218017221485912), ('MUL_FIX', 0.878918464904658), ('SUB_FLOAT', 0.7352118098648077), ('CAST_DOUBLE_FLOAT', 0.798129438072349), ('DIV_FIX', 0.841243540834983)]
2023-12-12 11:47:37,792 [INFO] Running idx 11

2023-12-12 11:49:16,429 [INFO] Calculating loss for idx 11

2023-12-12 11:49:18,408 [INFO] 
          fix_nofl flo_nofl                              e_perc                                e_abs     fix_t     flt_t                         speedup
gemm             0        0  0.00001479771693590298682699517632   0.00001244721276953818181818181818  0.007222  0.002675  0.3703960121849903073940736638
symm             0        0   0.0007963238953248391125850552133    0.0001487045288080912958333333333  0.009114  0.006762  0.7419354838709677419354838710
syr2k            0        0  0.00001699802890578776291817536193   0.00001223600474022919097222222222  0.011714  0.005622  0.4799385350862216151613453987
syrk             0        0    0.008908022082727790005679672968     0.003215815621837633934027777778  0.005843  0.002985  0.5108677049460893376690056478
trmm             0        0   0.0001165630935028292699829867013            0.00004396649698377393125  0.004799  0.004587  0.9558241300270889768701812878
cholesky         0        0   0.0008462985893928526759173484168  0.000005670095025417226932668329177  0.008438  0.010687   1.266532353638302915382792131
lu               0        0    0.002061708849909160448173884941               0.00001379618248277339  0.021506  0.023673   1.100762577885241328001487957
ludcmp           0        0      0.2520458220045806715679653536               0.00002521245863239575  0.019966  0.021301   1.066863668236001202043473906
deriche          0        0  0.00003496357273198525772562378705     6.531283331761574074074074074E-9  0.011978  0.006397  0.5340624478210051761562865253
adi              0        0     0.07478138527832312320764620720              0.000747813852783233995  0.149095  0.058794  0.3943391797176296991850833361
jacobi-1d        0        0  0.00007857036815572305723013131653                     3.95077510528E-7  0.000051  0.000021  0.4117647058823529411764705882
jacobi-2d        0        0   0.0001428396627244173423026414782             0.0000900335637676545744  0.009323  0.006606  0.7085702027244449211627158640
2023-12-12 11:49:18,421 [INFO] 
loss: 1.9895391464233398, prev_loss: 3.592031717300415

2023-12-12 11:49:18,421 [INFO] Loss decreased from 3.592031717300415 to 1.9895391464233398. Resetting components.
2023-12-12 11:49:18,426 [INFO] Modifying components ['REM_FLOAT' 'CAST_FLOAT_DOUBLE' 'MUL_FLOAT' 'REM_DOUBLE' 'DIV_FIX'
 'REM_FIX' 'ADD_FLOAT' 'CAST_FIX_DOUBLE' 'CAST_DOUBLE_FIX'] with modifications [('REM_FLOAT', 0.9850852147614324), ('CAST_FLOAT_DOUBLE', 1.0090090654760546), ('MUL_FLOAT', 1.0012325872110062), ('REM_DOUBLE', 0.9311528332211947), ('DIV_FIX', 1.1849325545464966), ('REM_FIX', 1.0252056791825674), ('ADD_FLOAT', 1.4781683808074288), ('CAST_FIX_DOUBLE', 1.2315005280625202), ('CAST_DOUBLE_FIX', 0.8321410394025179)]
2023-12-12 11:49:18,450 [INFO] Running idx 12

2023-12-12 11:50:51,136 [INFO] Calculating loss for idx 12

2023-12-12 11:50:52,088 [INFO] 
          fix_nofl flo_nofl                              e_perc                               e_abs     fix_t     flt_t                         speedup
gemm             0        0  0.00001479771693590298682699517632  0.00001244721276953818181818181818  0.007502  0.002728  0.3636363636363636363636363636
symm             0        0   0.0007963238953248391125850552133   0.0001487045288080912958333333333  0.008389  0.007184  0.8563595184169746096078197640
syr2k            0        0  0.00001699802890578776291817536193  0.00001223600474022919097222222222  0.010139  0.005404  0.5329914192721175658348949601
syrk             0        0    0.008908022082727790005679672968    0.003215815621837633934027777778  0.004513  0.002455  0.5439840460890760026589851540
trmm             0        0   0.0001165630935028292699829867013           0.00004396649698377393125  0.006126  0.004572  0.7463271302644466209598432909
deriche          0        0  0.00003496357273198525772562378705    6.531283331761574074074074074E-9  0.014747  0.006477  0.4392079745032888045026107005
adi              0        0     0.07478138527832312320764620720             0.000747813852783233995  0.140481  0.062073  0.4418604651162790697674418605
jacobi-1d        0        0  0.00007857036815572305723013131653                    3.95077510528E-7  0.000051  0.000026  0.5098039215686274509803921569
jacobi-2d        0        0   0.0001428396627244173423026414782            0.0000900335637676545744  0.011446  0.008236  0.7195526821597064476673073563
2023-12-12 11:50:52,101 [INFO] 
loss: 1.8609390258789062, prev_loss: 1.9895391464233398

2023-12-12 11:50:52,102 [INFO] Loss decreased from 1.9895391464233398 to 1.8609390258789062. Resetting components.
2023-12-12 11:50:52,102 [INFO] Modifying components ['MUL_FLOAT' 'CAST_FIX_DOUBLE' 'DIV_FLOAT' 'CAST_FIX_FIX' 'SUB_FLOAT'
 'CAST_FLOAT_FIX' 'REM_FIX' 'DIV_DOUBLE' 'REM_DOUBLE' 'CAST_DOUBLE_FLOAT'
 'ADD_DOUBLE' 'CAST_DOUBLE_FIX'] with modifications [('MUL_FLOAT', 1.0991760355611315), ('CAST_FIX_DOUBLE', 1.3090697726741802), ('DIV_FLOAT', 1.1407147048259234), ('CAST_FIX_FIX', 1.05475787596657), ('SUB_FLOAT', 0.9522403184203401), ('CAST_FLOAT_FIX', 0.7235071691534857), ('REM_FIX', 0.9816030680562027), ('DIV_DOUBLE', 0.7330211178325954), ('REM_DOUBLE', 1.4856809166534468), ('CAST_DOUBLE_FLOAT', 0.8180101638508707), ('ADD_DOUBLE', 1.3432154560062481), ('CAST_DOUBLE_FIX', 1.3958012874376784)]
2023-12-12 11:50:52,131 [INFO] Running idx 13

2023-12-12 11:52:20,210 [INFO] Calculating loss for idx 13

2023-12-12 11:52:21,712 [INFO] 
          fix_nofl flo_nofl                              e_perc                               e_abs     fix_t     flt_t                         speedup
gemm             0        0  0.00001479771693590298682699517632  0.00001244721276953818181818181818  0.009687  0.002890  0.2983379787343862909053370497
symm             0        0   0.0007963238953248391125850552133   0.0001487045288080912958333333333  0.007821  0.009054   1.157652474108170310701956272
syr2k            0        0  0.00001699802890578776291817536193  0.00001223600474022919097222222222  0.008988  0.005461  0.6075878949710725411659991099
syrk             0        0    0.008908022082727790005679672968    0.003215815621837633934027777778  0.006310  0.002122  0.3362916006339144215530903328
trmm             0        0   0.0001165630935028292699829867013           0.00004396649698377393125  0.006119  0.006537   1.068311815656152966170942965
deriche          0        0  0.00003496357273198525772562378705    6.531283331761574074074074074E-9  0.015724  0.008168  0.5194606970236581022640549479
adi              0        0     0.07478138527832312320764620720             0.000747813852783233995  0.279461  0.114211  0.4086831436229026590472373605
jacobi-1d        0        0  0.00007857036815572305723013131653                    3.95077510528E-7  0.000047  0.000053   1.127659574468085106382978723
jacobi-2d        0        0   0.0001428396627244173423026414782            0.0000900335637676545744  0.025189  0.006871  0.2727777998332605502401842074
2023-12-12 11:52:21,727 [INFO] 
loss: 2.196251392364502, prev_loss: 1.8609390258789062

2023-12-12 11:52:21,727 [INFO] Current jump probability: 0.2951335805654526
2023-12-12 11:52:21,727 [INFO] Loss increased from 1.8609390258789062 to 2.196251392364502. Removing components ['MUL_FLOAT' 'CAST_FIX_DOUBLE' 'DIV_FLOAT' 'CAST_FIX_FIX' 'SUB_FLOAT'
 'CAST_FLOAT_FIX' 'REM_FIX' 'DIV_DOUBLE' 'REM_DOUBLE' 'CAST_DOUBLE_FLOAT'
 'ADD_DOUBLE' 'CAST_DOUBLE_FIX'] and reversing modifications.
2023-12-12 11:52:21,749 [INFO] Modifying components ['MUL_DOUBLE'] with modifications [('MUL_DOUBLE', 0.8541994482050423)]
2023-12-12 11:52:21,761 [INFO] Running idx 14

2023-12-12 11:53:16,400 [INFO] Calculating loss for idx 14

2023-12-12 11:53:17,247 [INFO] 
          fix_nofl flo_nofl                              e_perc                               e_abs     fix_t     flt_t                         speedup
gemm             0        0  0.00001479771693590298682699517632  0.00001244721276953818181818181818  0.012339  0.002633  0.2133884431477429289245481806
syr2k            0        0  0.00001699802890578776291817536193  0.00001223600474022919097222222222  0.032299  0.013061  0.4043778445153100715192420818
syrk             0        0    0.008908022082727790005679672968    0.003215815621837633934027777778  0.016064  0.003695  0.2300174302788844621513944223
deriche          0        0  0.00003496357273198525772562378705    6.531283331761574074074074074E-9  0.012407  0.023045   1.857419198839364874667526396
adi              0        0     0.07478138527832312320764620720             0.000747813852783233995  0.144816  0.061566  0.4251325820351342393105734173
jacobi-2d        0        0   0.0001428396627244173423026414782            0.0000900335637676545744  0.016739  0.006354  0.3795925682537786008722145887
2023-12-12 11:53:17,263 [INFO] 
loss: 2.2817747592926025, prev_loss: 1.8609390258789062

2023-12-12 11:53:17,263 [INFO] Current jump probability: 0.27085043936967845
2023-12-12 11:53:17,263 [INFO] Loss increased from 1.8609390258789062 to 2.2817747592926025. Removing components ['MUL_DOUBLE'] and reversing modifications.
2023-12-12 11:53:17,280 [INFO] Modifying components ['DIV_FIX' 'CAST_FIX_FLOAT' 'ADD_FLOAT' 'CAST_FLOAT_DOUBLE' 'REM_FLOAT'
 'MUL_FIX'] with modifications [('DIV_FIX', 0.7590754912142248), ('CAST_FIX_FLOAT', 0.8274684053244153), ('ADD_FLOAT', 1.0829864752885188), ('CAST_FLOAT_DOUBLE', 1.2738212090359422), ('REM_FLOAT', 0.8401615041369518), ('MUL_FIX', 0.8733607973367312)]
2023-12-12 11:53:17,298 [INFO] Running idx 15

2023-12-12 11:53:39,563 [INFO] Calculating loss for idx 15

2023-12-12 11:53:39,994 [INFO] 
          fix_nofl flo_nofl                              e_perc                               e_abs     fix_t     flt_t                         speedup
gemm             0        0  0.00001479771693590298682699517632  0.00001244721276953818181818181818  0.006957  0.002585  0.3715682046859278424608308179
syr2k            0        0  0.00001699802890578776291817536193  0.00001223600474022919097222222222  0.024406  0.009149  0.3748668360239285421617635008
syrk             0        0    0.008908022082727790005679672968    0.003215815621837633934027777778  0.007803  0.002086  0.2673330770216583365372292708
adi              0        0     0.07478138527832312320764620720             0.000747813852783233995  0.279808  0.122234  0.4368495539798719121683440073
jacobi-2d        0        0   0.0001428396627244173423026414782            0.0000900335637676545744  0.025334  0.007008  0.2766242993605431436014841715
2023-12-12 11:53:40,006 [INFO] 
loss: 2.1629295349121094, prev_loss: 1.8609390258789062

2023-12-12 11:53:40,006 [INFO] Current jump probability: 0.28482528865337375
2023-12-12 11:53:40,010 [INFO] Loss increased from 1.8609390258789062 to 2.1629295349121094. Removing components ['DIV_FIX' 'CAST_FIX_FLOAT' 'ADD_FLOAT' 'CAST_FLOAT_DOUBLE' 'REM_FLOAT'
 'MUL_FIX'] and reversing modifications.
2023-12-12 11:53:40,025 [INFO] Modifying components ['SUB_DOUBLE'] with modifications [('SUB_DOUBLE', 0.8613879384768012)]
2023-12-12 11:53:40,037 [INFO] Running idx 16

2023-12-12 11:54:06,116 [INFO] Calculating loss for idx 16

