2023-12-12 11:28:39,782 [INFO] Started logging at 20231212-112839
2023-12-12 11:28:39,785 [INFO] Setting seed to 1
2023-12-12 11:28:39,787 [INFO] Hyperparameters: 
num_components_min: 1
num_components_max: 20
range_low: 0.666666
range_high: 1.5
prob_jump: 0.5
no_jump_threshold: 1.0

2023-12-12 11:28:39,801 [INFO] Benchmarking for 50 indices
2023-12-12 11:28:39,801 [INFO] Running for idx 0

2023-12-12 11:32:01,430 [INFO] Calculating loss for idx 0

2023-12-12 11:32:04,109 [INFO] 
               fix_nofl flo_nofl                              e_perc                                e_abs     fix_t     flt_t                         speedup
correlation           0        0       1.194385528564461457949895475      0.01194385528564461558680555556  0.008245  0.008458   1.025833838690115221346270467
covariance            0        0   0.0001481311655862873288252545117     0.002076789008244972704861111111  0.005983  0.008522   1.424369045629282968410496406
2mm                   0        0    0.002116203505084219250051580296       0.1438640358449807895808080808  0.012489  0.014551   1.165105292657538633997918168
3mm                   0        0      0.1607428143865255962080035148        1.172867386937267929232804233  0.016581  0.024389   1.470900428200952897895181232
atax                  0        0    0.001245307518139623818345421377      0.03266340436183471048780487805  0.000213  0.000293   1.375586854460093896713615023
bicg                  0        0  0.00004759444696888559227595466863              0.000047051263120545625  0.000357  0.000375   1.050420168067226890756302521
doitgen               0        0  0.00001518226308628690546534849225  0.000002021210889111604166666666667  0.003914  0.006979   1.783086356668369954011241696
mvt                   0        0  0.00004734201893050139907084194797               0.00004664236306823225  0.000331  0.000491   1.483383685800604229607250755
gemm                  0        0  0.00001479771693590298682699517632   0.00001244721276953818181818181818  0.007579  0.004031  0.5318643620530412983243171922
gemver                0        0  0.00003027313379544594871299482309               0.00191701929193391475  0.000506  0.000800   1.581027667984189723320158103
gesummv               0        0  0.00004861237071837252610943306509                0.0000806915283183144  0.000093  0.000217   2.333333333333333333333333333
symm                  0        0   0.0007963238953248391125850552133    0.0001487045288080912958333333333  0.007121  0.010608   1.489678415952815615784299958
syr2k                 0        0  0.00001699802890578776291817536193   0.00001223600474022919097222222222  0.009350  0.005374  0.5747593582887700534759358289
syrk                  0        0    0.008908022082727790005679672968     0.003215815621837633934027777778  0.007285  0.004176  0.5732326698695950583390528483
trmm                  0        0   0.0001165630935028292699829867013            0.00004396649698377393125  0.004702  0.006111   1.299659719268396427052318162
cholesky              0        0   0.0008462985893928526759173484168  0.000005670095025417226932668329177  0.007348  0.011442   1.557158410451823625476320087
durbin                0        0      -25.16409692019274273840881420               0.00062922264855964425  0.000199  0.000150  0.7537688442211055276381909548
gramschmidt           0        0       8.481730959763505411538193444       0.2667616760502377581136363636  0.010174  0.014433   1.418616080204442697070965205
lu                    0        0    0.002061708849909160448173884941               0.00001379618248277339  0.034981  0.021781  0.6226522969612075126497241360
ludcmp                0        0      0.2520458220045806715679653536               0.00002521245863239575  0.040035  0.023693  0.5918071687273635568877232422
trisolv               0        0   0.0007163980422090239072829048338               0.00000225930572684625  0.000195  0.000103  0.5282051282051282051282051282
deriche               0        0  0.00003496357273198525772562378705     6.531283331761574074074074074E-9  0.011259  0.006894  0.6123101518784972022382094325
floyd-warshall        0        0                                   0                                    0  0.086503  0.111749   1.291851149671109672496907622
nussinov              0        0                                   0                                    0  0.012368  0.012092  0.9776843467011642949547218629
adi                   0        0     0.07478138527832312320764620720              0.000747813852783233995  0.135961  0.057898  0.4258427048933149947411390031
fdtd-2d               0        0  0.00004704790130159278723838813586   0.00001697663885679788055555555556  0.012594  0.006355  0.5046053676353819279021756392
heat-3d               0        0                                   0                                0E-16  0.023096  0.011219  0.4857551091098025632144094215
jacobi-1d             0        0  0.00007857036815572305723013131653                     3.95077510528E-7  0.000073  0.000036  0.4931506849315068493150684932
jacobi-2d             0        0   0.0001428396627244173423026414782             0.0000900335637676545744  0.008330  0.010199   1.224369747899159663865546218
seidel-2d             0        0   0.0001020126506449179568796360769           0.000102525901793475199375  0.052263  0.089002   1.702963855882746876375255917
2023-12-12 11:32:04,121 [INFO] Modifying components ['CAST_FIX_DOUBLE' 'REM_FIX' 'SUB_DOUBLE' 'CAST_DOUBLE_FIX'
 'CAST_FLOAT_DOUBLE' 'CAST_FIX_FLOAT'] with modifications [('CAST_FIX_DOUBLE', 0.8579804978263305), ('REM_FIX', 1.1120112803984534), ('SUB_DOUBLE', 1.4283016297907105), ('CAST_DOUBLE_FIX', 1.047670311459029), ('CAST_FLOAT_DOUBLE', 1.0255817597863017), ('CAST_FIX_FLOAT', 1.4492731172715478)]
2023-12-12 11:32:04,135 [INFO] Running idx 1

2023-12-12 11:34:06,498 [INFO] Calculating loss for idx 1

2023-12-12 11:34:07,756 [INFO] 
          fix_nofl flo_nofl                              e_perc                               e_abs     fix_t     flt_t                         speedup
gemm             0        0  0.00001479771693590298682699517632  0.00001244721276953818181818181818  0.011560  0.004003  0.3462802768166089965397923875
syr2k            0        0  0.00001699802890578776291817536193  0.00001223600474022919097222222222  0.011642  0.005421  0.4656416423294966500601271259
syrk             0        0    0.008908022082727790005679672968    0.003215815621837633934027777778  0.004048  0.003606  0.8908102766798418972332015810
durbin           0        0      -25.16409692019274273840881420              0.00062922264855964425  0.000192  0.000198                         1.03125
lu               0        0    0.002061708849909160448173884941              0.00001379618248277339  0.019472  0.020934   1.075082169268693508627773213
ludcmp           0        0      0.2520458220045806715679653536              0.00002521245863239575  0.018199  0.018757   1.030661025331062146271773174
trisolv          0        0   0.0007163980422090239072829048338              0.00000225930572684625  0.000088  0.000137   1.556818181818181818181818182
deriche          0        0  0.00003496357273198525772562378705    6.531283331761574074074074074E-9  0.014180  0.005839  0.4117771509167842031029619182
nussinov         0        0                                   0                                   0  0.015798  0.014817  0.9379035320926699582225598177
adi              0        0     0.07478138527832312320764620720             0.000747813852783233995  0.140487  0.063039  0.4487176749450127058019603237
fdtd-2d          0        0  0.00004704790130159278723838813586  0.00001697663885679788055555555556  0.012771  0.008602  0.6735572782084409991386735573
heat-3d          0        0                                   0                               0E-16  0.013636  0.015145   1.110662951012026987386330302
jacobi-1d        0        0  0.00007857036815572305723013131653                    3.95077510528E-7  0.000046  0.000021  0.4565217391304347826086956522
2023-12-12 11:34:07,769 [INFO] 
loss: 1.7805185317993164, prev_loss: 2.4215617179870605

2023-12-12 11:34:07,769 [INFO] Loss decreased from 2.4215617179870605 to 1.7805185317993164. Resetting components.
2023-12-12 11:34:07,769 [INFO] Modifying components ['CAST_FLOAT_DOUBLE' 'SUB_FLOAT' 'CAST_FIX_DOUBLE' 'MUL_FIX'
 'CAST_FIX_FIX' 'MUL_FLOAT' 'REM_FIX' 'MUL_DOUBLE' 'REM_FLOAT'
 'CAST_DOUBLE_FIX' 'SUB_DOUBLE' 'CAST_FIX_FLOAT' 'DIV_FLOAT'
 'CAST_FLOAT_FIX'] with modifications [('CAST_FLOAT_DOUBLE', 0.9295959028488064), ('SUB_FLOAT', 1.2387505640686047), ('CAST_FIX_DOUBLE', 1.3621879496649254), ('MUL_FIX', 0.6819062433123447), ('CAST_FIX_FIX', 1.2917867625503496), ('MUL_FLOAT', 1.4907175666628047), ('REM_FIX', 1.290137877426969), ('MUL_DOUBLE', 0.900369513682999), ('REM_FLOAT', 1.3243992998957927), ('CAST_DOUBLE_FIX', 0.7526877409653727), ('SUB_DOUBLE', 1.0399109037422718), ('CAST_FIX_FLOAT', 1.4238295249745816), ('DIV_FLOAT', 0.9113446527208318), ('CAST_FLOAT_FIX', 0.9064789740055164)]
2023-12-12 11:34:07,793 [INFO] Running idx 2

2023-12-12 11:35:55,660 [INFO] Calculating loss for idx 2

2023-12-12 11:35:56,681 [INFO] 
          fix_nofl flo_nofl                              e_perc                               e_abs     fix_t     flt_t                         speedup
gemm             0        0  0.00001479771693590298682699517632  0.00001244721276953818181818181818  0.009679  0.002756  0.2847401591073458001859696250
syr2k            0        0  0.00001699802890578776291817536193  0.00001223600474022919097222222222  0.008244  0.006986  0.8474041727316836487142163998
syrk             0        0    0.008908022082727790005679672968    0.003215815621837633934027777778  0.007525  0.002137  0.2839867109634551495016611296
deriche          0        0  0.00003496357273198525772562378705    6.531283331761574074074074074E-9  0.014219  0.008259  0.5808425346367536394964484141
nussinov         0        0                                   0                                   0  0.012204  0.015725   1.288511963290724352671255326
adi              0        0     0.07478138527832312320764620720             0.000747813852783233995  0.134635  0.062012  0.4605934563820700412225647120
fdtd-2d          0        0  0.00004704790130159278723838813586  0.00001697663885679788055555555556  0.007745  0.006803  0.8783731439638476436410587476
jacobi-1d        0        0  0.00007857036815572305723013131653                    3.95077510528E-7  0.000046  0.000021  0.4565217391304347826086956522
2023-12-12 11:35:56,691 [INFO] 
loss: 1.824371337890625, prev_loss: 1.7805185317993164

2023-12-12 11:35:56,691 [INFO] Current jump probability: 0.47
2023-12-12 11:35:56,694 [INFO] Loss increased from 1.7805185317993164 to 1.824371337890625. Jumping to search new minima.
2023-12-12 11:35:56,694 [INFO] Modifying components ['CAST_FIX_DOUBLE' 'MUL_FLOAT' 'MUL_FIX' 'CAST_FIX_FLOAT' 'REM_FLOAT'
 'CAST_DOUBLE_FIX'] with modifications [('CAST_FIX_DOUBLE', 1.113246695527197), ('MUL_FLOAT', 1.2198286468795874), ('MUL_FIX', 1.0957406033079984), ('CAST_FIX_FLOAT', 1.4538289263888484), ('REM_FLOAT', 1.1554622581216878), ('CAST_DOUBLE_FIX', 1.4195015316745132)]
2023-12-12 11:35:56,712 [INFO] Running idx 3

2023-12-12 11:37:20,169 [INFO] Calculating loss for idx 3

2023-12-12 11:37:21,067 [INFO] 
          fix_nofl flo_nofl                              e_perc                               e_abs     fix_t     flt_t                         speedup
gemm             0        0  0.00001479771693590298682699517632  0.00001244721276953818181818181818  0.007048  0.002653  0.3764188422247446083995459705
syr2k            0        0  0.00001699802890578776291817536193  0.00001223600474022919097222222222  0.008419  0.005349  0.6353486162252048936928376292
syrk             0        0    0.008908022082727790005679672968    0.003215815621837633934027777778  0.010026  0.002153  0.2147416716537003790145621384
deriche          0        0  0.00003496357273198525772562378705    6.531283331761574074074074074E-9  0.012350  0.006505  0.5267206477732793522267206478
adi              0        0     0.07478138527832312320764620720             0.000747813852783233995  0.169065  0.061308  0.3626297577854671280276816609
fdtd-2d          0        0  0.00004704790130159278723838813586  0.00001697663885679788055555555556  0.013076  0.006368  0.4869990822881615172835729581
jacobi-1d        0        0  0.00007857036815572305723013131653                    3.95077510528E-7  0.000072  0.000034  0.4722222222222222222222222222
2023-12-12 11:37:21,076 [INFO] 
loss: 2.310408115386963, prev_loss: 1.824371337890625

2023-12-12 11:37:21,076 [INFO] Current jump probability: 0.46
2023-12-12 11:37:21,077 [INFO] Loss increased from 1.824371337890625 to 2.310408115386963. Jumping to search new minima.
2023-12-12 11:37:21,080 [INFO] Modifying components ['MUL_DOUBLE' 'CAST_FIX_FLOAT' 'SUB_DOUBLE' 'MUL_FLOAT'
 'CAST_DOUBLE_FLOAT' 'REM_FIX' 'DIV_FLOAT' 'CAST_FIX_DOUBLE' 'ADD_DOUBLE'
 'CAST_FLOAT_FIX' 'REM_DOUBLE' 'SUB_FLOAT' 'ADD_FLOAT'] with modifications [('MUL_DOUBLE', 1.4132384457542013), ('CAST_FIX_FLOAT', 1.0234089436202056), ('SUB_DOUBLE', 1.4707000158503527), ('MUL_FLOAT', 1.2195343571430386), ('CAST_DOUBLE_FLOAT', 1.1847461813047482), ('REM_FIX', 0.762287720625128), ('DIV_FLOAT', 1.4579076819153984), ('CAST_FIX_DOUBLE', 1.0415930778413727), ('ADD_DOUBLE', 1.148657730915686), ('CAST_FLOAT_FIX', 1.0067802743922694), ('REM_DOUBLE', 0.8641886415538432), ('SUB_FLOAT', 1.4194828693882253), ('ADD_FLOAT', 1.1447326213465627)]
2023-12-12 11:37:21,098 [INFO] Running idx 4

2023-12-12 11:38:36,908 [INFO] Calculating loss for idx 4

2023-12-12 11:38:37,900 [INFO] 
          fix_nofl flo_nofl                              e_perc                               e_abs     fix_t     flt_t                         speedup
gemm             0        0  0.00001479771693590298682699517632  0.00001244721276953818181818181818  0.009822  0.003805  0.3873956424353492160456118917
syr2k            0        0  0.00001699802890578776291817536193  0.00001223600474022919097222222222  0.011096  0.007699  0.6938536409516943042537851478
syrk             0        0    0.008908022082727790005679672968    0.003215815621837633934027777778  0.006162  0.003086  0.5008114248620577734501785135
deriche          0        0  0.00003496357273198525772562378705    6.531283331761574074074074074E-9  0.011332  0.007053  0.6223967525591246028944581715
adi              0        0     0.07478138527832312320764620720             0.000747813852783233995  0.175410  0.123393  0.7034547631263896015050453224
fdtd-2d          0        0  0.00004704790130159278723838813586  0.00001697663885679788055555555556  0.024410  0.010997  0.4505120852109791069233920524
jacobi-1d        0        0  0.00007857036815572305723013131653                    3.95077510528E-7  0.000046  0.000027  0.5869565217391304347826086957
2023-12-12 11:38:37,912 [INFO] 
loss: 1.4212642908096313, prev_loss: 2.310408115386963

2023-12-12 11:38:37,913 [INFO] Loss decreased from 2.310408115386963 to 1.4212642908096313. Resetting components.
2023-12-12 11:38:37,913 [INFO] Modifying components ['DIV_FLOAT' 'DIV_FIX' 'SUB_DOUBLE' 'CAST_DOUBLE_FIX' 'CAST_FIX_DOUBLE'
 'DIV_DOUBLE' 'ADD_FLOAT' 'REM_FLOAT' 'MUL_FIX' 'CAST_FIX_FLOAT'
 'REM_DOUBLE' 'SUB_FLOAT' 'ADD_DOUBLE' 'CAST_FIX_FIX' 'CAST_DOUBLE_FLOAT'
 'MUL_DOUBLE'] with modifications [('DIV_FLOAT', 0.725067293414855), ('DIV_FIX', 1.0603955133170775), ('SUB_DOUBLE', 1.2856371869157963), ('CAST_DOUBLE_FIX', 0.8266295265019108), ('CAST_FIX_DOUBLE', 1.0535925623456999), ('DIV_DOUBLE', 0.8586351605523306), ('ADD_FLOAT', 1.0902059534710993), ('REM_FLOAT', 0.8404730654240529), ('MUL_FIX', 0.7077529034971279), ('CAST_FIX_FLOAT', 1.099051242461169), ('REM_DOUBLE', 0.8102314083771467), ('SUB_FLOAT', 0.9969273371363916), ('ADD_DOUBLE', 0.756137157370558), ('CAST_FIX_FIX', 1.0915082383434627), ('CAST_DOUBLE_FLOAT', 0.7517787618719826), ('MUL_DOUBLE', 0.9072643863998967)]
2023-12-12 11:38:37,938 [INFO] Running idx 5

2023-12-12 11:39:00,003 [INFO] Calculating loss for idx 5

