2023-12-12 14:05:24,012 [INFO] Started logging at 20231212-140524
2023-12-12 14:05:24,013 [INFO] Setting seed to 1
2023-12-12 14:05:24,016 [INFO] Hyperparameters: 
num_components_min: 1
num_components_max: 20
range_low: 0.666666
range_high: 1.5
prob_jump: 1.0
no_jump_threshold: 5.0

2023-12-12 14:05:24,038 [INFO] Benchmarking for 50 indices
2023-12-12 14:05:24,038 [INFO] Compiling and running for idx 0
2023-12-12 14:09:21,864 [INFO] Calculating loss for idx 0

2023-12-12 14:09:26,373 [INFO] 
               fix_nofl flo_nofl                              e_perc                                e_abs     fix_t     flt_t                         speedup
correlation           0        0       1.194385528564461457949895475      0.01194385528564461558680555556  0.007215  0.009113   1.263063063063063063063063063
covariance            0        0   0.0001481311655862873288252545117     0.002076789008244972704861111111  0.005320  0.008481   1.594172932330827067669172932
2mm                   0        0    0.002116203505084219250051580296       0.1438640358449807895808080808  0.012546  0.015106   1.204049099314522556990275785
3mm                   0        0      0.1607428143865255962080035148        1.172867386937267929232804233  0.013034  0.038405   2.946524474451434709222034679
atax                  0        0    0.001245307518139623818345421377      0.03266340436183471048780487805  0.000201  0.000207   1.029850746268656716417910448
bicg                  0        0  0.00004759444696888559227595466863              0.000047051263120545625  0.000223  0.000365   1.636771300448430493273542601
doitgen               0        0  0.00001518226308628690546534849225  0.000002021210889111604166666666667  0.003977  0.005107   1.284133769172743273824490822
mvt                   0        0  0.00004734201893050139907084194797               0.00004664236306823225  0.000391  0.000475   1.214833759590792838874680307
gemm                  0        0  0.00001479771693590298682699517632   0.00001244721276953818181818181818  0.012986  0.004194  0.3229631911289080548282766056
gemver                0        0  0.00003027313379544594871299482309               0.00191701929193391475  0.000437  0.000649   1.485125858123569794050343249
gesummv               0        0  0.00004861237071837252610943306509                0.0000806915283183144  0.000151  0.000193   1.278145695364238410596026490
symm                  0        0   0.0007963238953248391125850552133    0.0001487045288080912958333333333  0.011782  0.012357   1.048803259208962824647767781
syr2k                 0        0  0.00001699802890578776291817536193   0.00001223600474022919097222222222  0.008526  0.005174  0.6068496364062866525920713113
syrk                  0        0    0.008908022082727790005679672968     0.003215815621837633934027777778  0.004195  0.003591  0.8560190703218116805721096544
trmm                  0        0   0.0001165630935028292699829867013            0.00004396649698377393125  0.004352  0.005297   1.217141544117647058823529412
cholesky              0        0   0.0008462985893928526759173484168  0.000005670095025417226932668329177  0.007442  0.012557   1.687315237839290513302875571
durbin                0        0      -25.16409692019274273840881420               0.00062922264855964425  0.000107  0.000113   1.056074766355140186915887850
gramschmidt           0        0       8.481730959763505411538193444       0.2667616760502377581136363636  0.016241  0.011701  0.7204605627732282494920263531
lu                    0        0    0.002061708849909160448173884941               0.00001379618248277339  0.044418  0.022349  0.5031518753658426763924535098
ludcmp                0        0      0.2520458220045806715679653536               0.00002521245863239575  0.019889  0.020200   1.015636784152043843330484187
trisolv               0        0   0.0007163980422090239072829048338               0.00000225930572684625  0.000098  0.000106   1.081632653061224489795918367
deriche               0        0  0.00003496357273198525772562378705     6.531283331761574074074074074E-9  0.027297  0.006405  0.2346411693592702494779646115
floyd-warshall        0        0                                   0                                    0  0.088797  0.115829   1.304424699032624976069011340
nussinov              0        0                                   0                                    0  0.013695  0.013902   1.015115005476451259583789704
adi                   0        0     0.07478138527832312320764620720              0.000747813852783233995  0.139810  0.063064  0.4510693083470424147056719834
fdtd-2d               0        0  0.00004704790130159278723838813586   0.00001697663885679788055555555556  0.008254  0.006903  0.8363217833777562393990792343
heat-3d               0        0                                   0                                0E-16  0.009756  0.011431   1.171689216892168921689216892
jacobi-1d             0        0  0.00007857036815572305723013131653                     3.95077510528E-7  0.000069  0.000050  0.7246376811594202898550724638
jacobi-2d             0        0   0.0001428396627244173423026414782             0.0000900335637676545744  0.033506  0.034515   1.030114009431146660299647824
seidel-2d             0        0   0.0001020126506449179568796360769           0.000102525901793475199375  0.049157  0.170217   3.462721484224016925361596517
2023-12-12 14:09:26,377 [INFO] Mean performance gains: 1.1761150360107422
2023-12-12 14:09:26,379 [INFO] Modifying components ['CAST_FIX_DOUBLE' 'REM_FIX' 'SUB_DOUBLE' 'CAST_DOUBLE_FIX'
 'CAST_FLOAT_DOUBLE' 'CAST_FIX_FLOAT'] with modifications [('CAST_FIX_DOUBLE', 0.8579804978263305), ('REM_FIX', 1.1120112803984534), ('SUB_DOUBLE', 1.4283016297907105), ('CAST_DOUBLE_FIX', 1.047670311459029), ('CAST_FLOAT_DOUBLE', 1.0255817597863017), ('CAST_FIX_FLOAT', 1.4492731172715478)]
2023-12-12 14:09:26,408 [INFO] Compiling and running for idx 1
2023-12-12 14:13:03,023 [INFO] Calculating loss for idx 1

2023-12-12 14:13:07,317 [INFO] 
               fix_nofl flo_nofl                              e_perc                                e_abs     fix_t     flt_t                         speedup
correlation           0        0       1.194385528564461457949895475      0.01194385528564461558680555556  0.005741  0.010939   1.905417174708238982755617488
covariance            0        0   0.0001481311655862873288252545117     0.002076789008244972704861111111  0.005602  0.024093   4.300785433773652267047483042
2mm                   0        0    0.002116203505084219250051580296       0.1438640358449807895808080808  0.011530  0.015022   1.302862098872506504770164788
3mm                   0        0      0.1607428143865255962080035148        1.172867386937267929232804233  0.026412  0.054846   2.076556110858700590640617901
atax                  0        0    0.001245307518139623818345421377      0.03266340436183471048780487805  0.000317  0.000209  0.6593059936908517350157728707
bicg                  0        0  0.00004759444696888559227595466863              0.000047051263120545625  0.000221  0.000375   1.696832579185520361990950226
doitgen               0        0  0.00001518226308628690546534849225  0.000002021210889111604166666666667  0.003916  0.005274   1.346782431052093973442288049
mvt                   0        0  0.00004734201893050139907084194797               0.00004664236306823225  0.000352  0.000880                             2.5
gemm                  0        0  0.00001479771693590298682699517632   0.00001244721276953818181818181818  0.007668  0.002737  0.3569379238393322900365153886
gemver                0        0  0.00003027313379544594871299482309               0.00191701929193391475  0.000852  0.000638  0.7488262910798122065727699531
gesummv               0        0  0.00004861237071837252610943306509                0.0000806915283183144  0.000134  0.000169   1.261194029850746268656716418
symm                  0        0   0.0007963238953248391125850552133    0.0001487045288080912958333333333  0.015447  0.010468  0.6776720398782935197773030362
syr2k                 0        0  0.00001699802890578776291817536193   0.00001223600474022919097222222222  0.008752  0.005115  0.5844378427787934186471663620
syrk                  0        0    0.008908022082727790005679672968     0.003215815621837633934027777778  0.008346  0.002940  0.3522645578720345075485262401
trmm                  0        0   0.0001165630935028292699829867013            0.00004396649698377393125  0.004533  0.004599   1.014559894109861019192587690
cholesky              0        0   0.0008462985893928526759173484168  0.000005670095025417226932668329177  0.007530  0.010563   1.402788844621513944223107570
durbin                0        0      -25.16409692019274273840881420               0.00062922264855964425  0.000185  0.000148                             0.8
gramschmidt           0        0       8.481730959763505411538193444       0.2667616760502377581136363636  0.015316  0.012237  0.7989683990598067380517106294
lu                    0        0    0.002061708849909160448173884941               0.00001379618248277339  0.031335  0.037621   1.200606350726025211424924206
ludcmp                0        0      0.2520458220045806715679653536               0.00002521245863239575  0.019739  0.020258   1.026293125284968843406454228
trisolv               0        0   0.0007163980422090239072829048338               0.00000225930572684625  0.000090  0.000106   1.177777777777777777777777778
deriche               0        0  0.00003496357273198525772562378705     6.531283331761574074074074074E-9  0.011775  0.009941  0.8442462845010615711252653928
floyd-warshall        0        0                                   0                                    0  0.189697  0.111341  0.5869412800413290668803407539
nussinov              0        0                                   0                                    0  0.032281  0.012713  0.3938229918527926644156005080
adi                   0        0     0.07478138527832312320764620720              0.000747813852783233995  0.177154  0.070233  0.3964516748140036352552016889
fdtd-2d               0        0  0.00004704790130159278723838813586   0.00001697663885679788055555555556  0.007769  0.035224   4.533916849015317286652078775
heat-3d               0        0                                   0                                0E-16  0.010093  0.019379   1.920043594570494402060834242
jacobi-1d             0        0  0.00007857036815572305723013131653                     3.95077510528E-7  0.000048  0.000055   1.145833333333333333333333333
jacobi-2d             0        0   0.0001428396627244173423026414782             0.0000900335637676545744  0.011956  0.006221  0.5203245232519237203077952492
seidel-2d             0        0   0.0001020126506449179568796360769           0.000102525901793475199375  0.068101  0.086309   1.267367586379054639432607451
2023-12-12 14:13:07,321 [INFO] Mean performance gains: 1.2933273315429688
2023-12-12 14:13:07,322 [INFO] 
loss: 0.08419792652130127, prev_loss: 0.0649463693300883

2023-12-12 14:13:07,322 [INFO] Current jump probability: 0.7404994057794425
2023-12-12 14:13:07,327 [INFO] Loss increased from 0.0649463693300883 to 0.08419792652130127. Removing components ['CAST_FIX_DOUBLE' 'REM_FIX' 'SUB_DOUBLE' 'CAST_DOUBLE_FIX'
 'CAST_FLOAT_DOUBLE' 'CAST_FIX_FLOAT'] and reversing modifications.
2023-12-12 14:13:07,346 [INFO] Modifying components ['CAST_DOUBLE_FIX' 'SUB_FLOAT' 'CAST_FLOAT_FIX' 'MUL_FIX' 'CAST_FIX_FLOAT'
 'MUL_FLOAT' 'REM_FLOAT' 'MUL_DOUBLE' 'CAST_FIX_DOUBLE'
 'CAST_DOUBLE_FLOAT'] with modifications [('CAST_DOUBLE_FIX', 0.9295959028488064), ('SUB_FLOAT', 1.2387505640686047), ('CAST_FLOAT_FIX', 1.3621879496649254), ('MUL_FIX', 0.6819062433123447), ('CAST_FIX_FLOAT', 1.2917867625503496), ('MUL_FLOAT', 1.4907175666628047), ('REM_FLOAT', 1.290137877426969), ('MUL_DOUBLE', 0.900369513682999), ('CAST_FIX_DOUBLE', 1.3243992998957927), ('CAST_DOUBLE_FLOAT', 0.7526877409653727)]
2023-12-12 14:13:07,367 [INFO] Compiling and running for idx 2
2023-12-12 14:16:51,857 [INFO] Calculating loss for idx 2

2023-12-12 14:16:56,201 [INFO] 
               fix_nofl flo_nofl                              e_perc                                e_abs     fix_t     flt_t                         speedup
correlation           0        0       1.194385528564461457949895475      0.01194385528564461558680555556  0.005522  0.008747   1.584027526258601955813111192
covariance            0        0   0.0001481311655862873288252545117     0.002076789008244972704861111111  0.017246  0.009567  0.5547373303954540183230894120
2mm                   0        0    0.002116203505084219250051580296       0.1438640358449807895808080808  0.020857  0.014242  0.6828402934266673059404516469
3mm                   0        0      0.1607428143865255962080035148        1.172867386937267929232804233  0.013387  0.028479   2.127362366474938373048479869
atax                  0        0    0.001245307518139623818345421377      0.03266340436183471048780487805  0.000171  0.000381   2.228070175438596491228070175
bicg                  0        0  0.00004759444696888559227595466863              0.000047051263120545625  0.000424  0.000425   1.002358490566037735849056604
doitgen               0        0  0.00001518226308628690546534849225  0.000002021210889111604166666666667  0.012022  0.005006  0.4164032606887373149226418233
mvt                   0        0  0.00004734201893050139907084194797               0.00004664236306823225  0.000218  0.000495   2.270642201834862385321100917
gemm                  0        0  0.00001479771693590298682699517632   0.00001244721276953818181818181818  0.007426  0.004225  0.5689469431726366819283598169
gemver                0        0  0.00003027313379544594871299482309               0.00191701929193391475  0.000944  0.000630  0.6673728813559322033898305085
gesummv               0        0  0.00004861237071837252610943306509                0.0000806915283183144  0.000110  0.000225   2.045454545454545454545454545
symm                  0        0   0.0007963238953248391125850552133    0.0001487045288080912958333333333  0.012301  0.010587  0.8606617348183074546784814243
syr2k                 0        0  0.00001699802890578776291817536193   0.00001223600474022919097222222222  0.009690  0.005596  0.5775025799793601651186790506
syrk                  0        0    0.008908022082727790005679672968     0.003215815621837633934027777778  0.008231  0.002394  0.2908516583647187462033774754
trmm                  0        0   0.0001165630935028292699829867013            0.00004396649698377393125  0.004412  0.016854   3.820036264732547597461468722
cholesky              0        0   0.0008462985893928526759173484168  0.000005670095025417226932668329177  0.011649  0.010614  0.9111511717744012361576100953
durbin                0        0      -25.16409692019274273840881420               0.00062922264855964425  0.000128  0.000143                       1.1171875
gramschmidt           0        0       8.481730959763505411538193444       0.2667616760502377581136363636  0.017117  0.024367   1.423555529590465618975287726
lu                    0        0    0.002061708849909160448173884941               0.00001379618248277339  0.020254  0.025777   1.272686876666337513577564925
ludcmp                0        0      0.2520458220045806715679653536               0.00002521245863239575  0.034045  0.051223   1.504567484212072257306506095
trisolv               0        0   0.0007163980422090239072829048338               0.00000225930572684625  0.000122  0.000101  0.8278688524590163934426229508
deriche               0        0  0.00003496357273198525772562378705     6.531283331761574074074074074E-9  0.011663  0.020628   1.768670153476806996484609449
floyd-warshall        0        0                                   0                                    0  0.179692  0.235258   1.309229125392338000578768114
nussinov              0        0                                   0                                    0  0.021701  0.013550  0.6243951891617897792728445694
adi                   0        0     0.07478138527832312320764620720              0.000747813852783233995  0.141355  0.059463  0.4206642849563156591560256093
fdtd-2d               0        0  0.00004704790130159278723838813586   0.00001697663885679788055555555556  0.015883  0.006942  0.4370710822892400679972297425
heat-3d               0        0                                   0                                0E-16  0.030404  0.011521  0.3789304038942244441520852519
jacobi-1d             0        0  0.00007857036815572305723013131653                     3.95077510528E-7  0.000046  0.000021  0.4565217391304347826086956522
jacobi-2d             0        0   0.0001428396627244173423026414782             0.0000900335637676545744  0.026131  0.013921  0.5327388925031571696452489380
seidel-2d             0        0   0.0001020126506449179568796360769           0.000102525901793475199375  0.078953  0.164788   2.087165782174204906716654212
2023-12-12 14:16:56,206 [INFO] Mean performance gains: 1.1589890718460083
2023-12-12 14:16:56,206 [INFO] 
loss: 0.11224141915639242, prev_loss: 0.0649463693300883

2023-12-12 14:16:56,209 [INFO] Current jump probability: 0.5439131795475527
2023-12-12 14:16:56,209 [INFO] Loss increased from 0.0649463693300883 to 0.11224141915639242. Jumping to search new minima.
2023-12-12 14:16:56,218 [INFO] Modifying components ['REM_DOUBLE' 'REM_FLOAT' 'CAST_FIX_FIX' 'CAST_FLOAT_FIX' 'REM_FIX'
 'CAST_FLOAT_DOUBLE' 'CAST_FIX_FLOAT' 'ADD_DOUBLE' 'CAST_FIX_DOUBLE'
 'CAST_DOUBLE_FIX'] with modifications [('REM_DOUBLE', 0.7519447589128074), ('REM_FLOAT', 1.0117129325536323), ('CAST_FIX_FIX', 1.2453332610398928), ('CAST_FLOAT_FIX', 1.0118156673919319), ('REM_FIX', 0.7082939157573785), ('CAST_FLOAT_DOUBLE', 1.113246695527197), ('CAST_FIX_FLOAT', 1.2198286468795874), ('ADD_DOUBLE', 1.0957406033079984), ('CAST_FIX_DOUBLE', 1.4538289263888484), ('CAST_DOUBLE_FIX', 1.1554622581216878)]
2023-12-12 14:16:56,239 [INFO] Compiling and running for idx 3
2023-12-12 14:19:00,039 [INFO] Calculating loss for idx 3

2023-12-12 14:19:01,647 [INFO] 
           fix_nofl flo_nofl                              e_perc                                e_abs     fix_t     flt_t                         speedup
covariance        0        0   0.0001481311655862873288252545117     0.002076789008244972704861111111  0.006012  0.008291   1.379075182967398536260811710
2mm               0        0    0.002116203505084219250051580296       0.1438640358449807895808080808  0.023761  0.026428   1.112242750725979546315390766
doitgen           0        0  0.00001518226308628690546534849225  0.000002021210889111604166666666667  0.007809  0.004961  0.6352926110897682161608400563
gemm              0        0  0.00001479771693590298682699517632   0.00001244721276953818181818181818  0.012066  0.004407  0.3652411735454997513674788662
gemver            0        0  0.00003027313379544594871299482309               0.00191701929193391475  0.000856  0.004720   5.514018691588785046728971963
symm              0        0   0.0007963238953248391125850552133    0.0001487045288080912958333333333  0.012901  0.010154  0.7870707697077745911169676769
syr2k             0        0  0.00001699802890578776291817536193   0.00001223600474022919097222222222  0.017202  0.005316  0.3090338332752005580746424834
syrk              0        0    0.008908022082727790005679672968     0.003215815621837633934027777778  0.007540  0.003874  0.5137931034482758620689655172
cholesky          0        0   0.0008462985893928526759173484168  0.000005670095025417226932668329177  0.008635  0.024532   2.840995946728430804863925883
trisolv           0        0   0.0007163980422090239072829048338               0.00000225930572684625  0.000135  0.000115  0.8518518518518518518518518519
nussinov          0        0                                   0                                    0  0.018939  0.018372  0.9700617772849675273245683510
adi               0        0     0.07478138527832312320764620720              0.000747813852783233995  0.319834  0.122957  0.3844400532776377745955714527
fdtd-2d           0        0  0.00004704790130159278723838813586   0.00001697663885679788055555555556  0.010263  0.032067   3.124524992692195264542531424
heat-3d           0        0                                   0                                0E-16  0.013955  0.034774   2.491866714439269079183088499
jacobi-1d         0        0  0.00007857036815572305723013131653                     3.95077510528E-7  0.000072  0.000034  0.4722222222222222222222222222
jacobi-2d         0        0   0.0001428396627244173423026414782             0.0000900335637676545744  0.017191  0.010848  0.6310278634169041940550287941
2023-12-12 14:19:01,651 [INFO] Mean performance gains: 1.3989224433898926
2023-12-12 14:19:01,651 [INFO] 
loss: 0.13197177648544312, prev_loss: 0.11224141915639242

2023-12-12 14:19:01,655 [INFO] Current jump probability: 0.7824559794061055
2023-12-12 14:19:01,655 [INFO] Loss increased from 0.11224141915639242 to 0.13197177648544312. Removing components ['REM_DOUBLE' 'REM_FLOAT' 'CAST_FIX_FIX' 'CAST_FLOAT_FIX' 'REM_FIX'
 'CAST_FLOAT_DOUBLE' 'CAST_FIX_FLOAT' 'ADD_DOUBLE' 'CAST_FIX_DOUBLE'
 'CAST_DOUBLE_FIX'] and reversing modifications.
2023-12-12 14:19:01,680 [INFO] Modifying components ['MUL_DOUBLE' 'DIV_FLOAT' 'CAST_FIX_FLOAT' 'SUB_DOUBLE' 'ADD_DOUBLE'
 'CAST_DOUBLE_FIX' 'CAST_FLOAT_DOUBLE' 'MUL_FLOAT' 'REM_FIX'] with modifications [('MUL_DOUBLE', 0.9574148509137634), ('DIV_FLOAT', 0.8916060897561162), ('CAST_FIX_FLOAT', 1.4132384457542013), ('SUB_DOUBLE', 1.0234089436202056), ('ADD_DOUBLE', 1.4707000158503527), ('CAST_DOUBLE_FIX', 1.2195343571430386), ('CAST_FLOAT_DOUBLE', 1.1847461813047482), ('MUL_FLOAT', 0.762287720625128), ('REM_FIX', 1.4579076819153984)]
2023-12-12 14:19:01,700 [INFO] Compiling and running for idx 4
2023-12-12 14:21:35,213 [INFO] Calculating loss for idx 4

2023-12-12 14:21:37,488 [INFO] 
           fix_nofl flo_nofl                              e_perc                                e_abs     fix_t     flt_t                         speedup
covariance        0        0   0.0001481311655862873288252545117     0.002076789008244972704861111111  0.021462  0.010391  0.4841580467803559780076414127
2mm               0        0    0.002116203505084219250051580296       0.1438640358449807895808080808  0.020285  0.019427  0.9577027360118314025141730343
doitgen           0        0  0.00001518226308628690546534849225  0.000002021210889111604166666666667  0.004260  0.007093   1.665023474178403755868544601
gemm              0        0  0.00001479771693590298682699517632   0.00001244721276953818181818181818  0.007223  0.002937  0.4066177488578153121971479994
gemver            0        0  0.00003027313379544594871299482309               0.00191701929193391475  0.000468  0.000529   1.130341880341880341880341880
symm              0        0   0.0007963238953248391125850552133    0.0001487045288080912958333333333  0.012211  0.007779  0.6370485627712718041110474163
syr2k             0        0  0.00001699802890578776291817536193   0.00001223600474022919097222222222  0.017278  0.017146  0.9923602268781108924644056025
syrk              0        0    0.008908022082727790005679672968     0.003215815621837633934027777778  0.018416  0.002160  0.1172893136403127715030408341
cholesky          0        0   0.0008462985893928526759173484168  0.000005670095025417226932668329177  0.007642  0.011535   1.509421617377649829887464015
trisolv           0        0   0.0007163980422090239072829048338               0.00000225930572684625  0.000096  0.000104   1.083333333333333333333333333
nussinov          0        0                                   0                                    0  0.034732  0.016205  0.4665726131521363584014741449
adi               0        0     0.07478138527832312320764620720              0.000747813852783233995  0.154912  0.060299  0.3892467981821937616195001033
fdtd-2d           0        0  0.00004704790130159278723838813586   0.00001697663885679788055555555556  0.016037  0.007164  0.4467169670137806322878343830
heat-3d           0        0                                   0                                0E-16  0.022149  0.018609  0.8401733712582960856020587837
jacobi-1d         0        0  0.00007857036815572305723013131653                     3.95077510528E-7  0.000046  0.000020  0.4347826086956521739130434783
jacobi-2d         0        0   0.0001428396627244173423026414782             0.0000900335637676545744  0.009113  0.006556  0.7194118292549105673214089762
2023-12-12 14:21:37,492 [INFO] Mean performance gains: 0.7675125598907471
2023-12-12 14:21:37,496 [INFO] 
loss: 0.18239912390708923, prev_loss: 0.11224141915639242

2023-12-12 14:21:37,496 [INFO] Current jump probability: 0.5538254519918063
2023-12-12 14:21:37,500 [INFO] Loss increased from 0.11224141915639242 to 0.18239912390708923. Jumping to search new minima.
2023-12-12 14:21:37,511 [INFO] Modifying components ['CAST_FIX_FLOAT'] with modifications [('CAST_FIX_FLOAT', 1.186133178733246)]
2023-12-12 14:21:37,523 [INFO] Compiling and running for idx 5
2023-12-12 14:23:36,555 [INFO] Calculating loss for idx 5

2023-12-12 14:23:37,892 [INFO] 
           fix_nofl flo_nofl                              e_perc                               e_abs     fix_t     flt_t                         speedup
covariance        0        0   0.0001481311655862873288252545117    0.002076789008244972704861111111  0.010686  0.009520  0.8908852704473142429346808909
2mm               0        0    0.002116203505084219250051580296      0.1438640358449807895808080808  0.045164  0.023250  0.5147905411389602338145425560
gemm              0        0  0.00001479771693590298682699517632  0.00001244721276953818181818181818  0.012570  0.003061  0.2435163086714399363564041368
symm              0        0   0.0007963238953248391125850552133   0.0001487045288080912958333333333  0.029752  0.010161  0.3415232589405754235009411132
syr2k             0        0  0.00001699802890578776291817536193  0.00001223600474022919097222222222  0.022356  0.005311  0.2375648595455358740382894972
syrk              0        0    0.008908022082727790005679672968    0.003215815621837633934027777778  0.009771  0.005696  0.5829495445706683041653873708
nussinov          0        0                                   0                                   0  0.014414  0.021416   1.485777716109338143471624809
adi               0        0     0.07478138527832312320764620720             0.000747813852783233995  0.300658  0.061455  0.2044016789840948852184209301
fdtd-2d           0        0  0.00004704790130159278723838813586  0.00001697663885679788055555555556  0.008288  0.006756  0.8151544401544401544401544402
heat-3d           0        0                                   0                               0E-16  0.016515  0.031934   1.933636088404480775052982137
jacobi-1d         0        0  0.00007857036815572305723013131653                    3.95077510528E-7  0.000048  0.000021                          0.4375
jacobi-2d         0        0   0.0001428396627244173423026414782            0.0000900335637676545744  0.013502  0.005998  0.4442304843726855280699155681
2023-12-12 14:23:37,895 [INFO] Mean performance gains: 0.6776608824729919
2023-12-12 14:23:37,898 [INFO] 
loss: 0.2750718593597412, prev_loss: 0.18239912390708923

2023-12-12 14:23:37,898 [INFO] Current jump probability: 0.5835247175477905
2023-12-12 14:23:37,898 [INFO] Loss increased from 0.18239912390708923 to 0.2750718593597412. Jumping to search new minima.
2023-12-12 14:23:37,923 [INFO] Modifying components ['REM_FIX' 'SUB_DOUBLE' 'CAST_DOUBLE_FLOAT' 'ADD_DOUBLE' 'CAST_DOUBLE_FIX'
 'REM_DOUBLE' 'MUL_FLOAT' 'DIV_FIX'] with modifications [('REM_FIX', 1.0915082383434627), ('SUB_DOUBLE', 0.7517787618719826), ('CAST_DOUBLE_FLOAT', 0.9072643863998967), ('ADD_DOUBLE', 0.8597982082734208), ('CAST_DOUBLE_FIX', 1.4730565856546236), ('REM_DOUBLE', 0.898598550721063), ('MUL_FLOAT', 0.8613515917834434), ('DIV_FIX', 0.7429630957691306)]
2023-12-12 14:23:37,937 [INFO] Compiling and running for idx 6
2023-12-12 14:25:06,918 [INFO] Calculating loss for idx 6

2023-12-12 14:25:08,021 [INFO] 
           fix_nofl flo_nofl                              e_perc                               e_abs     fix_t     flt_t                         speedup
covariance        0        0   0.0001481311655862873288252545117    0.002076789008244972704861111111  0.005728  0.009477   1.654504189944134078212290503
2mm               0        0    0.002116203505084219250051580296      0.1438640358449807895808080808  0.022056  0.018322  0.8307036634022488211824446863
gemm              0        0  0.00001479771693590298682699517632  0.00001244721276953818181818181818  0.011060  0.006592  0.5960216998191681735985533454
symm              0        0   0.0007963238953248391125850552133   0.0001487045288080912958333333333  0.014631  0.011311  0.7730845465108331624632629349
syr2k             0        0  0.00001699802890578776291817536193  0.00001223600474022919097222222222  0.019335  0.006190  0.3201448151021463666925265063
syrk              0        0    0.008908022082727790005679672968    0.003215815621837633934027777778  0.009535  0.003699  0.3879391714735186156266386995
adi               0        0     0.07478138527832312320764620720             0.000747813852783233995  0.284083  0.130723  0.4601577707923388587138265929
fdtd-2d           0        0  0.00004704790130159278723838813586  0.00001697663885679788055555555556  0.009085  0.026961   2.967638965327462850853054485
jacobi-1d         0        0  0.00007857036815572305723013131653                    3.95077510528E-7  0.000048  0.000020  0.4166666666666666666666666667
jacobi-2d         0        0   0.0001428396627244173423026414782            0.0000900335637676545744  0.013278  0.006641  0.5001506250941406838379273987
2023-12-12 14:25:08,046 [INFO] Mean performance gains: 0.8907012939453125
2023-12-12 14:25:08,057 [INFO] 
loss: 0.1961728811264038, prev_loss: 0.2750718593597412

2023-12-12 14:25:08,057 [INFO] Loss decreased from 0.2750718593597412 to 0.1961728811264038. Resetting components.
2023-12-12 14:25:08,111 [INFO] Modifying components ['DIV_FIX' 'REM_DOUBLE' 'CAST_FLOAT_FIX'] with modifications [('DIV_FIX', 0.7165974478719693), ('REM_DOUBLE', 0.7677856273462516), ('CAST_FLOAT_FIX', 0.7037925951552204)]
2023-12-12 14:25:08,128 [INFO] Compiling and running for idx 7
2023-12-12 14:26:07,120 [INFO] Calculating loss for idx 7

2023-12-12 14:26:07,587 [INFO] 
          fix_nofl flo_nofl                              e_perc                               e_abs     fix_t     flt_t                         speedup
2mm              0        0    0.002116203505084219250051580296      0.1438640358449807895808080808  0.029633  0.027581  0.9307528768602571457496709749
gemm             0        0  0.00001479771693590298682699517632  0.00001244721276953818181818181818  0.007547  0.014726   1.951238902875314694580628064
symm             0        0   0.0007963238953248391125850552133   0.0001487045288080912958333333333  0.014265  0.010111  0.7087977567472835611636873467
syr2k            0        0  0.00001699802890578776291817536193  0.00001223600474022919097222222222  0.019765  0.009562  0.4837844674930432582848469517
syrk             0        0    0.008908022082727790005679672968    0.003215815621837633934027777778  0.004610  0.002309  0.5008676789587852494577006508
adi              0        0     0.07478138527832312320764620720             0.000747813852783233995  0.169713  0.061291  0.3611449918391637647086552002
jacobi-1d        0        0  0.00007857036815572305723013131653                    3.95077510528E-7  0.000046  0.000021  0.4565217391304347826086956522
jacobi-2d        0        0   0.0001428396627244173423026414782            0.0000900335637676545744  0.009161  0.014354   1.566859513153585853072808645
2023-12-12 14:26:07,589 [INFO] Mean performance gains: 0.8699959516525269
2023-12-12 14:26:07,594 [INFO] 
loss: 0.1635887324810028, prev_loss: 0.1961728811264038

2023-12-12 14:26:07,594 [INFO] Loss decreased from 0.1961728811264038 to 0.1635887324810028. Resetting components.
2023-12-12 14:26:07,612 [INFO] Modifying components ['CAST_FLOAT_DOUBLE'] with modifications [('CAST_FLOAT_DOUBLE', 1.2841294570836075)]
2023-12-12 14:26:07,632 [INFO] Compiling and running for idx 8
2023-12-12 14:26:49,350 [INFO] Calculating loss for idx 8

2023-12-12 14:26:49,830 [INFO] 
          fix_nofl flo_nofl                              e_perc                               e_abs     fix_t     flt_t                         speedup
2mm              0        0    0.002116203505084219250051580296      0.1438640358449807895808080808  0.053623  0.025367  0.4730619323797624153814594484
symm             0        0   0.0007963238953248391125850552133   0.0001487045288080912958333333333  0.023134  0.007032  0.3039681853548889081006311057
syr2k            0        0  0.00001699802890578776291817536193  0.00001223600474022919097222222222  0.032618  0.008969  0.2749708749770065607946532589
syrk             0        0    0.008908022082727790005679672968    0.003215815621837633934027777778  0.004503  0.002841  0.6309127248500999333777481679
adi              0        0     0.07478138527832312320764620720             0.000747813852783233995  0.143093  0.062804  0.4389033705352463083449225329
jacobi-1d        0        0  0.00007857036815572305723013131653                    3.95077510528E-7  0.000074  0.000038  0.5135135135135135135135135135
2023-12-12 14:26:49,833 [INFO] Mean performance gains: 0.4392217695713043
2023-12-12 14:26:49,840 [INFO] 
loss: 0.32925254106521606, prev_loss: 0.1635887324810028

2023-12-12 14:26:49,848 [INFO] Current jump probability: 0.40741602236519175
2023-12-12 14:26:49,848 [INFO] Loss increased from 0.1635887324810028 to 0.32925254106521606. Jumping to search new minima.
2023-12-12 14:26:49,867 [INFO] Modifying components ['REM_DOUBLE' 'CAST_FIX_DOUBLE' 'CAST_FLOAT_DOUBLE' 'REM_FIX'
 'CAST_DOUBLE_FLOAT'] with modifications [('REM_DOUBLE', 1.224360524032916), ('CAST_FIX_DOUBLE', 0.8874324746653796), ('CAST_FLOAT_DOUBLE', 0.7219450729135909), ('REM_FIX', 0.9750697449845538), ('CAST_DOUBLE_FLOAT', 1.1914310089963083)]
2023-12-12 14:26:49,890 [INFO] Compiling and running for idx 9
2023-12-12 14:27:32,192 [INFO] Calculating loss for idx 9

2023-12-12 14:27:32,587 [INFO] 
          fix_nofl flo_nofl                              e_perc                               e_abs     fix_t     flt_t                         speedup
2mm              0        0    0.002116203505084219250051580296      0.1438640358449807895808080808  0.039720  0.046841   1.179279959718026183282980866
symm             0        0   0.0007963238953248391125850552133   0.0001487045288080912958333333333  0.031004  0.006906  0.2227454521997161656560443814
syr2k            0        0  0.00001699802890578776291817536193  0.00001223600474022919097222222222  0.020740  0.005257  0.2534715525554484088717454195
syrk             0        0    0.008908022082727790005679672968    0.003215815621837633934027777778  0.004232  0.002394  0.5656899810964083175803402647
adi              0        0     0.07478138527832312320764620720             0.000747813852783233995  0.189243  0.124534  0.6580639706620588344086703339
jacobi-1d        0        0  0.00007857036815572305723013131653                    3.95077510528E-7  0.000061  0.000021  0.3442622950819672131147540984
2023-12-12 14:27:32,590 [INFO] Mean performance gains: 0.5372521877288818
2023-12-12 14:27:32,590 [INFO] 
loss: 0.3161611358324687, prev_loss: 0.32925254106521606

2023-12-12 14:27:32,590 [INFO] Loss decreased from 0.32925254106521606 to 0.3161611358324687. Resetting components.
2023-12-12 14:27:32,608 [INFO] Resetting benchmark to everything for idx 10
2023-12-12 14:27:32,608 [INFO] Compiling and running for idx 10
2023-12-12 14:32:44,648 [INFO] Calculating loss for idx 10

2023-12-12 14:32:49,450 [INFO] 
               fix_nofl flo_nofl                              e_perc                                e_abs     fix_t     flt_t                         speedup
correlation           0        0       1.194385528564461457949895475      0.01194385528564461558680555556  0.007884  0.008401   1.065575849822425164890918316
covariance            0        0   0.0001481311655862873288252545117     0.002076789008244972704861111111  0.005708  0.008795   1.540819901892081289418360196
2mm                   0        0    0.002116203505084219250051580296       0.1438640358449807895808080808  0.020902  0.015873  0.7594010142570088986699837336
3mm                   0        0      0.1607428143865255962080035148        1.172867386937267929232804233  0.014584  0.027688   1.898518924849149753154141525
atax                  0        0    0.001245307518139623818345421377      0.03266340436183471048780487805  0.000315  0.000247  0.7841269841269841269841269841
bicg                  0        0  0.00004759444696888559227595466863              0.000047051263120545625  0.000503  0.000389  0.7733598409542743538767395626
doitgen               0        0  0.00001518226308628690546534849225  0.000002021210889111604166666666667  0.012251  0.004883  0.3985797077789568198514406987
mvt                   0        0  0.00004734201893050139907084194797               0.00004664236306823225  0.000210  0.000386   1.838095238095238095238095238
gemm                  0        0  0.00001479771693590298682699517632   0.00001244721276953818181818181818  0.007091  0.006732  0.9493724439430263714567761952
gemver                0        0  0.00003027313379544594871299482309               0.00191701929193391475  0.000425  0.000444   1.044705882352941176470588235
gesummv               0        0  0.00004861237071837252610943306509                0.0000806915283183144  0.000094  0.000148   1.574468085106382978723404255
symm                  0        0   0.0007963238953248391125850552133    0.0001487045288080912958333333333  0.007380  0.006862  0.9298102981029810298102981030
syr2k                 0        0  0.00001699802890578776291817536193   0.00001223600474022919097222222222  0.008958  0.008086  0.9026568430453226166555034606
syrk                  0        0    0.008908022082727790005679672968     0.003215815621837633934027777778  0.004449  0.018549   4.169251517194875252865812542
trmm                  0        0   0.0001165630935028292699829867013            0.00004396649698377393125  0.008771  0.006835  0.7792726028959069661384106715
cholesky              0        0   0.0008462985893928526759173484168  0.000005670095025417226932668329177  0.008779  0.027786   3.165052967308349470326916505
durbin                0        0      -25.16409692019274273840881420               0.00062922264855964425  0.000111  0.000119   1.072072072072072072072072072
gramschmidt           0        0       8.481730959763505411538193444       0.2667616760502377581136363636  0.022285  0.012637  0.5670630468925286066861117344
lu                    0        0    0.002061708849909160448173884941               0.00001379618248277339  0.055940  0.022282  0.3983196281730425455845548802
ludcmp                0        0      0.2520458220045806715679653536               0.00002521245863239575  0.022875  0.020142  0.8805245901639344262295081967
trisolv               0        0   0.0007163980422090239072829048338               0.00000225930572684625  0.000091  0.000121   1.329670329670329670329670330
deriche               0        0  0.00003496357273198525772562378705     6.531283331761574074074074074E-9  0.031887  0.006210  0.1947502116850127011007620660
floyd-warshall        0        0                                   0                                    0  0.088467  0.118175   1.335808832672069811342082358
nussinov              0        0                                   0                                    0  0.018535  0.013044  0.7037496628001079039654707310
adi                   0        0     0.07478138527832312320764620720              0.000747813852783233995  0.150412  0.063184  0.4200728665266069196606653724
fdtd-2d               0        0  0.00004704790130159278723838813586   0.00001697663885679788055555555556  0.019083  0.012666  0.6637321175915736519415186291
heat-3d               0        0                                   0                                0E-16  0.021954  0.027934   1.272387719777717044729889770
jacobi-1d             0        0  0.00007857036815572305723013131653                     3.95077510528E-7  0.000045  0.000021  0.4666666666666666666666666667
jacobi-2d             0        0   0.0001428396627244173423026414782             0.0000900335637676545744  0.041372  0.014168  0.3424538335105868703470946534
seidel-2d             0        0   0.0001020126506449179568796360769           0.000102525901793475199375  0.078032  0.086993   1.114837502563051055977035063
2023-12-12 14:32:49,454 [INFO] Mean performance gains: 1.1111725568771362
2023-12-12 14:32:49,457 [INFO] Modifying components ['CAST_FIX_FIX' 'MUL_FLOAT' 'CAST_FIX_DOUBLE' 'MUL_FIX' 'DIV_FLOAT'
 'ADD_DOUBLE' 'SUB_DOUBLE' 'REM_FIX' 'DIV_FIX' 'REM_FLOAT' 'ADD_FLOAT'
 'CAST_DOUBLE_FIX' 'DIV_DOUBLE' 'REM_DOUBLE'] with modifications [('CAST_FIX_FIX', 1.102280206521438), ('MUL_FLOAT', 1.2806760460645095), ('CAST_FIX_DOUBLE', 0.804504539309293), ('MUL_FIX', 1.2392150350665772), ('DIV_FLOAT', 1.0223419845640949), ('ADD_DOUBLE', 1.2737976503300843), ('SUB_DOUBLE', 1.296945997735661), ('REM_FIX', 0.998009000403062), ('DIV_FIX', 1.4376667075174305), ('REM_FLOAT', 0.8362580698801718), ('ADD_FLOAT', 0.6733349308785567), ('CAST_DOUBLE_FIX', 1.4386255410932949), ('DIV_DOUBLE', 0.9120924841286282), ('REM_DOUBLE', 0.8057924394583886)]
2023-12-12 14:32:49,495 [INFO] Compiling and running for idx 11
2023-12-12 14:39:37,904 [INFO] Calculating loss for idx 11

2023-12-12 14:39:40,724 [INFO] 
               fix_nofl flo_nofl                              e_perc                                e_abs     fix_t     flt_t                         speedup
correlation           0        0       1.194385528564461457949895475      0.01194385528564461558680555556  0.005670  0.008415   1.484126984126984126984126984
covariance            0        0   0.0001481311655862873288252545117     0.002076789008244972704861111111  0.005343  0.009999   1.871420550252667040988208871
2mm                   0        0    0.002116203505084219250051580296       0.1438640358449807895808080808  0.012074  0.015855   1.313152227927778698028822263
3mm                   0        0      0.1607428143865255962080035148        1.172867386937267929232804233  0.023731  0.038387   1.617588807888415995954658464
atax                  0        0    0.001245307518139623818345421377      0.03266340436183471048780487805  0.000300  0.000243                            0.81
bicg                  0        0  0.00004759444696888559227595466863              0.000047051263120545625  0.000347  0.000376   1.083573487031700288184438040
doitgen               0        0  0.00001518226308628690546534849225  0.000002021210889111604166666666667  0.004118  0.006806   1.652744050509956289460903351
mvt                   0        0  0.00004734201893050139907084194797               0.00004664236306823225  0.000526  0.000706   1.342205323193916349809885932
gemm                  0        0  0.00001479771693590298682699517632   0.00001244721276953818181818181818  0.026611  0.004315  0.1621509901920258539701627147
gemver                0        0  0.00003027313379544594871299482309               0.00191701929193391475  0.000441  0.000520   1.179138321995464852607709751
gesummv               0        0  0.00004861237071837252610943306509                0.0000806915283183144  0.000088  0.000149   1.693181818181818181818181818
symm                  0        0   0.0007963238953248391125850552133    0.0001487045288080912958333333333  0.006791  0.036392   5.358857311147106464438227065
syr2k                 0        0  0.00001699802890578776291817536193   0.00001223600474022919097222222222  0.008996  0.029401   3.268230324588706091596265007
syrk                  0        0    0.008908022082727790005679672968     0.003215815621837633934027777778  0.004283  0.010267   2.397151529301891197758580434
trmm                  0        0   0.0001165630935028292699829867013            0.00004396649698377393125  0.005446  0.004698  0.8626514873301505692251193537
cholesky              0        0   0.0008462985893928526759173484168  0.000005670095025417226932668329177  0.007760  0.010486   1.351288659793814432989690722
durbin                0        0      -25.16409692019274273840881420               0.00062922264855964425  0.000110  0.000155   1.409090909090909090909090909
gramschmidt           0        0       8.481730959763505411538193444       0.2667616760502377581136363636  0.009704  0.012148   1.251854905193734542456718879
lu                    0        0    0.002061708849909160448173884941               0.00001379618248277339  0.020875  0.021215   1.016287425149700598802395210
ludcmp                0        0      0.2520458220045806715679653536               0.00002521245863239575  0.018638  0.019707   1.057355939478484815967378474
trisolv               0        0   0.0007163980422090239072829048338               0.00000225930572684625  0.000129  0.000175   1.356589147286821705426356589
deriche               0        0  0.00003496357273198525772562378705     6.531283331761574074074074074E-9  0.011731  0.008289  0.7065893785696019094706333646
floyd-warshall        0        0                                   0                                    0  0.120839  0.136521   1.129775982919421709878433287
nussinov              0        0                                   0                                    0  0.034640  0.012419  0.3585161662817551963048498845
adi                   0        0     0.07478138527832312320764620720              0.000747813852783233995  0.204764  0.120872  0.5902990760094547869742728214
fdtd-2d               0        0  0.00004704790130159278723838813586   0.00001697663885679788055555555556  0.008918  0.006591  0.7390670553935860058309037901
heat-3d               0        0                                   0                                0E-16  0.012990  0.011802  0.9085450346420323325635103926
jacobi-1d             0        0  0.00007857036815572305723013131653                     3.95077510528E-7  0.000096  0.000035  0.3645833333333333333333333333
jacobi-2d             0        0   0.0001428396627244173423026414782             0.0000900335637676545744  0.012241  0.007896  0.6450453394330528551588922474
seidel-2d             0        0   0.0001020126506449179568796360769           0.000102525901793475199375  0.051948  0.088551   1.704608454608454608454608455
2023-12-12 14:39:40,727 [INFO] Mean performance gains: 1.3561890125274658
2023-12-12 14:39:40,729 [INFO] 
loss: 0.06761995951334636, prev_loss: 0.10164564450581869

2023-12-12 14:39:40,730 [INFO] Loss decreased from 0.10164564450581869 to 0.06761995951334636. Resetting components.
2023-12-12 14:39:40,754 [INFO] Modifying components ['DIV_FLOAT' 'MUL_FIX' 'REM_FIX' 'DIV_DOUBLE' 'CAST_FIX_FIX' 'SUB_DOUBLE'
 'ADD_DOUBLE' 'CAST_FLOAT_FIX' 'CAST_DOUBLE_FLOAT' 'ADD_FLOAT'
 'MUL_DOUBLE' 'SUB_FLOAT' 'REM_FLOAT'] with modifications [('DIV_FLOAT', 1.085896257150785), ('MUL_FIX', 1.4047414743374596), ('REM_FIX', 1.1119808054770288), ('DIV_DOUBLE', 0.9012301588385219), ('CAST_FIX_FIX', 0.9621534787185058), ('SUB_DOUBLE', 1.4135668063040119), ('ADD_DOUBLE', 0.8679071118449861), ('CAST_FLOAT_FIX', 0.6865694280449613), ('CAST_DOUBLE_FLOAT', 1.4714389802256216), ('ADD_FLOAT', 1.0249728693292541), ('MUL_DOUBLE', 0.9552399938731604), ('SUB_FLOAT', 1.147556076904768), ('REM_FLOAT', 0.7721045495427766)]
2023-12-12 14:39:40,773 [INFO] Compiling and running for idx 12
2023-12-12 14:41:39,311 [INFO] Calculating loss for idx 12

2023-12-12 14:41:41,904 [INFO] 
          fix_nofl flo_nofl                              e_perc                               e_abs     fix_t     flt_t                         speedup
atax             0        0    0.001245307518139623818345421377     0.03266340436183471048780487805  0.000190  0.000213   1.121052631578947368421052632
gemm             0        0  0.00001479771693590298682699517632  0.00001244721276953818181818181818  0.007627  0.002724  0.3571522223679035007211223286
trmm             0        0   0.0001165630935028292699829867013           0.00004396649698377393125  0.005119  0.005985   1.169173666731783551474897441
deriche          0        0  0.00003496357273198525772562378705    6.531283331761574074074074074E-9  0.019987  0.006339  0.3171561514984740081052684245
nussinov         0        0                                   0                                   0  0.012796  0.013592   1.062206939668646452016255080
adi              0        0     0.07478138527832312320764620720             0.000747813852783233995  0.179479  0.108993  0.6072743886471397767983998128
fdtd-2d          0        0  0.00004704790130159278723838813586  0.00001697663885679788055555555556  0.024515  0.006635  0.2706506220681215582296553131
heat-3d          0        0                                   0                               0E-16  0.018140  0.012793  0.7052370452039691289966923925
jacobi-1d        0        0  0.00007857036815572305723013131653                    3.95077510528E-7  0.000072  0.000038  0.5277777777777777777777777778
jacobi-2d        0        0   0.0001428396627244173423026414782            0.0000900335637676545744  0.010487  0.010404  0.9920854391150948793744636216
2023-12-12 14:41:41,907 [INFO] Mean performance gains: 0.7129766941070557
2023-12-12 14:41:41,907 [INFO] 
loss: 0.18756545782089235, prev_loss: 0.06761995951334636

2023-12-12 14:41:41,907 [INFO] Current jump probability: 0.2667803049730974
2023-12-12 14:41:41,911 [INFO] Loss increased from 0.06761995951334636 to 0.18756545782089235. Removing components ['DIV_FLOAT' 'MUL_FIX' 'REM_FIX' 'DIV_DOUBLE' 'CAST_FIX_FIX' 'SUB_DOUBLE'
 'ADD_DOUBLE' 'CAST_FLOAT_FIX' 'CAST_DOUBLE_FLOAT' 'ADD_FLOAT'
 'MUL_DOUBLE' 'SUB_FLOAT' 'REM_FLOAT'] and reversing modifications.
2023-12-12 14:41:41,930 [INFO] Modifying components ['MUL_FLOAT' 'CAST_FIX_FLOAT' 'ADD_DOUBLE' 'REM_DOUBLE' 'CAST_DOUBLE_FIX'] with modifications [('MUL_FLOAT', 1.3218017221485912), ('CAST_FIX_FLOAT', 0.878918464904658), ('ADD_DOUBLE', 0.7352118098648077), ('REM_DOUBLE', 0.798129438072349), ('CAST_DOUBLE_FIX', 0.841243540834983)]
2023-12-12 14:41:41,949 [INFO] Compiling and running for idx 13
2023-12-12 14:43:41,494 [INFO] Calculating loss for idx 13

2023-12-12 14:43:43,391 [INFO] 
          fix_nofl flo_nofl                              e_perc                               e_abs     fix_t     flt_t                         speedup
atax             0        0    0.001245307518139623818345421377     0.03266340436183471048780487805  0.000168  0.000215   1.279761904761904761904761905
gemm             0        0  0.00001479771693590298682699517632  0.00001244721276953818181818181818  0.007221  0.002778  0.3847112588284171167428334026
trmm             0        0   0.0001165630935028292699829867013           0.00004396649698377393125  0.004563  0.006440   1.411352180582949813719044488
deriche          0        0  0.00003496357273198525772562378705    6.531283331761574074074074074E-9  0.013841  0.018119   1.309081713749006574669460299
nussinov         0        0                                   0                                   0  0.015624  0.012750  0.8160522273425499231950844854
adi              0        0     0.07478138527832312320764620720             0.000747813852783233995  0.145630  0.060584  0.4160131840966833756780883060
fdtd-2d          0        0  0.00004704790130159278723838813586  0.00001697663885679788055555555556  0.012760  0.010438  0.8180250783699059561128526646
heat-3d          0        0                                   0                               0E-16  0.010035  0.019164   1.909715994020926756352765321
jacobi-1d        0        0  0.00007857036815572305723013131653                    3.95077510528E-7  0.000046  0.000021  0.4565217391304347826086956522
jacobi-2d        0        0   0.0001428396627244173423026414782            0.0000900335637676545744  0.008661  0.014758   1.703960281722664819304930147
2023-12-12 14:43:43,396 [INFO] Mean performance gains: 1.050519585609436
2023-12-12 14:43:43,400 [INFO] 
loss: 0.10819411277770996, prev_loss: 0.06761995951334636

2023-12-12 14:43:43,400 [INFO] Current jump probability: 0.4499909431268028
2023-12-12 14:43:43,401 [INFO] Loss increased from 0.06761995951334636 to 0.10819411277770996. Jumping to search new minima.
2023-12-12 14:43:43,436 [INFO] Modifying components ['REM_FIX' 'REM_DOUBLE' 'CAST_FIX_DOUBLE'] with modifications [('REM_FIX', 1.0012325872110062), ('REM_DOUBLE', 0.9311528332211947), ('CAST_FIX_DOUBLE', 1.1849325545464966)]
2023-12-12 14:43:43,448 [INFO] Compiling and running for idx 14
2023-12-12 14:44:33,556 [INFO] Calculating loss for idx 14

2023-12-12 14:44:34,312 [INFO] 
          fix_nofl flo_nofl                              e_perc                               e_abs     fix_t     flt_t                         speedup
gemm             0        0  0.00001479771693590298682699517632  0.00001244721276953818181818181818  0.032654  0.010898  0.3337416549274208366509462853
nussinov         0        0                                   0                                   0  0.045241  0.032659  0.7218894365730200481863796114
adi              0        0     0.07478138527832312320764620720             0.000747813852783233995  0.184921  0.060324  0.3262149782880256974599964309
fdtd-2d          0        0  0.00004704790130159278723838813586  0.00001697663885679788055555555556  0.019022  0.011834  0.6221217537588055935232888235
jacobi-1d        0        0  0.00007857036815572305723013131653                    3.95077510528E-7  0.000047  0.000035  0.7446808510638297872340425532
2023-12-12 14:44:34,314 [INFO] Mean performance gains: 0.5497297644615173
2023-12-12 14:44:34,319 [INFO] 
loss: 0.23664236068725586, prev_loss: 0.10819411277770996

2023-12-12 14:44:34,319 [INFO] Current jump probability: 0.3200436250062969
2023-12-12 14:44:34,328 [INFO] Loss increased from 0.10819411277770996 to 0.23664236068725586. Removing components ['REM_FIX' 'REM_DOUBLE' 'CAST_FIX_DOUBLE'] and reversing modifications.
2023-12-12 14:44:34,347 [INFO] Modifying components ['CAST_FLOAT_FIX' 'MUL_FLOAT' 'CAST_FIX_DOUBLE' 'CAST_FLOAT_DOUBLE'
 'SUB_FLOAT' 'ADD_DOUBLE'] with modifications [('CAST_FLOAT_FIX', 1.3351341047778877), ('MUL_FLOAT', 1.14374014598535), ('CAST_FIX_DOUBLE', 1.2776185931679427), ('CAST_FLOAT_DOUBLE', 1.0991760355611315), ('SUB_FLOAT', 1.3090697726741802), ('ADD_DOUBLE', 1.1407147048259234)]
2023-12-12 14:44:34,370 [INFO] Compiling and running for idx 15
2023-12-12 14:45:21,760 [INFO] Calculating loss for idx 15

2023-12-12 14:45:22,359 [INFO] 
          fix_nofl flo_nofl                              e_perc                               e_abs     fix_t     flt_t                         speedup
gemm             0        0  0.00001479771693590298682699517632  0.00001244721276953818181818181818  0.036666  0.006737  0.1837397043582610592919871270
nussinov         0        0                                   0                                   0  0.014185  0.013139  0.9262601339443073669369051815
adi              0        0     0.07478138527832312320764620720             0.000747813852783233995  0.139565  0.120086  0.8604306237237129652849926558
fdtd-2d          0        0  0.00004704790130159278723838813586  0.00001697663885679788055555555556  0.008120  0.007025  0.8651477832512315270935960591
jacobi-1d        0        0  0.00007857036815572305723013131653                    3.95077510528E-7  0.000048  0.000038  0.7916666666666666666666666667
2023-12-12 14:45:22,361 [INFO] Mean performance gains: 0.7254489660263062
2023-12-12 14:45:22,365 [INFO] 
loss: 0.1505571961402893, prev_loss: 0.10819411277770996

2023-12-12 14:45:22,365 [INFO] Current jump probability: 0.48866476379042245
2023-12-12 14:45:22,373 [INFO] Loss increased from 0.10819411277770996 to 0.1505571961402893. Jumping to search new minima.
2023-12-12 14:45:22,390 [INFO] Modifying components ['SUB_DOUBLE' 'CAST_FIX_FIX' 'DIV_DOUBLE' 'MUL_FLOAT' 'MUL_DOUBLE'
 'REM_FIX' 'ADD_DOUBLE' 'MUL_FIX' 'CAST_DOUBLE_FIX' 'REM_DOUBLE'
 'SUB_FLOAT' 'CAST_DOUBLE_FLOAT' 'ADD_FLOAT' 'CAST_FIX_DOUBLE'
 'CAST_FLOAT_FIX' 'CAST_FLOAT_DOUBLE' 'DIV_FLOAT'] with modifications [('SUB_DOUBLE', 1.3725184684411607), ('CAST_FIX_FIX', 1.3656493984246034), ('DIV_DOUBLE', 0.7827328014945281), ('MUL_FLOAT', 1.1169201629249619), ('MUL_DOUBLE', 1.0559040707588152), ('REM_FIX', 0.8489018965363911), ('ADD_DOUBLE', 1.0340232250116794), ('MUL_FIX', 1.0668981391618586), ('CAST_DOUBLE_FIX', 0.944403146334821), ('REM_DOUBLE', 0.6740932364699952), ('SUB_FLOAT', 1.087886278502813), ('CAST_DOUBLE_FLOAT', 1.2276225174226398), ('ADD_FLOAT', 0.7128821400091415), ('CAST_FIX_DOUBLE', 0.797982461517592), ('CAST_FLOAT_FIX', 1.170919098158359), ('CAST_FLOAT_DOUBLE', 0.9326860395830032), ('DIV_FLOAT', 1.4087641932084054)]
2023-12-12 14:45:22,416 [INFO] Compiling and running for idx 16
2023-12-12 14:46:12,693 [INFO] Calculating loss for idx 16

2023-12-12 14:46:13,476 [INFO] 
          fix_nofl flo_nofl                              e_perc                               e_abs     fix_t     flt_t                         speedup
gemm             0        0  0.00001479771693590298682699517632  0.00001244721276953818181818181818  0.028722  0.003194  0.1112039551563261611308404707
nussinov         0        0                                   0                                   0  0.035573  0.020911  0.5878334692041717032580890001
adi              0        0     0.07478138527832312320764620720             0.000747813852783233995  0.164585  0.060873  0.3698575204301728590090226934
fdtd-2d          0        0  0.00004704790130159278723838813586  0.00001697663885679788055555555556  0.020102  0.007512  0.3736941597850960103472291314
jacobi-1d        0        0  0.00007857036815572305723013131653                    3.95077510528E-7  0.000047  0.000040  0.8510638297872340425531914894
2023-12-12 14:46:13,478 [INFO] Mean performance gains: 0.4587306082248688
2023-12-12 14:46:13,479 [INFO] 
loss: 0.3542720079421997, prev_loss: 0.1505571961402893

2023-12-12 14:46:13,479 [INFO] Current jump probability: 0.28048433752858914
2023-12-12 14:46:13,484 [INFO] Loss increased from 0.1505571961402893 to 0.3542720079421997. Removing components ['SUB_DOUBLE' 'CAST_FIX_FIX' 'DIV_DOUBLE' 'MUL_FLOAT' 'MUL_DOUBLE'
 'REM_FIX' 'ADD_DOUBLE' 'MUL_FIX' 'CAST_DOUBLE_FIX' 'REM_DOUBLE'
 'SUB_FLOAT' 'CAST_DOUBLE_FLOAT' 'ADD_FLOAT' 'CAST_FIX_DOUBLE'
 'CAST_FLOAT_FIX' 'CAST_FLOAT_DOUBLE' 'DIV_FLOAT'] and reversing modifications.
2023-12-12 14:46:13,508 [INFO] Modifying components ['CAST_DOUBLE_FLOAT'] with modifications [('CAST_DOUBLE_FLOAT', 0.8335589763783144)]
2023-12-12 14:46:13,522 [INFO] Compiling and running for idx 17
2023-12-12 14:47:01,120 [INFO] Calculating loss for idx 17

2023-12-12 14:47:01,940 [INFO] 
          fix_nofl flo_nofl                              e_perc                               e_abs     fix_t     flt_t                         speedup
gemm             0        0  0.00001479771693590298682699517632  0.00001244721276953818181818181818  0.007371  0.002981  0.4044227377560710894044227378
nussinov         0        0                                   0                                   0  0.032776  0.012738  0.3886380278252379790090309983
adi              0        0     0.07478138527832312320764620720             0.000747813852783233995  0.296928  0.128450  0.4325964543593059596939325358
fdtd-2d          0        0  0.00004704790130159278723838813586  0.00001697663885679788055555555556  0.012785  0.014797   1.157371920219006648416112632
jacobi-1d        0        0  0.00007857036815572305723013131653                    3.95077510528E-7  0.000047  0.000021  0.4468085106382978723404255319
2023-12-12 14:47:01,941 [INFO] Mean performance gains: 0.5659675002098083
2023-12-12 14:47:01,942 [INFO] 
loss: 0.27128865718841555, prev_loss: 0.1505571961402893

2023-12-12 14:47:01,943 [INFO] Current jump probability: 0.35518110682697474
2023-12-12 14:47:01,943 [INFO] Loss increased from 0.1505571961402893 to 0.27128865718841555. Removing components ['CAST_DOUBLE_FLOAT'] and reversing modifications.
2023-12-12 14:47:01,959 [INFO] Modifying components ['ADD_FLOAT' 'SUB_DOUBLE' 'MUL_FIX' 'SUB_FLOAT' 'ADD_DOUBLE'
 'CAST_FIX_DOUBLE' 'CAST_FIX_FLOAT' 'DIV_FIX' 'DIV_DOUBLE' 'REM_DOUBLE'
 'CAST_FIX_FIX' 'DIV_FLOAT' 'CAST_FLOAT_DOUBLE' 'REM_FLOAT'
 'CAST_DOUBLE_FIX' 'REM_FIX' 'MUL_FLOAT' 'CAST_FLOAT_FIX'
 'CAST_DOUBLE_FLOAT'] with modifications [('ADD_FLOAT', 1.3157683887739064), ('SUB_DOUBLE', 1.0938844241114618), ('MUL_FIX', 1.1793871898957617), ('SUB_FLOAT', 0.7047170085156993), ('ADD_DOUBLE', 1.0384158866209026), ('CAST_FIX_DOUBLE', 1.4733438573056876), ('CAST_FIX_FLOAT', 0.9662998314612877), ('DIV_FIX', 1.1283598284927892), ('DIV_DOUBLE', 1.0094616200116895), ('REM_DOUBLE', 1.4717054453422733), ('CAST_FIX_FIX', 0.8358810085983388), ('DIV_FLOAT', 1.4940221370249342), ('CAST_FLOAT_DOUBLE', 1.2159997431766287), ('REM_FLOAT', 1.3408975739979048), ('CAST_DOUBLE_FIX', 1.0484587002241255), ('REM_FIX', 1.4060899635529283), ('MUL_FLOAT', 1.111611633977389), ('CAST_FLOAT_FIX', 1.1477325903646858), ('CAST_DOUBLE_FLOAT', 1.4312485206365966)]
2023-12-12 14:47:01,978 [INFO] Compiling and running for idx 18
2023-12-12 14:47:49,227 [INFO] Calculating loss for idx 18

2023-12-12 14:47:49,712 [INFO] 
          fix_nofl flo_nofl                              e_perc                               e_abs     fix_t     flt_t                         speedup
gemm             0        0  0.00001479771693590298682699517632  0.00001244721276953818181818181818  0.007411  0.002861  0.3860477668330859533126433680
nussinov         0        0                                   0                                   0  0.012912  0.016405   1.270523543990086741016109046
adi              0        0     0.07478138527832312320764620720             0.000747813852783233995  0.174439  0.060068  0.3443496007200224720389362471
fdtd-2d          0        0  0.00004704790130159278723838813586  0.00001697663885679788055555555556  0.008257  0.007226  0.8751362480319728715029671794
jacobi-1d        0        0  0.00007857036815572305723013131653                    3.95077510528E-7  0.000074  0.000020  0.2702702702702702702702702703
2023-12-12 14:47:49,715 [INFO] Mean performance gains: 0.6292654871940613
2023-12-12 14:47:49,721 [INFO] 
loss: 0.2709822654724121, prev_loss: 0.1505571961402893

2023-12-12 14:47:49,721 [INFO] Current jump probability: 0.3444707403425358
2023-12-12 14:47:49,730 [INFO] Loss increased from 0.1505571961402893 to 0.2709822654724121. Jumping to search new minima.
2023-12-12 14:47:49,755 [INFO] Modifying components ['SUB_FLOAT' 'CAST_FIX_DOUBLE' 'ADD_DOUBLE' 'MUL_FIX' 'CAST_FIX_FLOAT'
 'MUL_FLOAT' 'DIV_DOUBLE' 'CAST_DOUBLE_FLOAT'] with modifications [('SUB_FLOAT', 1.0904298728526933), ('CAST_FIX_DOUBLE', 0.843299611843173), ('ADD_DOUBLE', 1.332170069703005), ('MUL_FIX', 0.9144423494769812), ('CAST_FIX_FLOAT', 0.6896710283660943), ('MUL_FLOAT', 1.1611934368421504), ('DIV_DOUBLE', 1.3698669200029432), ('CAST_DOUBLE_FLOAT', 0.9841796907292613)]
2023-12-12 14:47:49,772 [INFO] Compiling and running for idx 19
2023-12-12 14:48:26,452 [INFO] Calculating loss for idx 19

2023-12-12 14:48:26,793 [INFO] 
          fix_nofl flo_nofl                              e_perc                               e_abs     fix_t     flt_t                         speedup
gemm             0        0  0.00001479771693590298682699517632  0.00001244721276953818181818181818  0.007208  0.002917  0.4046892341842397336293007769
adi              0        0     0.07478138527832312320764620720             0.000747813852783233995  0.283157  0.129480  0.4572728203788004534586819326
fdtd-2d          0        0  0.00004704790130159278723838813586  0.00001697663885679788055555555556  0.020014  0.006738  0.3366643349655241331068252223
jacobi-1d        0        0  0.00007857036815572305723013131653                    3.95077510528E-7  0.000047  0.000021  0.4468085106382978723404255319
2023-12-12 14:48:26,795 [INFO] Mean performance gains: 0.41135871410369873
2023-12-12 14:48:26,797 [INFO] 
loss: 0.3487457036972046, prev_loss: 0.2709822654724121

2023-12-12 14:48:26,797 [INFO] Current jump probability: 0.46621179145654523
2023-12-12 14:48:26,797 [INFO] Loss increased from 0.2709822654724121 to 0.3487457036972046. Removing components ['SUB_FLOAT' 'CAST_FIX_DOUBLE' 'ADD_DOUBLE' 'MUL_FIX' 'CAST_FIX_FLOAT'
 'MUL_FLOAT' 'DIV_DOUBLE' 'CAST_DOUBLE_FLOAT'] and reversing modifications.
2023-12-12 14:48:26,839 [INFO] Resetting benchmark to everything for idx 20
2023-12-12 14:48:26,840 [INFO] Compiling and running for idx 20
2023-12-12 14:53:36,074 [INFO] Calculating loss for idx 20

2023-12-12 14:53:39,252 [INFO] 
               fix_nofl flo_nofl                              e_perc                                e_abs     fix_t     flt_t                         speedup
correlation           0        0       1.194385528564461457949895475      0.01194385528564461558680555556  0.006238  0.016454   2.637704392433472266752164155
covariance            0        0   0.0001481311655862873288252545117     0.002076789008244972704861111111  0.013534  0.010277  0.7593468302054086005615486922
2mm                   0        0    0.002116203505084219250051580296       0.1438640358449807895808080808  0.013161  0.017931   1.362434465466149988602689765
3mm                   0        0      0.1607428143865255962080035148        1.172867386937267929232804233  0.026400  0.063603   2.409204545454545454545454545
atax                  0        0    0.001245307518139623818345421377      0.03266340436183471048780487805  0.000196  0.000213   1.086734693877551020408163265
bicg                  0        0  0.00004759444696888559227595466863              0.000047051263120545625  0.000244  0.000410   1.680327868852459016393442623
doitgen               0        0  0.00001518226308628690546534849225  0.000002021210889111604166666666667  0.006389  0.007572   1.185161997182657692909688527
mvt                   0        0  0.00004734201893050139907084194797               0.00004664236306823225  0.000206  0.000388   1.883495145631067961165048544
gemm                  0        0  0.00001479771693590298682699517632   0.00001244721276953818181818181818  0.007930  0.004272  0.5387137452711223203026481715
gemver                0        0  0.00003027313379544594871299482309               0.00191701929193391475  0.000460  0.000488   1.060869565217391304347826087
gesummv               0        0  0.00004861237071837252610943306509                0.0000806915283183144  0.000201  0.000176  0.8756218905472636815920398010
symm                  0        0   0.0007963238953248391125850552133    0.0001487045288080912958333333333  0.027232  0.010222  0.3753672150411280846063454759
syr2k                 0        0  0.00001699802890578776291817536193   0.00001223600474022919097222222222  0.019440  0.005392  0.2773662551440329218106995885
syrk                  0        0    0.008908022082727790005679672968     0.003215815621837633934027777778  0.007542  0.003560  0.4720233359851498276319278706
trmm                  0        0   0.0001165630935028292699829867013            0.00004396649698377393125  0.005413  0.006198   1.145021245150563458341030852
cholesky              0        0   0.0008462985893928526759173484168  0.000005670095025417226932668329177  0.012636  0.010889  0.8617442228553339664450775562
durbin                0        0      -25.16409692019274273840881420               0.00062922264855964425  0.000171  0.000145  0.8479532163742690058479532164
gramschmidt           0        0       8.481730959763505411538193444       0.2667616760502377581136363636  0.029931  0.014713  0.4915639303731916741839564331
lu                    0        0    0.002061708849909160448173884941               0.00001379618248277339  0.019427  0.054221   2.791012508364647140577546713
ludcmp                0        0      0.2520458220045806715679653536               0.00002521245863239575  0.057320  0.025401  0.4431437543614794138171667830
trisolv               0        0   0.0007163980422090239072829048338               0.00000225930572684625  0.000128  0.000141                       1.1015625
deriche               0        0  0.00003496357273198525772562378705     6.531283331761574074074074074E-9  0.018389  0.006328  0.3441187666539779215835553864
floyd-warshall        0        0                                   0                                    0  0.092320  0.305657   3.310842720970537261698440208
nussinov              0        0                                   0                                    0  0.019253  0.013721  0.7126681556121123980678335844
adi                   0        0     0.07478138527832312320764620720              0.000747813852783233995  0.296088  0.133987  0.4525242495474318445867444814
fdtd-2d               0        0  0.00004704790130159278723838813586   0.00001697663885679788055555555556  0.013321  0.030809   2.312814353276781022445762330
heat-3d               0        0                                   0                                0E-16  0.018377  0.014570  0.7928388746803069053708439898
jacobi-1d             0        0  0.00007857036815572305723013131653                     3.95077510528E-7  0.000047  0.000020  0.4255319148936170212765957447
jacobi-2d             0        0   0.0001428396627244173423026414782             0.0000900335637676545744  0.013537  0.014323   1.058063086355913422471744109
seidel-2d             0        0   0.0001020126506449179568796360769           0.000102525901793475199375  0.093462  0.090285  0.9660075752712332284778840598
2023-12-12 14:53:39,255 [INFO] Mean performance gains: 1.1553928852081299
2023-12-12 14:53:39,257 [INFO] Modifying components ['ADD_FLOAT' 'DIV_DOUBLE' 'MUL_FIX' 'SUB_FLOAT' 'CAST_FLOAT_DOUBLE'
 'ADD_DOUBLE' 'MUL_FLOAT' 'CAST_DOUBLE_FIX' 'REM_FIX' 'DIV_FLOAT'
 'MUL_DOUBLE' 'CAST_FIX_FLOAT'] with modifications [('ADD_FLOAT', 1.194822056367772), ('DIV_DOUBLE', 1.3358025664536064), ('MUL_FIX', 1.247333544633813), ('SUB_FLOAT', 1.3051759950373962), ('CAST_FLOAT_DOUBLE', 0.9520446615056797), ('ADD_DOUBLE', 1.3715427997573868), ('MUL_FLOAT', 1.0239735983453855), ('CAST_DOUBLE_FIX', 1.3533414413501792), ('REM_FIX', 1.1887465498510172), ('DIV_FLOAT', 0.7861853028405699), ('MUL_DOUBLE', 0.7319884688037231), ('CAST_FIX_FLOAT', 0.681943214649268)]
2023-12-12 14:53:39,285 [INFO] Compiling and running for idx 21
2023-12-12 14:58:38,958 [INFO] Calculating loss for idx 21

2023-12-12 14:58:43,217 [INFO] 
               fix_nofl flo_nofl                              e_perc                                e_abs     fix_t     flt_t                         speedup
correlation           0        0       1.194385528564461457949895475      0.01194385528564461558680555556  0.011427  0.014513   1.270062133543362212304191826
covariance            0        0   0.0001481311655862873288252545117     0.002076789008244972704861111111  0.017835  0.025779   1.445416316232127838519764508
2mm                   0        0    0.002116203505084219250051580296       0.1438640358449807895808080808  0.019459  0.018453  0.9483015571200986689963513027
3mm                   0        0      0.1607428143865255962080035148        1.172867386937267929232804233  0.033733  0.051793   1.535380784395102718406308363
atax                  0        0    0.001245307518139623818345421377      0.03266340436183471048780487805  0.000183  0.000225   1.229508196721311475409836066
bicg                  0        0  0.00004759444696888559227595466863              0.000047051263120545625  0.000217  0.000395   1.820276497695852534562211982
doitgen               0        0  0.00001518226308628690546534849225  0.000002021210889111604166666666667  0.012253  0.006868  0.5605157920509263037623439158
mvt                   0        0  0.00004734201893050139907084194797               0.00004664236306823225  0.000514  0.000685   1.332684824902723735408560311
gemm                  0        0  0.00001479771693590298682699517632   0.00001244721276953818181818181818  0.011447  0.003845  0.3358958679129903031361928890
gemver                0        0  0.00003027313379544594871299482309               0.00191701929193391475  0.000458  0.000598   1.305676855895196506550218341
gesummv               0        0  0.00004861237071837252610943306509                0.0000806915283183144  0.000091  0.000153   1.681318681318681318681318681
symm                  0        0   0.0007963238953248391125850552133    0.0001487045288080912958333333333  0.007805  0.009906   1.269186418962203715566944266
syr2k                 0        0  0.00001699802890578776291817536193   0.00001223600474022919097222222222  0.009382  0.005687  0.6061607333191217224472393946
syrk                  0        0    0.008908022082727790005679672968     0.003215815621837633934027777778  0.007463  0.002215  0.2967975345035508508642637009
trmm                  0        0   0.0001165630935028292699829867013            0.00004396649698377393125  0.008585  0.017008   1.981129877693651718112987769
cholesky              0        0   0.0008462985893928526759173484168  0.000005670095025417226932668329177  0.007683  0.026360   3.430951451256019783938565664
durbin                0        0      -25.16409692019274273840881420               0.00062922264855964425  0.000111  0.000136   1.225225225225225225225225225
gramschmidt           0        0       8.481730959763505411538193444       0.2667616760502377581136363636  0.010036  0.012565   1.251992825827022718214428059
lu                    0        0    0.002061708849909160448173884941               0.00001379618248277339  0.031995  0.024110  0.7535552430067197999687451164
ludcmp                0        0      0.2520458220045806715679653536               0.00002521245863239575  0.030115  0.031356   1.041208699983396978250041508
trisolv               0        0   0.0007163980422090239072829048338               0.00000225930572684625  0.000091  0.000115   1.263736263736263736263736264
deriche               0        0  0.00003496357273198525772562378705     6.531283331761574074074074074E-9  0.029856  0.006849  0.2294011254019292604501607717
floyd-warshall        0        0                                   0                                    0  0.202768  0.156406  0.7713544543517714826797127752
nussinov              0        0                                   0                                    0  0.020839  0.012902  0.6191275972935361581649791257
adi                   0        0     0.07478138527832312320764620720              0.000747813852783233995  0.256435  0.062182  0.2424864000623939789810283308
fdtd-2d               0        0  0.00004704790130159278723838813586   0.00001697663885679788055555555556  0.008775  0.018975   2.162393162393162393162393162
heat-3d               0        0                                   0                                0E-16  0.009762  0.012317   1.261729153861913542306904323
jacobi-1d             0        0  0.00007857036815572305723013131653                     3.95077510528E-7  0.000046  0.000020  0.4347826086956521739130434783
jacobi-2d             0        0   0.0001428396627244173423026414782             0.0000900335637676545744  0.008926  0.014500   1.624467846739861079991037419
seidel-2d             0        0   0.0001020126506449179568796360769           0.000102525901793475199375  0.076610  0.105554   1.377809685419658008092938259
2023-12-12 14:58:43,220 [INFO] Mean performance gains: 1.1769511699676514
2023-12-12 14:58:43,223 [INFO] 
loss: 0.1010551373163859, prev_loss: 0.10915590127309163

2023-12-12 14:58:43,223 [INFO] Loss decreased from 0.10915590127309163 to 0.1010551373163859. Resetting components.
2023-12-12 14:58:43,237 [INFO] Modifying components ['DIV_FLOAT'] with modifications [('DIV_FLOAT', 1.2114078985470966)]
2023-12-12 14:58:43,253 [INFO] Compiling and running for idx 22
2023-12-12 15:01:18,721 [INFO] Calculating loss for idx 22

2023-12-12 15:01:21,132 [INFO] 
               fix_nofl flo_nofl                              e_perc                                e_abs     fix_t     flt_t                         speedup
2mm                   0        0    0.002116203505084219250051580296       0.1438640358449807895808080808  0.021344  0.023051   1.079975637181409295352323838
doitgen               0        0  0.00001518226308628690546534849225  0.000002021210889111604166666666667  0.007141  0.005278  0.7391121691639826354852261588
gemm                  0        0  0.00001479771693590298682699517632   0.00001244721276953818181818181818  0.015293  0.011572  0.7566860655201726279997384424
syr2k                 0        0  0.00001699802890578776291817536193   0.00001223600474022919097222222222  0.008979  0.005301  0.5903775476110925492816572001
syrk                  0        0    0.008908022082727790005679672968     0.003215815621837633934027777778  0.004505  0.003801  0.8437291897891231964483906770
lu                    0        0    0.002061708849909160448173884941               0.00001379618248277339  0.035671  0.021410  0.6002074514311345350564884640
ludcmp                0        0      0.2520458220045806715679653536               0.00002521245863239575  0.020585  0.020261  0.9842603837745931503521982026
deriche               0        0  0.00003496357273198525772562378705     6.531283331761574074074074074E-9  0.019662  0.006422  0.3266198759027565863086156037
floyd-warshall        0        0                                   0                                    0  0.185300  0.123316  0.6654937938478143550998381004
nussinov              0        0                                   0                                    0  0.012873  0.036631   2.845568243610657966286025014
adi                   0        0     0.07478138527832312320764620720              0.000747813852783233995  0.281558  0.124697  0.4428821059959226873326277357
jacobi-1d             0        0  0.00007857036815572305723013131653                     3.95077510528E-7  0.000046  0.000021  0.4565217391304347826086956522
2023-12-12 15:01:21,136 [INFO] Mean performance gains: 0.8609528541564941
2023-12-12 15:01:21,137 [INFO] 
loss: 0.13755343357721964, prev_loss: 0.1010551373163859

2023-12-12 15:01:21,137 [INFO] Current jump probability: 0.3967169174313199
2023-12-12 15:01:21,137 [INFO] Loss increased from 0.1010551373163859 to 0.13755343357721964. Jumping to search new minima.
2023-12-12 15:01:21,159 [INFO] Modifying components ['CAST_FIX_DOUBLE' 'SUB_DOUBLE' 'MUL_DOUBLE' 'CAST_FLOAT_DOUBLE' 'MUL_FIX'
 'CAST_FLOAT_FIX'] with modifications [('CAST_FIX_DOUBLE', 1.1292158353751995), ('SUB_DOUBLE', 1.384324612757031), ('MUL_DOUBLE', 1.2877677554010463), ('CAST_FLOAT_DOUBLE', 0.8871239382828096), ('MUL_FIX', 1.4998075972999312), ('CAST_FLOAT_FIX', 1.14477630009044)]
2023-12-12 15:01:21,176 [INFO] Compiling and running for idx 23
2023-12-12 15:03:37,197 [INFO] Calculating loss for idx 23

2023-12-12 15:03:39,398 [INFO] 
               fix_nofl flo_nofl                              e_perc                                e_abs     fix_t     flt_t                         speedup
doitgen               0        0  0.00001518226308628690546534849225  0.000002021210889111604166666666667  0.005046  0.007051   1.397344431232659532302814110
gemm                  0        0  0.00001479771693590298682699517632   0.00001244721276953818181818181818  0.019012  0.006870  0.3613507258573532505785819482
syr2k                 0        0  0.00001699802890578776291817536193   0.00001223600474022919097222222222  0.016293  0.013554  0.8318909961333087829129073835
syrk                  0        0    0.008908022082727790005679672968     0.003215815621837633934027777778  0.004255  0.002370  0.5569917743830787309048178613
lu                    0        0    0.002061708849909160448173884941               0.00001379618248277339  0.083325  0.021363  0.2563816381638163816381638164
ludcmp                0        0      0.2520458220045806715679653536               0.00002521245863239575  0.019776  0.019943   1.008444579288025889967637540
deriche               0        0  0.00003496357273198525772562378705     6.531283331761574074074074074E-9  0.012133  0.006245  0.5147119426357866974367427677
floyd-warshall        0        0                                   0                                    0  0.113060  0.226400   2.002476561117990447549973465
adi                   0        0     0.07478138527832312320764620720              0.000747813852783233995  0.192750  0.065862  0.3416964980544747081712062257
jacobi-1d             0        0  0.00007857036815572305723013131653                     3.95077510528E-7  0.000076  0.000020  0.2631578947368421052631578947
2023-12-12 15:03:39,401 [INFO] Mean performance gains: 0.7534446716308594
2023-12-12 15:03:39,411 [INFO] 
loss: 0.2397162437438965, prev_loss: 0.13755343357721964

2023-12-12 15:03:39,419 [INFO] Current jump probability: 0.29838522556098335
2023-12-12 15:03:39,419 [INFO] Loss increased from 0.13755343357721964 to 0.2397162437438965. Removing components ['CAST_FIX_DOUBLE' 'SUB_DOUBLE' 'MUL_DOUBLE' 'CAST_FLOAT_DOUBLE' 'MUL_FIX'
 'CAST_FLOAT_FIX'] and reversing modifications.
2023-12-12 15:03:39,434 [INFO] Modifying components ['CAST_DOUBLE_FIX' 'CAST_DOUBLE_FLOAT' 'MUL_FIX' 'DIV_FIX'
 'CAST_FIX_FLOAT' 'MUL_DOUBLE' 'DIV_DOUBLE' 'REM_FLOAT' 'REM_DOUBLE'
 'CAST_FLOAT_FIX' 'DIV_FLOAT' 'CAST_FIX_FIX' 'CAST_FIX_DOUBLE' 'MUL_FLOAT'
 'ADD_DOUBLE' 'CAST_FLOAT_DOUBLE' 'REM_FIX' 'ADD_FLOAT' 'SUB_DOUBLE'
 'SUB_FLOAT'] with modifications [('CAST_DOUBLE_FIX', 1.4341814962088408), ('CAST_DOUBLE_FLOAT', 0.7040298565750488), ('MUL_FIX', 0.857170165274039), ('DIV_FIX', 1.368738515414602), ('CAST_FIX_FLOAT', 0.9213092150365215), ('MUL_DOUBLE', 1.0702676196922092), ('DIV_DOUBLE', 1.2083777527764243), ('REM_FLOAT', 0.7866184662010152), ('REM_DOUBLE', 0.9214980725611477), ('CAST_FLOAT_FIX', 1.405766979590473), ('DIV_FLOAT', 1.4057015305277023), ('CAST_FIX_FIX', 1.0960135611209596), ('CAST_FIX_DOUBLE', 0.8892391383460329), ('MUL_FLOAT', 1.4002861466276593), ('ADD_DOUBLE', 1.0816524226619868), ('CAST_FLOAT_DOUBLE', 0.9445322729518897), ('REM_FIX', 1.4122471068668538), ('ADD_FLOAT', 0.8370686713200141), ('SUB_DOUBLE', 1.3496704309400518), ('SUB_FLOAT', 1.3656981041763734)]
2023-12-12 15:03:39,456 [INFO] Compiling and running for idx 24
2023-12-12 15:06:20,473 [INFO] Calculating loss for idx 24

2023-12-12 15:06:22,509 [INFO] 
               fix_nofl flo_nofl                              e_perc                                e_abs     fix_t     flt_t                         speedup
doitgen               0        0  0.00001518226308628690546534849225  0.000002021210889111604166666666667  0.005657  0.006632   1.172352837192858405515290790
gemm                  0        0  0.00001479771693590298682699517632   0.00001244721276953818181818181818  0.009814  0.004653  0.4741186060729570002037905034
syr2k                 0        0  0.00001699802890578776291817536193   0.00001223600474022919097222222222  0.011484  0.006021  0.5242946708463949843260188088
syrk                  0        0    0.008908022082727790005679672968     0.003215815621837633934027777778  0.005846  0.003402  0.5819363667464933287718097845
lu                    0        0    0.002061708849909160448173884941               0.00001379618248277339  0.024344  0.021159  0.8691669405192244495563588564
ludcmp                0        0      0.2520458220045806715679653536               0.00002521245863239575  0.019667  0.019440  0.9884578227487669700513550618
deriche               0        0  0.00003496357273198525772562378705     6.531283331761574074074074074E-9  0.012243  0.006321  0.5162950257289879931389365352
floyd-warshall        0        0                                   0                                    0  0.091541  0.133567   1.459094831823991435531619711
adi                   0        0     0.07478138527832312320764620720              0.000747813852783233995  0.141227  0.063316  0.4483278693167737047448434081
jacobi-1d             0        0  0.00007857036815572305723013131653                     3.95077510528E-7  0.000059  0.000034  0.5762711864406779661016949153
2023-12-12 15:06:22,511 [INFO] Mean performance gains: 0.7610316276550293
2023-12-12 15:06:22,512 [INFO] 
loss: 0.14127331972122192, prev_loss: 0.13755343357721964

2023-12-12 15:06:22,512 [INFO] Current jump probability: 0.48683443501100265
2023-12-12 15:06:22,515 [INFO] Loss increased from 0.13755343357721964 to 0.14127331972122192. Removing components ['CAST_DOUBLE_FIX' 'CAST_DOUBLE_FLOAT' 'MUL_FIX' 'DIV_FIX'
 'CAST_FIX_FLOAT' 'MUL_DOUBLE' 'DIV_DOUBLE' 'REM_FLOAT' 'REM_DOUBLE'
 'CAST_FLOAT_FIX' 'DIV_FLOAT' 'CAST_FIX_FIX' 'CAST_FIX_DOUBLE' 'MUL_FLOAT'
 'ADD_DOUBLE' 'CAST_FLOAT_DOUBLE' 'REM_FIX' 'ADD_FLOAT' 'SUB_DOUBLE'
 'SUB_FLOAT'] and reversing modifications.
2023-12-12 15:06:22,539 [INFO] Modifying components ['REM_DOUBLE'] with modifications [('REM_DOUBLE', 0.8056776233169246)]
2023-12-12 15:06:22,552 [INFO] Compiling and running for idx 25
2023-12-12 15:08:07,334 [INFO] Calculating loss for idx 25

2023-12-12 15:08:08,898 [INFO] 
               fix_nofl flo_nofl                              e_perc                                e_abs     fix_t     flt_t                         speedup
doitgen               0        0  0.00001518226308628690546534849225  0.000002021210889111604166666666667  0.005538  0.005650   1.020223907547851209823040809
gemm                  0        0  0.00001479771693590298682699517632   0.00001244721276953818181818181818  0.009722  0.003931  0.4043406706439004320098745114
syr2k                 0        0  0.00001699802890578776291817536193   0.00001223600474022919097222222222  0.011130  0.006898  0.6197663971248876909254267745
syrk                  0        0    0.008908022082727790005679672968     0.003215815621837633934027777778  0.004050  0.003382  0.8350617283950617283950617284
lu                    0        0    0.002061708849909160448173884941               0.00001379618248277339  0.021813  0.021836   1.001054417090725714023747307
ludcmp                0        0      0.2520458220045806715679653536               0.00002521245863239575  0.018726  0.019298   1.030545765246181779344227278
deriche               0        0  0.00003496357273198525772562378705     6.531283331761574074074074074E-9  0.014320  0.007896  0.5513966480446927374301675978
floyd-warshall        0        0                                   0                                    0  0.086968  0.118584   1.363536013246251494802686045
adi                   0        0     0.07478138527832312320764620720              0.000747813852783233995  0.134972  0.060026  0.4447292771834158195773938298
jacobi-1d             0        0  0.00007857036815572305723013131653                     3.95077510528E-7  0.000047  0.000020  0.4255319148936170212765957447
2023-12-12 15:08:08,900 [INFO] Mean performance gains: 0.7696186304092407
2023-12-12 15:08:08,901 [INFO] 
loss: 0.13661763668060303, prev_loss: 0.13755343357721964

2023-12-12 15:08:08,901 [INFO] Loss decreased from 0.13755343357721964 to 0.13661763668060303. Resetting components.
2023-12-12 15:08:08,912 [INFO] Modifying components ['CAST_FLOAT_DOUBLE' 'CAST_FLOAT_FIX' 'SUB_DOUBLE' 'SUB_FLOAT' 'DIV_FLOAT'
 'MUL_FIX'] with modifications [('CAST_FLOAT_DOUBLE', 1.4972945188424585), ('CAST_FLOAT_FIX', 1.3473624685497576), ('SUB_DOUBLE', 1.1619769161075642), ('SUB_FLOAT', 1.4799908742684664), ('DIV_FLOAT', 1.4179687549328241), ('MUL_FIX', 1.163006341740827)]
2023-12-12 15:08:08,926 [INFO] Compiling and running for idx 26
2023-12-12 15:08:56,342 [INFO] Calculating loss for idx 26

2023-12-12 15:08:58,354 [INFO] 
          fix_nofl flo_nofl                              e_perc                               e_abs     fix_t     flt_t                         speedup
gemm             0        0  0.00001479771693590298682699517632  0.00001244721276953818181818181818  0.010437  0.004133  0.3959950177254000191625946153
syr2k            0        0  0.00001699802890578776291817536193  0.00001223600474022919097222222222  0.011697  0.006471  0.5532187740446268273916388818
syrk             0        0    0.008908022082727790005679672968    0.003215815621837633934027777778  0.005818  0.003155  0.5422825713303540735647989000
deriche          0        0  0.00003496357273198525772562378705    6.531283331761574074074074074E-9  0.011315  0.008011  0.7079982324348210340256296951
adi              0        0     0.07478138527832312320764620720             0.000747813852783233995  0.147891  0.063258  0.4277339391849402600563928839
jacobi-1d        0        0  0.00007857036815572305723013131653                    3.95077510528E-7  0.000047  0.000020  0.4255319148936170212765957447
2023-12-12 15:08:58,356 [INFO] Mean performance gains: 0.5087934136390686
2023-12-12 15:08:58,357 [INFO] 
loss: 0.2527846097946167, prev_loss: 0.13661763668060303

2023-12-12 15:08:58,357 [INFO] Current jump probability: 0.24860735360486227
2023-12-12 15:08:58,357 [INFO] Loss increased from 0.13661763668060303 to 0.2527846097946167. Jumping to search new minima.
2023-12-12 15:08:58,365 [INFO] Modifying components ['SUB_DOUBLE' 'REM_DOUBLE' 'DIV_DOUBLE' 'MUL_DOUBLE' 'CAST_FIX_DOUBLE'
 'SUB_FLOAT' 'CAST_DOUBLE_FLOAT' 'CAST_FLOAT_DOUBLE' 'MUL_FLOAT'
 'CAST_DOUBLE_FIX' 'CAST_FIX_FIX' 'CAST_FLOAT_FIX' 'ADD_FLOAT' 'DIV_FIX'
 'MUL_FIX' 'DIV_FLOAT' 'ADD_DOUBLE' 'CAST_FIX_FLOAT'] with modifications [('SUB_DOUBLE', 0.8411098348151134), ('REM_DOUBLE', 1.1544015652105504), ('DIV_DOUBLE', 1.0331563509076018), ('MUL_DOUBLE', 1.17796155340571), ('CAST_FIX_DOUBLE', 0.9333090756919082), ('SUB_FLOAT', 0.7599158758871335), ('CAST_DOUBLE_FLOAT', 0.9275117389575955), ('CAST_FLOAT_DOUBLE', 1.4949482352377788), ('MUL_FLOAT', 0.8048112569123407), ('CAST_DOUBLE_FIX', 1.0524330478794344), ('CAST_FIX_FIX', 1.1962640582760755), ('CAST_FLOAT_FIX', 0.6975726644384318), ('ADD_FLOAT', 0.8777280628978792), ('DIV_FIX', 1.3918437969499147), ('MUL_FIX', 0.7830254692032338), ('DIV_FLOAT', 0.6817251410999072), ('ADD_DOUBLE', 1.2414280806800817), ('CAST_FIX_FLOAT', 1.3925647259207525)]
2023-12-12 15:08:58,387 [INFO] Compiling and running for idx 27
2023-12-12 15:09:46,578 [INFO] Calculating loss for idx 27

2023-12-12 15:09:47,752 [INFO] 
          fix_nofl flo_nofl                              e_perc                               e_abs     fix_t     flt_t                         speedup
gemm             0        0  0.00001479771693590298682699517632  0.00001244721276953818181818181818  0.007843  0.004173  0.5320668111691954609205661099
syr2k            0        0  0.00001699802890578776291817536193  0.00001223600474022919097222222222  0.008936  0.005237  0.5860564010743061772605192480
syrk             0        0    0.008908022082727790005679672968    0.003215815621837633934027777778  0.004063  0.002736  0.6733940438099926162933792764
deriche          0        0  0.00003496357273198525772562378705    6.531283331761574074074074074E-9  0.013506  0.006035  0.4468384421738486598548793129
adi              0        0     0.07478138527832312320764620720             0.000747813852783233995  0.140421  0.058698  0.4180143995556220223470848377
jacobi-1d        0        0  0.00007857036815572305723013131653                    3.95077510528E-7  0.000097  0.000034  0.3505154639175257731958762887
2023-12-12 15:09:47,754 [INFO] Mean performance gains: 0.5011475682258606
2023-12-12 15:09:47,757 [INFO] 
loss: 0.260584553082784, prev_loss: 0.2527846097946167

2023-12-12 15:09:47,757 [INFO] Current jump probability: 0.4268297064956751
2023-12-12 15:09:47,757 [INFO] Loss increased from 0.2527846097946167 to 0.260584553082784. Jumping to search new minima.
2023-12-12 15:09:47,770 [INFO] Modifying components ['CAST_DOUBLE_FIX' 'CAST_DOUBLE_FLOAT'] with modifications [('CAST_DOUBLE_FIX', 1.2076282636965296), ('CAST_DOUBLE_FLOAT', 1.2280818023811424)]
2023-12-12 15:09:47,782 [INFO] Compiling and running for idx 28
2023-12-12 15:10:37,211 [INFO] Calculating loss for idx 28

2023-12-12 15:10:38,641 [INFO] 
          fix_nofl flo_nofl                              e_perc                               e_abs     fix_t     flt_t                         speedup
gemm             0        0  0.00001479771693590298682699517632  0.00001244721276953818181818181818  0.008419  0.003496  0.4152512174842617888110226868
syr2k            0        0  0.00001699802890578776291817536193  0.00001223600474022919097222222222  0.008937  0.006079  0.6802058856439521092089067920
syrk             0        0    0.008908022082727790005679672968    0.003215815621837633934027777778  0.005087  0.003561  0.7000196579516414389620601533
deriche          0        0  0.00003496357273198525772562378705    6.531283331761574074074074074E-9  0.014697  0.007985  0.5433081581275090154453289787
adi              0        0     0.07478138527832312320764620720             0.000747813852783233995  0.140286  0.059442  0.4237201146229844745733715410
jacobi-1d        0        0  0.00007857036815572305723013131653                    3.95077510528E-7  0.000069  0.000035  0.5072463768115942028985507246
2023-12-12 15:10:38,643 [INFO] Mean performance gains: 0.5449585318565369
2023-12-12 15:10:38,648 [INFO] 
loss: 0.2196099360783895, prev_loss: 0.260584553082784

2023-12-12 15:10:38,648 [INFO] Loss decreased from 0.260584553082784 to 0.2196099360783895. Resetting components.
2023-12-12 15:10:38,665 [INFO] Modifying components ['REM_FIX' 'DIV_FIX' 'CAST_FLOAT_DOUBLE' 'MUL_FIX' 'CAST_FLOAT_FIX'
 'CAST_FIX_FLOAT' 'CAST_FIX_DOUBLE' 'DIV_FLOAT' 'REM_DOUBLE' 'SUB_FLOAT'
 'SUB_DOUBLE' 'MUL_DOUBLE' 'CAST_FIX_FIX' 'ADD_DOUBLE' 'MUL_FLOAT'
 'DIV_DOUBLE' 'REM_FLOAT'] with modifications [('REM_FIX', 0.6967407658361631), ('DIV_FIX', 1.3696719729320426), ('CAST_FLOAT_DOUBLE', 1.0416382839855538), ('MUL_FIX', 1.480400801995829), ('CAST_FLOAT_FIX', 0.7145387365087925), ('CAST_FIX_FLOAT', 0.8025739575351729), ('CAST_FIX_DOUBLE', 0.8188280267382779), ('DIV_FLOAT', 1.1177435104152416), ('REM_DOUBLE', 0.8939152363014323), ('SUB_FLOAT', 1.07772321978694), ('SUB_DOUBLE', 1.278285644072875), ('MUL_DOUBLE', 0.8206289694625862), ('CAST_FIX_FIX', 1.433914400385731), ('ADD_DOUBLE', 1.2167189189500882), ('MUL_FLOAT', 1.2417292607490271), ('DIV_DOUBLE', 0.8067380531731501), ('REM_FLOAT', 1.2381277783815676)]
2023-12-12 15:10:38,709 [INFO] Compiling and running for idx 29
2023-12-12 15:10:55,894 [INFO] Calculating loss for idx 29

