2023-12-12 11:21:18,054 [INFO] Started logging at 20231212-112118
2023-12-12 11:21:18,056 [INFO] Hyperparameters: 
num_components_min: 1
num_components_max: 20
range_low: 0.666666
range_high: 1.5
prob_jump: 0.5
no_jump_threshold: 1.0

2023-12-12 11:21:18,076 [INFO] Benchmarking for 50 indices
2023-12-12 11:21:18,076 [INFO] Running for idx 0

2023-12-12 11:25:12,052 [INFO] Calculating loss for idx 0

2023-12-12 11:25:17,431 [INFO] 
               fix_nofl flo_nofl                              e_perc                                e_abs     fix_t     flt_t                         speedup
correlation           0        0       1.194385528564461457949895475      0.01194385528564461558680555556  0.007859  0.011072   1.408830640030538236416846927
covariance            0        0   0.0001481311655862873288252545117     0.002076789008244972704861111111  0.007498  0.011833   1.578154174446519071752467325
2mm                   0        0    0.002116203505084219250051580296       0.1438640358449807895808080808  0.011691  0.015505   1.326233855102215379351638012
3mm                   0        0      0.1607428143865255962080035148        1.172867386937267929232804233  0.016013  0.024883   1.553924935989508524323986761
atax                  0        0    0.001245307518139623818345421377      0.03266340436183471048780487805  0.000188  0.000295   1.569148936170212765957446809
bicg                  0        0  0.00004759444696888559227595466863              0.000047051263120545625  0.000322  0.000496   1.540372670807453416149068323
doitgen               0        0  0.00001518226308628690546534849225  0.000002021210889111604166666666667  0.004240  0.006955   1.640330188679245283018867925
mvt                   0        0  0.00004734201893050139907084194797               0.00004664236306823225  0.000272  0.000534   1.963235294117647058823529412
gemm                  0        0  0.00001479771693590298682699517632   0.00001244721276953818181818181818  0.009926  0.003930  0.3959298811202901470884545638
gemver                0        0  0.00003027313379544594871299482309               0.00191701929193391475  0.000624  0.000656   1.051282051282051282051282051
gesummv               0        0  0.00004861237071837252610943306509                0.0000806915283183144  0.000152  0.000209                           1.375
symm                  0        0   0.0007963238953248391125850552133    0.0001487045288080912958333333333  0.009707  0.008777  0.9041928505202431235191099207
syr2k                 0        0  0.00001699802890578776291817536193   0.00001223600474022919097222222222  0.008869  0.007083  0.7986244221445484271056488894
syrk                  0        0    0.008908022082727790005679672968     0.003215815621837633934027777778  0.004569  0.002660  0.5821842854016196104180345809
trmm                  0        0   0.0001165630935028292699829867013            0.00004396649698377393125  0.006456  0.006101  0.9450123915737298636926889715
cholesky              0        0   0.0008462985893928526759173484168  0.000005670095025417226932668329177  0.007649  0.010780   1.409334553536409988233756047
durbin                0        0      -25.16409692019274273840881420               0.00062922264855964425  0.000115  0.000122   1.060869565217391304347826087
gramschmidt           0        0       8.481730959763505411538193444       0.2667616760502377581136363636  0.012871  0.013451   1.045062543702897987724341543
lu                    0        0    0.002061708849909160448173884941               0.00001379618248277339  0.036669  0.022445  0.6120974119828738171207286809
ludcmp                0        0      0.2520458220045806715679653536               0.00002521245863239575  0.018458  0.019500   1.056452486726622602665510890
trisolv               0        0   0.0007163980422090239072829048338               0.00000225930572684625  0.000137  0.000123  0.8978102189781021897810218978
deriche               0        0  0.00003496357273198525772562378705     6.531283331761574074074074074E-9  0.012706  0.006539  0.5146387533448764363292932473
floyd-warshall        0        0                                   0                                    0  0.087517  0.147299   1.683090142486602602922860701
nussinov              0        0                                   0                                    0  0.018663  0.012583  0.6742217221239886406258372180
adi                   0        0     0.07478138527832312320764620720              0.000747813852783233995  0.148117  0.061142  0.4127952902097666034283708150
fdtd-2d               0        0  0.00004704790130159278723838813586   0.00001697663885679788055555555556  0.012369  0.007145  0.5776538119492279084808796184
heat-3d               0        0                                   0                                0E-16  0.017559  0.020952   1.193234238851870835468990261
jacobi-1d             0        0  0.00007857036815572305723013131653                     3.95077510528E-7  0.000047  0.000041  0.8723404255319148936170212766
jacobi-2d             0        0   0.0001428396627244173423026414782             0.0000900335637676545744  0.013375  0.016147   1.207252336448598130841121495
seidel-2d             0        0   0.0001020126506449179568796360769           0.000102525901793475199375  0.052263  0.090013   1.722308325201385301264757094
2023-12-12 11:25:17,444 [INFO] Modifying components ['CAST_FIX_DOUBLE' 'REM_FIX' 'SUB_DOUBLE' 'CAST_DOUBLE_FIX'
 'CAST_FLOAT_DOUBLE' 'CAST_FIX_FLOAT'] with modifications [('CAST_FIX_DOUBLE', 0.8579804978263305), ('REM_FIX', 1.1120112803984534), ('SUB_DOUBLE', 1.4283016297907105), ('CAST_DOUBLE_FIX', 1.047670311459029), ('CAST_FLOAT_DOUBLE', 1.0255817597863017), ('CAST_FIX_FLOAT', 1.4492731172715478)]
2023-12-12 11:25:17,461 [INFO] Running idx 1

2023-12-12 11:27:17,059 [INFO] Calculating loss for idx 1

2023-12-12 11:27:20,149 [INFO] 
          fix_nofl flo_nofl                              e_perc                               e_abs     fix_t     flt_t                         speedup
gemm             0        0  0.00001479771693590298682699517632  0.00001244721276953818181818181818  0.013041  0.004727  0.3624722030519131968407330726
symm             0        0   0.0007963238953248391125850552133   0.0001487045288080912958333333333  0.006626  0.007935   1.197555086024750980984002415
syr2k            0        0  0.00001699802890578776291817536193  0.00001223600474022919097222222222  0.015619  0.005542  0.3548242525129649785517638773
syrk             0        0    0.008908022082727790005679672968    0.003215815621837633934027777778  0.004363  0.003683  0.8441439376575750630300252120
trmm             0        0   0.0001165630935028292699829867013           0.00004396649698377393125  0.007980  0.004760  0.5964912280701754385964912281
lu               0        0    0.002061708849909160448173884941              0.00001379618248277339  0.019650  0.021315   1.084732824427480916030534351
ludcmp           0        0      0.2520458220045806715679653536              0.00002521245863239575  0.018536  0.020152   1.087181700474751834268450583
trisolv          0        0   0.0007163980422090239072829048338              0.00000225930572684625  0.000092  0.000102   1.108695652173913043478260870
deriche          0        0  0.00003496357273198525772562378705    6.531283331761574074074074074E-9  0.012344  0.005844  0.4734283862605314322747893714
nussinov         0        0                                   0                                   0  0.015098  0.013428  0.8893893230891508809113789906
adi              0        0     0.07478138527832312320764620720             0.000747813852783233995  0.135947  0.061251  0.4505505822121856311650863940
fdtd-2d          0        0  0.00004704790130159278723838813586  0.00001697663885679788055555555556  0.007750  0.009104   1.174709677419354838709677419
jacobi-1d        0        0  0.00007857036815572305723013131653                    3.95077510528E-7  0.000046  0.000021  0.4565217391304347826086956522
2023-12-12 11:27:20,160 [INFO] 
loss: 1.8965797424316406, prev_loss: 1.6343262195587158

2023-12-12 11:27:20,160 [INFO] Current jump probability: -0.05
2023-12-12 11:27:20,163 [INFO] Loss increased from 1.6343262195587158 to 1.8965797424316406. Removing components ['CAST_FIX_DOUBLE' 'REM_FIX' 'SUB_DOUBLE' 'CAST_DOUBLE_FIX'
 'CAST_FLOAT_DOUBLE' 'CAST_FIX_FLOAT'] and reversing modifications.
2023-12-12 11:27:20,179 [INFO] Modifying components ['CAST_FLOAT_FIX' 'MUL_FIX' 'SUB_FLOAT' 'CAST_FIX_FIX' 'MUL_DOUBLE'
 'DIV_DOUBLE' 'REM_DOUBLE' 'MUL_FLOAT' 'ADD_FLOAT' 'ADD_DOUBLE'] with modifications [('CAST_FLOAT_FIX', 1.2254398137428146), ('MUL_FIX', 1.1608876606253928), ('SUB_FLOAT', 1.226378195621177), ('CAST_FIX_FIX', 1.009822840332797), ('MUL_DOUBLE', 0.8312918800212497), ('DIV_DOUBLE', 0.908024226874604), ('REM_DOUBLE', 0.7850995409758877), ('MUL_FLOAT', 1.3194285827887202), ('ADD_FLOAT', 1.0104486429450827), ('ADD_DOUBLE', 0.69514211543574)]
2023-12-12 11:27:20,199 [INFO] Running idx 2

2023-12-12 11:28:33,719 [INFO] Calculating loss for idx 2

