2023-12-12 17:15:33,661 [INFO] Started logging at 20231212-171533
2023-12-12 17:15:33,663 [INFO] Setting seed to 1
2023-12-12 17:15:33,663 [INFO] Hyperparameters: 
num_components_min: 1
num_components_max: 20
range_low: 0.666666
range_high: 1.5
prob_jump: 1.0
no_jump_threshold: 5.0

2023-12-12 17:15:33,663 [INFO] Benchmarking for 50 indices
2023-12-12 17:15:33,683 [INFO] Resetting benchmark to everything for idx 0
2023-12-12 17:15:33,683 [INFO] Compiling and running for idx 0
2023-12-12 17:16:15,934 [INFO] Calculating loss for idx 0

2023-12-12 17:16:18,736 [INFO] 
               fix_nofl flo_nofl                              e_perc                                e_abs     fix_t     flt_t                         speedup
correlation           0        0       1.194385528564461457949895475      0.01194385528564461558680555556  0.006062  0.011836   1.952490927086770042890135269
covariance            0        0   0.0001481311655862873288252545117     0.002076789008244972704861111111  0.005818  0.016008   2.751460983155723616363011344
2mm                   0        0    0.002116203505084219250051580296       0.1438640358449807895808080808  0.010250  0.013950   1.360975609756097560975609756
3mm                   0        0      0.1607428143865255962080035148        1.172867386937267929232804233  0.013906  0.021101   1.517402560046023299295268230
atax                  0        0    0.001245307518139623818345421377      0.03266340436183471048780487805  0.000200  0.000192                            0.96
bicg                  0        0  0.00004759444696888559227595466863              0.000047051263120545625  0.000257  0.000403   1.568093385214007782101167315
doitgen               0        0  0.00001518226308628690546534849225  0.000002021210889111604166666666667  0.004874  0.004665  0.9571194091095609355765285187
mvt                   0        0  0.00004734201893050139907084194797               0.00004664236306823225  0.000231  0.000289   1.251082251082251082251082251
gemm                  0        0  0.00001479771693590298682699517632   0.00001244721276953818181818181818  0.008097  0.003339  0.4123749536865505742867728788
gemver                0        0  0.00003027313379544594871299482309               0.00191701929193391475  0.000411  0.000375  0.9124087591240875912408759124
gesummv               0        0  0.00004861237071837252610943306509                0.0000806915283183144  0.000107  0.000165   1.542056074766355140186915888
symm                  0        0   0.0007963238953248391125850552133    0.0001487045288080912958333333333  0.007721  0.009173   1.188058541639683978759228079
syr2k                 0        0  0.00001699802890578776291817536193   0.00001223600474022919097222222222  0.010059  0.006686  0.6646783974550154090863902972
syrk                  0        0    0.008908022082727790005679672968     0.003215815621837633934027777778  0.004536  0.002889  0.6369047619047619047619047619
trmm                  0        0   0.0001165630935028292699829867013            0.00004396649698377393125  0.004758  0.004450  0.9352669188734762505254308533
cholesky              0        0   0.0008462985893928526759173484168  0.000005670095025417226932668329177  0.008276  0.008869   1.071652972450459159014016433
durbin                0        0      -25.16409692019274273840881420               0.00062922264855964425  0.000128  0.000106                        0.828125
gramschmidt           0        0       8.481730959763505411538193444       0.2667616760502377581136363636  0.010806  0.015175   1.404312419026466777716083657
lu                    0        0    0.002061708849909160448173884941               0.00001379618248277339  0.019556  0.020753   1.061208836162814481489057067
ludcmp                0        0      0.2520458220045806715679653536               0.00002521245863239575  0.019861  0.017750  0.8937112934897537888323850763
trisolv               0        0   0.0007163980422090239072829048338               0.00000225930572684625  0.000082  0.000068  0.8292682926829268292682926829
deriche               0        0  0.00003496357273198525772562378705     6.531283331761574074074074074E-9  0.011251  0.005751  0.5111545640387521109234734690
floyd-warshall        0        0                                   0                                    0  0.092921  0.100405   1.080541535282659463415159114
nussinov              0        0                                   0                                    0  0.019415  0.019467   1.002678341488539788823074942
adi                   0        0     0.07478138527832312320764620720              0.000747813852783233995  0.151697  0.075603  0.4983816423528481116963420503
fdtd-2d               0        0  0.00004704790130159278723838813586   0.00001697663885679788055555555556  0.009692  0.009109  0.9398472967395790342550557161
heat-3d               0        0                                   0                                0E-16  0.012548  0.015237   1.214297099139305068536818617
jacobi-1d             0        0  0.00007857036815572305723013131653                     3.95077510528E-7  0.000076  0.000024  0.3157894736842105263157894737
jacobi-2d             0        0   0.0001428396627244173423026414782             0.0000900335637676545744  0.014907  0.008225  0.5517542094318105587978801905
seidel-2d             0        0   0.0001020126506449179568796360769           0.000102525901793475199375  0.050708  0.108031   2.130452788514632799558255108
2023-12-12 17:16:18,740 [INFO] Mean performance gains: 1.0981183052062988
2023-12-12 17:16:18,741 [INFO] Modifying components ['CAST_FIX_DOUBLE' 'REM_FIX' 'SUB_DOUBLE' 'CAST_DOUBLE_FIX'
 'CAST_FLOAT_DOUBLE' 'CAST_FIX_FLOAT'] with modifications [('CAST_FIX_DOUBLE', 0.8579804978263305), ('REM_FIX', 1.1120112803984534), ('SUB_DOUBLE', 1.4283016297907105), ('CAST_DOUBLE_FIX', 1.047670311459029), ('CAST_FLOAT_DOUBLE', 1.0255817597863017), ('CAST_FIX_FLOAT', 1.4492731172715478)]
2023-12-12 17:16:18,747 [INFO] Compiling and running for idx 1
2023-12-12 17:16:59,059 [INFO] Calculating loss for idx 1

2023-12-12 17:17:01,749 [INFO] 
               fix_nofl flo_nofl                              e_perc                                e_abs     fix_t     flt_t                         speedup
correlation           0        0       1.194385528564461457949895475      0.01194385528564461558680555556  0.005609  0.010116   1.803530041005526831877339989
covariance            0        0   0.0001481311655862873288252545117     0.002076789008244972704861111111  0.005400  0.009069   1.679444444444444444444444444
2mm                   0        0    0.002116203505084219250051580296       0.1438640358449807895808080808  0.010345  0.013639   1.318414693088448525857902368
3mm                   0        0      0.1607428143865255962080035148        1.172867386937267929232804233  0.013766  0.021157   1.536902513438907453145430771
atax                  0        0    0.001245307518139623818345421377      0.03266340436183471048780487805  0.000199  0.000168  0.8442211055276381909547738693
bicg                  0        0  0.00004759444696888559227595466863              0.000047051263120545625  0.000279  0.000373   1.336917562724014336917562724
doitgen               0        0  0.00001518226308628690546534849225  0.000002021210889111604166666666667  0.004869  0.004658  0.9566646128568494557403984391
mvt                   0        0  0.00004734201893050139907084194797               0.00004664236306823225  0.000200  0.000313                           1.565
gemm                  0        0  0.00001479771693590298682699517632   0.00001244721276953818181818181818  0.007876  0.003379  0.4290248857287963433214829863
gemver                0        0  0.00003027313379544594871299482309               0.00191701929193391475  0.000410  0.000377  0.9195121951219512195121951220
gesummv               0        0  0.00004861237071837252610943306509                0.0000806915283183144  0.000100  0.000167                            1.67
symm                  0        0   0.0007963238953248391125850552133    0.0001487045288080912958333333333  0.007719  0.009058   1.173468065811633631299391113
syr2k                 0        0  0.00001699802890578776291817536193   0.00001223600474022919097222222222  0.009883  0.006653  0.6731761610846908833350197309
syrk                  0        0    0.008908022082727790005679672968     0.003215815621837633934027777778  0.004473  0.002797  0.6253073999552872792309412028
trmm                  0        0   0.0001165630935028292699829867013            0.00004396649698377393125  0.004802  0.004745  0.9881299458558933777592669721
cholesky              0        0   0.0008462985893928526759173484168  0.000005670095025417226932668329177  0.008383  0.008872   1.058332339258022187760944769
durbin                0        0      -25.16409692019274273840881420               0.00062922264855964425  0.000137  0.000116  0.8467153284671532846715328467
gramschmidt           0        0       8.481730959763505411538193444       0.2667616760502377581136363636  0.010871  0.015137   1.392420200533529574096219299
lu                    0        0    0.002061708849909160448173884941               0.00001379618248277339  0.019445  0.020882   1.073900745692980200565698123
ludcmp                0        0      0.2520458220045806715679653536               0.00002521245863239575  0.019930  0.017783  0.8922729553437029603612644255
trisolv               0        0   0.0007163980422090239072829048338               0.00000225930572684625  0.000074  0.000065  0.8783783783783783783783783784
deriche               0        0  0.00003496357273198525772562378705     6.531283331761574074074074074E-9  0.011140  0.006250  0.5610412926391382405745062837
floyd-warshall        0        0                                   0                                    0  0.092466  0.097339   1.052700452058053771115869617
nussinov              0        0                                   0                                    0  0.019269  0.019227  0.9978203331776428460221080492
adi                   0        0     0.07478138527832312320764620720              0.000747813852783233995  0.151476  0.075434  0.4979930814122369220206501360
fdtd-2d               0        0  0.00004704790130159278723838813586   0.00001697663885679788055555555556  0.009673  0.009097  0.9404528067817636720769151246
heat-3d               0        0                                   0                                0E-16  0.012605  0.015377   1.219912733042443474811582705
jacobi-1d             0        0  0.00007857036815572305723013131653                     3.95077510528E-7  0.000075  0.000025  0.3333333333333333333333333333
jacobi-2d             0        0   0.0001428396627244173423026414782             0.0000900335637676545744  0.015000  0.008222  0.5481333333333333333333333333
seidel-2d             0        0   0.0001020126506449179568796360769           0.000102525901793475199375  0.050564  0.108308   2.141998259631358278617198006
2023-12-12 17:17:01,751 [INFO] Mean performance gains: 1.0651707649230957
2023-12-12 17:17:01,751 [INFO] 
loss: 0.10954703390598297, prev_loss: 0.12254322320222855

2023-12-12 17:17:01,753 [INFO] Loss decreased from 0.12254322320222855 to 0.10954703390598297. Resetting components.
2023-12-12 17:17:01,754 [INFO] Modifying components ['CAST_FLOAT_DOUBLE' 'SUB_FLOAT' 'CAST_FIX_DOUBLE' 'MUL_FIX'
 'CAST_FIX_FIX' 'MUL_FLOAT' 'REM_FIX' 'MUL_DOUBLE' 'REM_FLOAT'
 'CAST_DOUBLE_FIX' 'SUB_DOUBLE' 'CAST_FIX_FLOAT' 'DIV_FLOAT'
 'CAST_FLOAT_FIX'] with modifications [('CAST_FLOAT_DOUBLE', 0.9295959028488064), ('SUB_FLOAT', 1.2387505640686047), ('CAST_FIX_DOUBLE', 1.3621879496649254), ('MUL_FIX', 0.6819062433123447), ('CAST_FIX_FIX', 1.2917867625503496), ('MUL_FLOAT', 1.4907175666628047), ('REM_FIX', 1.290137877426969), ('MUL_DOUBLE', 0.900369513682999), ('REM_FLOAT', 1.3243992998957927), ('CAST_DOUBLE_FIX', 0.7526877409653727), ('SUB_DOUBLE', 1.0399109037422718), ('CAST_FIX_FLOAT', 1.4238295249745816), ('DIV_FLOAT', 0.9113446527208318), ('CAST_FLOAT_FIX', 0.9064789740055164)]
2023-12-12 17:17:01,764 [INFO] Compiling and running for idx 2
2023-12-12 17:17:22,781 [INFO] Calculating loss for idx 2

2023-12-12 17:17:24,208 [INFO] 
          fix_nofl flo_nofl                              e_perc                                e_abs     fix_t     flt_t                         speedup
atax             0        0    0.001245307518139623818345421377      0.03266340436183471048780487805  0.000273  0.000212  0.7765567765567765567765567766
doitgen          0        0  0.00001518226308628690546534849225  0.000002021210889111604166666666667  0.005246  0.005758   1.097598170034311856652687762
gemm             0        0  0.00001479771693590298682699517632   0.00001244721276953818181818181818  0.007852  0.003927  0.5001273560876209882832399389
gemver           0        0  0.00003027313379544594871299482309               0.00191701929193391475  0.000431  0.000396  0.9187935034802784222737819026
syr2k            0        0  0.00001699802890578776291817536193   0.00001223600474022919097222222222  0.009804  0.006645  0.6777845777233782129742962056
syrk             0        0    0.008908022082727790005679672968     0.003215815621837633934027777778  0.004463  0.002810  0.6296213309433116737620434685
trmm             0        0   0.0001165630935028292699829867013            0.00004396649698377393125  0.004733  0.004477  0.9459116839214029156982886119
durbin           0        0      -25.16409692019274273840881420               0.00062922264855964425  0.000130  0.000106  0.8153846153846153846153846154
ludcmp           0        0      0.2520458220045806715679653536               0.00002521245863239575  0.019878  0.017788  0.8948586376899084414931079585
trisolv          0        0   0.0007163980422090239072829048338               0.00000225930572684625  0.000073  0.000066  0.9041095890410958904109589041
deriche          0        0  0.00003496357273198525772562378705     6.531283331761574074074074074E-9  0.011174  0.006221  0.5567388580633613746196527653
nussinov         0        0                                   0                                    0  0.019342  0.019245  0.9949850067211250129252404095
adi              0        0     0.07478138527832312320764620720              0.000747813852783233995  0.151851  0.075747  0.4988245056008850781358041765
fdtd-2d          0        0  0.00004704790130159278723838813586   0.00001697663885679788055555555556  0.010925  0.009192  0.8413729977116704805491990847
jacobi-1d        0        0  0.00007857036815572305723013131653                     3.95077510528E-7  0.000076  0.000025  0.3289473684210526315789473684
jacobi-2d        0        0   0.0001428396627244173423026414782             0.0000900335637676545744  0.015043  0.008242  0.5478960313767200691351459150
2023-12-12 17:17:24,210 [INFO] Mean performance gains: 0.7455945014953613
2023-12-12 17:17:24,211 [INFO] 
loss: 0.11548065394163132, prev_loss: 0.10954703390598297

2023-12-12 17:17:24,212 [INFO] Current jump probability: 0.8917009746283292
2023-12-12 17:17:24,212 [INFO] Loss increased from 0.10954703390598297 to 0.11548065394163132. Jumping to search new minima.
2023-12-12 17:17:24,213 [INFO] Modifying components ['CAST_FIX_DOUBLE' 'MUL_FLOAT' 'MUL_FIX' 'CAST_FIX_FLOAT' 'REM_FLOAT'
 'CAST_DOUBLE_FIX'] with modifications [('CAST_FIX_DOUBLE', 1.113246695527197), ('MUL_FLOAT', 1.2198286468795874), ('MUL_FIX', 1.0957406033079984), ('CAST_FIX_FLOAT', 1.4538289263888484), ('REM_FLOAT', 1.1554622581216878), ('CAST_DOUBLE_FIX', 1.4195015316745132)]
2023-12-12 17:17:24,218 [INFO] Compiling and running for idx 3
2023-12-12 17:17:43,484 [INFO] Calculating loss for idx 3

2023-12-12 17:17:44,690 [INFO] 
          fix_nofl flo_nofl                              e_perc                               e_abs     fix_t     flt_t                         speedup
atax             0        0    0.001245307518139623818345421377     0.03266340436183471048780487805  0.000274  0.000225  0.8211678832116788321167883212
gemm             0        0  0.00001479771693590298682699517632  0.00001244721276953818181818181818  0.008470  0.004508  0.5322314049586776859504132231
gemver           0        0  0.00003027313379544594871299482309              0.00191701929193391475  0.000448  0.000421  0.9397321428571428571428571429
syr2k            0        0  0.00001699802890578776291817536193  0.00001223600474022919097222222222  0.010946  0.007529  0.6878311712040928192947195322
syrk             0        0    0.008908022082727790005679672968    0.003215815621837633934027777778  0.004484  0.002799  0.6242194469223907225691347012
trmm             0        0   0.0001165630935028292699829867013           0.00004396649698377393125  0.004726  0.004435  0.9384257300042319085907744393
durbin           0        0      -25.16409692019274273840881420              0.00062922264855964425  0.000129  0.000106  0.8217054263565891472868217054
ludcmp           0        0      0.2520458220045806715679653536              0.00002521245863239575  0.020061  0.017822  0.8883904092517820647026568965
trisolv          0        0   0.0007163980422090239072829048338              0.00000225930572684625  0.000072  0.000066  0.9166666666666666666666666667
deriche          0        0  0.00003496357273198525772562378705    6.531283331761574074074074074E-9  0.011281  0.005659  0.5016399255385160889992021984
nussinov         0        0                                   0                                   0  0.019159  0.019322   1.008507750926457539537554152
adi              0        0     0.07478138527832312320764620720             0.000747813852783233995  0.152378  0.076229  0.5002625050860360419483127486
fdtd-2d          0        0  0.00004704790130159278723838813586  0.00001697663885679788055555555556  0.009683  0.009027  0.9322524011153568109057110400
jacobi-1d        0        0  0.00007857036815572305723013131653                    3.95077510528E-7  0.000089  0.000024  0.2696629213483146067415730337
jacobi-2d        0        0   0.0001428396627244173423026414782            0.0000900335637676545744  0.014943  0.008567  0.5733119186241049320752191662
2023-12-12 17:17:44,692 [INFO] Mean performance gains: 0.7304003834724426
2023-12-12 17:17:44,692 [INFO] 
loss: 0.12615768611431122, prev_loss: 0.11548065394163132

2023-12-12 17:17:44,693 [INFO] Current jump probability: 0.8421381607651711
2023-12-12 17:17:44,694 [INFO] Loss increased from 0.11548065394163132 to 0.12615768611431122. Jumping to search new minima.
2023-12-12 17:17:44,694 [INFO] Modifying components ['MUL_DOUBLE' 'CAST_FIX_FLOAT' 'SUB_DOUBLE' 'MUL_FLOAT'
 'CAST_DOUBLE_FLOAT' 'REM_FIX' 'DIV_FLOAT' 'CAST_FIX_DOUBLE' 'ADD_DOUBLE'
 'CAST_FLOAT_FIX' 'REM_DOUBLE' 'SUB_FLOAT' 'ADD_FLOAT'] with modifications [('MUL_DOUBLE', 1.4132384457542013), ('CAST_FIX_FLOAT', 1.0234089436202056), ('SUB_DOUBLE', 1.4707000158503527), ('MUL_FLOAT', 1.2195343571430386), ('CAST_DOUBLE_FLOAT', 1.1847461813047482), ('REM_FIX', 0.762287720625128), ('DIV_FLOAT', 1.4579076819153984), ('CAST_FIX_DOUBLE', 1.0415930778413727), ('ADD_DOUBLE', 1.148657730915686), ('CAST_FLOAT_FIX', 1.0067802743922694), ('REM_DOUBLE', 0.8641886415538432), ('SUB_FLOAT', 1.4194828693882253), ('ADD_FLOAT', 1.1447326213465627)]
2023-12-12 17:17:44,704 [INFO] Compiling and running for idx 4
2023-12-12 17:18:02,633 [INFO] Calculating loss for idx 4

2023-12-12 17:18:03,713 [INFO] 
          fix_nofl flo_nofl                              e_perc                               e_abs     fix_t     flt_t                         speedup
atax             0        0    0.001245307518139623818345421377     0.03266340436183471048780487805  0.000284  0.000230  0.8098591549295774647887323944
gemm             0        0  0.00001479771693590298682699517632  0.00001244721276953818181818181818  0.008507  0.004590  0.5395556600446690960385564829
gemver           0        0  0.00003027313379544594871299482309              0.00191701929193391475  0.000448  0.000420                          0.9375
syr2k            0        0  0.00001699802890578776291817536193  0.00001223600474022919097222222222  0.010913  0.007633  0.6994410336296160542472280766
syrk             0        0    0.008908022082727790005679672968    0.003215815621837633934027777778  0.004469  0.002927  0.6549563660774222421123293802
trmm             0        0   0.0001165630935028292699829867013           0.00004396649698377393125  0.004726  0.004531  0.9587388912399492170969107067
durbin           0        0      -25.16409692019274273840881420              0.00062922264855964425  0.000129  0.000106  0.8217054263565891472868217054
ludcmp           0        0      0.2520458220045806715679653536              0.00002521245863239575  0.019799  0.017684  0.8931764230516692762260720238
trisolv          0        0   0.0007163980422090239072829048338              0.00000225930572684625  0.000073  0.000067  0.9178082191780821917808219178
deriche          0        0  0.00003496357273198525772562378705    6.531283331761574074074074074E-9  0.011148  0.006076  0.5450304987441693577323286688
adi              0        0     0.07478138527832312320764620720             0.000747813852783233995  0.151777  0.075038  0.4943963841688793427199114490
fdtd-2d          0        0  0.00004704790130159278723838813586  0.00001697663885679788055555555556  0.009777  0.009138  0.9346425283829395520098189629
jacobi-1d        0        0  0.00007857036815572305723013131653                    3.95077510528E-7  0.000075  0.000027                            0.36
jacobi-2d        0        0   0.0001428396627244173423026414782            0.0000900335637676545744  0.015089  0.008261  0.5474849227914374710053681490
2023-12-12 17:18:03,715 [INFO] Mean performance gains: 0.7224497199058533
2023-12-12 17:18:03,715 [INFO] 
loss: 0.11388510465621948, prev_loss: 0.12615768611431122

2023-12-12 17:18:03,717 [INFO] Loss decreased from 0.12615768611431122 to 0.11388510465621948. Resetting components.
2023-12-12 17:18:03,718 [INFO] Modifying components ['DIV_FLOAT' 'DIV_FIX' 'SUB_DOUBLE' 'CAST_DOUBLE_FIX' 'CAST_FIX_DOUBLE'
 'DIV_DOUBLE' 'ADD_FLOAT' 'REM_FLOAT' 'MUL_FIX' 'CAST_FIX_FLOAT'
 'REM_DOUBLE' 'SUB_FLOAT' 'ADD_DOUBLE' 'CAST_FIX_FIX' 'CAST_DOUBLE_FLOAT'
 'MUL_DOUBLE'] with modifications [('DIV_FLOAT', 0.725067293414855), ('DIV_FIX', 1.0603955133170775), ('SUB_DOUBLE', 1.2856371869157963), ('CAST_DOUBLE_FIX', 0.8266295265019108), ('CAST_FIX_DOUBLE', 1.0535925623456999), ('DIV_DOUBLE', 0.8586351605523306), ('ADD_FLOAT', 1.0902059534710993), ('REM_FLOAT', 0.8404730654240529), ('MUL_FIX', 0.7077529034971279), ('CAST_FIX_FLOAT', 1.099051242461169), ('REM_DOUBLE', 0.8102314083771467), ('SUB_FLOAT', 0.9969273371363916), ('ADD_DOUBLE', 0.756137157370558), ('CAST_FIX_FIX', 1.0915082383434627), ('CAST_DOUBLE_FLOAT', 0.7517787618719826), ('MUL_DOUBLE', 0.9072643863998967)]
2023-12-12 17:18:03,729 [INFO] Compiling and running for idx 5
2023-12-12 17:18:21,670 [INFO] Calculating loss for idx 5

2023-12-12 17:18:22,783 [INFO] 
          fix_nofl flo_nofl                              e_perc                               e_abs     fix_t     flt_t                         speedup
atax             0        0    0.001245307518139623818345421377     0.03266340436183471048780487805  0.000273  0.000224  0.8205128205128205128205128205
gemm             0        0  0.00001479771693590298682699517632  0.00001244721276953818181818181818  0.008608  0.004692  0.5450743494423791821561338290
gemver           0        0  0.00003027313379544594871299482309              0.00191701929193391475  0.000472  0.000437  0.9258474576271186440677966102
syr2k            0        0  0.00001699802890578776291817536193  0.00001223600474022919097222222222  0.010904  0.007515  0.6891966250917094644167278063
syrk             0        0    0.008908022082727790005679672968    0.003215815621837633934027777778  0.004483  0.002866  0.6393040374749051974124470221
trmm             0        0   0.0001165630935028292699829867013           0.00004396649698377393125  0.005026  0.004516  0.8985276561878233187425387982
durbin           0        0      -25.16409692019274273840881420              0.00062922264855964425  0.000137  0.000107  0.7810218978102189781021897810
ludcmp           0        0      0.2520458220045806715679653536              0.00002521245863239575  0.019986  0.017976  0.8994296007205043530471329931
trisolv          0        0   0.0007163980422090239072829048338              0.00000225930572684625  0.000084  0.000066  0.7857142857142857142857142857
deriche          0        0  0.00003496357273198525772562378705    6.531283331761574074074074074E-9  0.011255  0.005679  0.5045757441137272323411816970
adi              0        0     0.07478138527832312320764620720             0.000747813852783233995  0.152572  0.077236  0.5062265684398185774585113913
fdtd-2d          0        0  0.00004704790130159278723838813586  0.00001697663885679788055555555556  0.010037  0.008968  0.8934940719338447743349606456
jacobi-1d        0        0  0.00007857036815572305723013131653                    3.95077510528E-7  0.000079  0.000026  0.3291139240506329113924050633
jacobi-2d        0        0   0.0001428396627244173423026414782            0.0000900335637676545744  0.015786  0.008659  0.5485240086152286836437349550
2023-12-12 17:18:22,785 [INFO] Mean performance gains: 0.6976116299629211
2023-12-12 17:18:22,785 [INFO] 
loss: 0.12429802119731903, prev_loss: 0.11388510465621948

2023-12-12 17:18:22,787 [INFO] Current jump probability: 0.8062790632247925
2023-12-12 17:18:22,787 [INFO] Loss increased from 0.11388510465621948 to 0.12429802119731903. Jumping to search new minima.
2023-12-12 17:18:22,788 [INFO] Modifying components ['DIV_DOUBLE' 'DIV_FLOAT' 'MUL_DOUBLE' 'DIV_FIX' 'REM_DOUBLE'
 'CAST_FLOAT_DOUBLE' 'CAST_FIX_FLOAT' 'CAST_DOUBLE_FIX' 'ADD_DOUBLE'
 'MUL_FLOAT' 'CAST_FIX_DOUBLE' 'REM_FLOAT' 'ADD_FLOAT' 'SUB_FLOAT'
 'MUL_FIX'] with modifications [('DIV_DOUBLE', 1.1301998991521718), ('DIV_FLOAT', 0.7803787790207213), ('MUL_DOUBLE', 0.7165974478719693), ('DIV_FIX', 0.7677856273462516), ('REM_DOUBLE', 0.7037925951552204), ('CAST_FLOAT_DOUBLE', 0.7562445125844968), ('CAST_FIX_FLOAT', 0.854757265979438), ('CAST_DOUBLE_FIX', 1.2608239589782175), ('ADD_DOUBLE', 1.1330971915231067), ('MUL_FLOAT', 0.6771293251699166), ('CAST_FIX_DOUBLE', 0.7266446143907588), ('REM_FLOAT', 1.4727302531844466), ('ADD_FLOAT', 1.140083430333593), ('SUB_FLOAT', 0.8360771644129819), ('MUL_FIX', 0.8769376220257659)]
2023-12-12 17:18:22,799 [INFO] Compiling and running for idx 6
2023-12-12 17:18:40,737 [INFO] Calculating loss for idx 6

2023-12-12 17:18:41,873 [INFO] 
          fix_nofl flo_nofl                              e_perc                               e_abs     fix_t     flt_t                         speedup
atax             0        0    0.001245307518139623818345421377     0.03266340436183471048780487805  0.000264  0.000209  0.7916666666666666666666666667
gemm             0        0  0.00001479771693590298682699517632  0.00001244721276953818181818181818  0.008624  0.004574  0.5303803339517625231910946197
gemver           0        0  0.00003027313379544594871299482309              0.00191701929193391475  0.000472  0.000438  0.9279661016949152542372881356
syr2k            0        0  0.00001699802890578776291817536193  0.00001223600474022919097222222222  0.010847  0.007601  0.7007467502535263206416520697
syrk             0        0    0.008908022082727790005679672968    0.003215815621837633934027777778  0.004495  0.003137  0.6978865406006674082313681869
trmm             0        0   0.0001165630935028292699829867013           0.00004396649698377393125  0.004770  0.004462  0.9354297693920335429769392034
durbin           0        0      -25.16409692019274273840881420              0.00062922264855964425  0.000148  0.000105  0.7094594594594594594594594595
ludcmp           0        0      0.2520458220045806715679653536              0.00002521245863239575  0.020277  0.018130  0.8941164866597622922523055679
trisolv          0        0   0.0007163980422090239072829048338              0.00000225930572684625  0.000072  0.000068  0.9444444444444444444444444444
deriche          0        0  0.00003496357273198525772562378705    6.531283331761574074074074074E-9  0.011136  0.005943  0.5336745689655172413793103448
adi              0        0     0.07478138527832312320764620720             0.000747813852783233995  0.160515  0.076533  0.4767965610690589664517334829
fdtd-2d          0        0  0.00004704790130159278723838813586  0.00001697663885679788055555555556  0.009630  0.009538  0.9904465212876427829698857736
jacobi-1d        0        0  0.00007857036815572305723013131653                    3.95077510528E-7  0.000080  0.000024                             0.3
jacobi-2d        0        0   0.0001428396627244173423026414782            0.0000900335637676545744  0.014945  0.008164  0.5462696554031448645031783205
2023-12-12 17:18:41,875 [INFO] Mean performance gains: 0.7128059267997742
2023-12-12 17:18:41,875 [INFO] 
loss: 0.1242859959602356, prev_loss: 0.12429802119731903

2023-12-12 17:18:41,877 [INFO] Loss decreased from 0.12429802119731903 to 0.1242859959602356. Resetting components.
2023-12-12 17:18:41,878 [INFO] Modifying components ['REM_FIX' 'CAST_FLOAT_FIX' 'MUL_DOUBLE' 'MUL_FLOAT' 'ADD_DOUBLE'
 'CAST_DOUBLE_FIX' 'DIV_DOUBLE' 'DIV_FLOAT' 'CAST_FIX_FIX' 'ADD_FLOAT'
 'CAST_DOUBLE_FLOAT' 'MUL_FIX' 'SUB_FLOAT' 'CAST_FLOAT_DOUBLE'
 'REM_DOUBLE' 'CAST_FIX_FLOAT' 'CAST_FIX_DOUBLE' 'SUB_DOUBLE' 'DIV_FIX'
 'REM_FLOAT'] with modifications [('REM_FIX', 1.4905134544211438), ('CAST_FLOAT_FIX', 1.1497874025349768), ('MUL_DOUBLE', 0.9834505639470738), ('MUL_FLOAT', 1.1257898832303934), ('ADD_DOUBLE', 1.2877785226450391), ('CAST_DOUBLE_FIX', 1.224360524032916), ('DIV_DOUBLE', 0.8874324746653796), ('DIV_FLOAT', 0.7219450729135909), ('CAST_FIX_FIX', 0.9750697449845538), ('ADD_FLOAT', 1.1914310089963083), ('CAST_DOUBLE_FLOAT', 0.8418111483783729), ('MUL_FIX', 1.2939627966193807), ('SUB_FLOAT', 0.72211311215275), ('CAST_FLOAT_DOUBLE', 0.8835954223588498), ('REM_DOUBLE', 1.337295339622497), ('CAST_FIX_FLOAT', 0.8278613644756282), ('CAST_FIX_DOUBLE', 1.199550493707204), ('SUB_DOUBLE', 1.1038916073833174), ('DIV_FIX', 1.4373399252047725), ('REM_FLOAT', 0.8860801509371061)]
2023-12-12 17:18:41,892 [INFO] Compiling and running for idx 7
2023-12-12 17:18:59,923 [INFO] Calculating loss for idx 7

2023-12-12 17:19:01,055 [INFO] 
          fix_nofl flo_nofl                              e_perc                               e_abs     fix_t     flt_t                         speedup
atax             0        0    0.001245307518139623818345421377     0.03266340436183471048780487805  0.000217  0.000181  0.8341013824884792626728110599
gemm             0        0  0.00001479771693590298682699517632  0.00001244721276953818181818181818  0.008611  0.004042  0.4693996051561955638137266287
gemver           0        0  0.00003027313379544594871299482309              0.00191701929193391475  0.000473  0.000437  0.9238900634249471458773784355
syr2k            0        0  0.00001699802890578776291817536193  0.00001223600474022919097222222222  0.010166  0.007665  0.7539838677946094825890222310
syrk             0        0    0.008908022082727790005679672968    0.003215815621837633934027777778  0.004527  0.002886  0.6375082836315440689198144467
trmm             0        0   0.0001165630935028292699829867013           0.00004396649698377393125  0.004698  0.004458  0.9489144316730523627075351213
durbin           0        0      -25.16409692019274273840881420              0.00062922264855964425  0.000128  0.000103                       0.8046875
ludcmp           0        0      0.2520458220045806715679653536              0.00002521245863239575  0.020156  0.017830  0.8846001190712442945028775551
trisolv          0        0   0.0007163980422090239072829048338              0.00000225930572684625  0.000072  0.000081                           1.125
deriche          0        0  0.00003496357273198525772562378705    6.531283331761574074074074074E-9  0.011238  0.006286  0.5593521978999822032390105001
adi              0        0     0.07478138527832312320764620720             0.000747813852783233995  0.152281  0.076556  0.5027285084810317767810823412
fdtd-2d          0        0  0.00004704790130159278723838813586  0.00001697663885679788055555555556  0.009732  0.008942  0.9188244965063707357172215372
jacobi-1d        0        0  0.00007857036815572305723013131653                    3.95077510528E-7  0.000075  0.000025  0.3333333333333333333333333333
jacobi-2d        0        0   0.0001428396627244173423026414782            0.0000900335637676545744  0.014981  0.008226  0.5490955209932581269608170349
2023-12-12 17:19:01,057 [INFO] Mean performance gains: 0.7318156361579895
2023-12-12 17:19:01,058 [INFO] 
loss: 0.12743446230888367, prev_loss: 0.1242859959602356

2023-12-12 17:19:01,059 [INFO] Current jump probability: 0.8192464949190617
2023-12-12 17:19:01,059 [INFO] Loss increased from 0.1242859959602356 to 0.12743446230888367. Jumping to search new minima.
2023-12-12 17:19:01,060 [INFO] Modifying components ['ADD_FLOAT' 'CAST_FLOAT_DOUBLE' 'CAST_FIX_FIX' 'ADD_DOUBLE' 'REM_FLOAT'] with modifications [('ADD_FLOAT', 1.3402821604116695), ('CAST_FLOAT_DOUBLE', 0.9736469572711532), ('CAST_FIX_FIX', 1.174338897082846), ('ADD_DOUBLE', 0.6957057921931086), ('REM_FLOAT', 0.9621472608582875)]
2023-12-12 17:19:01,064 [INFO] Compiling and running for idx 8
2023-12-12 17:19:18,043 [INFO] Calculating loss for idx 8

2023-12-12 17:19:19,099 [INFO] 
          fix_nofl flo_nofl                              e_perc                               e_abs     fix_t     flt_t                         speedup
atax             0        0    0.001245307518139623818345421377     0.03266340436183471048780487805  0.000258  0.000247  0.9573643410852713178294573643
gemm             0        0  0.00001479771693590298682699517632  0.00001244721276953818181818181818  0.008601  0.004349  0.5056388792000930124404139054
gemver           0        0  0.00003027313379544594871299482309              0.00191701929193391475  0.000448  0.000437  0.9754464285714285714285714286
syr2k            0        0  0.00001699802890578776291817536193  0.00001223600474022919097222222222  0.010987  0.007537  0.6859925366342040593428597433
syrk             0        0    0.008908022082727790005679672968    0.003215815621837633934027777778  0.004500  0.003148  0.6995555555555555555555555556
trmm             0        0   0.0001165630935028292699829867013           0.00004396649698377393125  0.004732  0.004503  0.9516060862214708368554522401
durbin           0        0      -25.16409692019274273840881420              0.00062922264855964425  0.000128  0.000105                       0.8203125
ludcmp           0        0      0.2520458220045806715679653536              0.00002521245863239575  0.020248  0.017813  0.8797412090082971157645199526
deriche          0        0  0.00003496357273198525772562378705    6.531283331761574074074074074E-9  0.011148  0.006011  0.5391998564764980265518478651
adi              0        0     0.07478138527832312320764620720             0.000747813852783233995  0.152409  0.075624  0.4961911698128063303348227467
fdtd-2d          0        0  0.00004704790130159278723838813586  0.00001697663885679788055555555556  0.009756  0.009837   1.008302583025830258302583026
jacobi-1d        0        0  0.00007857036815572305723013131653                    3.95077510528E-7  0.000076  0.000025  0.3289473684210526315789473684
jacobi-2d        0        0   0.0001428396627244173423026414782            0.0000900335637676545744  0.015066  0.008363  0.5550909332271339439798221160
2023-12-12 17:19:19,102 [INFO] Mean performance gains: 0.7233375906944275
2023-12-12 17:19:19,102 [INFO] 
loss: 0.13326573371887207, prev_loss: 0.12743446230888367

2023-12-12 17:19:19,103 [INFO] Current jump probability: 0.7841194898635149
2023-12-12 17:19:19,103 [INFO] Loss increased from 0.12743446230888367 to 0.13326573371887207. Jumping to search new minima.
2023-12-12 17:19:19,104 [INFO] Modifying components ['CAST_FIX_FIX' 'ADD_FLOAT' 'REM_DOUBLE' 'CAST_FIX_DOUBLE' 'DIV_FIX'
 'CAST_DOUBLE_FLOAT' 'SUB_DOUBLE' 'CAST_FIX_FLOAT' 'MUL_FIX' 'DIV_DOUBLE'
 'CAST_FLOAT_DOUBLE' 'DIV_FLOAT' 'REM_FIX'] with modifications [('CAST_FIX_FIX', 1.15167820463202), ('ADD_FLOAT', 1.3990265728978597), ('REM_DOUBLE', 1.3706119343164818), ('CAST_FIX_DOUBLE', 1.4211602025187535), ('DIV_FIX', 1.049899861434183), ('CAST_DOUBLE_FLOAT', 1.1219553775815219), ('SUB_DOUBLE', 1.3321695250290935), ('CAST_FIX_FLOAT', 0.9047652335910241), ('MUL_FIX', 1.0752109290189549), ('DIV_DOUBLE', 1.1659249891117704), ('CAST_FLOAT_DOUBLE', 0.6796104066478801), ('DIV_FLOAT', 1.1612342358181365), ('REM_FIX', 1.0280632466087813)]
2023-12-12 17:19:19,114 [INFO] Compiling and running for idx 9
2023-12-12 17:19:34,397 [INFO] Calculating loss for idx 9

2023-12-12 17:19:35,285 [INFO] 
          fix_nofl flo_nofl                              e_perc                               e_abs     fix_t     flt_t                         speedup
atax             0        0    0.001245307518139623818345421377     0.03266340436183471048780487805  0.000253  0.000224  0.8853754940711462450592885375
gemm             0        0  0.00001479771693590298682699517632  0.00001244721276953818181818181818  0.008581  0.004724  0.5505185875772054539098007225
gemver           0        0  0.00003027313379544594871299482309              0.00191701929193391475  0.000448  0.000421  0.9397321428571428571428571429
syr2k            0        0  0.00001699802890578776291817536193  0.00001223600474022919097222222222  0.010838  0.007530  0.6947776342498615980808267208
syrk             0        0    0.008908022082727790005679672968    0.003215815621837633934027777778  0.004529  0.003093  0.6829322146169132258776771914
trmm             0        0   0.0001165630935028292699829867013           0.00004396649698377393125  0.004722  0.004495  0.9519271495129182549767047861
durbin           0        0      -25.16409692019274273840881420              0.00062922264855964425  0.000129  0.000104  0.8062015503875968992248062016
ludcmp           0        0      0.2520458220045806715679653536              0.00002521245863239575  0.019865  0.017936  0.9028945381323936571860055374
deriche          0        0  0.00003496357273198525772562378705    6.531283331761574074074074074E-9  0.011185  0.005893  0.5268663388466696468484577559
adi              0        0     0.07478138527832312320764620720             0.000747813852783233995  0.151805  0.075388  0.4966107835710286222456440829
jacobi-1d        0        0  0.00007857036815572305723013131653                    3.95077510528E-7  0.000075  0.000026  0.3466666666666666666666666667
jacobi-2d        0        0   0.0001428396627244173423026414782            0.0000900335637676545744  0.015061  0.008251  0.5478387889250381780758249784
2023-12-12 17:19:35,287 [INFO] Mean performance gains: 0.6943618655204773
2023-12-12 17:19:35,287 [INFO] 
loss: 0.13086216151714325, prev_loss: 0.13326573371887207

2023-12-12 17:19:35,289 [INFO] Loss decreased from 0.13326573371887207 to 0.13086216151714325. Resetting components.
2023-12-12 17:19:35,291 [INFO] Resetting benchmark to everything for idx 10
2023-12-12 17:19:35,291 [INFO] Compiling and running for idx 10
2023-12-12 17:20:15,478 [INFO] Calculating loss for idx 10

2023-12-12 17:20:18,283 [INFO] 
               fix_nofl flo_nofl                              e_perc                                e_abs     fix_t     flt_t                         speedup
correlation           0        0       1.194385528564461457949895475      0.01194385528564461558680555556  0.006056  0.011671   1.927179656538969616908850727
covariance            0        0   0.0001481311655862873288252545117     0.002076789008244972704861111111  0.005533  0.009852   1.780589192120007229351165733
2mm                   0        0    0.002116203505084219250051580296       0.1438640358449807895808080808  0.010310  0.013528   1.312124151309408341416100873
3mm                   0        0      0.1607428143865255962080035148        1.172867386937267929232804233  0.013858  0.020985   1.514287776013854813104344061
atax                  0        0    0.001245307518139623818345421377      0.03266340436183471048780487805  0.000214  0.000169  0.7897196261682242990654205607
bicg                  0        0  0.00004759444696888559227595466863              0.000047051263120545625  0.000256  0.000373                      1.45703125
doitgen               0        0  0.00001518226308628690546534849225  0.000002021210889111604166666666667  0.004869  0.004612  0.9472170876976791949065516533
mvt                   0        0  0.00004734201893050139907084194797               0.00004664236306823225  0.000214  0.000288   1.345794392523364485981308411
gemm                  0        0  0.00001479771693590298682699517632   0.00001244721276953818181818181818  0.007943  0.003426  0.4313231776406899156489991187
gemver                0        0  0.00003027313379544594871299482309               0.00191701929193391475  0.000433  0.000389  0.8983833718244803695150115473
gesummv               0        0  0.00004861237071837252610943306509                0.0000806915283183144  0.000101  0.000145   1.435643564356435643564356436
symm                  0        0   0.0007963238953248391125850552133    0.0001487045288080912958333333333  0.007701  0.009149   1.188027528892351642643812492
syr2k                 0        0  0.00001699802890578776291817536193   0.00001223600474022919097222222222  0.010329  0.006733  0.6518540032917029722141543228
syrk                  0        0    0.008908022082727790005679672968     0.003215815621837633934027777778  0.004489  0.002841  0.6328803742481621742036088216
trmm                  0        0   0.0001165630935028292699829867013            0.00004396649698377393125  0.004693  0.004503  0.9595141700404858299595141700
cholesky              0        0   0.0008462985893928526759173484168  0.000005670095025417226932668329177  0.008317  0.008893   1.069255741252855596970061320
durbin                0        0      -25.16409692019274273840881420               0.00062922264855964425  0.000128  0.000105                       0.8203125
gramschmidt           0        0       8.481730959763505411538193444       0.2667616760502377581136363636  0.010736  0.015377   1.432283904619970193740685544
lu                    0        0    0.002061708849909160448173884941               0.00001379618248277339  0.019540  0.020718   1.060286591606960081883316274
ludcmp                0        0      0.2520458220045806715679653536               0.00002521245863239575  0.019962  0.017943  0.8988578298767658551247370003
trisolv               0        0   0.0007163980422090239072829048338               0.00000225930572684625  0.000072  0.000066  0.9166666666666666666666666667
deriche               0        0  0.00003496357273198525772562378705     6.531283331761574074074074074E-9  0.011176  0.006259  0.5600393700787401574803149606
floyd-warshall        0        0                                   0                                    0  0.093069  0.097080   1.043097057022209328562679302
nussinov              0        0                                   0                                    0  0.019128  0.019236   1.005646173149309912170639900
adi                   0        0     0.07478138527832312320764620720              0.000747813852783233995  0.154928  0.075537  0.4875619642672725395022203862
fdtd-2d               0        0  0.00004704790130159278723838813586   0.00001697663885679788055555555556  0.009751  0.009061  0.9292380268690390729155984002
heat-3d               0        0                                   0                                0E-16  0.012491  0.014642   1.172203986870546793691457850
jacobi-1d             0        0  0.00007857036815572305723013131653                     3.95077510528E-7  0.000069  0.000026  0.3768115942028985507246376812
jacobi-2d             0        0   0.0001428396627244173423026414782             0.0000900335637676545744  0.015424  0.008235  0.5339081950207468879668049793
seidel-2d             0        0   0.0001020126506449179568796360769           0.000102525901793475199375  0.050687  0.107978   2.130289817902026160553988202
2023-12-12 17:20:18,286 [INFO] Mean performance gains: 1.0569342374801636
2023-12-12 17:20:18,286 [INFO] Modifying components ['DIV_FIX' 'CAST_FLOAT_FIX' 'MUL_DOUBLE' 'MUL_FLOAT' 'DIV_FLOAT'
 'ADD_DOUBLE' 'CAST_FLOAT_DOUBLE' 'CAST_FIX_DOUBLE' 'SUB_DOUBLE'
 'CAST_FIX_FLOAT' 'ADD_FLOAT'] with modifications [('DIV_FIX', 1.4781529311542942), ('CAST_FLOAT_FIX', 1.1705964872891115), ('MUL_DOUBLE', 1.3573713925477828), ('MUL_FLOAT', 1.1455926370644218), ('DIV_FLOAT', 1.1900632506402575), ('ADD_DOUBLE', 0.9046464251305995), ('CAST_FLOAT_DOUBLE', 1.1556941751022962), ('CAST_FIX_DOUBLE', 1.2916846364333923), ('SUB_DOUBLE', 1.3819281025667596), ('CAST_FIX_FLOAT', 1.295901660444526), ('ADD_FLOAT', 1.2483808390775848)]
2023-12-12 17:20:18,294 [INFO] Compiling and running for idx 11
2023-12-12 17:20:58,743 [INFO] Calculating loss for idx 11

2023-12-12 17:21:01,435 [INFO] 
               fix_nofl flo_nofl                              e_perc                                e_abs     fix_t     flt_t                         speedup
correlation           0        0       1.194385528564461457949895475      0.01194385528564461558680555556  0.006028  0.011792   1.956204379562043795620437956
covariance            0        0   0.0001481311655862873288252545117     0.002076789008244972704861111111  0.005510  0.010057   1.825226860254083484573502722
2mm                   0        0    0.002116203505084219250051580296       0.1438640358449807895808080808  0.010160  0.013660   1.344488188976377952755905512
3mm                   0        0      0.1607428143865255962080035148        1.172867386937267929232804233  0.013672  0.020956   1.532767700409596255119953189
atax                  0        0    0.001245307518139623818345421377      0.03266340436183471048780487805  0.000199  0.000165  0.8291457286432160804020100503
bicg                  0        0  0.00004759444696888559227595466863              0.000047051263120545625  0.000255  0.000373   1.462745098039215686274509804
doitgen               0        0  0.00001518226308628690546534849225  0.000002021210889111604166666666667  0.004866  0.004626  0.9506781750924784217016029593
mvt                   0        0  0.00004734201893050139907084194797               0.00004664236306823225  0.000200  0.000288                            1.44
gemm                  0        0  0.00001479771693590298682699517632   0.00001244721276953818181818181818  0.007880  0.003226  0.4093908629441624365482233503
gemver                0        0  0.00003027313379544594871299482309               0.00191701929193391475  0.000410  0.000377  0.9195121951219512195121951220
gesummv               0        0  0.00004861237071837252610943306509                0.0000806915283183144  0.000100  0.000144                            1.44
symm                  0        0   0.0007963238953248391125850552133    0.0001487045288080912958333333333  0.007752  0.009179   1.184081527347781217750257998
syr2k                 0        0  0.00001699802890578776291817536193   0.00001223600474022919097222222222  0.009948  0.006844  0.6879774829111379171692802573
syrk                  0        0    0.008908022082727790005679672968     0.003215815621837633934027777778  0.004521  0.002808  0.6211015262110152621101526211
trmm                  0        0   0.0001165630935028292699829867013            0.00004396649698377393125  0.004742  0.004455  0.9394770139181779839730071700
cholesky              0        0   0.0008462985893928526759173484168  0.000005670095025417226932668329177  0.008309  0.009017   1.085208809724395234083523890
durbin                0        0      -25.16409692019274273840881420               0.00062922264855964425  0.000130  0.000104                             0.8
gramschmidt           0        0       8.481730959763505411538193444       0.2667616760502377581136363636  0.010954  0.015329   1.399397480372466678838780354
lu                    0        0    0.002061708849909160448173884941               0.00001379618248277339  0.019496  0.020748   1.064218301189987689782519491
ludcmp                0        0      0.2520458220045806715679653536               0.00002521245863239575  0.019967  0.017775  0.8902188611208494015124956178
trisolv               0        0   0.0007163980422090239072829048338               0.00000225930572684625  0.000076  0.000066  0.8684210526315789473684210526
deriche               0        0  0.00003496357273198525772562378705     6.531283331761574074074074074E-9  0.011345  0.005682  0.5008373732921992066989863376
floyd-warshall        0        0                                   0                                    0  0.093210  0.096802   1.038536637699817616135607767
nussinov              0        0                                   0                                    0  0.019261  0.019350   1.004620736202689372306733814
adi                   0        0     0.07478138527832312320764620720              0.000747813852783233995  0.155494  0.076009  0.4888227198477111657041429251
fdtd-2d               0        0  0.00004704790130159278723838813586   0.00001697663885679788055555555556  0.010878  0.009719  0.8934546791689648832505975363
heat-3d               0        0                                   0                                0E-16  0.012553  0.015039   1.198040309089460686688441010
jacobi-1d             0        0  0.00007857036815572305723013131653                     3.95077510528E-7  0.000075  0.000027                            0.36
jacobi-2d             0        0   0.0001428396627244173423026414782             0.0000900335637676545744  0.014971  0.008248  0.5509318014828668759601897001
seidel-2d             0        0   0.0001020126506449179568796360769           0.000102525901793475199375  0.050870  0.107543   2.114075093375270296835069786
2023-12-12 17:21:01,438 [INFO] Mean performance gains: 1.0599859952926636
2023-12-12 17:21:01,438 [INFO] 
loss: 0.12226340174674988, prev_loss: 0.11697181314229965

2023-12-12 17:21:01,439 [INFO] Current jump probability: 0.7271070231497287
2023-12-12 17:21:01,440 [INFO] Loss increased from 0.11697181314229965 to 0.12226340174674988. Removing components ['DIV_FIX' 'CAST_FLOAT_FIX' 'MUL_DOUBLE' 'MUL_FLOAT' 'DIV_FLOAT'
 'ADD_DOUBLE' 'CAST_FLOAT_DOUBLE' 'CAST_FIX_DOUBLE' 'SUB_DOUBLE'
 'CAST_FIX_FLOAT' 'ADD_FLOAT'] and reversing modifications.
2023-12-12 17:21:01,448 [INFO] Modifying components ['SUB_DOUBLE' 'DIV_FIX' 'MUL_DOUBLE' 'DIV_DOUBLE' 'ADD_DOUBLE' 'MUL_FIX'
 'ADD_FLOAT' 'CAST_DOUBLE_FLOAT'] with modifications [('SUB_DOUBLE', 1.0222504589240335), ('DIV_FIX', 0.952788095376179), ('MUL_DOUBLE', 1.331365535058008), ('DIV_DOUBLE', 1.3999984938017187), ('ADD_DOUBLE', 1.4198682324166139), ('MUL_FIX', 1.2189329521259267), ('ADD_FLOAT', 0.8918397318303062), ('CAST_DOUBLE_FLOAT', 0.8769717528316258)]
2023-12-12 17:21:01,454 [INFO] Compiling and running for idx 12
2023-12-12 17:21:41,864 [INFO] Calculating loss for idx 12

2023-12-12 17:21:44,555 [INFO] 
               fix_nofl flo_nofl                              e_perc                                e_abs     fix_t     flt_t                         speedup
correlation           0        0       1.194385528564461457949895475      0.01194385528564461558680555556  0.005600  0.009720   1.735714285714285714285714286
covariance            0        0   0.0001481311655862873288252545117     0.002076789008244972704861111111  0.005364  0.009076   1.692020879940343027591349739
2mm                   0        0    0.002116203505084219250051580296       0.1438640358449807895808080808  0.010373  0.013447   1.296346283620938976188180854
3mm                   0        0      0.1607428143865255962080035148        1.172867386937267929232804233  0.013548  0.020987   1.549084735754354886330085621
atax                  0        0    0.001245307518139623818345421377      0.03266340436183471048780487805  0.000215  0.000168  0.7813953488372093023255813953
bicg                  0        0  0.00004759444696888559227595466863              0.000047051263120545625  0.000260  0.000374   1.438461538461538461538461538
doitgen               0        0  0.00001518226308628690546534849225  0.000002021210889111604166666666667  0.004996  0.004626  0.9259407526020816653322658127
mvt                   0        0  0.00004734201893050139907084194797               0.00004664236306823225  0.000200  0.000313                           1.565
gemm                  0        0  0.00001479771693590298682699517632   0.00001244721276953818181818181818  0.007866  0.003439  0.4371980676328502415458937198
gemver                0        0  0.00003027313379544594871299482309               0.00191701929193391475  0.000450  0.000404  0.8977777777777777777777777778
gesummv               0        0  0.00004861237071837252610943306509                0.0000806915283183144  0.000101  0.000166   1.643564356435643564356435644
symm                  0        0   0.0007963238953248391125850552133    0.0001487045288080912958333333333  0.007735  0.009148   1.182676147382029734970911441
syr2k                 0        0  0.00001699802890578776291817536193   0.00001223600474022919097222222222  0.009814  0.006648  0.6773996331770939474220501325
syrk                  0        0    0.008908022082727790005679672968     0.003215815621837633934027777778  0.004536  0.002750  0.6062610229276895943562610229
trmm                  0        0   0.0001165630935028292699829867013            0.00004396649698377393125  0.004737  0.004527  0.9556681443951868271057631412
cholesky              0        0   0.0008462985893928526759173484168  0.000005670095025417226932668329177  0.008274  0.008922   1.078317621464829586656997825
durbin                0        0      -25.16409692019274273840881420               0.00062922264855964425  0.000127  0.000105  0.8267716535433070866141732283
gramschmidt           0        0       8.481730959763505411538193444       0.2667616760502377581136363636  0.010894  0.015310   1.405360749036166697264549293
lu                    0        0    0.002061708849909160448173884941               0.00001379618248277339  0.020428  0.020829   1.019629919718034070883101625
ludcmp                0        0      0.2520458220045806715679653536               0.00002521245863239575  0.019822  0.018094  0.9128241347997174856220361215
trisolv               0        0   0.0007163980422090239072829048338               0.00000225930572684625  0.000073  0.000066  0.9041095890410958904109589041
deriche               0        0  0.00003496357273198525772562378705     6.531283331761574074074074074E-9  0.011196  0.005651  0.5047338335119685602000714541
floyd-warshall        0        0                                   0                                    0  0.093153  0.102698   1.102465835775552048779964145
nussinov              0        0                                   0                                    0  0.019405  0.019252  0.9921154341664519453749033754
adi                   0        0     0.07478138527832312320764620720              0.000747813852783233995  0.153206  0.075746  0.4944062242993094265237653878
fdtd-2d               0        0  0.00004704790130159278723838813586   0.00001697663885679788055555555556  0.010967  0.009455  0.8621318500957417707668459925
heat-3d               0        0                                   0                                0E-16  0.012895  0.014650   1.136099263280341217526172935
jacobi-1d             0        0  0.00007857036815572305723013131653                     3.95077510528E-7  0.000075  0.000025  0.3333333333333333333333333333
jacobi-2d             0        0   0.0001428396627244173423026414782             0.0000900335637676545744  0.014999  0.008444  0.5629708647243149543302886859
seidel-2d             0        0   0.0001020126506449179568796360769           0.000102525901793475199375  0.050790  0.107791   2.122287851939358141366410711
2023-12-12 17:21:44,557 [INFO] Mean performance gains: 1.054735541343689
2023-12-12 17:21:44,557 [INFO] 
loss: 0.11523498594760895, prev_loss: 0.11697181314229965

2023-12-12 17:21:44,559 [INFO] Loss decreased from 0.11697181314229965 to 0.11523498594760895. Resetting components.
2023-12-12 17:21:44,559 [INFO] Modifying components ['CAST_DOUBLE_FLOAT'] with modifications [('CAST_DOUBLE_FLOAT', 0.8180101638508707)]
2023-12-12 17:21:44,562 [INFO] Compiling and running for idx 13
2023-12-12 17:22:05,524 [INFO] Calculating loss for idx 13

2023-12-12 17:22:06,906 [INFO] 
          fix_nofl flo_nofl                              e_perc                                e_abs     fix_t     flt_t                         speedup
atax             0        0    0.001245307518139623818345421377      0.03266340436183471048780487805  0.000253  0.000218  0.8616600790513833992094861660
doitgen          0        0  0.00001518226308628690546534849225  0.000002021210889111604166666666667  0.005246  0.005882   1.121235226839496759435760579
gemm             0        0  0.00001479771693590298682699517632   0.00001244721276953818181818181818  0.007855  0.003470  0.4417568427753023551877784850
gemver           0        0  0.00003027313379544594871299482309               0.00191701929193391475  0.000473  0.000380  0.8033826638477801268498942918
syr2k            0        0  0.00001699802890578776291817536193   0.00001223600474022919097222222222  0.010043  0.006673  0.6644428955491387035746290949
syrk             0        0    0.008908022082727790005679672968     0.003215815621837633934027777778  0.004522  0.002807  0.6207430340557275541795665635
trmm             0        0   0.0001165630935028292699829867013            0.00004396649698377393125  0.004685  0.004455  0.9509071504802561366061899680
durbin           0        0      -25.16409692019274273840881420               0.00062922264855964425  0.000130  0.000103  0.7923076923076923076923076923
ludcmp           0        0      0.2520458220045806715679653536               0.00002521245863239575  0.019852  0.017878  0.9005641748942172073342736248
trisolv          0        0   0.0007163980422090239072829048338               0.00000225930572684625  0.000088  0.000066                            0.75
deriche          0        0  0.00003496357273198525772562378705     6.531283331761574074074074074E-9  0.011164  0.005665  0.5074346112504478681476173415
nussinov         0        0                                   0                                    0  0.019237  0.019212  0.9987004210635754015698913552
adi              0        0     0.07478138527832312320764620720              0.000747813852783233995  0.153526  0.076007  0.4950757526412464338287977281
fdtd-2d          0        0  0.00004704790130159278723838813586   0.00001697663885679788055555555556  0.010900  0.009163  0.8406422018348623853211009174
jacobi-1d        0        0  0.00007857036815572305723013131653                     3.95077510528E-7  0.000075  0.000025  0.3333333333333333333333333333
jacobi-2d        0        0   0.0001428396627244173423026414782             0.0000900335637676545744  0.015033  0.008227  0.5472626887514135568416151134
2023-12-12 17:22:06,908 [INFO] Mean performance gains: 0.7268405556678772
2023-12-12 17:22:06,908 [INFO] 
loss: 0.12774540483951569, prev_loss: 0.11523498594760895

2023-12-12 17:22:06,910 [INFO] Current jump probability: 0.6494886463880539
2023-12-12 17:22:06,910 [INFO] Loss increased from 0.11523498594760895 to 0.12774540483951569. Removing components ['CAST_DOUBLE_FLOAT'] and reversing modifications.
2023-12-12 17:22:06,913 [INFO] Modifying components ['CAST_DOUBLE_FIX' 'CAST_FIX_FIX' 'SUB_DOUBLE'] with modifications [('CAST_DOUBLE_FIX', 0.944403146334821), ('CAST_FIX_FIX', 0.6740932364699952), ('SUB_DOUBLE', 1.087886278502813)]
2023-12-12 17:22:06,916 [INFO] Compiling and running for idx 14
2023-12-12 17:22:27,847 [INFO] Calculating loss for idx 14

2023-12-12 17:22:29,210 [INFO] 
          fix_nofl flo_nofl                              e_perc                                e_abs     fix_t     flt_t                         speedup
atax             0        0    0.001245307518139623818345421377      0.03266340436183471048780487805  0.000253  0.000216  0.8537549407114624505928853755
doitgen          0        0  0.00001518226308628690546534849225  0.000002021210889111604166666666667  0.005326  0.005806   1.090123920390536988358993616
gemm             0        0  0.00001479771693590298682699517632   0.00001244721276953818181818181818  0.007921  0.003750  0.4734250725918444640828178260
gemver           0        0  0.00003027313379544594871299482309               0.00191701929193391475  0.000444  0.000376  0.8468468468468468468468468468
syr2k            0        0  0.00001699802890578776291817536193   0.00001223600474022919097222222222  0.009928  0.006652  0.6700241740531829170024174053
syrk             0        0    0.008908022082727790005679672968     0.003215815621837633934027777778  0.004737  0.002985  0.6301456618112729575680810640
trmm             0        0   0.0001165630935028292699829867013            0.00004396649698377393125  0.004720  0.004492  0.9516949152542372881355932203
durbin           0        0      -25.16409692019274273840881420               0.00062922264855964425  0.000130  0.000104                             0.8
ludcmp           0        0      0.2520458220045806715679653536               0.00002521245863239575  0.020052  0.017772  0.8862956313584679832435667265
trisolv          0        0   0.0007163980422090239072829048338               0.00000225930572684625  0.000072  0.000066  0.9166666666666666666666666667
deriche          0        0  0.00003496357273198525772562378705     6.531283331761574074074074074E-9  0.011262  0.006259  0.5557627419641271532587462262
nussinov         0        0                                   0                                    0  0.019219  0.019250   1.001612987148134658410947500
adi              0        0     0.07478138527832312320764620720              0.000747813852783233995  0.151813  0.075748  0.4989559523887941085414292584
fdtd-2d          0        0  0.00004704790130159278723838813586   0.00001697663885679788055555555556  0.009665  0.009002  0.9314019658561821003621314020
jacobi-1d        0        0  0.00007857036815572305723013131653                     3.95077510528E-7  0.000075  0.000023  0.3066666666666666666666666667
jacobi-2d        0        0   0.0001428396627244173423026414782             0.0000900335637676545744  0.015162  0.008336  0.5497955414852921778129534362
2023-12-12 17:22:29,212 [INFO] Mean performance gains: 0.7476983666419983
2023-12-12 17:22:29,212 [INFO] 
loss: 0.126178577542305, prev_loss: 0.11523498594760895

2023-12-12 17:22:29,214 [INFO] Current jump probability: 0.6392883144319057
2023-12-12 17:22:29,214 [INFO] Loss increased from 0.11523498594760895 to 0.126178577542305. Removing components ['CAST_DOUBLE_FIX' 'CAST_FIX_FIX' 'SUB_DOUBLE'] and reversing modifications.
2023-12-12 17:22:29,217 [INFO] Modifying components ['ADD_DOUBLE' 'DIV_DOUBLE' 'DIV_FLOAT' 'MUL_DOUBLE' 'CAST_FLOAT_DOUBLE'] with modifications [('ADD_DOUBLE', 0.9941164844382546), ('DIV_DOUBLE', 0.7339858297545108), ('DIV_FLOAT', 0.9601006617955629), ('MUL_DOUBLE', 0.6675104051904539), ('CAST_FLOAT_DOUBLE', 1.1871918169459375)]
2023-12-12 17:22:29,221 [INFO] Compiling and running for idx 15
2023-12-12 17:22:50,246 [INFO] Calculating loss for idx 15

