2023-12-12 17:44:50,762 [INFO] Started logging at 20231212-174450
2023-12-12 17:44:50,763 [INFO] Setting seed to 1
2023-12-12 17:44:50,763 [INFO] Hyperparameters: 
num_components_min: 1
num_components_max: 20
range_low: 0.5
range_high: 2.0
prob_jump: 1.0
no_jump_threshold: 5.0

2023-12-12 17:44:50,763 [INFO] Benchmarking for 50 indices
2023-12-12 17:44:50,773 [INFO] Resetting benchmark to everything for idx 0
2023-12-12 17:44:50,773 [INFO] Compiling and running for idx 0
2023-12-12 17:45:31,117 [INFO] Calculating loss for idx 0

2023-12-12 17:45:33,842 [INFO] 
               fix_nofl flo_nofl                              e_perc                                e_abs     fix_t     flt_t                         speedup
correlation           0        0       1.194385528564461457949895475      0.01194385528564461558680555556  0.006064  0.011068   1.825197889182058047493403694
covariance            0        0   0.0001481311655862873288252545117     0.002076789008244972704861111111  0.005840  0.009897   1.694691780821917808219178082
2mm                   0        0    0.002116203505084219250051580296       0.1438640358449807895808080808  0.010025  0.013490   1.345635910224438902743142145
3mm                   0        0      0.1607428143865255962080035148        1.172867386937267929232804233  0.013795  0.021004   1.522580645161290322580645161
atax                  0        0    0.001245307518139623818345421377      0.03266340436183471048780487805  0.000199  0.000165  0.8291457286432160804020100503
bicg                  0        0  0.00004759444696888559227595466863              0.000047051263120545625  0.000276  0.000374   1.355072463768115942028985507
doitgen               0        0  0.00001518226308628690546534849225  0.000002021210889111604166666666667  0.004863  0.004630  0.9520871889779971211186510385
mvt                   0        0  0.00004734201893050139907084194797               0.00004664236306823225  0.000215  0.000287   1.334883720930232558139534884
gemm                  0        0  0.00001479771693590298682699517632   0.00001244721276953818181818181818  0.007969  0.003336  0.4186221608733843644120968754
gemver                0        0  0.00003027313379544594871299482309               0.00191701929193391475  0.000411  0.000376  0.9148418491484184914841849148
gesummv               0        0  0.00004861237071837252610943306509                0.0000806915283183144  0.000101  0.000153   1.514851485148514851485148515
symm                  0        0   0.0007963238953248391125850552133    0.0001487045288080912958333333333  0.007905  0.009059   1.145983554712207463630613536
syr2k                 0        0  0.00001699802890578776291817536193   0.00001223600474022919097222222222  0.009863  0.006670  0.6762648281455946466592314712
syrk                  0        0    0.008908022082727790005679672968     0.003215815621837633934027777778  0.004552  0.002772  0.6089630931458699472759226714
trmm                  0        0   0.0001165630935028292699829867013            0.00004396649698377393125  0.004753  0.004515  0.9499263622974963181148748159
cholesky              0        0   0.0008462985893928526759173484168  0.000005670095025417226932668329177  0.008243  0.009390   1.139148368312507582190949897
durbin                0        0      -25.16409692019274273840881420               0.00062922264855964425  0.000128  0.000103                       0.8046875
gramschmidt           0        0       8.481730959763505411538193444       0.2667616760502377581136363636  0.010834  0.015134   1.396898652390622115562119254
lu                    0        0    0.002061708849909160448173884941               0.00001379618248277339  0.019905  0.021507   1.080482290881688018085908063
ludcmp                0        0      0.2520458220045806715679653536               0.00002521245863239575  0.020098  0.018043  0.8977510200019902477858493382
trisolv               0        0   0.0007163980422090239072829048338               0.00000225930572684625  0.000073  0.000066  0.9041095890410958904109589041
deriche               0        0  0.00003496357273198525772562378705     6.531283331761574074074074074E-9  0.011243  0.005886  0.5235257493551543182424619763
floyd-warshall        0        0                                   0                                    0  0.099102  0.096883  0.9776089281750116042057677948
nussinov              0        0                                   0                                    0  0.019285  0.019222  0.9967332123411978221415607985
adi                   0        0     0.07478138527832312320764620720              0.000747813852783233995  0.151434  0.075441  0.4981774238282023851975117873
fdtd-2d               0        0  0.00004704790130159278723838813586   0.00001697663885679788055555555556  0.009725  0.008962  0.9215424164524421593830334190
heat-3d               0        0                                   0                                0E-16  0.012864  0.015038   1.168998756218905472636815920
jacobi-1d             0        0  0.00007857036815572305723013131653                     3.95077510528E-7  0.000070  0.000024  0.3428571428571428571428571429
jacobi-2d             0        0   0.0001428396627244173423026414782             0.0000900335637676545744  0.015043  0.008376  0.5568038290234660639500099714
seidel-2d             0        0   0.0001020126506449179568796360769           0.000102525901793475199375  0.050803  0.107509   2.116193925555577426529929335
2023-12-12 17:45:33,845 [INFO] Mean performance gains: 1.0471422672271729
2023-12-12 17:45:33,845 [INFO] Modifying components ['CAST_FIX_DOUBLE' 'REM_FIX' 'SUB_DOUBLE' 'CAST_DOUBLE_FIX'
 'CAST_FLOAT_DOUBLE' 'CAST_FIX_FLOAT'] with modifications [('CAST_FIX_DOUBLE', 0.8443658205947383), ('REM_FIX', 1.3016208634205255), ('SUB_DOUBLE', 1.8709430368688493), ('CAST_DOUBLE_FIX', 1.1858072119804823), ('CAST_FLOAT_DOUBLE', 1.1460478507770626), ('CAST_FIX_FLOAT', 1.9086916841354387)]
2023-12-12 17:45:33,850 [INFO] Compiling and running for idx 1
2023-12-12 17:46:14,220 [INFO] Calculating loss for idx 1

2023-12-12 17:46:16,916 [INFO] 
               fix_nofl flo_nofl                              e_perc                                e_abs     fix_t     flt_t                         speedup
correlation           0        0       1.194385528564461457949895475      0.01194385528564461558680555556  0.006071  0.010112   1.665623455773348706967550651
covariance            0        0   0.0001481311655862873288252545117     0.002076789008244972704861111111  0.005362  0.009985   1.862178291682208131294293174
2mm                   0        0    0.002116203505084219250051580296       0.1438640358449807895808080808  0.010285  0.013600   1.322314049586776859504132231
3mm                   0        0      0.1607428143865255962080035148        1.172867386937267929232804233  0.013643  0.020998   1.539104302572747929341054020
atax                  0        0    0.001245307518139623818345421377      0.03266340436183471048780487805  0.000225  0.000166  0.7377777777777777777777777778
bicg                  0        0  0.00004759444696888559227595466863              0.000047051263120545625  0.000258  0.000372   1.441860465116279069767441860
doitgen               0        0  0.00001518226308628690546534849225  0.000002021210889111604166666666667  0.004859  0.004699  0.9670714138711669067709405227
mvt                   0        0  0.00004734201893050139907084194797               0.00004664236306823225  0.000200  0.000288                            1.44
gemm                  0        0  0.00001479771693590298682699517632   0.00001244721276953818181818181818  0.007876  0.003239  0.4112493651599796851193499238
gemver                0        0  0.00003027313379544594871299482309               0.00191701929193391475  0.000431  0.000377  0.8747099767981438515081206497
gesummv               0        0  0.00004861237071837252610943306509                0.0000806915283183144  0.000103  0.000145   1.407766990291262135922330097
symm                  0        0   0.0007963238953248391125850552133    0.0001487045288080912958333333333  0.007889  0.009122   1.156293573329953099252123210
syr2k                 0        0  0.00001699802890578776291817536193   0.00001223600474022919097222222222  0.009935  0.006761  0.6805234021137393054856567690
syrk                  0        0    0.008908022082727790005679672968     0.003215815621837633934027777778  0.004595  0.002771  0.6030467899891186071817192601
trmm                  0        0   0.0001165630935028292699829867013            0.00004396649698377393125  0.004711  0.004459  0.9465081723625557206537890045
cholesky              0        0   0.0008462985893928526759173484168  0.000005670095025417226932668329177  0.008274  0.009065   1.095600676818950930626057530
durbin                0        0      -25.16409692019274273840881420               0.00062922264855964425  0.000128  0.000107                       0.8359375
gramschmidt           0        0       8.481730959763505411538193444       0.2667616760502377581136363636  0.010888  0.015288   1.404114621601763409257898604
lu                    0        0    0.002061708849909160448173884941               0.00001379618248277339  0.019493  0.020843   1.069255630226235058739034525
ludcmp                0        0      0.2520458220045806715679653536               0.00002521245863239575  0.019966  0.017857  0.8943704297305419212661524592
trisolv               0        0   0.0007163980422090239072829048338               0.00000225930572684625  0.000084  0.000066  0.7857142857142857142857142857
deriche               0        0  0.00003496357273198525772562378705     6.531283331761574074074074074E-9  0.011321  0.005783  0.5108205988870241144775196537
floyd-warshall        0        0                                   0                                    0  0.096918  0.097792   1.009017932685362884087579191
nussinov              0        0                                   0                                    0  0.019411  0.019219  0.9901087012518674978105198084
adi                   0        0     0.07478138527832312320764620720              0.000747813852783233995  0.152219  0.075996  0.4992543637785033405816619476
fdtd-2d               0        0  0.00004704790130159278723838813586   0.00001697663885679788055555555556  0.010887  0.009187  0.8438504638559750160742169560
heat-3d               0        0                                   0                                0E-16  0.012678  0.014919   1.176762896355892096545196403
jacobi-1d             0        0  0.00007857036815572305723013131653                     3.95077510528E-7  0.000075  0.000025  0.3333333333333333333333333333
jacobi-2d             0        0   0.0001428396627244173423026414782             0.0000900335637676545744  0.015048  0.008234  0.5471823498139287612971823498
seidel-2d             0        0   0.0001020126506449179568796360769           0.000102525901793475199375  0.050615  0.107997   2.133695544798972636570186704
2023-12-12 17:46:16,918 [INFO] Mean performance gains: 1.039501667022705
2023-12-12 17:46:16,918 [INFO] 
loss: 0.12141700088977814, prev_loss: 0.10638459771871567

2023-12-12 17:46:16,921 [INFO] Current jump probability: 0.9670562428236007
2023-12-12 17:46:16,921 [INFO] Mean performance gain decreased from 1.0471422672271729 to 1.039501667022705. Jumping to search new minima.
2023-12-12 17:46:16,921 [INFO] Modifying components ['CAST_DOUBLE_FIX' 'SUB_FLOAT' 'CAST_FLOAT_FIX' 'MUL_FIX' 'CAST_FIX_FLOAT'
 'MUL_FLOAT' 'REM_FLOAT' 'MUL_DOUBLE' 'CAST_FIX_DOUBLE'
 'CAST_DOUBLE_FLOAT'] with modifications [('CAST_DOUBLE_FIX', 0.9732734465090944), ('SUB_FLOAT', 1.5297513915223755), ('CAST_FLOAT_FIX', 1.7519385078460594), ('MUL_FIX', 0.5274324160162878), ('CAST_FIX_FLOAT', 1.6252164724174512), ('MUL_FLOAT', 1.9832916333597421), ('REM_FLOAT', 1.622248481569759), ('MUL_DOUBLE', 0.9206659880966077), ('CAST_FIX_DOUBLE', 1.6839189926772327), ('CAST_DOUBLE_FLOAT', 0.654839009866463)]
2023-12-12 17:46:16,929 [INFO] Compiling and running for idx 2
2023-12-12 17:46:57,436 [INFO] Calculating loss for idx 2

2023-12-12 17:47:00,198 [INFO] 
               fix_nofl flo_nofl                              e_perc                                e_abs     fix_t     flt_t                         speedup
correlation           0        0       1.194385528564461457949895475      0.01194385528564461558680555556  0.006114  0.010232   1.673536146548904154399738306
covariance            0        0   0.0001481311655862873288252545117     0.002076789008244972704861111111  0.005332  0.009891   1.855026256564141035258814704
2mm                   0        0    0.002116203505084219250051580296       0.1438640358449807895808080808  0.010430  0.013484   1.292809204218600191754554171
3mm                   0        0      0.1607428143865255962080035148        1.172867386937267929232804233  0.013725  0.021158   1.541566484517304189435336976
atax                  0        0    0.001245307518139623818345421377      0.03266340436183471048780487805  0.000201  0.000167  0.8308457711442786069651741294
bicg                  0        0  0.00004759444696888559227595466863              0.000047051263120545625  0.000279  0.000372   1.333333333333333333333333333
doitgen               0        0  0.00001518226308628690546534849225  0.000002021210889111604166666666667  0.004888  0.004635  0.9482405891980360065466448445
mvt                   0        0  0.00004734201893050139907084194797               0.00004664236306823225  0.000221  0.000287   1.298642533936651583710407240
gemm                  0        0  0.00001479771693590298682699517632   0.00001244721276953818181818181818  0.007866  0.003271  0.4158403254513094330027968472
gemver                0        0  0.00003027313379544594871299482309               0.00191701929193391475  0.000410  0.000378  0.9219512195121951219512195122
gesummv               0        0  0.00004861237071837252610943306509                0.0000806915283183144  0.000101  0.000145   1.435643564356435643564356436
symm                  0        0   0.0007963238953248391125850552133    0.0001487045288080912958333333333  0.007751  0.009149   1.180363824022706747516449490
syr2k                 0        0  0.00001699802890578776291817536193   0.00001223600474022919097222222222  0.010081  0.006919  0.6863406408094435075885328836
syrk                  0        0    0.008908022082727790005679672968     0.003215815621837633934027777778  0.004496  0.002859  0.6358985765124555160142348754
trmm                  0        0   0.0001165630935028292699829867013            0.00004396649698377393125  0.004743  0.004467  0.9418089816571790006325110689
cholesky              0        0   0.0008462985893928526759173484168  0.000005670095025417226932668329177  0.008290  0.008942   1.078648974668275030156815440
durbin                0        0      -25.16409692019274273840881420               0.00062922264855964425  0.000128  0.000106                        0.828125
gramschmidt           0        0       8.481730959763505411538193444       0.2667616760502377581136363636  0.010820  0.015169   1.401940850277264325323475046
lu                    0        0    0.002061708849909160448173884941               0.00001379618248277339  0.019740  0.020910   1.059270516717325227963525836
ludcmp                0        0      0.2520458220045806715679653536               0.00002521245863239575  0.019902  0.017871  0.8979499547784142297256557130
trisolv               0        0   0.0007163980422090239072829048338               0.00000225930572684625  0.000072  0.000069  0.9583333333333333333333333333
deriche               0        0  0.00003496357273198525772562378705     6.531283331761574074074074074E-9  0.011227  0.005751  0.5122472610670704551527567471
floyd-warshall        0        0                                   0                                    0  0.092370  0.097231   1.052625311248240770813034535
nussinov              0        0                                   0                                    0  0.019161  0.019199   1.001983195031574552476384322
adi                   0        0     0.07478138527832312320764620720              0.000747813852783233995  0.151774  0.076343  0.5030044671682896938869635115
fdtd-2d               0        0  0.00004704790130159278723838813586   0.00001697663885679788055555555556  0.009758  0.009095  0.9320557491289198606271777003
heat-3d               0        0                                   0                                0E-16  0.012752  0.015004   1.176599749058971141781681305
jacobi-1d             0        0  0.00007857036815572305723013131653                     3.95077510528E-7  0.000074  0.000024  0.3243243243243243243243243243
jacobi-2d             0        0   0.0001428396627244173423026414782             0.0000900335637676545744  0.015098  0.008227  0.5449066101470393429593323619
seidel-2d             0        0   0.0001020126506449179568796360769           0.000102525901793475199375  0.050698  0.110412   2.177837390035109866266913882
2023-12-12 17:47:00,200 [INFO] Mean performance gains: 1.0480566024780273
2023-12-12 17:47:00,200 [INFO] 
loss: 0.12052181363105774, prev_loss: 0.10638459771871567

2023-12-12 17:47:00,202 [INFO] Mean performance gain increased from 1.039501667022705 to 1.0480566024780273. Resetting components.
2023-12-12 17:47:00,203 [INFO] Modifying components ['CAST_FIX_DOUBLE' 'CAST_FIX_FIX' 'CAST_FIX_FLOAT' 'CAST_FLOAT_DOUBLE'
 'CAST_FLOAT_FIX' 'REM_DOUBLE' 'ADD_DOUBLE' 'REM_FIX' 'SUB_FLOAT'] with modifications [('CAST_FIX_DOUBLE', 0.8465231333188834), ('CAST_FIX_FIX', 1.300172735907763), ('CAST_FIX_FLOAT', 1.9249072077989595), ('CAST_FLOAT_DOUBLE', 1.239589390317119), ('CAST_FLOAT_FIX', 1.310900763235466), ('REM_DOUBLE', 1.6482276566613063), ('ADD_DOUBLE', 0.5680185928619799), ('REM_FIX', 0.7099491787875716), ('SUB_FLOAT', 1.6886053786940287)]
2023-12-12 17:47:00,210 [INFO] Compiling and running for idx 3
2023-12-12 17:47:40,555 [INFO] Calculating loss for idx 3

2023-12-12 17:47:43,233 [INFO] 
               fix_nofl flo_nofl                              e_perc                                e_abs     fix_t     flt_t                         speedup
correlation           0        0       1.194385528564461457949895475      0.01194385528564461558680555556  0.006126  0.011949   1.950538687561214495592556317
covariance            0        0   0.0001481311655862873288252545117     0.002076789008244972704861111111  0.005827  0.009917   1.701904925347520164750300326
2mm                   0        0    0.002116203505084219250051580296       0.1438640358449807895808080808  0.010419  0.013779   1.322487762741145983299740858
3mm                   0        0      0.1607428143865255962080035148        1.172867386937267929232804233  0.014020  0.020868   1.488445078459343794579172611
atax                  0        0    0.001245307518139623818345421377      0.03266340436183471048780487805  0.000199  0.000167  0.8391959798994974874371859296
bicg                  0        0  0.00004759444696888559227595466863              0.000047051263120545625  0.000257  0.000374   1.455252918287937743190661479
doitgen               0        0  0.00001518226308628690546534849225  0.000002021210889111604166666666667  0.004937  0.004592  0.9301195057727364796435082034
mvt                   0        0  0.00004734201893050139907084194797               0.00004664236306823225  0.000203  0.000329   1.620689655172413793103448276
gemm                  0        0  0.00001479771693590298682699517632   0.00001244721276953818181818181818  0.007884  0.003318  0.4208523592085235920852359209
gemver                0        0  0.00003027313379544594871299482309               0.00191701929193391475  0.000410  0.000377  0.9195121951219512195121951220
gesummv               0        0  0.00004861237071837252610943306509                0.0000806915283183144  0.000101  0.000153   1.514851485148514851485148515
symm                  0        0   0.0007963238953248391125850552133    0.0001487045288080912958333333333  0.007773  0.009026   1.161199022256529010677987907
syr2k                 0        0  0.00001699802890578776291817536193   0.00001223600474022919097222222222  0.009897  0.006700  0.6769728200464787309285642114
syrk                  0        0    0.008908022082727790005679672968     0.003215815621837633934027777778  0.004632  0.002790  0.6023316062176165803108808290
trmm                  0        0   0.0001165630935028292699829867013            0.00004396649698377393125  0.004755  0.004533  0.9533123028391167192429022082
cholesky              0        0   0.0008462985893928526759173484168  0.000005670095025417226932668329177  0.008621  0.008883   1.030390905927386614081893052
durbin                0        0      -25.16409692019274273840881420               0.00062922264855964425  0.000128  0.000105                       0.8203125
gramschmidt           0        0       8.481730959763505411538193444       0.2667616760502377581136363636  0.010845  0.015165   1.398340248962655601659751037
lu                    0        0    0.002061708849909160448173884941               0.00001379618248277339  0.019437  0.020840   1.072181921078355713330246437
ludcmp                0        0      0.2520458220045806715679653536               0.00002521245863239575  0.020194  0.017868  0.8848172724571654947013964544
trisolv               0        0   0.0007163980422090239072829048338               0.00000225930572684625  0.000072  0.000066  0.9166666666666666666666666667
deriche               0        0  0.00003496357273198525772562378705     6.531283331761574074074074074E-9  0.011167  0.005788  0.5183128861825020148652279036
floyd-warshall        0        0                                   0                                    0  0.092240  0.096644   1.047745013009540329575021683
nussinov              0        0                                   0                                    0  0.019165  0.019285   1.006261414036003130707018002
adi                   0        0     0.07478138527832312320764620720              0.000747813852783233995  0.152031  0.075678  0.4977800580144838881543895653
fdtd-2d               0        0  0.00004704790130159278723838813586   0.00001697663885679788055555555556  0.009725  0.009026  0.9281233933161953727506426735
heat-3d               0        0                                   0                                0E-16  0.012639  0.014670   1.160693092807975314502729646
jacobi-1d             0        0  0.00007857036815572305723013131653                     3.95077510528E-7  0.000075  0.000026  0.3466666666666666666666666667
jacobi-2d             0        0   0.0001428396627244173423026414782             0.0000900335637676545744  0.015057  0.008292  0.5507073122135883642159792787
seidel-2d             0        0   0.0001020126506449179568796360769           0.000102525901793475199375  0.050730  0.107776   2.124502266903213088902030357
2023-12-12 17:47:43,235 [INFO] Mean performance gains: 1.0620388984680176
2023-12-12 17:47:43,235 [INFO] 
loss: 0.12052793055772781, prev_loss: 0.10638459771871567

2023-12-12 17:47:43,238 [INFO] Mean performance gain increased from 1.0480566024780273 to 1.0620388984680176. Resetting components.
2023-12-12 17:47:43,238 [INFO] Modifying components ['REM_FIX' 'ADD_DOUBLE' 'MUL_FLOAT' 'SUB_DOUBLE' 'MUL_DOUBLE'
 'CAST_FLOAT_DOUBLE' 'SUB_FLOAT' 'DIV_DOUBLE' 'ADD_FLOAT'
 'CAST_FIX_DOUBLE' 'CAST_FIX_FLOAT' 'CAST_DOUBLE_FLOAT'] with modifications [('REM_FIX', 1.4716240996600214), ('ADD_DOUBLE', 1.0309086331974529), ('MUL_FLOAT', 1.644849579072683), ('SUB_DOUBLE', 1.0347975853370825), ('MUL_DOUBLE', 1.6291825297634064), ('CAST_FLOAT_DOUBLE', 1.8220127444510166), ('SUB_FLOAT', 0.5175037905213404), ('DIV_DOUBLE', 1.2471636044423549), ('ADD_FLOAT', 0.6106880171009819), ('CAST_FIX_DOUBLE', 1.6804272117036125), ('CAST_FIX_FLOAT', 0.5961009947573259), ('CAST_DOUBLE_FLOAT', 1.0329655436246425)]
2023-12-12 17:47:43,247 [INFO] Compiling and running for idx 4
2023-12-12 17:48:23,517 [INFO] Calculating loss for idx 4

2023-12-12 17:48:26,199 [INFO] 
               fix_nofl flo_nofl                              e_perc                                e_abs     fix_t     flt_t                         speedup
correlation           0        0       1.194385528564461457949895475      0.01194385528564461558680555556  0.005950  0.011630   1.954621848739495798319327731
covariance            0        0   0.0001481311655862873288252545117     0.002076789008244972704861111111  0.005403  0.009992   1.849342957616139181935961503
2mm                   0        0    0.002116203505084219250051580296       0.1438640358449807895808080808  0.010493  0.013493   1.285904888973601448584770800
3mm                   0        0      0.1607428143865255962080035148        1.172867386937267929232804233  0.014053  0.021340   1.518536967195616594321497189
atax                  0        0    0.001245307518139623818345421377      0.03266340436183471048780487805  0.000199  0.000165  0.8291457286432160804020100503
bicg                  0        0  0.00004759444696888559227595466863              0.000047051263120545625  0.000273  0.000372   1.362637362637362637362637363
doitgen               0        0  0.00001518226308628690546534849225  0.000002021210889111604166666666667  0.004871  0.004781  0.9815233011701909258879080271
mvt                   0        0  0.00004734201893050139907084194797               0.00004664236306823225  0.000199  0.000318   1.597989949748743718592964824
gemm                  0        0  0.00001479771693590298682699517632   0.00001244721276953818181818181818  0.008010  0.003382  0.4222222222222222222222222222
gemver                0        0  0.00003027313379544594871299482309               0.00191701929193391475  0.000410  0.000377  0.9195121951219512195121951220
gesummv               0        0  0.00004861237071837252610943306509                0.0000806915283183144  0.000101  0.000145   1.435643564356435643564356436
symm                  0        0   0.0007963238953248391125850552133    0.0001487045288080912958333333333  0.007814  0.009052   1.158433580752495520859994881
syr2k                 0        0  0.00001699802890578776291817536193   0.00001223600474022919097222222222  0.009960  0.006691  0.6717871485943775100401606426
syrk                  0        0    0.008908022082727790005679672968     0.003215815621837633934027777778  0.004535  0.002760  0.6085997794928335170893054024
trmm                  0        0   0.0001165630935028292699829867013            0.00004396649698377393125  0.004707  0.004501  0.9562353940939026981091990652
cholesky              0        0   0.0008462985893928526759173484168  0.000005670095025417226932668329177  0.008473  0.008804   1.039065266139501947362209371
durbin                0        0      -25.16409692019274273840881420               0.00062922264855964425  0.000129  0.000112  0.8682170542635658914728682171
gramschmidt           0        0       8.481730959763505411538193444       0.2667616760502377581136363636  0.010853  0.015128   1.393900304063392610338155349
lu                    0        0    0.002061708849909160448173884941               0.00001379618248277339  0.019745  0.020950   1.061028108381868827551278805
ludcmp                0        0      0.2520458220045806715679653536               0.00002521245863239575  0.019997  0.017830  0.8916337450617592638895834375
trisolv               0        0   0.0007163980422090239072829048338               0.00000225930572684625  0.000076  0.000070  0.9210526315789473684210526316
deriche               0        0  0.00003496357273198525772562378705     6.531283331761574074074074074E-9  0.011221  0.005676  0.5058372694055788254166295339
floyd-warshall        0        0                                   0                                    0  0.092422  0.097445   1.054348531734868321395338772
nussinov              0        0                                   0                                    0  0.019238  0.019419   1.009408462418130782825657553
adi                   0        0     0.07478138527832312320764620720              0.000747813852783233995  0.152223  0.075653  0.4969879715943057225255053441
fdtd-2d               0        0  0.00004704790130159278723838813586   0.00001697663885679788055555555556  0.009680  0.009102  0.9402892561983471074380165289
heat-3d               0        0                                   0                                0E-16  0.012425  0.015161   1.220201207243460764587525151
jacobi-1d             0        0  0.00007857036815572305723013131653                     3.95077510528E-7  0.000075  0.000024                            0.32
jacobi-2d             0        0   0.0001428396627244173423026414782             0.0000900335637676545744  0.014933  0.008229  0.5510614076207058193263242483
seidel-2d             0        0   0.0001020126506449179568796360769           0.000102525901793475199375  0.050502  0.108449   2.147419904162211397568413132
2023-12-12 17:48:26,201 [INFO] Mean performance gains: 1.0657528638839722
2023-12-12 17:48:26,201 [INFO] 
loss: 0.12218286842107773, prev_loss: 0.10638459771871567

2023-12-12 17:48:26,203 [INFO] Mean performance gain increased from 1.0620388984680176 to 1.0657528638839722. Resetting components.
2023-12-12 17:48:26,203 [INFO] Modifying components ['CAST_FIX_DOUBLE' 'SUB_DOUBLE' 'DIV_DOUBLE' 'CAST_FLOAT_DOUBLE'
 'REM_FLOAT' 'REM_DOUBLE' 'DIV_FLOAT' 'CAST_FIX_FLOAT' 'CAST_FIX_FIX'
 'MUL_FIX'] with modifications [('CAST_FIX_DOUBLE', 1.435040173687704), ('SUB_DOUBLE', 0.5237318642698344), ('DIV_DOUBLE', 1.894155850615642), ('CAST_FLOAT_DOUBLE', 1.5363453762753858), ('REM_FLOAT', 1.9959842756772208), ('REM_DOUBLE', 0.7585107625179928), ('DIV_FLOAT', 0.7057036244433166), ('CAST_FIX_FLOAT', 1.8988931945557455), ('CAST_FIX_FIX', 1.5452272422348503), ('MUL_FIX', 0.5990002590830937)]
2023-12-12 17:48:26,211 [INFO] Compiling and running for idx 5
2023-12-12 17:49:06,684 [INFO] Calculating loss for idx 5

2023-12-12 17:49:09,377 [INFO] 
               fix_nofl flo_nofl                              e_perc                                e_abs     fix_t     flt_t                         speedup
correlation           0        0       1.194385528564461457949895475      0.01194385528564461558680555556  0.006127  0.010232   1.669985310918883629835155867
covariance            0        0   0.0001481311655862873288252545117     0.002076789008244972704861111111  0.005303  0.009908   1.868376390722232698472562700
2mm                   0        0    0.002116203505084219250051580296       0.1438640358449807895808080808  0.010074  0.013591   1.349116537621600158824697240
3mm                   0        0      0.1607428143865255962080035148        1.172867386937267929232804233  0.013869  0.020862   1.504218040233614536015574302
atax                  0        0    0.001245307518139623818345421377      0.03266340436183471048780487805  0.000200  0.000165                           0.825
bicg                  0        0  0.00004759444696888559227595466863              0.000047051263120545625  0.000256  0.000372                        1.453125
doitgen               0        0  0.00001518226308628690546534849225  0.000002021210889111604166666666667  0.004859  0.004718  0.9709816834739658365918913357
mvt                   0        0  0.00004734201893050139907084194797               0.00004664236306823225  0.000200  0.000288                            1.44
gemm                  0        0  0.00001479771693590298682699517632   0.00001244721276953818181818181818  0.007994  0.003188  0.3987990993244933700275206405
gemver                0        0  0.00003027313379544594871299482309               0.00191701929193391475  0.000410  0.000376  0.9170731707317073170731707317
gesummv               0        0  0.00004861237071837252610943306509                0.0000806915283183144  0.000102  0.000145   1.421568627450980392156862745
symm                  0        0   0.0007963238953248391125850552133    0.0001487045288080912958333333333  0.007751  0.009152   1.180750870855373500193523416
syr2k                 0        0  0.00001699802890578776291817536193   0.00001223600474022919097222222222  0.009830  0.006813  0.6930824008138351983723296033
syrk                  0        0    0.008908022082727790005679672968     0.003215815621837633934027777778  0.004589  0.002714  0.5914142514709086947047286991
trmm                  0        0   0.0001165630935028292699829867013            0.00004396649698377393125  0.004743  0.004469  0.9422306557031414716424204090
cholesky              0        0   0.0008462985893928526759173484168  0.000005670095025417226932668329177  0.009175  0.008927  0.9729700272479564032697547684
durbin                0        0      -25.16409692019274273840881420               0.00062922264855964425  0.000128  0.000106                        0.828125
gramschmidt           0        0       8.481730959763505411538193444       0.2667616760502377581136363636  0.010817  0.015229   1.407876490709069057964315429
lu                    0        0    0.002061708849909160448173884941               0.00001379618248277339  0.019704  0.020806   1.055927730410069021518473406
ludcmp                0        0      0.2520458220045806715679653536               0.00002521245863239575  0.019954  0.017773  0.8906986067956299488824295881
trisolv               0        0   0.0007163980422090239072829048338               0.00000225930572684625  0.000073  0.000066  0.9041095890410958904109589041
deriche               0        0  0.00003496357273198525772562378705     6.531283331761574074074074074E-9  0.011171  0.005670  0.5075642288067317160504878704
floyd-warshall        0        0                                   0                                    0  0.092693  0.096650   1.042689307714714163960601124
nussinov              0        0                                   0                                    0  0.019182  0.019185   1.000156396621832968407882390
adi                   0        0     0.07478138527832312320764620720              0.000747813852783233995  0.152141  0.075497  0.4962304704188877422916899455
fdtd-2d               0        0  0.00004704790130159278723838813586   0.00001697663885679788055555555556  0.009830  0.009184  0.9342828077314343845371312309
heat-3d               0        0                                   0                                0E-16  0.012646  0.015643   1.236991934208445358216036691
jacobi-1d             0        0  0.00007857036815572305723013131653                     3.95077510528E-7  0.000070  0.000026  0.3714285714285714285714285714
jacobi-2d             0        0   0.0001428396627244173423026414782             0.0000900335637676545744  0.015032  0.008233  0.5476982437466737626397019691
seidel-2d             0        0   0.0001020126506449179568796360769           0.000102525901793475199375  0.050843  0.108815   2.140215958932399740377239738
2023-12-12 17:49:09,379 [INFO] Mean performance gains: 1.0520896911621094
2023-12-12 17:49:09,379 [INFO] 
loss: 0.11349701881408691, prev_loss: 0.10638459771871567

2023-12-12 17:49:09,382 [INFO] Current jump probability: 0.891428295224905
2023-12-12 17:49:09,382 [INFO] Mean performance gain decreased from 1.0657528638839722 to 1.0520896911621094. Jumping to search new minima.
2023-12-12 17:49:09,382 [INFO] Modifying components ['CAST_FLOAT_DOUBLE' 'SUB_DOUBLE' 'CAST_DOUBLE_FLOAT' 'CAST_DOUBLE_FIX'
 'CAST_FIX_DOUBLE' 'ADD_FLOAT' 'REM_DOUBLE' 'MUL_DOUBLE' 'REM_FLOAT'
 'REM_FIX' 'ADD_DOUBLE' 'CAST_FIX_FIX' 'CAST_FIX_FLOAT' 'DIV_FLOAT'
 'CAST_FLOAT_FIX' 'MUL_FIX'] with modifications [('CAST_FLOAT_DOUBLE', 1.3550999906241419), ('SUB_DOUBLE', 1.126889808785508), ('CAST_DOUBLE_FLOAT', 1.0517648609576442), ('CAST_DOUBLE_FIX', 1.7194924555789606), ('CAST_FIX_DOUBLE', 0.9346400041093036), ('ADD_FLOAT', 1.5760874018867148), ('REM_DOUBLE', 1.4194221390917223), ('MUL_DOUBLE', 1.1403647385188398), ('REM_FLOAT', 1.6278094546547714), ('REM_FIX', 1.1417189488884834), ('ADD_DOUBLE', 1.1425736077478739), ('CAST_FIX_FIX', 1.0428566641351322), ('CAST_FIX_FLOAT', 0.7300077168793617), ('DIV_FLOAT', 1.9057854866000101), ('CAST_FLOAT_FIX', 1.8746148099097697), ('MUL_FIX', 1.6729376937341989)]
2023-12-12 17:49:09,393 [INFO] Compiling and running for idx 6
2023-12-12 17:49:49,621 [INFO] Calculating loss for idx 6

2023-12-12 17:49:52,310 [INFO] 
               fix_nofl flo_nofl                              e_perc                                e_abs     fix_t     flt_t                         speedup
correlation           0        0       1.194385528564461457949895475      0.01194385528564461558680555556  0.005699  0.009648   1.692928583962098613791893315
covariance            0        0   0.0001481311655862873288252545117     0.002076789008244972704861111111  0.005377  0.008963   1.666914636414357448391296262
2mm                   0        0    0.002116203505084219250051580296       0.1438640358449807895808080808  0.010107  0.013519   1.337587810428415949342040170
3mm                   0        0      0.1607428143865255962080035148        1.172867386937267929232804233  0.013977  0.021008   1.503040709737425770909351077
atax                  0        0    0.001245307518139623818345421377      0.03266340436183471048780487805  0.000199  0.000166  0.8341708542713567839195979899
bicg                  0        0  0.00004759444696888559227595466863              0.000047051263120545625  0.000256  0.000403                      1.57421875
doitgen               0        0  0.00001518226308628690546534849225  0.000002021210889111604166666666667  0.005013  0.004582  0.9140235387991222820666267704
mvt                   0        0  0.00004734201893050139907084194797               0.00004664236306823225  0.000213  0.000287   1.347417840375586854460093897
gemm                  0        0  0.00001479771693590298682699517632   0.00001244721276953818181818181818  0.008115  0.003142  0.3871842267406038200862600123
gemver                0        0  0.00003027313379544594871299482309               0.00191701929193391475  0.000409  0.000377  0.9217603911980440097799511002
gesummv               0        0  0.00004861237071837252610943306509                0.0000806915283183144  0.000107  0.000145   1.355140186915887850467289720
symm                  0        0   0.0007963238953248391125850552133    0.0001487045288080912958333333333  0.007733  0.009122   1.179619811198758567179619811
syr2k                 0        0  0.00001699802890578776291817536193   0.00001223600474022919097222222222  0.010123  0.006662  0.6581053047515558628864960980
syrk                  0        0    0.008908022082727790005679672968     0.003215815621837633934027777778  0.004486  0.002800  0.6241640659830584039233169862
trmm                  0        0   0.0001165630935028292699829867013            0.00004396649698377393125  0.004723  0.004480  0.9485496506457759898369680288
cholesky              0        0   0.0008462985893928526759173484168  0.000005670095025417226932668329177  0.008418  0.009209   1.093965312425754335946780708
durbin                0        0      -25.16409692019274273840881420               0.00062922264855964425  0.000130  0.000106  0.8153846153846153846153846154
gramschmidt           0        0       8.481730959763505411538193444       0.2667616760502377581136363636  0.010778  0.015180   1.408424568565596585637409538
lu                    0        0    0.002061708849909160448173884941               0.00001379618248277339  0.019637  0.020779   1.058155522737689056373173092
ludcmp                0        0      0.2520458220045806715679653536               0.00002521245863239575  0.019852  0.017960  0.9046947410840217610316340923
trisolv               0        0   0.0007163980422090239072829048338               0.00000225930572684625  0.000073  0.000070  0.9589041095890410958904109589
deriche               0        0  0.00003496357273198525772562378705     6.531283331761574074074074074E-9  0.011151  0.005782  0.5185185185185185185185185185
floyd-warshall        0        0                                   0                                    0  0.092544  0.096946   1.047566562932226832641770401
nussinov              0        0                                   0                                    0  0.019241  0.019596   1.018450184501845018450184502
adi                   0        0     0.07478138527832312320764620720              0.000747813852783233995  0.152260  0.076577  0.5029357677656639957966636017
fdtd-2d               0        0  0.00004704790130159278723838813586   0.00001697663885679788055555555556  0.009799  0.009082  0.9268292682926829268292682927
heat-3d               0        0                                   0                                0E-16  0.012438  0.014992   1.205338478855121402154687249
jacobi-1d             0        0  0.00007857036815572305723013131653                     3.95077510528E-7  0.000076  0.000025  0.3289473684210526315789473684
jacobi-2d             0        0   0.0001428396627244173423026414782             0.0000900335637676545744  0.015195  0.008213  0.5405067456400131622244159263
seidel-2d             0        0   0.0001020126506449179568796360769           0.000102525901793475199375  0.050491  0.107610   2.131270919569824325127250401
2023-12-12 17:49:52,312 [INFO] Mean performance gains: 1.0468238592147827
2023-12-12 17:49:52,312 [INFO] 
loss: 0.12452661991119385, prev_loss: 0.10638459771871567

2023-12-12 17:49:52,315 [INFO] Current jump probability: 0.8643260527960956
2023-12-12 17:49:52,315 [INFO] Mean performance gain decreased from 1.0520896911621094 to 1.0468238592147827. Jumping to search new minima.
2023-12-12 17:49:52,315 [INFO] Modifying components ['ADD_DOUBLE' 'CAST_DOUBLE_FLOAT' 'CAST_DOUBLE_FIX' 'SUB_FLOAT'
 'DIV_FLOAT' 'CAST_FIX_DOUBLE' 'MUL_FLOAT' 'CAST_FIX_FIX' 'DIV_FIX'
 'MUL_DOUBLE' 'CAST_FLOAT_FIX' 'CAST_FIX_FLOAT' 'SUB_DOUBLE' 'REM_FLOAT'
 'CAST_FLOAT_DOUBLE' 'MUL_FIX'] with modifications [('ADD_DOUBLE', 1.972634961779947), ('CAST_DOUBLE_FLOAT', 1.839531818294429), ('CAST_DOUBLE_FIX', 1.6390231924344918), ('SUB_FLOAT', 1.4766808383541794), ('DIV_FLOAT', 0.5595252530985895), ('CAST_FIX_DOUBLE', 1.7208145477585062), ('MUL_FLOAT', 1.6438597020005967), ('CAST_FIX_FIX', 1.182923700481978), ('DIV_FIX', 1.2977396770039515), ('MUL_DOUBLE', 0.6640041013778584), ('CAST_FLOAT_FIX', 0.719049118982343), ('CAST_FIX_FLOAT', 1.2631831081690068), ('SUB_DOUBLE', 0.8234754213541867), ('REM_FLOAT', 1.8746655546415547), ('CAST_FLOAT_DOUBLE', 1.1932287692828427), ('MUL_FIX', 0.698400911685096)]
2023-12-12 17:49:52,327 [INFO] Compiling and running for idx 7
2023-12-12 17:50:32,766 [INFO] Calculating loss for idx 7

2023-12-12 17:50:35,577 [INFO] 
               fix_nofl flo_nofl                              e_perc                                e_abs     fix_t     flt_t                         speedup
correlation           0        0       1.194385528564461457949895475      0.01194385528564461558680555556  0.006131  0.010201   1.663839504159190996574783885
covariance            0        0   0.0001481311655862873288252545117     0.002076789008244972704861111111  0.005505  0.009919   1.801816530426884650317892825
2mm                   0        0    0.002116203505084219250051580296       0.1438640358449807895808080808  0.010261  0.013514   1.317025631030114023974271513
3mm                   0        0      0.1607428143865255962080035148        1.172867386937267929232804233  0.013743  0.021762   1.583497053045186640471512770
atax                  0        0    0.001245307518139623818345421377      0.03266340436183471048780487805  0.000226  0.000185  0.8185840707964601769911504425
bicg                  0        0  0.00004759444696888559227595466863              0.000047051263120545625  0.000256  0.000425                      1.66015625
doitgen               0        0  0.00001518226308628690546534849225  0.000002021210889111604166666666667  0.004862  0.004601  0.9463183874948580830933772110
mvt                   0        0  0.00004734201893050139907084194797               0.00004664236306823225  0.000262  0.000287   1.095419847328244274809160305
gemm                  0        0  0.00001479771693590298682699517632   0.00001244721276953818181818181818  0.008023  0.003241  0.4039636046366695749719556276
gemver                0        0  0.00003027313379544594871299482309               0.00191701929193391475  0.000410  0.000386  0.9414634146341463414634146341
gesummv               0        0  0.00004861237071837252610943306509                0.0000806915283183144  0.000106  0.000145   1.367924528301886792452830189
symm                  0        0   0.0007963238953248391125850552133    0.0001487045288080912958333333333  0.007874  0.009083   1.153543307086614173228346457
syr2k                 0        0  0.00001699802890578776291817536193   0.00001223600474022919097222222222  0.009831  0.006749  0.6865018818024616010578781406
syrk                  0        0    0.008908022082727790005679672968     0.003215815621837633934027777778  0.004516  0.002821  0.6246678476527900797165633304
trmm                  0        0   0.0001165630935028292699829867013            0.00004396649698377393125  0.004730  0.004653  0.9837209302325581395348837209
cholesky              0        0   0.0008462985893928526759173484168  0.000005670095025417226932668329177  0.008233  0.008884   1.079072027207579254220818657
durbin                0        0      -25.16409692019274273840881420               0.00062922264855964425  0.000129  0.000122  0.9457364341085271317829457364
gramschmidt           0        0       8.481730959763505411538193444       0.2667616760502377581136363636  0.010953  0.015260   1.393225600292157399799141788
lu                    0        0    0.002061708849909160448173884941               0.00001379618248277339  0.019380  0.021045   1.085913312693498452012383901
ludcmp                0        0      0.2520458220045806715679653536               0.00002521245863239575  0.021172  0.017950  0.8478178726620064235783109768
trisolv               0        0   0.0007163980422090239072829048338               0.00000225930572684625  0.000072  0.000071  0.9861111111111111111111111111
deriche               0        0  0.00003496357273198525772562378705     6.531283331761574074074074074E-9  0.011165  0.005868  0.5255709807433945364979847738
floyd-warshall        0        0                                   0                                    0  0.096626  0.097027   1.004150021733280897481009252
nussinov              0        0                                   0                                    0  0.019273  0.019501   1.011830021273283868624500597
adi                   0        0     0.07478138527832312320764620720              0.000747813852783233995  0.154017  0.075830  0.4923482472714051046313069337
fdtd-2d               0        0  0.00004704790130159278723838813586   0.00001697663885679788055555555556  0.010203  0.009172  0.8989512888366166813682250319
heat-3d               0        0                                   0                                0E-16  0.012696  0.015229   1.199511657214870825456836799
jacobi-1d             0        0  0.00007857036815572305723013131653                     3.95077510528E-7  0.000076  0.000025  0.3289473684210526315789473684
jacobi-2d             0        0   0.0001428396627244173423026414782             0.0000900335637676545744  0.015358  0.008410  0.5475973434040890740981898685
seidel-2d             0        0   0.0001020126506449179568796360769           0.000102525901793475199375  0.050796  0.108479   2.135581541853689266871407197
2023-12-12 17:50:35,579 [INFO] Mean performance gains: 1.0510269403457642
2023-12-12 17:50:35,579 [INFO] 
loss: 0.12054536491632462, prev_loss: 0.10638459771871567

2023-12-12 17:50:35,582 [INFO] Mean performance gain increased from 1.0468238592147827 to 1.0510269403457642. Resetting components.
2023-12-12 17:50:35,582 [INFO] Modifying components ['REM_FLOAT' 'MUL_FIX' 'MUL_FLOAT' 'DIV_FIX' 'ADD_DOUBLE' 'SUB_DOUBLE'
 'DIV_FLOAT'] with modifications [('REM_FLOAT', 0.5989416360260357), ('MUL_FIX', 1.6025989449330043), ('MUL_FLOAT', 1.6582670443148702), ('DIV_FIX', 1.861723778755286), ('ADD_DOUBLE', 1.897958103795256), ('SUB_DOUBLE', 0.5209273594633955), ('DIV_FLOAT', 0.8515431291821307)]
2023-12-12 17:50:35,588 [INFO] Compiling and running for idx 8
2023-12-12 17:51:16,079 [INFO] Calculating loss for idx 8

2023-12-12 17:51:18,779 [INFO] 
               fix_nofl flo_nofl                              e_perc                                e_abs     fix_t     flt_t                         speedup
correlation           0        0       1.194385528564461457949895475      0.01194385528564461558680555556  0.005775  0.010105   1.749783549783549783549783550
covariance            0        0   0.0001481311655862873288252545117     0.002076789008244972704861111111  0.005398  0.009084   1.682845498332715820674323824
2mm                   0        0    0.002116203505084219250051580296       0.1438640358449807895808080808  0.010391  0.013491   1.298335097680685208353382735
3mm                   0        0      0.1607428143865255962080035148        1.172867386937267929232804233  0.013904  0.020990   1.509637514384349827387802071
atax                  0        0    0.001245307518139623818345421377      0.03266340436183471048780487805  0.000199  0.000182  0.9145728643216080402010050251
bicg                  0        0  0.00004759444696888559227595466863              0.000047051263120545625  0.000256  0.000397                      1.55078125
doitgen               0        0  0.00001518226308628690546534849225  0.000002021210889111604166666666667  0.004885  0.004587  0.9389969293756397134083930399
mvt                   0        0  0.00004734201893050139907084194797               0.00004664236306823225  0.000211  0.000318   1.507109004739336492890995261
gemm                  0        0  0.00001479771693590298682699517632   0.00001244721276953818181818181818  0.007902  0.003250  0.4112882814477347506960263225
gemver                0        0  0.00003027313379544594871299482309               0.00191701929193391475  0.000474  0.000376  0.7932489451476793248945147679
gesummv               0        0  0.00004861237071837252610943306509                0.0000806915283183144  0.000101  0.000145   1.435643564356435643564356436
symm                  0        0   0.0007963238953248391125850552133    0.0001487045288080912958333333333  0.007750  0.009120   1.176774193548387096774193548
syr2k                 0        0  0.00001699802890578776291817536193   0.00001223600474022919097222222222  0.009992  0.006660  0.6665332265812650120096076861
syrk                  0        0    0.008908022082727790005679672968     0.003215815621837633934027777778  0.004464  0.002730  0.6115591397849462365591397849
trmm                  0        0   0.0001165630935028292699829867013            0.00004396649698377393125  0.004709  0.004457  0.9464854533871310256954767467
cholesky              0        0   0.0008462985893928526759173484168  0.000005670095025417226932668329177  0.008305  0.009007   1.084527393136664659843467790
durbin                0        0      -25.16409692019274273840881420               0.00062922264855964425  0.000129  0.000117  0.9069767441860465116279069767
gramschmidt           0        0       8.481730959763505411538193444       0.2667616760502377581136363636  0.011471  0.015486   1.350013076453665765844303025
lu                    0        0    0.002061708849909160448173884941               0.00001379618248277339  0.019682  0.020973   1.065592927548013413271009044
ludcmp                0        0      0.2520458220045806715679653536               0.00002521245863239575  0.020245  0.017721  0.8753272412941467028896023710
trisolv               0        0   0.0007163980422090239072829048338               0.00000225930572684625  0.000076  0.000066  0.8684210526315789473684210526
deriche               0        0  0.00003496357273198525772562378705     6.531283331761574074074074074E-9  0.011243  0.005682  0.5053811260339766966112247621
floyd-warshall        0        0                                   0                                    0  0.093899  0.099178   1.056219981043461591710241856
nussinov              0        0                                   0                                    0  0.019241  0.019267   1.001351281118444987266774076
adi                   0        0     0.07478138527832312320764620720              0.000747813852783233995  0.152706  0.076964  0.5040011525414849449268529069
fdtd-2d               0        0  0.00004704790130159278723838813586   0.00001697663885679788055555555556  0.009982  0.009127  0.9143458224804648367060709277
heat-3d               0        0                                   0                                0E-16  0.012763  0.015508   1.215074825667946407584423725
jacobi-1d             0        0  0.00007857036815572305723013131653                     3.95077510528E-7  0.000076  0.000024  0.3157894736842105263157894737
jacobi-2d             0        0   0.0001428396627244173423026414782             0.0000900335637676545744  0.014985  0.008440  0.5632298965632298965632298966
seidel-2d             0        0   0.0001020126506449179568796360769           0.000102525901793475199375  0.051001  0.107737   2.112448775514205603811689967
2023-12-12 17:51:18,781 [INFO] Mean performance gains: 1.0510766506195068
2023-12-12 17:51:18,782 [INFO] 
loss: 0.12424787133932114, prev_loss: 0.10638459771871567

2023-12-12 17:51:18,784 [INFO] Mean performance gain increased from 1.0510269403457642 to 1.0510766506195068. Resetting components.
2023-12-12 17:51:18,784 [INFO] Modifying components ['ADD_DOUBLE' 'CAST_DOUBLE_FIX' 'ADD_FLOAT' 'DIV_FLOAT' 'SUB_DOUBLE'
 'REM_DOUBLE' 'REM_FLOAT' 'MUL_DOUBLE' 'SUB_FLOAT' 'CAST_FLOAT_FIX'
 'REM_FIX' 'CAST_FLOAT_DOUBLE' 'MUL_FIX' 'MUL_FLOAT' 'DIV_DOUBLE'] with modifications [('ADD_DOUBLE', 1.0923134193853323), ('CAST_DOUBLE_FIX', 1.9448937926610677), ('ADD_FLOAT', 0.7609335000206965), ('DIV_FLOAT', 0.689494279159456), ('SUB_DOUBLE', 0.7026187370700969), ('REM_DOUBLE', 1.258493248515345), ('REM_FLOAT', 0.532287207911297), ('MUL_DOUBLE', 1.9219553168265215), ('SUB_FLOAT', 1.7406732067560986), ('CAST_FLOAT_FIX', 0.5225284711131836), ('REM_FIX', 0.7642943833625828), ('CAST_FLOAT_DOUBLE', 0.9980953615502555), ('MUL_FIX', 0.6964952672163753), ('MUL_FLOAT', 1.7142360381898731), ('DIV_DOUBLE', 1.0171049790249402)]
2023-12-12 17:51:18,795 [INFO] Compiling and running for idx 9
2023-12-12 17:51:59,139 [INFO] Calculating loss for idx 9

2023-12-12 17:52:01,824 [INFO] 
               fix_nofl flo_nofl                              e_perc                                e_abs     fix_t     flt_t                         speedup
correlation           0        0       1.194385528564461457949895475      0.01194385528564461558680555556  0.006087  0.009910   1.628059799572860193855758173
covariance            0        0   0.0001481311655862873288252545117     0.002076789008244972704861111111  0.005430  0.009892   1.821731123388581952117863720
2mm                   0        0    0.002116203505084219250051580296       0.1438640358449807895808080808  0.010526  0.013435   1.276363290898726961808854266
3mm                   0        0      0.1607428143865255962080035148        1.172867386937267929232804233  0.014182  0.021092   1.487237343110985756592864194
atax                  0        0    0.001245307518139623818345421377      0.03266340436183471048780487805  0.000199  0.000167  0.8391959798994974874371859296
bicg                  0        0  0.00004759444696888559227595466863              0.000047051263120545625  0.000256  0.000394                       1.5390625
doitgen               0        0  0.00001518226308628690546534849225  0.000002021210889111604166666666667  0.004860  0.004601  0.9467078189300411522633744856
mvt                   0        0  0.00004734201893050139907084194797               0.00004664236306823225  0.000219  0.000287   1.310502283105022831050228311
gemm                  0        0  0.00001479771693590298682699517632   0.00001244721276953818181818181818  0.007871  0.003328  0.4228179392707406936856816161
gemver                0        0  0.00003027313379544594871299482309               0.00191701929193391475  0.000410  0.000376  0.9170731707317073170731707317
gesummv               0        0  0.00004861237071837252610943306509                0.0000806915283183144  0.000101  0.000144   1.425742574257425742574257426
symm                  0        0   0.0007963238953248391125850552133    0.0001487045288080912958333333333  0.007817  0.009225   1.180120250735576308046565178
syr2k                 0        0  0.00001699802890578776291817536193   0.00001223600474022919097222222222  0.010157  0.006704  0.6600374126218371566407403761
syrk                  0        0    0.008908022082727790005679672968     0.003215815621837633934027777778  0.004525  0.002763  0.6106077348066298342541436464
trmm                  0        0   0.0001165630935028292699829867013            0.00004396649698377393125  0.004734  0.004451  0.9402196873679763413603717786
cholesky              0        0   0.0008462985893928526759173484168  0.000005670095025417226932668329177  0.008180  0.008829   1.079339853300733496332518337
durbin                0        0      -25.16409692019274273840881420               0.00062922264855964425  0.000130  0.000103  0.7923076923076923076923076923
gramschmidt           0        0       8.481730959763505411538193444       0.2667616760502377581136363636  0.011178  0.015335   1.371891214886383968509572374
lu                    0        0    0.002061708849909160448173884941               0.00001379618248277339  0.019617  0.020814   1.061018504358464597033185502
ludcmp                0        0      0.2520458220045806715679653536               0.00002521245863239575  0.019887  0.017655  0.8877658772062151154020214210
trisolv               0        0   0.0007163980422090239072829048338               0.00000225930572684625  0.000073  0.000067  0.9178082191780821917808219178
deriche               0        0  0.00003496357273198525772562378705     6.531283331761574074074074074E-9  0.011597  0.005775  0.4979736138656549107527808916
floyd-warshall        0        0                                   0                                    0  0.093581  0.096571   1.031950930210192239877752963
nussinov              0        0                                   0                                    0  0.019380  0.019331  0.9974716202270381836945304438
adi                   0        0     0.07478138527832312320764620720              0.000747813852783233995  0.152950  0.076609  0.5008761033017325923504413207
fdtd-2d               0        0  0.00004704790130159278723838813586   0.00001697663885679788055555555556  0.009676  0.008990  0.9291029350971475816453079785
heat-3d               0        0                                   0                                0E-16  0.012631  0.014621   1.157548887657350961919087958
jacobi-1d             0        0  0.00007857036815572305723013131653                     3.95077510528E-7  0.000075  0.000026  0.3466666666666666666666666667
jacobi-2d             0        0   0.0001428396627244173423026414782             0.0000900335637676545744  0.015021  0.008297  0.5523600292923240796218627255
seidel-2d             0        0   0.0001020126506449179568796360769           0.000102525901793475199375  0.050458  0.107369   2.127888540964762772999326172
2023-12-12 17:52:01,826 [INFO] Mean performance gains: 1.0419150590896606
2023-12-12 17:52:01,826 [INFO] 
loss: 0.11471191048622131, prev_loss: 0.10638459771871567

2023-12-12 17:52:01,829 [INFO] Current jump probability: 0.8070344246923924
2023-12-12 17:52:01,829 [INFO] Mean performance gain decreased from 1.0510766506195068 to 1.0419150590896606. Removing components ['ADD_DOUBLE' 'CAST_DOUBLE_FIX' 'ADD_FLOAT' 'DIV_FLOAT' 'SUB_DOUBLE'
 'REM_DOUBLE' 'REM_FLOAT' 'MUL_DOUBLE' 'SUB_FLOAT' 'CAST_FLOAT_FIX'
 'REM_FIX' 'CAST_FLOAT_DOUBLE' 'MUL_FIX' 'MUL_FLOAT' 'DIV_DOUBLE'] and reversing modifications.
2023-12-12 17:52:01,841 [INFO] Resetting benchmark to everything for idx 10
2023-12-12 17:52:01,841 [INFO] Compiling and running for idx 10
2023-12-12 17:52:41,928 [INFO] Calculating loss for idx 10

2023-12-12 17:52:44,616 [INFO] 
               fix_nofl flo_nofl                              e_perc                                e_abs     fix_t     flt_t                         speedup
correlation           0        0       1.194385528564461457949895475      0.01194385528564461558680555556  0.006107  0.009933   1.626494186998526281316522024
covariance            0        0   0.0001481311655862873288252545117     0.002076789008244972704861111111  0.005395  0.009932   1.840963855421686746987951807
2mm                   0        0    0.002116203505084219250051580296       0.1438640358449807895808080808  0.010224  0.013680   1.338028169014084507042253521
3mm                   0        0      0.1607428143865255962080035148        1.172867386937267929232804233  0.015362  0.021535   1.401835698476760838432495769
atax                  0        0    0.001245307518139623818345421377      0.03266340436183471048780487805  0.000229  0.000170  0.7423580786026200873362445415
bicg                  0        0  0.00004759444696888559227595466863              0.000047051263120545625  0.000295  0.000374   1.267796610169491525423728814
doitgen               0        0  0.00001518226308628690546534849225  0.000002021210889111604166666666667  0.004865  0.004641  0.9539568345323741007194244604
mvt                   0        0  0.00004734201893050139907084194797               0.00004664236306823225  0.000199  0.000287   1.442211055276381909547738693
gemm                  0        0  0.00001479771693590298682699517632   0.00001244721276953818181818181818  0.007854  0.003620  0.4609116373822256175197351668
gemver                0        0  0.00003027313379544594871299482309               0.00191701929193391475  0.000410  0.000401  0.9780487804878048780487804878
gesummv               0        0  0.00004861237071837252610943306509                0.0000806915283183144  0.000101  0.000161   1.594059405940594059405940594
symm                  0        0   0.0007963238953248391125850552133    0.0001487045288080912958333333333  0.007795  0.009050   1.161000641436818473380372033
syr2k                 0        0  0.00001699802890578776291817536193   0.00001223600474022919097222222222  0.010101  0.007296  0.7223047223047223047223047223
syrk                  0        0    0.008908022082727790005679672968     0.003215815621837633934027777778  0.004531  0.002895  0.6389318031339660119178989186
trmm                  0        0   0.0001165630935028292699829867013            0.00004396649698377393125  0.004716  0.004486  0.9512298558100084817642069550
cholesky              0        0   0.0008462985893928526759173484168  0.000005670095025417226932668329177  0.014121  0.008923  0.6318957580907867714751079952
durbin                0        0      -25.16409692019274273840881420               0.00062922264855964425  0.000129  0.000105  0.8139534883720930232558139535
gramschmidt           0        0       8.481730959763505411538193444       0.2667616760502377581136363636  0.010803  0.015323   1.418402295658613348144034065
lu                    0        0    0.002061708849909160448173884941               0.00001379618248277339  0.019349  0.020916   1.080986097472737609178768929
ludcmp                0        0      0.2520458220045806715679653536               0.00002521245863239575  0.020319  0.017721  0.8721393769378414292041931197
trisolv               0        0   0.0007163980422090239072829048338               0.00000225930572684625  0.000072  0.000066  0.9166666666666666666666666667
deriche               0        0  0.00003496357273198525772562378705     6.531283331761574074074074074E-9  0.011199  0.005732  0.5118314135190642021609072239
floyd-warshall        0        0                                   0                                    0  0.093485  0.097690   1.044980478151575119003048617
nussinov              0        0                                   0                                    0  0.019368  0.019370   1.000103263114415530772408096
adi                   0        0     0.07478138527832312320764620720              0.000747813852783233995  0.152844  0.075676  0.4951192065112140483106958729
fdtd-2d               0        0  0.00004704790130159278723838813586   0.00001697663885679788055555555556  0.009621  0.008972  0.9325433946575200083151439559
heat-3d               0        0                                   0                                0E-16  0.012611  0.014995   1.189041313139322813416858298
jacobi-1d             0        0  0.00007857036815572305723013131653                     3.95077510528E-7  0.000075  0.000026  0.3466666666666666666666666667
jacobi-2d             0        0   0.0001428396627244173423026414782             0.0000900335637676545744  0.015137  0.008324  0.5499108145603488141639690824
seidel-2d             0        0   0.0001020126506449179568796360769           0.000102525901793475199375  0.050941  0.108126   2.122573172886280206513417483
2023-12-12 17:52:44,618 [INFO] Mean performance gains: 1.0348981618881226
2023-12-12 17:52:44,618 [INFO] Modifying components ['REM_FLOAT' 'CAST_FIX_DOUBLE' 'MUL_FLOAT' 'ADD_DOUBLE' 'DIV_DOUBLE'
 'DIV_FLOAT' 'CAST_DOUBLE_FIX' 'REM_FIX'] with modifications [('REM_FLOAT', 0.9728672046430594), ('CAST_FIX_DOUBLE', 1.839333062787727), ('MUL_FLOAT', 1.3667858229268033), ('ADD_DOUBLE', 0.7760153024411975), ('DIV_DOUBLE', 1.6818938507382564), ('DIV_FLOAT', 1.418046765567401), ('CAST_DOUBLE_FIX', 0.5808639081106295), ('REM_FIX', 1.1302905200016984)]
2023-12-12 17:52:44,625 [INFO] Compiling and running for idx 11
2023-12-12 17:53:25,201 [INFO] Calculating loss for idx 11

