2023-12-12 16:03:11,843 [INFO] Started logging at 20231212-160311
2023-12-12 16:03:11,846 [INFO] Setting seed to 1
2023-12-12 16:03:11,847 [INFO] Hyperparameters: 
num_components_min: 1
num_components_max: 20
range_low: 0.666666
range_high: 1.5
prob_jump: 1.0
no_jump_threshold: 5.0

2023-12-12 16:03:11,848 [INFO] Benchmarking for 50 indices
2023-12-12 16:03:11,862 [INFO] Resetting benchmark to everything for idx 0
2023-12-12 16:03:11,863 [INFO] Compiling and running for idx 0
2023-12-12 16:09:42,315 [INFO] Calculating loss for idx 0

2023-12-12 16:09:44,992 [INFO] 
               fix_nofl flo_nofl                              e_perc                                e_abs     fix_t     flt_t                         speedup
correlation           0        0       1.194385528564461457949895475      0.01194385528564461558680555556  0.007700  0.010226   1.328051948051948051948051948
covariance            0        0   0.0001481311655862873288252545117     0.002076789008244972704861111111  0.005206  0.012556   2.411832500960430272762197464
2mm                   0        0    0.002116203505084219250051580296       0.1438640358449807895808080808  0.015579  0.017285   1.109506386802747288015918865
3mm                   0        0      0.1607428143865255962080035148        1.172867386937267929232804233  0.013682  0.029757   2.174901330214880865370559860
atax                  0        0    0.001245307518139623818345421377      0.03266340436183471048780487805  0.000215  0.000207  0.9627906976744186046511627907
bicg                  0        0  0.00004759444696888559227595466863              0.000047051263120545625  0.000217  0.000414   1.907834101382488479262672811
doitgen               0        0  0.00001518226308628690546534849225  0.000002021210889111604166666666667  0.003923  0.004949   1.261534539892939077236808565
mvt                   0        0  0.00004734201893050139907084194797               0.00004664236306823225  0.000283  0.000568   2.007067137809187279151943463
gemm                  0        0  0.00001479771693590298682699517632   0.00001244721276953818181818181818  0.007321  0.003892  0.5316213632017483950280016391
gemver                0        0  0.00003027313379544594871299482309               0.00191701929193391475  0.000442  0.000468   1.058823529411764705882352941
gesummv               0        0  0.00004861237071837252610943306509                0.0000806915283183144  0.000087  0.000206   2.367816091954022988505747126
symm                  0        0   0.0007963238953248391125850552133    0.0001487045288080912958333333333  0.009813  0.006598  0.6723733822480383165189034954
syr2k                 0        0  0.00001699802890578776291817536193   0.00001223600474022919097222222222  0.008395  0.009107   1.084812388326384752829064920
syrk                  0        0    0.008908022082727790005679672968     0.003215815621837633934027777778  0.006827  0.003438  0.5035886919584004687271129339
trmm                  0        0   0.0001165630935028292699829867013            0.00004396649698377393125  0.007614  0.004683  0.6150512214342001576044129236
cholesky              0        0   0.0008462985893928526759173484168  0.000005670095025417226932668329177  0.007294  0.010226   1.401974225390732108582396490
durbin                0        0      -25.16409692019274273840881420               0.00062922264855964425  0.000170  0.000194   1.141176470588235294117647059
gramschmidt           0        0       8.481730959763505411538193444       0.2667616760502377581136363636  0.012724  0.014736   1.158126375353662370323797548
lu                    0        0    0.002061708849909160448173884941               0.00001379618248277339  0.019357  0.021099   1.089993284083277367360644728
ludcmp                0        0      0.2520458220045806715679653536               0.00002521245863239575  0.018631  0.018959   1.017605066824110353711556009
trisolv               0        0   0.0007163980422090239072829048338               0.00000225930572684625  0.000107  0.000099  0.9252336448598130841121495327
deriche               0        0  0.00003496357273198525772562378705     6.531283331761574074074074074E-9  0.011906  0.008002  0.6720981017974130690408197547
floyd-warshall        0        0                                   0                                    0  0.088345  0.112448   1.272828117041145509083705926
nussinov              0        0                                   0                                    0  0.015288  0.014931  0.9766483516483516483516483516
adi                   0        0     0.07478138527832312320764620720              0.000747813852783233995  0.133789  0.058176  0.4348339549589278640246956028
fdtd-2d               0        0  0.00004704790130159278723838813586   0.00001697663885679788055555555556  0.010567  0.006354  0.6013059524936121888899403804
heat-3d               0        0                                   0                                0E-16  0.011847  0.017222   1.453701358993838102473199966
jacobi-1d             0        0  0.00007857036815572305723013131653                     3.95077510528E-7  0.000078  0.000034  0.4358974358974358974358974359
jacobi-2d             0        0   0.0001428396627244173423026414782             0.0000900335637676545744  0.011798  0.008466  0.7175792507204610951008645533
seidel-2d             0        0   0.0001020126506449179568796360769           0.000102525901793475199375  0.051568  0.089982   1.744919329816940738442444927
2023-12-12 16:09:44,994 [INFO] Mean performance gains: 1.1680508852005005
2023-12-12 16:09:44,998 [INFO] Modifying components ['CAST_FIX_DOUBLE' 'REM_FIX' 'SUB_DOUBLE' 'CAST_DOUBLE_FIX'
 'CAST_FLOAT_DOUBLE' 'CAST_FIX_FLOAT'] with modifications [('CAST_FIX_DOUBLE', 0.8579804978263305), ('REM_FIX', 1.1120112803984534), ('SUB_DOUBLE', 1.4283016297907105), ('CAST_DOUBLE_FIX', 1.047670311459029), ('CAST_FLOAT_DOUBLE', 1.0255817597863017), ('CAST_FIX_FLOAT', 1.4492731172715478)]
2023-12-12 16:09:45,038 [INFO] Compiling and running for idx 1
2023-12-12 16:16:31,244 [INFO] Calculating loss for idx 1

2023-12-12 16:16:33,795 [INFO] 
               fix_nofl flo_nofl                              e_perc                                e_abs     fix_t     flt_t                         speedup
correlation           0        0       1.194385528564461457949895475      0.01194385528564461558680555556  0.008929  0.009001   1.008063612946578564228917012
covariance            0        0   0.0001481311655862873288252545117     0.002076789008244972704861111111  0.007850  0.011129   1.417707006369426751592356688
2mm                   0        0    0.002116203505084219250051580296       0.1438640358449807895808080808  0.014746  0.017354   1.176861521768615217686152177
3mm                   0        0      0.1607428143865255962080035148        1.172867386937267929232804233  0.017370  0.025826   1.486816350028785261945883708
atax                  0        0    0.001245307518139623818345421377      0.03266340436183471048780487805  0.000240  0.000354                           1.475
bicg                  0        0  0.00004759444696888559227595466863              0.000047051263120545625  0.000378  0.000542   1.433862433862433862433862434
doitgen               0        0  0.00001518226308628690546534849225  0.000002021210889111604166666666667  0.005488  0.006742   1.228498542274052478134110787
mvt                   0        0  0.00004734201893050139907084194797               0.00004664236306823225  0.000287  0.000575   2.003484320557491289198606272
gemm                  0        0  0.00001479771693590298682699517632   0.00001244721276953818181818181818  0.009858  0.004033  0.4091093528099005883546358288
gemver                0        0  0.00003027313379544594871299482309               0.00191701929193391475  0.000614  0.000696   1.133550488599348534201954397
gesummv               0        0  0.00004861237071837252610943306509                0.0000806915283183144  0.000152  0.000242   1.592105263157894736842105263
symm                  0        0   0.0007963238953248391125850552133    0.0001487045288080912958333333333  0.009598  0.009488  0.9885392790164617628672640133
syr2k                 0        0  0.00001699802890578776291817536193   0.00001223600474022919097222222222  0.011553  0.007027  0.6082402839089414005020341037
syrk                  0        0    0.008908022082727790005679672968     0.003215815621837633934027777778  0.007671  0.003167  0.4128536044844218485204015122
trmm                  0        0   0.0001165630935028292699829867013            0.00004396649698377393125  0.006980  0.004437  0.6356733524355300859598853868
cholesky              0        0   0.0008462985893928526759173484168  0.000005670095025417226932668329177  0.007429  0.010344   1.392381208776416745187777628
durbin                0        0      -25.16409692019274273840881420               0.00062922264855964425  0.000137  0.000198   1.445255474452554744525547445
gramschmidt           0        0       8.481730959763505411538193444       0.2667616760502377581136363636  0.012935  0.014716   1.137688442211055276381909548
lu                    0        0    0.002061708849909160448173884941               0.00001379618248277339  0.019419  0.021170   1.090169421700396518873268448
ludcmp                0        0      0.2520458220045806715679653536               0.00002521245863239575  0.018604  0.019224   1.033326166415824553859385078
trisolv               0        0   0.0007163980422090239072829048338               0.00000225930572684625  0.000133  0.000124  0.9323308270676691729323308271
deriche               0        0  0.00003496357273198525772562378705     6.531283331761574074074074074E-9  0.011265  0.006946  0.6166000887705281846426986241
floyd-warshall        0        0                                   0                                    0  0.084962  0.121176   1.426237612108942821496669099
nussinov              0        0                                   0                                    0  0.015574  0.012078  0.7755233080775651727237703865
adi                   0        0     0.07478138527832312320764620720              0.000747813852783233995  0.141106  0.062580  0.4434963786089889870026788372
fdtd-2d               0        0  0.00004704790130159278723838813586   0.00001697663885679788055555555556  0.010926  0.006397  0.5854841662090426505583012997
heat-3d               0        0                                   0                                0E-16  0.012713  0.011761  0.9251160229686148037441988516
jacobi-1d             0        0  0.00007857036815572305723013131653                     3.95077510528E-7  0.000067  0.000030  0.4477611940298507462686567164
jacobi-2d             0        0   0.0001428396627244173423026414782             0.0000900335637676545744  0.011701  0.008314  0.7105375608922314332108366806
seidel-2d             0        0   0.0001020126506449179568796360769           0.000102525901793475199375  0.051868  0.090361   1.742133878306470270687128866
2023-12-12 16:16:33,798 [INFO] Mean performance gains: 1.0571469068527222
2023-12-12 16:16:33,803 [INFO] 
loss: 0.15831395983695984, prev_loss: 0.14272581040859222

2023-12-12 16:16:33,803 [INFO] Mean performance gain decreased from 1.1680508852005005 to 1.0571469068527222. Resetting components.
2023-12-12 16:16:33,803 [INFO] Modifying components ['CAST_FLOAT_DOUBLE' 'SUB_FLOAT' 'CAST_FIX_DOUBLE' 'MUL_FIX'
 'CAST_FIX_FIX' 'MUL_FLOAT' 'REM_FIX' 'MUL_DOUBLE' 'REM_FLOAT'
 'CAST_DOUBLE_FIX' 'SUB_DOUBLE' 'CAST_FIX_FLOAT' 'DIV_FLOAT'
 'CAST_FLOAT_FIX'] with modifications [('CAST_FLOAT_DOUBLE', 0.9295959028488064), ('SUB_FLOAT', 1.2387505640686047), ('CAST_FIX_DOUBLE', 1.3621879496649254), ('MUL_FIX', 0.6819062433123447), ('CAST_FIX_FIX', 1.2917867625503496), ('MUL_FLOAT', 1.4907175666628047), ('REM_FIX', 1.290137877426969), ('MUL_DOUBLE', 0.900369513682999), ('REM_FLOAT', 1.3243992998957927), ('CAST_DOUBLE_FIX', 0.7526877409653727), ('SUB_DOUBLE', 1.0399109037422718), ('CAST_FIX_FLOAT', 1.4238295249745816), ('DIV_FLOAT', 0.9113446527208318), ('CAST_FLOAT_FIX', 0.9064789740055164)]
2023-12-12 16:16:33,830 [INFO] Compiling and running for idx 2
2023-12-12 16:23:45,862 [INFO] Calculating loss for idx 2

2023-12-12 16:23:48,487 [INFO] 
               fix_nofl flo_nofl                              e_perc                                e_abs     fix_t     flt_t                         speedup
correlation           0        0       1.194385528564461457949895475      0.01194385528564461558680555556  0.008280  0.011218   1.354830917874396135265700483
covariance            0        0   0.0001481311655862873288252545117     0.002076789008244972704861111111  0.007719  0.011128   1.441637517813188236818240705
2mm                   0        0    0.002116203505084219250051580296       0.1438640358449807895808080808  0.015333  0.016636   1.084980108263223113545946651
3mm                   0        0      0.1607428143865255962080035148        1.172867386937267929232804233  0.016906  0.024288   1.436649710162072636933633030
atax                  0        0    0.001245307518139623818345421377      0.03266340436183471048780487805  0.000233  0.000343   1.472103004291845493562231760
bicg                  0        0  0.00004759444696888559227595466863              0.000047051263120545625  0.000239  0.000542   2.267782426778242677824267782
doitgen               0        0  0.00001518226308628690546534849225  0.000002021210889111604166666666667  0.005426  0.006558   1.208625138223368964246221895
mvt                   0        0  0.00004734201893050139907084194797               0.00004664236306823225  0.000189  0.000552   2.920634920634920634920634921
gemm                  0        0  0.00001479771693590298682699517632   0.00001244721276953818181818181818  0.009700  0.004295  0.4427835051546391752577319588
gemver                0        0  0.00003027313379544594871299482309               0.00191701929193391475  0.000854  0.000718  0.8407494145199063231850117096
gesummv               0        0  0.00004861237071837252610943306509                0.0000806915283183144  0.000105  0.000242   2.304761904761904761904761905
symm                  0        0   0.0007963238953248391125850552133    0.0001487045288080912958333333333  0.009772  0.008042  0.8229635693819074907900122800
syr2k                 0        0  0.00001699802890578776291817536193   0.00001223600474022919097222222222  0.011811  0.007229  0.6120565574464482262297857929
syrk                  0        0    0.008908022082727790005679672968     0.003215815621837633934027777778  0.004131  0.003349  0.8106995884773662551440329218
trmm                  0        0   0.0001165630935028292699829867013            0.00004396649698377393125  0.004119  0.004805   1.166545277980092255401796553
cholesky              0        0   0.0008462985893928526759173484168  0.000005670095025417226932668329177  0.007355  0.010332   1.404758667573079537729435758
durbin                0        0      -25.16409692019274273840881420               0.00062922264855964425  0.000108  0.000119   1.101851851851851851851851852
gramschmidt           0        0       8.481730959763505411538193444       0.2667616760502377581136363636  0.010297  0.014135   1.372729921336311547052539575
lu                    0        0    0.002061708849909160448173884941               0.00001379618248277339  0.019907  0.020827   1.046214899281659717687245692
ludcmp                0        0      0.2520458220045806715679653536               0.00002521245863239575  0.018190  0.018709   1.028532160527762506871907642
trisolv               0        0   0.0007163980422090239072829048338               0.00000225930572684625  0.000131  0.000157   1.198473282442748091603053435
deriche               0        0  0.00003496357273198525772562378705     6.531283331761574074074074074E-9  0.013950  0.008688  0.6227956989247311827956989247
floyd-warshall        0        0                                   0                                    0  0.089120  0.114996   1.290350089766606822262118492
nussinov              0        0                                   0                                    0  0.015468  0.015620   1.009826739074217739850012930
adi                   0        0     0.07478138527832312320764620720              0.000747813852783233995  0.140407  0.061950  0.4412173182248748281780822893
fdtd-2d               0        0  0.00004704790130159278723838813586   0.00001697663885679788055555555556  0.010872  0.009050  0.8324135393671817512877115526
heat-3d               0        0                                   0                                0E-16  0.009451  0.011645   1.232144746587662681197756851
jacobi-1d             0        0  0.00007857036815572305723013131653                     3.95077510528E-7  0.000072  0.000035  0.4861111111111111111111111111
jacobi-2d             0        0   0.0001428396627244173423026414782             0.0000900335637676545744  0.011288  0.007924  0.7019844082211197732104890149
seidel-2d             0        0   0.0001020126506449179568796360769           0.000102525901793475199375  0.052394  0.088553   1.690136275146009085009733939
2023-12-12 16:23:48,489 [INFO] Mean performance gains: 1.1882447004318237
2023-12-12 16:23:48,490 [INFO] 
loss: 0.1389029175043106, prev_loss: 0.15831395983695984

2023-12-12 16:23:48,490 [INFO] Current jump probability: 0.9240250189229845
2023-12-12 16:23:48,493 [INFO] Mean performance gain increased from 1.1680508852005005 to 1.1882447004318237. Jumping to search new minima.
2023-12-12 16:23:48,493 [INFO] Modifying components ['CAST_FIX_DOUBLE' 'MUL_FLOAT' 'MUL_FIX' 'CAST_FIX_FLOAT' 'REM_FLOAT'
 'CAST_DOUBLE_FIX'] with modifications [('CAST_FIX_DOUBLE', 1.113246695527197), ('MUL_FLOAT', 1.2198286468795874), ('MUL_FIX', 1.0957406033079984), ('CAST_FIX_FLOAT', 1.4538289263888484), ('REM_FLOAT', 1.1554622581216878), ('CAST_DOUBLE_FIX', 1.4195015316745132)]
2023-12-12 16:23:48,520 [INFO] Compiling and running for idx 3
2023-12-12 16:24:57,636 [INFO] Calculating loss for idx 3

