2023-12-12 11:54:12,408 [INFO] Started logging at 20231212-115412
2023-12-12 11:54:12,412 [INFO] Setting seed to 1
2023-12-12 11:54:12,413 [INFO] Hyperparameters: 
num_components_min: 1
num_components_max: 20
range_low: 0.666666
range_high: 1.5
prob_jump: 0.5
no_jump_threshold: 1.0

2023-12-12 11:54:12,429 [INFO] Benchmarking for 50 indices
2023-12-12 11:54:12,429 [INFO] Compiling and running for idx 0
2023-12-12 11:57:41,520 [INFO] Calculating loss for idx 0

2023-12-12 11:57:44,223 [INFO] 
               fix_nofl flo_nofl                              e_perc                                e_abs     fix_t     flt_t                         speedup
correlation           0        0       1.194385528564461457949895475      0.01194385528564461558680555556  0.005863  0.008192   1.397236909432031383250895446
covariance            0        0   0.0001481311655862873288252545117     0.002076789008244972704861111111  0.010924  0.016416   1.502746246796045404613694617
2mm                   0        0    0.002116203505084219250051580296       0.1438640358449807895808080808  0.039853  0.022548  0.5657792387022306978144681705
3mm                   0        0      0.1607428143865255962080035148        1.172867386937267929232804233  0.037282  0.026701  0.7161901185558714661230620675
atax                  0        0    0.001245307518139623818345421377      0.03266340436183471048780487805  0.000177  0.000216   1.220338983050847457627118644
bicg                  0        0  0.00004759444696888559227595466863              0.000047051263120545625  0.000269  0.000395   1.468401486988847583643122677
doitgen               0        0  0.00001518226308628690546534849225  0.000002021210889111604166666666667  0.004430  0.013534   3.055079006772009029345372460
mvt                   0        0  0.00004734201893050139907084194797               0.00004664236306823225  0.000362  0.000614   1.696132596685082872928176796
gemm                  0        0  0.00001479771693590298682699517632   0.00001244721276953818181818181818  0.007399  0.004618  0.6241383970806865792674685768
gemver                0        0  0.00003027313379544594871299482309               0.00191701929193391475  0.000472  0.000501   1.061440677966101694915254237
gesummv               0        0  0.00004861237071837252610943306509                0.0000806915283183144  0.000148  0.000171   1.155405405405405405405405405
symm                  0        0   0.0007963238953248391125850552133    0.0001487045288080912958333333333  0.006786  0.007641   1.125994694960212201591511936
syr2k                 0        0  0.00001699802890578776291817536193   0.00001223600474022919097222222222  0.008711  0.005995  0.6882103088049592469291700149
syrk                  0        0    0.008908022082727790005679672968     0.003215815621837633934027777778  0.004319  0.002185  0.5059041444778884000926140310
trmm                  0        0   0.0001165630935028292699829867013            0.00004396649698377393125  0.004817  0.004990   1.035914469586879800705833506
cholesky              0        0   0.0008462985893928526759173484168  0.000005670095025417226932668329177  0.024772  0.028410   1.146859357338931051186823833
durbin                0        0      -25.16409692019274273840881420               0.00062922264855964425  0.000112  0.000118   1.053571428571428571428571429
gramschmidt           0        0       8.481730959763505411538193444       0.2667616760502377581136363636  0.018002  0.036940   2.051994222864126208199088990
lu                    0        0    0.002061708849909160448173884941               0.00001379618248277339  0.036079  0.037000   1.025527315058621358685107680
ludcmp                0        0      0.2520458220045806715679653536               0.00002521245863239575  0.034921  0.035218   1.008504911085020474785945420
trisolv               0        0   0.0007163980422090239072829048338               0.00000225930572684625  0.000086  0.000102   1.186046511627906976744186047
deriche               0        0  0.00003496357273198525772562378705     6.531283331761574074074074074E-9  0.012229  0.013874   1.134516313680595306239267315
floyd-warshall        0        0                                   0                                    0  0.093964  0.119329   1.269943808266995870759014091
nussinov              0        0                                   0                                    0  0.041623  0.032266  0.7751964058333133123513442087
adi                   0        0     0.07478138527832312320764620720              0.000747813852783233995  0.290994  0.136916  0.4705114194794394386138545812
fdtd-2d               0        0  0.00004704790130159278723838813586   0.00001697663885679788055555555556  0.027561  0.006399  0.2321759007292913900076194623
heat-3d               0        0                                   0                                0E-16  0.017834  0.036080   2.023101940114388247168330156
jacobi-1d             0        0  0.00007857036815572305723013131653                     3.95077510528E-7  0.000045  0.000020  0.4444444444444444444444444444
jacobi-2d             0        0   0.0001428396627244173423026414782             0.0000900335637676545744  0.028558  0.005878  0.2058267385671265494782547797
seidel-2d             0        0   0.0001020126506449179568796360769           0.000102525901793475199375  0.091146  0.137221   1.505507647071731068834616988
2023-12-12 11:57:44,240 [INFO] Modifying components ['CAST_FIX_DOUBLE' 'REM_FIX' 'SUB_DOUBLE' 'CAST_DOUBLE_FIX'
 'CAST_FLOAT_DOUBLE' 'CAST_FIX_FLOAT'] with modifications [('CAST_FIX_DOUBLE', 0.8579804978263305), ('REM_FIX', 1.1120112803984534), ('SUB_DOUBLE', 1.4283016297907105), ('CAST_DOUBLE_FIX', 1.047670311459029), ('CAST_FLOAT_DOUBLE', 1.0255817597863017), ('CAST_FIX_FLOAT', 1.4492731172715478)]
2023-12-12 11:57:44,256 [INFO] Compiling and running for idx 0
2023-12-12 11:58:43,769 [INFO] Calculating loss for idx 1

2023-12-12 11:58:45,220 [INFO] 
          fix_nofl flo_nofl                              e_perc                               e_abs     fix_t     flt_t                         speedup
2mm              0        0    0.002116203505084219250051580296      0.1438640358449807895808080808  0.011244  0.034337   3.053806474564212024190679473
3mm              0        0      0.1607428143865255962080035148       1.172867386937267929232804233  0.013414  0.038146   2.843745340688832562993886984
gemm             0        0  0.00001479771693590298682699517632  0.00001244721276953818181818181818  0.027113  0.010707  0.3949028141481945929996680559
syr2k            0        0  0.00001699802890578776291817536193  0.00001223600474022919097222222222  0.008463  0.004955  0.5854897790381661349403284887
syrk             0        0    0.008908022082727790005679672968    0.003215815621837633934027777778  0.004088  0.002102  0.5141878669275929549902152642
nussinov         0        0                                   0                                   0  0.036135  0.050358   1.393607305936073059360730594
adi              0        0     0.07478138527832312320764620720             0.000747813852783233995  0.269156  0.126002  0.4681374370253681879653435183
fdtd-2d          0        0  0.00004704790130159278723838813586  0.00001697663885679788055555555556  0.015630  0.006407  0.4099168266154830454254638516
jacobi-1d        0        0  0.00007857036815572305723013131653                    3.95077510528E-7  0.000047  0.000020  0.4255319148936170212765957447
jacobi-2d        0        0   0.0001428396627244173423026414782            0.0000900335637676545744  0.009363  0.007054  0.7533910071558261241055217345
2023-12-12 11:58:45,235 [INFO] 
loss: 1.7958801984786987, prev_loss: 2.611513137817383

2023-12-12 11:58:45,235 [INFO] Loss decreased from 2.611513137817383 to 1.7958801984786987. Resetting components.
2023-12-12 11:58:45,235 [INFO] Modifying components ['CAST_FLOAT_DOUBLE' 'SUB_FLOAT' 'CAST_FIX_DOUBLE' 'MUL_FIX'
 'CAST_FIX_FIX' 'MUL_FLOAT' 'REM_FIX' 'MUL_DOUBLE' 'REM_FLOAT'
 'CAST_DOUBLE_FIX' 'SUB_DOUBLE' 'CAST_FIX_FLOAT' 'DIV_FLOAT'
 'CAST_FLOAT_FIX'] with modifications [('CAST_FLOAT_DOUBLE', 0.9295959028488064), ('SUB_FLOAT', 1.2387505640686047), ('CAST_FIX_DOUBLE', 1.3621879496649254), ('MUL_FIX', 0.6819062433123447), ('CAST_FIX_FIX', 1.2917867625503496), ('MUL_FLOAT', 1.4907175666628047), ('REM_FIX', 1.290137877426969), ('MUL_DOUBLE', 0.900369513682999), ('REM_FLOAT', 1.3243992998957927), ('CAST_DOUBLE_FIX', 0.7526877409653727), ('SUB_DOUBLE', 1.0399109037422718), ('CAST_FIX_FLOAT', 1.4238295249745816), ('DIV_FLOAT', 0.9113446527208318), ('CAST_FLOAT_FIX', 0.9064789740055164)]
2023-12-12 11:58:45,267 [INFO] Compiling and running for idx 0
2023-12-12 11:59:31,346 [INFO] Calculating loss for idx 2

2023-12-12 11:59:31,930 [INFO] 
          fix_nofl flo_nofl                              e_perc                               e_abs     fix_t     flt_t                         speedup
gemm             0        0  0.00001479771693590298682699517632  0.00001244721276953818181818181818  0.006939  0.011055   1.593169044530912235192390834
syr2k            0        0  0.00001699802890578776291817536193  0.00001223600474022919097222222222  0.008508  0.013068   1.535966149506346967559943583
syrk             0        0    0.008908022082727790005679672968    0.003215815621837633934027777778  0.015501  0.015947   1.028772337268563318495580930
adi              0        0     0.07478138527832312320764620720             0.000747813852783233995  0.181741  0.126601  0.6966012072124616899873996512
fdtd-2d          0        0  0.00004704790130159278723838813586  0.00001697663885679788055555555556  0.013461  0.018919   1.405467647277319664215140034
jacobi-1d        0        0  0.00007857036815572305723013131653                    3.95077510528E-7  0.000058  0.000033  0.5689655172413793103448275862
jacobi-2d        0        0   0.0001428396627244173423026414782            0.0000900335637676545744  0.008890  0.022592   2.541282339707536557930258718
2023-12-12 11:59:31,947 [INFO] 
loss: 0.27784156799316406, prev_loss: 1.7958801984786987

2023-12-12 11:59:31,947 [INFO] Loss decreased from 1.7958801984786987 to 0.27784156799316406. Resetting components.
2023-12-12 11:59:31,953 [INFO] Modifying components ['CAST_FIX_DOUBLE' 'CAST_DOUBLE_FLOAT' 'MUL_FIX' 'CAST_FIX_FLOAT'
 'REM_FLOAT'] with modifications [('CAST_FIX_DOUBLE', 1.113246695527197), ('CAST_DOUBLE_FLOAT', 1.2198286468795874), ('MUL_FIX', 1.0957406033079984), ('CAST_FIX_FLOAT', 1.4538289263888484), ('REM_FLOAT', 1.1554622581216878)]
2023-12-12 11:59:31,982 [INFO] Compiling and running for idx 0
2023-12-12 11:59:37,497 [INFO] Calculating loss for idx 3

2023-12-12 11:59:37,554 [INFO] 
          fix_nofl flo_nofl                              e_perc                    e_abs     fix_t     flt_t                         speedup
adi              0        0     0.07478138527832312320764620720  0.000747813852783233995  0.132829  0.118193  0.8898132184989723629629071965
jacobi-1d        0        0  0.00007857036815572305723013131653         3.95077510528E-7  0.000045  0.000020  0.4444444444444444444444444444
2023-12-12 11:59:37,568 [INFO] 
loss: 0.3207831084728241, prev_loss: 0.27784156799316406

2023-12-12 11:59:37,568 [INFO] Current jump probability: 0.3889051350951195
2023-12-12 11:59:37,572 [INFO] Loss increased from 0.27784156799316406 to 0.3207831084728241. Removing components ['CAST_FIX_DOUBLE' 'CAST_DOUBLE_FLOAT' 'MUL_FIX' 'CAST_FIX_FLOAT'
 'REM_FLOAT'] and reversing modifications.
2023-12-12 11:59:37,588 [INFO] Modifying components ['DIV_DOUBLE' 'SUB_DOUBLE' 'SUB_FLOAT' 'DIV_FIX' 'ADD_FLOAT' 'ADD_DOUBLE'
 'REM_DOUBLE' 'MUL_DOUBLE' 'REM_FIX'] with modifications [('DIV_DOUBLE', 1.2716648051240331), ('SUB_DOUBLE', 1.4027549982089025), ('SUB_FLOAT', 1.1863932549944787), ('DIV_FIX', 1.292451862317737), ('ADD_FLOAT', 0.9574148509137634), ('ADD_DOUBLE', 0.8916060897561162), ('REM_DOUBLE', 1.4132384457542013), ('MUL_DOUBLE', 1.0234089436202056), ('REM_FIX', 1.4707000158503527)]
2023-12-12 11:59:37,607 [INFO] Compiling and running for idx 0
2023-12-12 11:59:44,326 [INFO] Calculating loss for idx 4

2023-12-12 11:59:44,497 [INFO] 
          fix_nofl flo_nofl                              e_perc                    e_abs     fix_t     flt_t                         speedup
adi              0        0     0.07478138527832312320764620720  0.000747813852783233995  0.279745  0.122985  0.4396325224758261988596757762
jacobi-1d        0        0  0.00007857036815572305723013131653         3.95077510528E-7  0.000051  0.000031  0.6078431372549019607843137255
2023-12-12 11:59:44,508 [INFO] 
loss: 0.4677986800670624, prev_loss: 0.27784156799316406

2023-12-12 11:59:44,508 [INFO] Current jump probability: 0.14234013855457306
2023-12-12 11:59:44,512 [INFO] Loss increased from 0.27784156799316406 to 0.4677986800670624. Removing components ['DIV_DOUBLE' 'SUB_DOUBLE' 'SUB_FLOAT' 'DIV_FIX' 'ADD_FLOAT' 'ADD_DOUBLE'
 'REM_DOUBLE' 'MUL_DOUBLE' 'REM_FIX'] and reversing modifications.
2023-12-12 11:59:44,532 [INFO] Modifying components ['DIV_FLOAT' 'CAST_FLOAT_FIX'] with modifications [('DIV_FLOAT', 0.9627582055539319), ('CAST_FLOAT_FIX', 1.4515307518524847)]
2023-12-12 11:59:44,543 [INFO] Compiling and running for idx 0
2023-12-12 11:59:50,790 [INFO] Calculating loss for idx 5

2023-12-12 11:59:50,900 [INFO] 
          fix_nofl flo_nofl                              e_perc                    e_abs     fix_t     flt_t                         speedup
adi              0        0     0.07478138527832312320764620720  0.000747813852783233995  0.288974  0.113568  0.3930042149120682137493338501
jacobi-1d        0        0  0.00007857036815572305723013131653         3.95077510528E-7  0.000046  0.000020  0.4347826086956521739130434783
2023-12-12 11:59:50,909 [INFO] 
loss: 0.6879146099090576, prev_loss: 0.27784156799316406

2023-12-12 11:59:50,909 [INFO] Current jump probability: 0
2023-12-12 11:59:50,909 [INFO] Loss increased from 0.27784156799316406 to 0.6879146099090576. Removing components ['DIV_FLOAT' 'CAST_FLOAT_FIX'] and reversing modifications.
2023-12-12 11:59:50,922 [INFO] Modifying components ['CAST_FIX_FIX' 'CAST_FLOAT_DOUBLE' 'MUL_FLOAT'] with modifications [('CAST_FIX_FIX', 0.6690579411061838), ('CAST_FLOAT_DOUBLE', 1.1809538394472123), ('MUL_FLOAT', 0.938870302573348)]
2023-12-12 11:59:50,933 [INFO] Compiling and running for idx 0
2023-12-12 11:59:56,557 [INFO] Calculating loss for idx 6

2023-12-12 11:59:56,613 [INFO] 
          fix_nofl flo_nofl                              e_perc                    e_abs     fix_t     flt_t                         speedup
adi              0        0     0.07478138527832312320764620720  0.000747813852783233995  0.134185  0.123693  0.9218094421880239967209449640
jacobi-1d        0        0  0.00007857036815572305723013131653         3.95077510528E-7  0.000045  0.000020  0.4444444444444444444444444444
2023-12-12 11:59:56,624 [INFO] 
loss: 0.31475576758384705, prev_loss: 0.27784156799316406

2023-12-12 11:59:56,624 [INFO] Current jump probability: 0.3728699415922165
2023-12-12 11:59:56,624 [INFO] Loss increased from 0.27784156799316406 to 0.31475576758384705. Removing components ['CAST_FIX_FIX' 'CAST_FLOAT_DOUBLE' 'MUL_FLOAT'] and reversing modifications.
2023-12-12 11:59:56,641 [INFO] Modifying components ['CAST_DOUBLE_FIX'] with modifications [('CAST_DOUBLE_FIX', 1.257535241022386)]
2023-12-12 11:59:56,654 [INFO] Compiling and running for idx 0
2023-12-12 12:00:03,021 [INFO] Calculating loss for idx 7

2023-12-12 12:00:03,089 [INFO] 
          fix_nofl flo_nofl                              e_perc                    e_abs     fix_t     flt_t                         speedup
adi              0        0     0.07478138527832312320764620720  0.000747813852783233995  0.342957  0.108752  0.3171009776735859014395390676
jacobi-1d        0        0  0.00007857036815572305723013131653         3.95077510528E-7  0.000070  0.000036  0.5142857142857142857142857143
2023-12-12 12:00:03,105 [INFO] 
loss: 0.7022693753242493, prev_loss: 0.27784156799316406

2023-12-12 12:00:03,105 [INFO] Current jump probability: 0
2023-12-12 12:00:03,105 [INFO] Loss increased from 0.27784156799316406 to 0.7022693753242493. Removing components ['CAST_DOUBLE_FIX'] and reversing modifications.
2023-12-12 12:00:03,126 [INFO] Modifying components [] with modifications []
2023-12-12 12:00:03,142 [INFO] Compiling and running for idx 0
2023-12-12 12:00:08,893 [INFO] Calculating loss for idx 8

2023-12-12 12:00:08,959 [INFO] 
          fix_nofl flo_nofl                              e_perc                    e_abs     fix_t     flt_t                         speedup
adi              0        0     0.07478138527832312320764620720  0.000747813852783233995  0.278933  0.115667  0.4146766427780147920826865233
jacobi-1d        0        0  0.00007857036815572305723013131653         3.95077510528E-7  0.000046  0.000021  0.4565217391304347826086956522
2023-12-12 12:00:08,968 [INFO] 
loss: 0.6379719972610474, prev_loss: 0.27784156799316406

2023-12-12 12:00:08,968 [INFO] Current jump probability: 0
2023-12-12 12:00:08,969 [INFO] Loss increased from 0.27784156799316406 to 0.6379719972610474. Removing components [] and reversing modifications.
2023-12-12 12:00:08,987 [INFO] Modifying components [] with modifications []
2023-12-12 12:00:08,999 [INFO] Compiling and running for idx 0
2023-12-12 12:00:14,720 [INFO] Calculating loss for idx 9

2023-12-12 12:00:14,795 [INFO] 
          fix_nofl flo_nofl                              e_perc                    e_abs     fix_t     flt_t                         speedup
adi              0        0     0.07478138527832312320764620720  0.000747813852783233995  0.266572  0.106296  0.3987515568026649460558498267
jacobi-1d        0        0  0.00007857036815572305723013131653         3.95077510528E-7  0.000047  0.000020  0.4255319148936170212765957447
2023-12-12 12:00:14,808 [INFO] 
loss: 0.6915132999420166, prev_loss: 0.27784156799316406

2023-12-12 12:00:14,808 [INFO] Current jump probability: 0
2023-12-12 12:00:14,808 [INFO] Loss increased from 0.27784156799316406 to 0.6915132999420166. Removing components [] and reversing modifications.
2023-12-12 12:00:14,838 [INFO] Resetting benchmark to everything for idx 10
2023-12-12 12:00:14,838 [INFO] Compiling and running for idx 0
2023-12-12 12:03:29,214 [INFO] Calculating loss for idx 10

2023-12-12 12:03:31,943 [INFO] 
               fix_nofl flo_nofl                              e_perc                                e_abs     fix_t     flt_t                         speedup
correlation           0        0       1.194385528564461457949895475      0.01194385528564461558680555556  0.005803  0.016404   2.826813717042908840255040496
covariance            0        0   0.0001481311655862873288252545117     0.002076789008244972704861111111  0.005190  0.016500   3.179190751445086705202312139
2mm                   0        0    0.002116203505084219250051580296       0.1438640358449807895808080808  0.011620  0.014252   1.226506024096385542168674699
3mm                   0        0      0.1607428143865255962080035148        1.172867386937267929232804233  0.017362  0.042221   2.431805091579311139269669393
atax                  0        0    0.001245307518139623818345421377      0.03266340436183471048780487805  0.000165  0.000206   1.248484848484848484848484848
bicg                  0        0  0.00004759444696888559227595466863              0.000047051263120545625  0.000220  0.000400   1.818181818181818181818181818
doitgen               0        0  0.00001518226308628690546534849225  0.000002021210889111604166666666667  0.006122  0.005270  0.8608297941849068931721659588
mvt                   0        0  0.00004734201893050139907084194797               0.00004664236306823225  0.000205  0.000447   2.180487804878048780487804878
gemm                  0        0  0.00001479771693590298682699517632   0.00001244721276953818181818181818  0.023229  0.002676  0.1152008265530156270179516983
gemver                0        0  0.00003027313379544594871299482309               0.00191701929193391475  0.000444  0.000495   1.114864864864864864864864865
gesummv               0        0  0.00004861237071837252610943306509                0.0000806915283183144  0.000094  0.000149   1.585106382978723404255319149
symm                  0        0   0.0007963238953248391125850552133    0.0001487045288080912958333333333  0.014839  0.006966  0.4694386414178853022440865287
syr2k                 0        0  0.00001699802890578776291817536193   0.00001223600474022919097222222222  0.008741  0.017249   1.973344010982725088662624414
syrk                  0        0    0.008908022082727790005679672968     0.003215815621837633934027777778  0.004201  0.002090  0.4975005950964056177100690312
trmm                  0        0   0.0001165630935028292699829867013            0.00004396649698377393125  0.012490  0.004462  0.3572457966373098478783026421
cholesky              0        0   0.0008462985893928526759173484168  0.000005670095025417226932668329177  0.023337  0.027368   1.172729999571495907785919356
durbin                0        0      -25.16409692019274273840881420               0.00062922264855964425  0.000163  0.000142  0.8711656441717791411042944785
gramschmidt           0        0       8.481730959763505411538193444       0.2667616760502377581136363636  0.009634  0.038468   3.992941664936682582520240814
lu                    0        0    0.002061708849909160448173884941               0.00001379618248277339  0.019312  0.048394   2.505903065451532725766362883
ludcmp                0        0      0.2520458220045806715679653536               0.00002521245863239575  0.060595  0.038548  0.6361580988530406799240861457
trisolv               0        0   0.0007163980422090239072829048338               0.00000225930572684625  0.000128  0.000120                          0.9375
deriche               0        0  0.00003496357273198525772562378705     6.531283331761574074074074074E-9  0.011873  0.026690   2.247957550745388697043712625
floyd-warshall        0        0                                   0                                    0  0.222214  0.228524   1.028396050653874193345153771
nussinov              0        0                                   0                                    0  0.036728  0.036252  0.9870398605968198649531692442
adi                   0        0     0.07478138527832312320764620720              0.000747813852783233995  0.250831  0.059421  0.2368965558483600511898449554
fdtd-2d               0        0  0.00004704790130159278723838813586   0.00001697663885679788055555555556  0.028716  0.010555  0.3675651204903189859311881878
heat-3d               0        0                                   0                                0E-16  0.016976  0.019567   1.152627238454288407163053723
jacobi-1d             0        0  0.00007857036815572305723013131653                     3.95077510528E-7  0.000059  0.000020  0.3389830508474576271186440678
jacobi-2d             0        0   0.0001428396627244173423026414782             0.0000900335637676545744  0.008488  0.006322  0.7448162111215834118755890669
seidel-2d             0        0   0.0001020126506449179568796360769           0.000102525901793475199375  0.108227  0.176690   1.632587062378149629944468571
2023-12-12 12:03:31,960 [INFO] Modifying components ['REM_FIX' 'SUB_DOUBLE' 'CAST_FIX_DOUBLE' 'ADD_DOUBLE' 'ADD_FLOAT'
 'MUL_FIX' 'REM_DOUBLE' 'MUL_FLOAT' 'DIV_FIX' 'SUB_FLOAT' 'DIV_DOUBLE'
 'CAST_DOUBLE_FIX' 'CAST_FLOAT_FIX' 'DIV_FLOAT' 'CAST_DOUBLE_FLOAT'
 'MUL_DOUBLE' 'REM_FLOAT' 'CAST_FIX_FIX' 'CAST_FIX_FLOAT'
 'CAST_FLOAT_DOUBLE'] with modifications [('REM_FIX', 0.7517787618719826), ('SUB_DOUBLE', 0.9072643863998967), ('CAST_FIX_DOUBLE', 0.8597982082734208), ('ADD_DOUBLE', 1.4730565856546236), ('ADD_FLOAT', 0.898598550721063), ('MUL_FIX', 0.8613515917834434), ('REM_DOUBLE', 0.7429630957691306), ('MUL_FLOAT', 1.1417219303911859), ('DIV_FIX', 1.0149383946096417), ('SUB_FLOAT', 0.973202279094185), ('DIV_DOUBLE', 1.344162350651625), ('CAST_DOUBLE_FIX', 0.9081328621229483), ('CAST_FLOAT_FIX', 1.2644928126425756), ('DIV_FLOAT', 1.1774564859052408), ('CAST_DOUBLE_FLOAT', 1.0224244726725726), ('MUL_DOUBLE', 1.2932273093901863), ('REM_FLOAT', 1.0231768123686902), ('CAST_FIX_FIX', 1.0236516232259778), ('CAST_FIX_FLOAT', 0.9682532769002575), ('CAST_FLOAT_DOUBLE', 0.7944481671586306)]
2023-12-12 12:03:31,983 [INFO] Compiling and running for idx 0
2023-12-12 12:05:30,299 [INFO] Calculating loss for idx 11

2023-12-12 12:05:31,983 [INFO] 
          fix_nofl flo_nofl                              e_perc                                e_abs     fix_t     flt_t                         speedup
doitgen          0        0  0.00001518226308628690546534849225  0.000002021210889111604166666666667  0.006038  0.007166   1.186816826763829082477641603
gemm             0        0  0.00001479771693590298682699517632   0.00001244721276953818181818181818  0.009983  0.003909  0.3915656616247620955624561755
symm             0        0   0.0007963238953248391125850552133    0.0001487045288080912958333333333  0.009436  0.010887   1.153772785078423060618906316
syrk             0        0    0.008908022082727790005679672968     0.003215815621837633934027777778  0.005659  0.003109  0.5493903516522353772751369500
trmm             0        0   0.0001165630935028292699829867013            0.00004396649698377393125  0.004513  0.005227   1.158209616662973631730556171
durbin           0        0      -25.16409692019274273840881420               0.00062922264855964425  0.000122  0.000151   1.237704918032786885245901639
ludcmp           0        0      0.2520458220045806715679653536               0.00002521245863239575  0.020767  0.019539  0.9408677228294890932729811721
trisolv          0        0   0.0007163980422090239072829048338               0.00000225930572684625  0.000077  0.000148   1.922077922077922077922077922
nussinov         0        0                                   0                                    0  0.016148  0.012711  0.7871563041862769383205350508
adi              0        0     0.07478138527832312320764620720              0.000747813852783233995  0.141287  0.061601  0.4359990657314544154805466887
fdtd-2d          0        0  0.00004704790130159278723838813586   0.00001697663885679788055555555556  0.007892  0.006740  0.8540293968575772934617334009
jacobi-1d        0        0  0.00007857036815572305723013131653                     3.95077510528E-7  0.000051  0.000024  0.4705882352941176470588235294
jacobi-2d        0        0   0.0001428396627244173423026414782             0.0000900335637676545744  0.014121  0.006163  0.4364421783159832873025989661
2023-12-12 12:05:31,994 [INFO] 
loss: 1.559319257736206, prev_loss: 3.3867881298065186

2023-12-12 12:05:31,994 [INFO] Loss decreased from 3.3867881298065186 to 1.559319257736206. Resetting components.
2023-12-12 12:05:31,994 [INFO] Modifying components ['REM_FLOAT' 'REM_DOUBLE' 'MUL_FLOAT' 'DIV_FIX' 'REM_FIX' 'MUL_DOUBLE'
 'CAST_FIX_DOUBLE' 'CAST_FIX_FLOAT' 'ADD_DOUBLE'] with modifications [('REM_FLOAT', 1.151132160300333), ('REM_DOUBLE', 1.4750166375869198), ('MUL_FLOAT', 1.372357232460897), ('DIV_FIX', 0.8665392925214945), ('REM_FIX', 1.078141091070418), ('MUL_DOUBLE', 1.1832961786216287), ('CAST_FIX_DOUBLE', 1.3574839689457487), ('CAST_FIX_FLOAT', 0.797325600066), ('ADD_DOUBLE', 0.6821461808653093)]
2023-12-12 12:05:32,009 [INFO] Compiling and running for idx 0
2023-12-12 12:06:47,730 [INFO] Calculating loss for idx 12

2023-12-12 12:06:48,395 [INFO] 
          fix_nofl flo_nofl                              e_perc                               e_abs     fix_t     flt_t                         speedup
gemm             0        0  0.00001479771693590298682699517632  0.00001244721276953818181818181818  0.009649  0.002775  0.2875945693854285418178049539
syrk             0        0    0.008908022082727790005679672968    0.003215815621837633934027777778  0.006213  0.003444  0.5543215837759536455818445196
ludcmp           0        0      0.2520458220045806715679653536              0.00002521245863239575  0.018419  0.019044   1.033932352462131494652261252
nussinov         0        0                                   0                                   0  0.017327  0.014839  0.8564090725457378657586425809
adi              0        0     0.07478138527832312320764620720             0.000747813852783233995  0.138386  0.061739  0.4461361698437703235876461492
fdtd-2d          0        0  0.00004704790130159278723838813586  0.00001697663885679788055555555556  0.007842  0.008980   1.145116041826064779393011987
jacobi-1d        0        0  0.00007857036815572305723013131653                    3.95077510528E-7  0.000045  0.000021  0.4666666666666666666666666667
jacobi-2d        0        0   0.0001428396627244173423026414782            0.0000900335637676545744  0.009062  0.006320  0.6974177885676451114544250717
2023-12-12 12:06:48,407 [INFO] 
loss: 1.4095346927642822, prev_loss: 1.559319257736206

2023-12-12 12:06:48,407 [INFO] Loss decreased from 1.559319257736206 to 1.4095346927642822. Resetting components.
2023-12-12 12:06:48,407 [INFO] Modifying components ['CAST_FLOAT_DOUBLE' 'CAST_FIX_FIX' 'SUB_DOUBLE' 'REM_DOUBLE' 'MUL_FIX'
 'CAST_FIX_FLOAT' 'MUL_DOUBLE'] with modifications [('CAST_FLOAT_DOUBLE', 1.224360524032916), ('CAST_FIX_FIX', 0.8874324746653796), ('SUB_DOUBLE', 0.7219450729135909), ('REM_DOUBLE', 0.9750697449845538), ('MUL_FIX', 1.1914310089963083), ('CAST_FIX_FLOAT', 0.8418111483783729), ('MUL_DOUBLE', 1.2939627966193807)]
2023-12-12 12:06:48,424 [INFO] Compiling and running for idx 0
2023-12-12 12:07:41,009 [INFO] Calculating loss for idx 13

2023-12-12 12:07:41,614 [INFO] 
          fix_nofl flo_nofl                              e_perc                               e_abs     fix_t     flt_t                         speedup
gemm             0        0  0.00001479771693590298682699517632  0.00001244721276953818181818181818  0.007858  0.004624  0.5884448969203359633494527870
syrk             0        0    0.008908022082727790005679672968    0.003215815621837633934027777778  0.006239  0.002232  0.3577496393652828979003045360
nussinov         0        0                                   0                                   0  0.015851  0.015333  0.9673206737745252665446974954
adi              0        0     0.07478138527832312320764620720             0.000747813852783233995  0.138317  0.061952  0.4478986675535183672289017257
jacobi-1d        0        0  0.00007857036815572305723013131653                    3.95077510528E-7  0.000087  0.000027  0.3103448275862068965517241379
jacobi-2d        0        0   0.0001428396627244173423026414782            0.0000900335637676545744  0.009142  0.006464  0.7070662874644497921680157515
2023-12-12 12:07:41,627 [INFO] 
loss: 1.449181318283081, prev_loss: 1.4095346927642822

2023-12-12 12:07:41,628 [INFO] Current jump probability: 0.3498741158097982
2023-12-12 12:07:41,628 [INFO] Loss increased from 1.4095346927642822 to 1.449181318283081. Jumping to search new minima.
2023-12-12 12:07:41,633 [INFO] Modifying components ['ADD_DOUBLE' 'SUB_FLOAT' 'DIV_FLOAT' 'CAST_FIX_FIX' 'REM_FLOAT'
 'CAST_FIX_FLOAT' 'MUL_FLOAT' 'MUL_DOUBLE' 'DIV_FIX' 'MUL_FIX' 'REM_FIX'
 'CAST_FIX_DOUBLE' 'CAST_DOUBLE_FLOAT' 'CAST_FLOAT_DOUBLE'
 'CAST_DOUBLE_FIX' 'SUB_DOUBLE' 'CAST_FLOAT_FIX' 'ADD_FLOAT' 'DIV_DOUBLE'] with modifications [('ADD_DOUBLE', 1.1806483753536194), ('SUB_FLOAT', 1.457513566583894), ('DIV_FLOAT', 1.458480066156646), ('CAST_FIX_FIX', 1.1305440279314225), ('REM_FLOAT', 1.4296719018761286), ('CAST_FIX_FLOAT', 1.2013049351660872), ('MUL_FLOAT', 0.9916726884561813), ('MUL_DOUBLE', 1.071658546574536), ('DIV_FIX', 1.170258471973633), ('MUL_FIX', 1.1246229676224164), ('REM_FIX', 1.4384844730429958), ('CAST_FIX_DOUBLE', 1.4322778088502957), ('CAST_DOUBLE_FLOAT', 0.9957292740200376), ('CAST_FLOAT_DOUBLE', 1.469385415875612), ('CAST_DOUBLE_FIX', 0.8116291715374981), ('SUB_DOUBLE', 0.7719406837527107), ('CAST_FLOAT_FIX', 0.7792320550917148), ('ADD_FLOAT', 1.088051475172191), ('DIV_DOUBLE', 0.6846033520783685)]
2023-12-12 12:07:41,659 [INFO] Compiling and running for idx 0
2023-12-12 12:08:31,013 [INFO] Calculating loss for idx 14

2023-12-12 12:08:31,611 [INFO] 
          fix_nofl flo_nofl                              e_perc                               e_abs     fix_t     flt_t                         speedup
gemm             0        0  0.00001479771693590298682699517632  0.00001244721276953818181818181818  0.008434  0.002798  0.3317524306378942376096751245
syrk             0        0    0.008908022082727790005679672968    0.003215815621837633934027777778  0.006267  0.003090  0.4930588798468166586883676400
nussinov         0        0                                   0                                   0  0.013905  0.014211   1.022006472491909385113268608
adi              0        0     0.07478138527832312320764620720             0.000747813852783233995  0.141206  0.062151  0.4401441865076554820616687676
jacobi-1d        0        0  0.00007857036815572305723013131653                    3.95077510528E-7  0.000046  0.000020  0.4347826086956521739130434783
jacobi-2d        0        0   0.0001428396627244173423026414782            0.0000900335637676545744  0.009211  0.006071  0.6591032461187710346325046140
2023-12-12 12:08:31,626 [INFO] 
loss: 1.4526638984680176, prev_loss: 1.449181318283081

2023-12-12 12:08:31,626 [INFO] Current jump probability: 0.3491589022800326
2023-12-12 12:08:31,632 [INFO] Loss increased from 1.449181318283081 to 1.4526638984680176. Removing components ['ADD_DOUBLE' 'SUB_FLOAT' 'DIV_FLOAT' 'CAST_FIX_FIX' 'REM_FLOAT'
 'CAST_FIX_FLOAT' 'MUL_FLOAT' 'MUL_DOUBLE' 'DIV_FIX' 'MUL_FIX' 'REM_FIX'
 'CAST_FIX_DOUBLE' 'CAST_DOUBLE_FLOAT' 'CAST_FLOAT_DOUBLE'
 'CAST_DOUBLE_FIX' 'SUB_DOUBLE' 'CAST_FLOAT_FIX' 'ADD_FLOAT' 'DIV_DOUBLE'] and reversing modifications.
2023-12-12 12:08:31,662 [INFO] Modifying components ['REM_DOUBLE'] with modifications [('REM_DOUBLE', 0.9451539064676897)]
2023-12-12 12:08:31,678 [INFO] Compiling and running for idx 0
2023-12-12 12:09:15,127 [INFO] Calculating loss for idx 15

2023-12-12 12:09:15,417 [INFO] 
          fix_nofl flo_nofl                              e_perc                               e_abs     fix_t     flt_t                         speedup
gemm             0        0  0.00001479771693590298682699517632  0.00001244721276953818181818181818  0.010147  0.003812  0.3756775401596530994382576131
syrk             0        0    0.008908022082727790005679672968    0.003215815621837633934027777778  0.005961  0.003093  0.5188726723704076497232008052
adi              0        0     0.07478138527832312320764620720             0.000747813852783233995  0.139421  0.063021  0.4520194231858902173991005659
jacobi-1d        0        0  0.00007857036815572305723013131653                    3.95077510528E-7  0.000059  0.000034  0.5762711864406779661016949153
jacobi-2d        0        0   0.0001428396627244173423026414782            0.0000900335637676545744  0.011713  0.008117  0.6929906941005720140015367540
2023-12-12 12:09:15,431 [INFO] 
loss: 1.1953456401824951, prev_loss: 1.449181318283081

2023-12-12 12:09:15,431 [INFO] Loss decreased from 1.449181318283081 to 1.1953456401824951. Resetting components.
2023-12-12 12:09:15,432 [INFO] Modifying components ['CAST_FIX_FIX' 'MUL_FLOAT' 'CAST_FIX_DOUBLE' 'CAST_FLOAT_DOUBLE'
 'REM_DOUBLE' 'DIV_FLOAT'] with modifications [('CAST_FIX_FIX', 0.9280085670144438), ('MUL_FLOAT', 1.460692571654679), ('CAST_FIX_DOUBLE', 0.8486605057448688), ('CAST_FLOAT_DOUBLE', 0.8739163325302226), ('REM_DOUBLE', 1.3865014047118143), ('DIV_FLOAT', 0.8627230995673127)]
2023-12-12 12:09:15,458 [INFO] Compiling and running for idx 0
2023-12-12 12:09:48,509 [INFO] Calculating loss for idx 16

2023-12-12 12:09:48,943 [INFO] 
          fix_nofl flo_nofl                              e_perc                               e_abs     fix_t     flt_t                         speedup
gemm             0        0  0.00001479771693590298682699517632  0.00001244721276953818181818181818  0.009959  0.003856  0.3871874686213475248518927603
syrk             0        0    0.008908022082727790005679672968    0.003215815621837633934027777778  0.004493  0.003401  0.7569552637436011573558869352
adi              0        0     0.07478138527832312320764620720             0.000747813852783233995  0.306400  0.062665  0.2045202349869451697127937337
jacobi-1d        0        0  0.00007857036815572305723013131653                    3.95077510528E-7  0.000047  0.000033  0.7021276595744680851063829787
jacobi-2d        0        0   0.0001428396627244173423026414782            0.0000900335637676545744  0.017312  0.006543  0.3779459334565619223659889094
2023-12-12 12:09:48,959 [INFO] 
loss: 1.5430772304534912, prev_loss: 1.1953456401824951

2023-12-12 12:09:48,959 [INFO] Current jump probability: 0.2340014684200287
2023-12-12 12:09:48,959 [INFO] Loss increased from 1.1953456401824951 to 1.5430772304534912. Removing components ['CAST_FIX_FIX' 'MUL_FLOAT' 'CAST_FIX_DOUBLE' 'CAST_FLOAT_DOUBLE'
 'REM_DOUBLE' 'DIV_FLOAT'] and reversing modifications.
2023-12-12 12:09:48,989 [INFO] Modifying components ['MUL_DOUBLE' 'REM_FIX' 'ADD_DOUBLE' 'CAST_DOUBLE_FLOAT' 'CAST_FLOAT_FIX'
 'SUB_DOUBLE' 'DIV_DOUBLE' 'ADD_FLOAT' 'CAST_DOUBLE_FIX' 'REM_FLOAT'
 'CAST_FIX_FLOAT' 'SUB_FLOAT' 'MUL_FIX' 'DIV_FIX'] with modifications [('MUL_DOUBLE', 1.3218017221485912), ('REM_FIX', 0.878918464904658), ('ADD_DOUBLE', 0.7352118098648077), ('CAST_DOUBLE_FLOAT', 0.798129438072349), ('CAST_FLOAT_FIX', 0.841243540834983), ('SUB_DOUBLE', 1.0144852751867863), ('DIV_DOUBLE', 0.9564079135924907), ('ADD_FLOAT', 1.2499031596017791), ('CAST_DOUBLE_FIX', 1.2479243779576765), ('REM_FLOAT', 0.7289359650732882), ('CAST_FIX_FLOAT', 0.6970574439615282), ('SUB_FLOAT', 1.3244997305487456), ('MUL_FIX', 1.4171070579676188), ('DIV_FIX', 0.6705520975665379)]
2023-12-12 12:09:49,015 [INFO] Compiling and running for idx 0
2023-12-12 12:10:14,638 [INFO] Calculating loss for idx 17

2023-12-12 12:10:14,939 [INFO] 
          fix_nofl flo_nofl                              e_perc                               e_abs     fix_t     flt_t                         speedup
gemm             0        0  0.00001479771693590298682699517632  0.00001244721276953818181818181818  0.007886  0.002865  0.3633020542733958914532082171
syrk             0        0    0.008908022082727790005679672968    0.003215815621837633934027777778  0.012264  0.006278  0.5119047619047619047619047619
adi              0        0     0.07478138527832312320764620720             0.000747813852783233995  0.140951  0.127210  0.9025122205589176380444267866
jacobi-1d        0        0  0.00007857036815572305723013131653                    3.95077510528E-7  0.000048  0.000021                          0.4375
jacobi-2d        0        0   0.0001428396627244173423026414782            0.0000900335637676545744  0.021166  0.018566  0.8771614854011149957478975716
2023-12-12 12:10:14,962 [INFO] 
loss: 0.9846206307411194, prev_loss: 1.1953456401824951

2023-12-12 12:10:14,963 [INFO] Loss decreased from 1.1953456401824951 to 0.9846206307411194. Resetting components.
2023-12-12 12:10:14,963 [INFO] Modifying components ['SUB_DOUBLE' 'DIV_FIX' 'MUL_DOUBLE' 'DIV_DOUBLE' 'ADD_DOUBLE' 'MUL_FIX'
 'ADD_FLOAT' 'CAST_DOUBLE_FLOAT'] with modifications [('SUB_DOUBLE', 1.0222504589240335), ('DIV_FIX', 0.952788095376179), ('MUL_DOUBLE', 1.331365535058008), ('DIV_DOUBLE', 1.3999984938017187), ('ADD_DOUBLE', 1.4198682324166139), ('MUL_FIX', 1.2189329521259267), ('ADD_FLOAT', 0.8918397318303062), ('CAST_DOUBLE_FLOAT', 0.8769717528316258)]
2023-12-12 12:10:14,978 [INFO] Compiling and running for idx 0
2023-12-12 12:10:37,103 [INFO] Calculating loss for idx 18

2023-12-12 12:10:37,384 [INFO] 
          fix_nofl flo_nofl                              e_perc                               e_abs     fix_t     flt_t                         speedup
gemm             0        0  0.00001479771693590298682699517632  0.00001244721276953818181818181818  0.023150  0.004392  0.1897192224622030237580993521
syrk             0        0    0.008908022082727790005679672968    0.003215815621837633934027777778  0.004366  0.027568   6.314246449839670178653229501
adi              0        0     0.07478138527832312320764620720             0.000747813852783233995  0.133987  0.118600  0.8851605006455850194421846896
jacobi-1d        0        0  0.00007857036815572305723013131653                    3.95077510528E-7  0.000046  0.000020  0.4347826086956521739130434783
jacobi-2d        0        0   0.0001428396627244173423026414782            0.0000900335637676545744  0.024550  0.025884   1.054338085539714867617107943
2023-12-12 12:10:37,396 [INFO] 
loss: 0.9892138242721558, prev_loss: 0.9846206307411194

2023-12-12 12:10:37,396 [INFO] Current jump probability: 0.3085538693750277
2023-12-12 12:10:37,396 [INFO] Loss increased from 0.9846206307411194 to 0.9892138242721558. Removing components ['SUB_DOUBLE' 'DIV_FIX' 'MUL_DOUBLE' 'DIV_DOUBLE' 'ADD_DOUBLE' 'MUL_FIX'
 'ADD_FLOAT' 'CAST_DOUBLE_FLOAT'] and reversing modifications.
2023-12-12 12:10:37,416 [INFO] Modifying components ['SUB_FLOAT' 'CAST_FIX_FLOAT'] with modifications [('SUB_FLOAT', 0.9522403184203401), ('CAST_FIX_FLOAT', 0.7235071691534857)]
2023-12-12 12:10:37,428 [INFO] Compiling and running for idx 0
2023-12-12 12:10:49,811 [INFO] Calculating loss for idx 19

2023-12-12 12:10:49,982 [INFO] 
          fix_nofl flo_nofl                              e_perc                               e_abs     fix_t     flt_t                         speedup
gemm             0        0  0.00001479771693590298682699517632  0.00001244721276953818181818181818  0.019513  0.003040  0.1557935735150925024342745862
adi              0        0     0.07478138527832312320764620720             0.000747813852783233995  0.207881  0.130705  0.6287491401330568931263559440
jacobi-1d        0        0  0.00007857036815572305723013131653                    3.95077510528E-7  0.000045  0.000021  0.4666666666666666666666666667
2023-12-12 12:10:49,991 [INFO] 
loss: 1.1349561214447021, prev_loss: 0.9846206307411194

2023-12-12 12:10:49,991 [INFO] Current jump probability: 0.2541948974132538
2023-12-12 12:10:49,994 [INFO] Loss increased from 0.9846206307411194 to 1.1349561214447021. Removing components ['SUB_FLOAT' 'CAST_FIX_FLOAT'] and reversing modifications.
2023-12-12 12:10:50,011 [INFO] Resetting benchmark to everything for idx 20
2023-12-12 12:10:50,012 [INFO] Compiling and running for idx 0
2023-12-12 12:14:40,348 [INFO] Calculating loss for idx 20

2023-12-12 12:14:42,895 [INFO] 
               fix_nofl flo_nofl                              e_perc                                e_abs     fix_t     flt_t                         speedup
correlation           0        0       1.194385528564461457949895475      0.01194385528564461558680555556  0.021950  0.010364  0.4721640091116173120728929385
covariance            0        0   0.0001481311655862873288252545117     0.002076789008244972704861111111  0.005204  0.009493   1.824173712528823981552651806
2mm                   0        0    0.002116203505084219250051580296       0.1438640358449807895808080808  0.045232  0.038876  0.8594800141492748496639547223
3mm                   0        0      0.1607428143865255962080035148        1.172867386937267929232804233  0.030085  0.058267   1.936745886654478976234003656
atax                  0        0    0.001245307518139623818345421377      0.03266340436183471048780487805  0.000172  0.000209   1.215116279069767441860465116
bicg                  0        0  0.00004759444696888559227595466863              0.000047051263120545625  0.000219  0.000367   1.675799086757990867579908676
doitgen               0        0  0.00001518226308628690546534849225  0.000002021210889111604166666666667  0.004604  0.005094   1.106429192006950477845351868
mvt                   0        0  0.00004734201893050139907084194797               0.00004664236306823225  0.000219  0.000397   1.812785388127853881278538813
gemm                  0        0  0.00001479771693590298682699517632   0.00001244721276953818181818181818  0.015098  0.006970  0.4616505497416876407471188237
gemver                0        0  0.00003027313379544594871299482309               0.00191701929193391475  0.000529  0.000575   1.086956521739130434782608696
gesummv               0        0  0.00004861237071837252610943306509                0.0000806915283183144  0.000121  0.000151   1.247933884297520661157024793
symm                  0        0   0.0007963238953248391125850552133    0.0001487045288080912958333333333  0.008223  0.007723  0.9391949410190927885200048644
syr2k                 0        0  0.00001699802890578776291817536193   0.00001223600474022919097222222222  0.028184  0.011285  0.4004044848140789100198694295
syrk                  0        0    0.008908022082727790005679672968     0.003215815621837633934027777778  0.004701  0.026225   5.578600297808976813443948096
trmm                  0        0   0.0001165630935028292699829867013            0.00004396649698377393125  0.004160  0.004464   1.073076923076923076923076923
cholesky              0        0   0.0008462985893928526759173484168  0.000005670095025417226932668329177  0.007670  0.010431   1.359973924380704041720990874
durbin                0        0      -25.16409692019274273840881420               0.00062922264855964425  0.000111  0.000117   1.054054054054054054054054054
gramschmidt           0        0       8.481730959763505411538193444       0.2667616760502377581136363636  0.026090  0.032017   1.227175162897661939440398620
lu                    0        0    0.002061708849909160448173884941               0.00001379618248277339  0.020322  0.027239   1.340370042318669422300954630
ludcmp                0        0      0.2520458220045806715679653536               0.00002521245863239575  0.035362  0.036772   1.039873310333125954414343080
trisolv               0        0   0.0007163980422090239072829048338               0.00000225930572684625  0.000101  0.000103   1.019801980198019801980198020
deriche               0        0  0.00003496357273198525772562378705     6.531283331761574074074074074E-9  0.011132  0.030541   2.743532159540064678404599353
floyd-warshall        0        0                                   0                                    0  0.261447  0.231830  0.8867189143497534873224783608
nussinov              0        0                                   0                                    0  0.020195  0.036403   1.802574894775934637286457044
adi                   0        0     0.07478138527832312320764620720              0.000747813852783233995  0.261998  0.131193  0.5007404636676615852029404805
fdtd-2d               0        0  0.00004704790130159278723838813586   0.00001697663885679788055555555556  0.007637  0.026594   3.482257430928375016367683645
heat-3d               0        0                                   0                                0E-16  0.029689  0.011331  0.3816565057765502374616861464
jacobi-1d             0        0  0.00007857036815572305723013131653                     3.95077510528E-7  0.000047  0.000035  0.7446808510638297872340425532
jacobi-2d             0        0   0.0001428396627244173423026414782             0.0000900335637676545744  0.011699  0.006019  0.5144884178134883323360971023
seidel-2d             0        0   0.0001020126506449179568796360769           0.000102525901793475199375  0.051061  0.090064   1.763851080080687804782515031
2023-12-12 12:14:42,913 [INFO] Modifying components ['REM_FLOAT' 'REM_FIX' 'MUL_DOUBLE' 'MUL_FLOAT' 'SUB_DOUBLE'
 'CAST_FLOAT_DOUBLE' 'MUL_FIX' 'CAST_FIX_FIX' 'DIV_DOUBLE' 'ADD_DOUBLE'
 'CAST_FIX_DOUBLE' 'ADD_FLOAT' 'REM_DOUBLE' 'SUB_FLOAT' 'DIV_FIX'] with modifications [('REM_FLOAT', 0.7827328014945281), ('REM_FIX', 1.1169201629249619), ('MUL_DOUBLE', 1.0559040707588152), ('MUL_FLOAT', 0.8489018965363911), ('SUB_DOUBLE', 1.0340232250116794), ('CAST_FLOAT_DOUBLE', 1.0668981391618586), ('MUL_FIX', 0.944403146334821), ('CAST_FIX_FIX', 0.6740932364699952), ('DIV_DOUBLE', 1.087886278502813), ('ADD_DOUBLE', 1.2276225174226398), ('CAST_FIX_DOUBLE', 0.7128821400091415), ('ADD_FLOAT', 0.797982461517592), ('REM_DOUBLE', 1.170919098158359), ('SUB_FLOAT', 0.9326860395830032), ('DIV_FIX', 1.4087641932084054)]
2023-12-12 12:14:42,948 [INFO] Compiling and running for idx 0
2023-12-12 12:16:36,261 [INFO] Calculating loss for idx 21

2023-12-12 12:16:37,048 [INFO] 
               fix_nofl flo_nofl                              e_perc                               e_abs     fix_t     flt_t                         speedup
correlation           0        0       1.194385528564461457949895475     0.01194385528564461558680555556  0.008468  0.010689   1.262281530467642890883325461
2mm                   0        0    0.002116203505084219250051580296      0.1438640358449807895808080808  0.012426  0.014399   1.158779977466602285530339610
gemm                  0        0  0.00001479771693590298682699517632  0.00001244721276953818181818181818  0.010015  0.002669  0.2665002496255616575137294059
symm                  0        0   0.0007963238953248391125850552133   0.0001487045288080912958333333333  0.009384  0.009614   1.024509803921568627450980392
syr2k                 0        0  0.00001699802890578776291817536193  0.00001223600474022919097222222222  0.011308  0.007126  0.6301733286169083834453484259
floyd-warshall        0        0                                   0                                   0  0.090474  0.120960   1.336958684262882153988991312
adi                   0        0     0.07478138527832312320764620720             0.000747813852783233995  0.140749  0.063181  0.4488912887480550483484784972
heat-3d               0        0                                   0                               0E-16  0.013686  0.014720   1.075551658629256174192605582
jacobi-1d             0        0  0.00007857036815572305723013131653                    3.95077510528E-7  0.000078  0.000035  0.4487179487179487179487179487
jacobi-2d             0        0   0.0001428396627244173423026414782            0.0000900335637676545744  0.008673  0.007988  0.9210192551596909950420846305
2023-12-12 12:16:37,060 [INFO] 
loss: 1.28866446018219, prev_loss: 1.8967396020889282

2023-12-12 12:16:37,060 [INFO] Loss decreased from 1.8967396020889282 to 1.28866446018219. Resetting components.
2023-12-12 12:16:37,060 [INFO] Modifying components ['ADD_DOUBLE' 'CAST_FIX_FIX' 'DIV_FLOAT' 'CAST_FIX_FLOAT' 'MUL_DOUBLE'
 'DIV_FIX' 'SUB_DOUBLE' 'CAST_FLOAT_FIX' 'DIV_DOUBLE' 'CAST_DOUBLE_FIX'
 'MUL_FLOAT' 'REM_FLOAT' 'SUB_FLOAT'] with modifications [('ADD_DOUBLE', 0.9941164844382546), ('CAST_FIX_FIX', 0.7339858297545108), ('DIV_FLOAT', 0.9601006617955629), ('CAST_FIX_FLOAT', 0.6675104051904539), ('MUL_DOUBLE', 1.1871918169459375), ('DIV_FIX', 0.8335589763783144), ('SUB_DOUBLE', 1.1875927448321093), ('CAST_FLOAT_FIX', 0.9345427381507324), ('DIV_DOUBLE', 0.7060978919135931), ('CAST_DOUBLE_FIX', 1.2694704433284298), ('MUL_FLOAT', 1.299376507352549), ('REM_FLOAT', 1.0052531923603607), ('SUB_FLOAT', 1.2536123251405014)]
2023-12-12 12:16:37,086 [INFO] Compiling and running for idx 0
2023-12-12 12:17:09,901 [INFO] Calculating loss for idx 22

2023-12-12 12:17:10,155 [INFO] 
          fix_nofl flo_nofl                              e_perc                               e_abs     fix_t     flt_t                         speedup
gemm             0        0  0.00001479771693590298682699517632  0.00001244721276953818181818181818  0.007456  0.002703  0.3625268240343347639484978541
syr2k            0        0  0.00001699802890578776291817536193  0.00001223600474022919097222222222  0.008468  0.005334  0.6299008030231459612659423713
adi              0        0     0.07478138527832312320764620720             0.000747813852783233995  0.139139  0.068939  0.4954685602167616556105764739
jacobi-1d        0        0  0.00007857036815572305723013131653                    3.95077510528E-7  0.000046  0.000036  0.7826086956521739130434782609
jacobi-2d        0        0   0.0001428396627244173423026414782            0.0000900335637676545744  0.011849  0.008129  0.6860494556502658452190058233
2023-12-12 12:17:10,172 [INFO] 
loss: 0.943721354007721, prev_loss: 1.28866446018219

2023-12-12 12:17:10,172 [INFO] Loss decreased from 1.28866446018219 to 0.943721354007721. Resetting components.
2023-12-12 12:17:10,172 [INFO] Modifying components ['SUB_FLOAT' 'CAST_FIX_DOUBLE' 'MUL_FIX' 'ADD_FLOAT' 'MUL_DOUBLE'
 'REM_DOUBLE' 'CAST_FLOAT_FIX' 'CAST_DOUBLE_FLOAT' 'REM_FIX'] with modifications [('SUB_FLOAT', 1.0094616200116895), ('CAST_FIX_DOUBLE', 1.4717054453422733), ('MUL_FIX', 0.8358810085983388), ('ADD_FLOAT', 1.4940221370249342), ('MUL_DOUBLE', 1.2159997431766287), ('REM_DOUBLE', 1.3408975739979048), ('CAST_FLOAT_FIX', 1.0484587002241255), ('CAST_DOUBLE_FLOAT', 1.4060899635529283), ('REM_FIX', 1.111611633977389)]
2023-12-12 12:17:10,196 [INFO] Compiling and running for idx 0
2023-12-12 12:17:21,353 [INFO] Calculating loss for idx 23

2023-12-12 12:17:21,443 [INFO] 
                      e_abs                              e_perc fix_nofl     fix_t flo_nofl     flt_t                         speedup
jacobi-1d  3.95077510528E-7  0.00007857036815572305723013131653        0  0.000046        0  0.000020  0.4347826086956521739130434783
2023-12-12 12:17:21,452 [INFO] 
loss: 0.31947067379951477, prev_loss: 0.943721354007721

2023-12-12 12:17:21,452 [INFO] Loss decreased from 0.943721354007721 to 0.31947067379951477. Resetting components.
2023-12-12 12:17:21,453 [INFO] Modifying components ['SUB_FLOAT' 'CAST_FIX_DOUBLE' 'ADD_DOUBLE' 'MUL_FIX' 'CAST_FIX_FLOAT'
 'MUL_FLOAT' 'DIV_DOUBLE' 'CAST_DOUBLE_FIX'] with modifications [('SUB_FLOAT', 1.0904298728526933), ('CAST_FIX_DOUBLE', 0.843299611843173), ('ADD_DOUBLE', 1.332170069703005), ('MUL_FIX', 0.9144423494769812), ('CAST_FIX_FLOAT', 0.6896710283660943), ('MUL_FLOAT', 1.1611934368421504), ('DIV_DOUBLE', 1.3698669200029432), ('CAST_DOUBLE_FIX', 0.9841796907292613)]
