2023-12-13 07:43:10,180 [INFO] Started logging at 20231213-074310
2023-12-13 07:43:10,183 [INFO] Setting seed to 1
2023-12-13 07:43:10,183 [INFO] Hyperparameters: 
num_components_min: 1
num_components_max: 20
range_low: 0.666666
range_high: 1.5
prob_jump: 0.5
no_jump_threshold: 1.0

2023-12-13 07:43:10,183 [INFO] Benchmarking for 20 indices
2023-12-13 07:43:10,201 [INFO] Resetting benchmark to everything for idx 0
2023-12-13 07:43:10,202 [INFO] Compiling and running for idx 0
2023-12-13 07:45:38,266 [INFO] Calculating loss for idx 0

2023-12-13 07:45:39,657 [INFO] 
               fix_nofl flo_nofl                              e_perc                               e_abs     fix_t     flt_t                         speedup
correlation           0        0       1.194385528564461457949895475     0.01194385528564461558680555556  0.007812  0.010624   1.359959037378392217101894521
2mm                   0        0    0.002116203505084219250051580296      0.1438640358449807895808080808  0.014660  0.017273   1.178240109140518417462482947
3mm                   0        0      0.1607428143865255962080035148       1.172867386937267929232804233  0.015758  0.025731   1.632884883868511232389897195
atax                  0        0    0.001245307518139623818345421377     0.03266340436183471048780487805  0.000188  0.000292   1.553191489361702127659574468
mvt                   0        0  0.00004734201893050139907084194797              0.00004664236306823225  0.000385  0.000458   1.189610389610389610389610390
symm                  0        0   0.0007963238953248391125850552133   0.0001487045288080912958333333333  0.009679  0.009747   1.007025519165203016840582705
gemver                0        0  0.00003027313379544594871299482309              0.00191701929193391475  0.000731  0.000671  0.9179206566347469220246238030
gesummv               0        0  0.00004861237071837252610943306509               0.0000806915283183144  0.000140  0.000222   1.585714285714285714285714286
trmm                  0        0   0.0001165630935028292699829867013           0.00004396649698377393125  0.006510  0.005915  0.9086021505376344086021505376
gramschmidt           0        0       8.481730959763505411538193444      0.2667616760502377581136363636  0.012945  0.015039   1.161761297798377752027809965
lu                    0        0    0.002061708849909160448173884941              0.00001379618248277339  0.019304  0.021498   1.113655200994612515540820555
ludcmp                0        0      0.2520458220045806715679653536              0.00002521245863239575  0.018876  0.018998   1.006463233735961008688281416
floyd-warshall        0        0                                   0                                   0  0.089912  0.118159   1.314162736898300560548091467
nussinov              0        0                                   0                                   0  0.015936  0.016405   1.029430220883534136546184739
fdtd-2d               0        0  0.00004704790130159278723838813586  0.00001697663885679788055555555556  0.010817  0.009265  0.8565221410742350004622353703
heat-3d               0        0                                   0                               0E-16  0.013674  0.014829   1.084466871434839842035980693
jacobi-1d             0        0  0.00007857036815572305723013131653                    3.95077510528E-7  0.000059  0.000035  0.5932203389830508474576271186
jacobi-2d             0        0   0.0001428396627244173423026414782            0.0000900335637676545744  0.011566  0.009678  0.8367629258170499740619055853
2023-12-13 07:45:39,660 [INFO] Mean performance gains: 1.1294217109680176
2023-12-13 07:45:39,670 [INFO] Modifying components ['CAST_FIX_DOUBLE' 'REM_FIX' 'SUB_DOUBLE' 'CAST_DOUBLE_FIX'
 'CAST_FLOAT_DOUBLE' 'CAST_FIX_FLOAT'] with modifications [('CAST_FIX_DOUBLE', 0.8579804978263305), ('REM_FIX', 1.1120112803984534), ('SUB_DOUBLE', 1.4283016297907105), ('CAST_DOUBLE_FIX', 1.047670311459029), ('CAST_FLOAT_DOUBLE', 1.0255817597863017), ('CAST_FIX_FLOAT', 1.4492731172715478)]
2023-12-13 07:45:39,686 [INFO] Compiling and running for idx 1
2023-12-13 07:48:03,936 [INFO] Calculating loss for idx 1

2023-12-13 07:48:05,322 [INFO] 
               fix_nofl flo_nofl                              e_perc                               e_abs     fix_t     flt_t                         speedup
correlation           0        0       1.194385528564461457949895475     0.01194385528564461558680555556  0.008061  0.012022   1.491378240913038084604887731
2mm                   0        0    0.002116203505084219250051580296      0.1438640358449807895808080808  0.015003  0.017854   1.190028660934479770712524162
3mm                   0        0      0.1607428143865255962080035148       1.172867386937267929232804233  0.017181  0.026078   1.517839473837378499505267447
atax                  0        0    0.001245307518139623818345421377     0.03266340436183471048780487805  0.000187  0.000340   1.818181818181818181818181818
mvt                   0        0  0.00004734201893050139907084194797              0.00004664236306823225  0.000326  0.000555   1.702453987730061349693251534
symm                  0        0   0.0007963238953248391125850552133   0.0001487045288080912958333333333  0.009610  0.008794  0.9150884495317377731529656608
gemver                0        0  0.00003027313379544594871299482309              0.00191701929193391475  0.000727  0.000598  0.8225584594222833562585969739
gesummv               0        0  0.00004861237071837252610943306509               0.0000806915283183144  0.000087  0.000149   1.712643678160919540229885057
trmm                  0        0   0.0001165630935028292699829867013           0.00004396649698377393125  0.006488  0.004473  0.6894266337854500616522811344
gramschmidt           0        0       8.481730959763505411538193444      0.2667616760502377581136363636  0.012567  0.015687   1.248269276677011219861542134
lu                    0        0    0.002061708849909160448173884941              0.00001379618248277339  0.019506  0.021148   1.084179226904542192146006357
ludcmp                0        0      0.2520458220045806715679653536              0.00002521245863239575  0.018343  0.019200   1.046720819931308946192007850
floyd-warshall        0        0                                   0                                   0  0.089603  0.112244   1.252681271832416325346249568
nussinov              0        0                                   0                                   0  0.016255  0.013471  0.8287296216548754229467856044
fdtd-2d               0        0  0.00004704790130159278723838813586  0.00001697663885679788055555555556  0.010968  0.009613  0.8764587892049598832968636032
heat-3d               0        0                                   0                               0E-16  0.013583  0.015145   1.114996687035264669071633660
jacobi-1d             0        0  0.00007857036815572305723013131653                    3.95077510528E-7  0.000060  0.000034  0.5666666666666666666666666667
jacobi-2d             0        0   0.0001428396627244173423026414782            0.0000900335637676545744  0.011858  0.007073  0.5964749536178107606679035250
2023-12-13 07:48:05,325 [INFO] Mean performance gains: 1.1374876499176025
2023-12-13 07:48:05,335 [INFO] 
loss: 0.07576535642147064, prev_loss: 0.04555850103497505

2023-12-13 07:48:05,356 [INFO] Current jump probability: 0.2705897077918053
2023-12-13 07:48:05,356 [INFO] Loss increased from 0.04555850103497505 to 0.07576535642147064. Removing components ['CAST_FIX_DOUBLE' 'REM_FIX' 'SUB_DOUBLE' 'CAST_DOUBLE_FIX'
 'CAST_FLOAT_DOUBLE' 'CAST_FIX_FLOAT'] and reversing modifications.
2023-12-13 07:48:05,391 [INFO] Modifying components ['CAST_DOUBLE_FIX' 'SUB_FLOAT' 'CAST_FLOAT_FIX' 'MUL_FIX' 'CAST_FIX_FLOAT'
 'MUL_FLOAT' 'REM_FLOAT' 'MUL_DOUBLE' 'CAST_FIX_DOUBLE'
 'CAST_DOUBLE_FLOAT'] with modifications [('CAST_DOUBLE_FIX', 0.9295959028488064), ('SUB_FLOAT', 1.2387505640686047), ('CAST_FLOAT_FIX', 1.3621879496649254), ('MUL_FIX', 0.6819062433123447), ('CAST_FIX_FLOAT', 1.2917867625503496), ('MUL_FLOAT', 1.4907175666628047), ('REM_FLOAT', 1.290137877426969), ('MUL_DOUBLE', 0.900369513682999), ('CAST_FIX_DOUBLE', 1.3243992998957927), ('CAST_DOUBLE_FLOAT', 0.7526877409653727)]
2023-12-13 07:48:05,429 [INFO] Compiling and running for idx 2
2023-12-13 07:50:28,844 [INFO] Calculating loss for idx 2

2023-12-13 07:50:30,216 [INFO] 
               fix_nofl flo_nofl                              e_perc                               e_abs     fix_t     flt_t                         speedup
correlation           0        0       1.194385528564461457949895475     0.01194385528564461558680555556  0.008508  0.010944   1.286318758815232722143864598
2mm                   0        0    0.002116203505084219250051580296      0.1438640358449807895808080808  0.015061  0.017615   1.169577053316512847752473275
3mm                   0        0      0.1607428143865255962080035148       1.172867386937267929232804233  0.017217  0.026116   1.516872858221525236684672126
atax                  0        0    0.001245307518139623818345421377     0.03266340436183471048780487805  0.000206  0.000343   1.665048543689320388349514563
mvt                   0        0  0.00004734201893050139907084194797              0.00004664236306823225  0.000321  0.000632   1.968847352024922118380062305
symm                  0        0   0.0007963238953248391125850552133   0.0001487045288080912958333333333  0.008985  0.010189   1.134001112966054535336672231
gemver                0        0  0.00003027313379544594871299482309              0.00191701929193391475  0.000553  0.000668   1.207956600361663652802893309
gesummv               0        0  0.00004861237071837252610943306509               0.0000806915283183144  0.000169  0.000234   1.384615384615384615384615385
trmm                  0        0   0.0001165630935028292699829867013           0.00004396649698377393125  0.006330  0.006761   1.068088467614533965244865719
gramschmidt           0        0       8.481730959763505411538193444      0.2667616760502377581136363636  0.013062  0.014855   1.137268412188026335936303782
lu                    0        0    0.002061708849909160448173884941              0.00001379618248277339  0.019136  0.020918   1.093122909698996655518394649
ludcmp                0        0      0.2520458220045806715679653536              0.00002521245863239575  0.018799  0.019378   1.030799510612266609926059897
floyd-warshall        0        0                                   0                                   0  0.089482  0.113512   1.268545629288572003307927851
nussinov              0        0                                   0                                   0  0.015513  0.015730   1.013988267904338296912267131
fdtd-2d               0        0  0.00004704790130159278723838813586  0.00001697663885679788055555555556  0.011066  0.008793  0.7945960600036146755828664377
heat-3d               0        0                                   0                               0E-16  0.013448  0.015368   1.142772159428911362284354551
jacobi-1d             0        0  0.00007857036815572305723013131653                    3.95077510528E-7  0.000052  0.000047  0.9038461538461538461538461538
jacobi-2d             0        0   0.0001428396627244173423026414782            0.0000900335637676545744  0.011848  0.005903  0.4982275489534098582039162728
2023-12-13 07:50:30,219 [INFO] Mean performance gains: 1.1824718713760376
2023-12-13 07:50:30,222 [INFO] 
loss: 0.10107064247131348, prev_loss: 0.04555850103497505

2023-12-13 07:50:30,238 [INFO] Current jump probability: 0.19157257229089736
2023-12-13 07:50:30,238 [INFO] Loss increased from 0.04555850103497505 to 0.10107064247131348. Removing components ['CAST_DOUBLE_FIX' 'SUB_FLOAT' 'CAST_FLOAT_FIX' 'MUL_FIX' 'CAST_FIX_FLOAT'
 'MUL_FLOAT' 'REM_FLOAT' 'MUL_DOUBLE' 'CAST_FIX_DOUBLE'
 'CAST_DOUBLE_FLOAT'] and reversing modifications.
2023-12-13 07:50:30,266 [INFO] Modifying components ['REM_DOUBLE' 'REM_FLOAT' 'CAST_FIX_FIX' 'CAST_FLOAT_FIX' 'REM_FIX'
 'CAST_FLOAT_DOUBLE' 'CAST_FIX_FLOAT' 'ADD_DOUBLE' 'CAST_FIX_DOUBLE'
 'CAST_DOUBLE_FIX'] with modifications [('REM_DOUBLE', 0.7519447589128074), ('REM_FLOAT', 1.0117129325536323), ('CAST_FIX_FIX', 1.2453332610398928), ('CAST_FLOAT_FIX', 1.0118156673919319), ('REM_FIX', 0.7082939157573785), ('CAST_FLOAT_DOUBLE', 1.113246695527197), ('CAST_FIX_FLOAT', 1.2198286468795874), ('ADD_DOUBLE', 1.0957406033079984), ('CAST_FIX_DOUBLE', 1.4538289263888484), ('CAST_DOUBLE_FIX', 1.1554622581216878)]
2023-12-13 07:50:30,303 [INFO] Compiling and running for idx 3
2023-12-13 07:52:52,564 [INFO] Calculating loss for idx 3

2023-12-13 07:52:53,919 [INFO] 
               fix_nofl flo_nofl                              e_perc                               e_abs     fix_t     flt_t                         speedup
correlation           0        0       1.194385528564461457949895475     0.01194385528564461558680555556  0.005517  0.010558   1.913721225303607032807685336
2mm                   0        0    0.002116203505084219250051580296      0.1438640358449807895808080808  0.015470  0.017962   1.161085972850678733031674208
3mm                   0        0      0.1607428143865255962080035148       1.172867386937267929232804233  0.016738  0.025347   1.514338630660771896283904887
atax                  0        0    0.001245307518139623818345421377     0.03266340436183471048780487805  0.000274  0.000408   1.489051094890510948905109489
mvt                   0        0  0.00004734201893050139907084194797              0.00004664236306823225  0.000328  0.000562   1.713414634146341463414634146
symm                  0        0   0.0007963238953248391125850552133   0.0001487045288080912958333333333  0.009809  0.009174  0.9352635334896523600774798654
gemver                0        0  0.00003027313379544594871299482309              0.00191701929193391475  0.000630  0.000670   1.063492063492063492063492063
gesummv               0        0  0.00004861237071837252610943306509               0.0000806915283183144  0.000155  0.000251   1.619354838709677419354838710
trmm                  0        0   0.0001165630935028292699829867013           0.00004396649698377393125  0.006184  0.007105   1.148932729624838292367399741
gramschmidt           0        0       8.481730959763505411538193444      0.2667616760502377581136363636  0.010488  0.013631   1.299675819984744469870327994
lu                    0        0    0.002061708849909160448173884941              0.00001379618248277339  0.019270  0.021914   1.137208095485210171250648677
ludcmp                0        0      0.2520458220045806715679653536              0.00002521245863239575  0.018700  0.019697   1.053315508021390374331550802
floyd-warshall        0        0                                   0                                   0  0.089574  0.113485   1.266941299930783486279500748
nussinov              0        0                                   0                                   0  0.015913  0.016263   1.021994595613649217620813172
fdtd-2d               0        0  0.00004704790130159278723838813586  0.00001697663885679788055555555556  0.010876  0.009583  0.8811143802868701728576682604
heat-3d               0        0                                   0                               0E-16  0.013949  0.014965   1.072836762491934905728009176
jacobi-1d             0        0  0.00007857036815572305723013131653                    3.95077510528E-7  0.000064  0.000039                        0.609375
jacobi-2d             0        0   0.0001428396627244173423026414782            0.0000900335637676545744  0.011896  0.006032  0.5070611970410221923335574983
2023-12-13 07:52:53,922 [INFO] Mean performance gains: 1.1893430948257446
2023-12-13 07:52:53,938 [INFO] 
loss: 0.10347529500722885, prev_loss: 0.04555850103497505

2023-12-13 07:52:53,962 [INFO] Current jump probability: 0.17611353397369386
2023-12-13 07:52:53,963 [INFO] Loss increased from 0.04555850103497505 to 0.10347529500722885. Removing components ['REM_DOUBLE' 'REM_FLOAT' 'CAST_FIX_FIX' 'CAST_FLOAT_FIX' 'REM_FIX'
 'CAST_FLOAT_DOUBLE' 'CAST_FIX_FLOAT' 'ADD_DOUBLE' 'CAST_FIX_DOUBLE'
 'CAST_DOUBLE_FIX'] and reversing modifications.
2023-12-13 07:52:53,995 [INFO] Modifying components ['MUL_DOUBLE' 'DIV_FLOAT' 'CAST_FIX_FLOAT' 'SUB_DOUBLE' 'ADD_DOUBLE'
 'CAST_DOUBLE_FIX' 'CAST_FLOAT_DOUBLE' 'MUL_FLOAT' 'REM_FIX'] with modifications [('MUL_DOUBLE', 0.9574148509137634), ('DIV_FLOAT', 0.8916060897561162), ('CAST_FIX_FLOAT', 1.4132384457542013), ('SUB_DOUBLE', 1.0234089436202056), ('ADD_DOUBLE', 1.4707000158503527), ('CAST_DOUBLE_FIX', 1.2195343571430386), ('CAST_FLOAT_DOUBLE', 1.1847461813047482), ('MUL_FLOAT', 0.762287720625128), ('REM_FIX', 1.4579076819153984)]
2023-12-13 07:52:54,019 [INFO] Compiling and running for idx 4
2023-12-13 07:55:16,302 [INFO] Calculating loss for idx 4

2023-12-13 07:55:17,654 [INFO] 
               fix_nofl flo_nofl                              e_perc                               e_abs     fix_t     flt_t                         speedup
correlation           0        0       1.194385528564461457949895475     0.01194385528564461558680555556  0.008328  0.011310   1.358069164265129682997118156
2mm                   0        0    0.002116203505084219250051580296      0.1438640358449807895808080808  0.015162  0.018108   1.194301543332014246141669964
3mm                   0        0      0.1607428143865255962080035148       1.172867386937267929232804233  0.016852  0.025847   1.533764538333728934251127463
atax                  0        0    0.001245307518139623818345421377     0.03266340436183471048780487805  0.000280  0.000405   1.446428571428571428571428571
mvt                   0        0  0.00004734201893050139907084194797              0.00004664236306823225  0.000397  0.000480   1.209068010075566750629722922
symm                  0        0   0.0007963238953248391125850552133   0.0001487045288080912958333333333  0.010001  0.009397  0.9396060393960603939606039396
gemver                0        0  0.00003027313379544594871299482309              0.00191701929193391475  0.000611  0.000681   1.114566284779050736497545008
gesummv               0        0  0.00004861237071837252610943306509               0.0000806915283183144  0.000121  0.000206   1.702479338842975206611570248
trmm                  0        0   0.0001165630935028292699829867013           0.00004396649698377393125  0.006329  0.006152  0.9720334966029388528993521883
gramschmidt           0        0       8.481730959763505411538193444      0.2667616760502377581136363636  0.015076  0.011568  0.7673122844255770761475192359
lu                    0        0    0.002061708849909160448173884941              0.00001379618248277339  0.019547  0.021145   1.081751675448917992530823144
ludcmp                0        0      0.2520458220045806715679653536              0.00002521245863239575  0.018680  0.019451   1.041274089935760171306209850
floyd-warshall        0        0                                   0                                   0  0.089654  0.116257   1.296729649541570928235215384
nussinov              0        0                                   0                                   0  0.016314  0.015927  0.9762780433983082015446855462
fdtd-2d               0        0  0.00004704790130159278723838813586  0.00001697663885679788055555555556  0.010964  0.009062  0.8265231667274717256475738781
heat-3d               0        0                                   0                               0E-16  0.013594  0.014731   1.083639841106370457554803590
jacobi-1d             0        0  0.00007857036815572305723013131653                    3.95077510528E-7  0.000078  0.000020  0.2564102564102564102564102564
jacobi-2d             0        0   0.0001428396627244173423026414782            0.0000900335637676545744  0.011867  0.006911  0.5823712817055700682565096486
2023-12-13 07:55:17,656 [INFO] Mean performance gains: 1.0768115520477295
2023-12-13 07:55:17,661 [INFO] 
loss: 0.11665278673171997, prev_loss: 0.04555850103497505

2023-12-13 07:55:17,674 [INFO] Current jump probability: 0.14645545184612274
2023-12-13 07:55:17,675 [INFO] Loss increased from 0.04555850103497505 to 0.11665278673171997. Removing components ['MUL_DOUBLE' 'DIV_FLOAT' 'CAST_FIX_FLOAT' 'SUB_DOUBLE' 'ADD_DOUBLE'
 'CAST_DOUBLE_FIX' 'CAST_FLOAT_DOUBLE' 'MUL_FLOAT' 'REM_FIX'] and reversing modifications.
2023-12-13 07:55:17,696 [INFO] Modifying components ['CAST_FIX_FLOAT'] with modifications [('CAST_FIX_FLOAT', 1.186133178733246)]
2023-12-13 07:55:17,713 [INFO] Compiling and running for idx 5
2023-12-13 07:57:41,920 [INFO] Calculating loss for idx 5

2023-12-13 07:57:43,288 [INFO] 
               fix_nofl flo_nofl                              e_perc                               e_abs     fix_t     flt_t                         speedup
correlation           0        0       1.194385528564461457949895475     0.01194385528564461558680555556  0.008526  0.011423   1.339784189537884119164907342
2mm                   0        0    0.002116203505084219250051580296      0.1438640358449807895808080808  0.016251  0.017439   1.073103193649621561750046151
3mm                   0        0      0.1607428143865255962080035148       1.172867386937267929232804233  0.017086  0.026835   1.570584103944750087791174061
atax                  0        0    0.001245307518139623818345421377     0.03266340436183471048780487805  0.000185  0.000293   1.583783783783783783783783784
mvt                   0        0  0.00004734201893050139907084194797              0.00004664236306823225  0.000327  0.000491   1.501529051987767584097859327
symm                  0        0   0.0007963238953248391125850552133   0.0001487045288080912958333333333  0.009942  0.010656   1.071816535908267954133977067
gemver                0        0  0.00003027313379544594871299482309              0.00191701929193391475  0.000614  0.000609  0.9918566775244299674267100977
gesummv               0        0  0.00004861237071837252610943306509               0.0000806915283183144  0.000167  0.000177   1.059880239520958083832335329
trmm                  0        0   0.0001165630935028292699829867013           0.00004396649698377393125  0.006389  0.007003   1.096102676475191735795899202
gramschmidt           0        0       8.481730959763505411538193444      0.2667616760502377581136363636  0.012944  0.015239   1.177302224969097651421508035
lu                    0        0    0.002061708849909160448173884941              0.00001379618248277339  0.019691  0.021188   1.076024579757249504849931441
ludcmp                0        0      0.2520458220045806715679653536              0.00002521245863239575  0.018505  0.019384   1.047500675493109970278303161
floyd-warshall        0        0                                   0                                   0  0.089441  0.115795   1.294652340649143010476179828
nussinov              0        0                                   0                                   0  0.015708  0.015937   1.014578558696205755029284441
fdtd-2d               0        0  0.00004704790130159278723838813586  0.00001697663885679788055555555556  0.010822  0.009501  0.8779338384771761227129920532
heat-3d               0        0                                   0                               0E-16  0.012781  0.014775   1.156012831546827321805805493
jacobi-1d             0        0  0.00007857036815572305723013131653                    3.95077510528E-7  0.000068  0.000034                             0.5
jacobi-2d             0        0   0.0001428396627244173423026414782            0.0000900335637676545744  0.011271  0.007030  0.6237246029633572886168041877
2023-12-13 07:57:43,290 [INFO] Mean performance gains: 1.1142315864562988
2023-12-13 07:57:43,295 [INFO] 
loss: 0.10163740813732147, prev_loss: 0.04555850103497505

2023-12-13 07:57:43,308 [INFO] Current jump probability: 0.15688589215278625
2023-12-13 07:57:43,308 [INFO] Loss increased from 0.04555850103497505 to 0.10163740813732147. Jumping to search new minima.
2023-12-13 07:57:43,320 [INFO] Modifying components ['REM_FIX' 'SUB_DOUBLE' 'CAST_DOUBLE_FLOAT' 'ADD_DOUBLE' 'CAST_DOUBLE_FIX'
 'REM_DOUBLE' 'MUL_FLOAT' 'DIV_FIX'] with modifications [('REM_FIX', 1.0915082383434627), ('SUB_DOUBLE', 0.7517787618719826), ('CAST_DOUBLE_FLOAT', 0.9072643863998967), ('ADD_DOUBLE', 0.8597982082734208), ('CAST_DOUBLE_FIX', 1.4730565856546236), ('REM_DOUBLE', 0.898598550721063), ('MUL_FLOAT', 0.8613515917834434), ('DIV_FIX', 0.7429630957691306)]
2023-12-13 07:57:43,339 [INFO] Compiling and running for idx 6
2023-12-13 07:58:13,913 [INFO] Calculating loss for idx 6

2023-12-13 07:58:14,176 [INFO] 
          fix_nofl flo_nofl                              e_perc                               e_abs     fix_t     flt_t                         speedup
gemver           0        0  0.00003027313379544594871299482309              0.00191701929193391475  0.000540  0.000709   1.312962962962962962962962963
fdtd-2d          0        0  0.00004704790130159278723838813586  0.00001697663885679788055555555556  0.011053  0.009254  0.8372387587080430652311589614
jacobi-1d        0        0  0.00007857036815572305723013131653                    3.95077510528E-7  0.000066  0.000034  0.5151515151515151515151515152
jacobi-2d        0        0   0.0001428396627244173423026414782            0.0000900335637676545744  0.012177  0.008337  0.6846513919684651391968465139
2023-12-13 07:58:14,177 [INFO] Mean performance gains: 0.8375011682510376
2023-12-13 07:58:14,180 [INFO] 
loss: 0.12033801525831223, prev_loss: 0.10163740813732147

2023-12-13 07:58:14,193 [INFO] Current jump probability: 0.2744947843253613
2023-12-13 07:58:14,193 [INFO] Loss increased from 0.10163740813732147 to 0.12033801525831223. Removing components ['REM_FIX' 'SUB_DOUBLE' 'CAST_DOUBLE_FLOAT' 'ADD_DOUBLE' 'CAST_DOUBLE_FIX'
 'REM_DOUBLE' 'MUL_FLOAT' 'DIV_FIX'] and reversing modifications.
2023-12-13 07:58:14,214 [INFO] Modifying components ['CAST_DOUBLE_FLOAT' 'DIV_FLOAT' 'DIV_FIX' 'REM_FIX' 'REM_DOUBLE'
 'CAST_FLOAT_DOUBLE' 'CAST_FIX_DOUBLE' 'DIV_DOUBLE' 'MUL_DOUBLE'
 'CAST_DOUBLE_FIX' 'CAST_FLOAT_FIX' 'MUL_FIX' 'SUB_FLOAT' 'ADD_DOUBLE'
 'CAST_FIX_FIX'] with modifications [('CAST_DOUBLE_FLOAT', 0.7677856273462516), ('DIV_FLOAT', 0.7037925951552204), ('DIV_FIX', 0.7562445125844968), ('REM_FIX', 0.854757265979438), ('REM_DOUBLE', 1.2608239589782175), ('CAST_FLOAT_DOUBLE', 1.1330971915231067), ('CAST_FIX_DOUBLE', 0.6771293251699166), ('DIV_DOUBLE', 0.7266446143907588), ('MUL_DOUBLE', 1.4727302531844466), ('CAST_DOUBLE_FIX', 1.140083430333593), ('CAST_FLOAT_FIX', 0.8360771644129819), ('MUL_FIX', 0.8769376220257659), ('SUB_FLOAT', 1.2865213742798134), ('ADD_DOUBLE', 0.829524031210753), ('CAST_FIX_FIX', 1.151132160300333)]
2023-12-13 07:58:14,234 [INFO] Compiling and running for idx 7
2023-12-13 07:58:46,741 [INFO] Calculating loss for idx 7

2023-12-13 07:58:47,044 [INFO] 
          fix_nofl flo_nofl                              e_perc                               e_abs     fix_t     flt_t                         speedup
gemver           0        0  0.00003027313379544594871299482309              0.00191701929193391475  0.000729  0.000673  0.9231824417009602194787379973
fdtd-2d          0        0  0.00004704790130159278723838813586  0.00001697663885679788055555555556  0.010788  0.007210  0.6683351872450871338524286244
jacobi-1d        0        0  0.00007857036815572305723013131653                    3.95077510528E-7  0.000059  0.000035  0.5932203389830508474576271186
jacobi-2d        0        0   0.0001428396627244173423026414782            0.0000900335637676545744  0.012565  0.007784  0.6194986072423398328690807799
2023-12-13 07:58:47,045 [INFO] Mean performance gains: 0.7010592222213745
2023-12-13 07:58:47,051 [INFO] 
loss: 0.10653837025165558, prev_loss: 0.10163740813732147

2023-12-13 07:58:47,063 [INFO] Current jump probability: 0.2861994445323944
2023-12-13 07:58:47,063 [INFO] Loss increased from 0.10163740813732147 to 0.10653837025165558. Removing components ['CAST_DOUBLE_FLOAT' 'DIV_FLOAT' 'DIV_FIX' 'REM_FIX' 'REM_DOUBLE'
 'CAST_FLOAT_DOUBLE' 'CAST_FIX_DOUBLE' 'DIV_DOUBLE' 'MUL_DOUBLE'
 'CAST_DOUBLE_FIX' 'CAST_FLOAT_FIX' 'MUL_FIX' 'SUB_FLOAT' 'ADD_DOUBLE'
 'CAST_FIX_FIX'] and reversing modifications.
2023-12-13 07:58:47,086 [INFO] Modifying components ['DIV_DOUBLE' 'REM_DOUBLE' 'REM_FLOAT' 'CAST_FLOAT_FIX' 'CAST_DOUBLE_FIX'
 'CAST_FIX_DOUBLE' 'ADD_DOUBLE' 'REM_FIX' 'DIV_FIX' 'MUL_DOUBLE'
 'MUL_FLOAT' 'CAST_FIX_FIX' 'DIV_FLOAT' 'CAST_DOUBLE_FLOAT' 'SUB_DOUBLE'
 'ADD_FLOAT'] with modifications [('DIV_DOUBLE', 0.7883600523453546), ('REM_DOUBLE', 1.0906569548419407), ('REM_FLOAT', 0.8463747111858465), ('CAST_FLOAT_FIX', 1.4303696968744437), ('CAST_DOUBLE_FIX', 1.051793402147699), ('CAST_FIX_DOUBLE', 0.7768888168921252), ('ADD_DOUBLE', 1.3035345167897623), ('REM_FIX', 0.8439442235830054), ('DIV_FIX', 0.7285480773041035), ('MUL_DOUBLE', 0.746182104101634), ('MUL_FLOAT', 0.8018373667513214), ('CAST_FIX_FIX', 0.9637193044096783), ('DIV_FLOAT', 0.7460892390718709), ('CAST_DOUBLE_FLOAT', 0.7860519339765113), ('SUB_DOUBLE', 1.4425107317171433), ('ADD_FLOAT', 1.1471532313820392)]
2023-12-13 07:58:47,105 [INFO] Compiling and running for idx 8
2023-12-13 07:59:18,692 [INFO] Calculating loss for idx 8

2023-12-13 07:59:18,986 [INFO] 
          fix_nofl flo_nofl                              e_perc                               e_abs     fix_t     flt_t                         speedup
gemver           0        0  0.00003027313379544594871299482309              0.00191701929193391475  0.000689  0.000602  0.8737300435413642960812772134
fdtd-2d          0        0  0.00004704790130159278723838813586  0.00001697663885679788055555555556  0.011032  0.008815  0.7990391588107324147933284989
jacobi-1d        0        0  0.00007857036815572305723013131653                    3.95077510528E-7  0.000051  0.000035  0.6862745098039215686274509804
jacobi-2d        0        0   0.0001428396627244173423026414782            0.0000900335637676545744  0.011819  0.006593  0.5578306117268804467383027329
2023-12-13 07:59:18,987 [INFO] Mean performance gains: 0.729218602180481
2023-12-13 07:59:18,990 [INFO] 
loss: 0.08756669610738754, prev_loss: 0.10163740813732147

2023-12-13 07:59:19,005 [INFO] Loss decreased from 0.10163740813732147 to 0.08756669610738754. Resetting components.
2023-12-13 07:59:19,021 [INFO] Modifying components ['SUB_FLOAT' 'CAST_FLOAT_DOUBLE' 'CAST_DOUBLE_FLOAT' 'REM_DOUBLE'
 'ADD_DOUBLE' 'CAST_FIX_FLOAT' 'CAST_FIX_FIX' 'MUL_DOUBLE' 'ADD_FLOAT'
 'CAST_DOUBLE_FIX' 'DIV_FLOAT' 'SUB_DOUBLE' 'MUL_FLOAT' 'DIV_FIX'
 'MUL_FIX' 'REM_FLOAT' 'REM_FIX' 'CAST_FIX_DOUBLE' 'CAST_FLOAT_FIX'
 'DIV_DOUBLE'] with modifications [('SUB_FLOAT', 0.9916726884561813), ('CAST_FLOAT_DOUBLE', 1.071658546574536), ('CAST_DOUBLE_FLOAT', 1.170258471973633), ('REM_DOUBLE', 1.1246229676224164), ('ADD_DOUBLE', 1.4384844730429958), ('CAST_FIX_FLOAT', 1.4322778088502957), ('CAST_FIX_FIX', 0.9957292740200376), ('MUL_DOUBLE', 1.469385415875612), ('ADD_FLOAT', 0.8116291715374981), ('CAST_DOUBLE_FIX', 0.7719406837527107), ('DIV_FLOAT', 0.7792320550917148), ('SUB_DOUBLE', 1.088051475172191), ('MUL_FLOAT', 0.6846033520783685), ('DIV_FIX', 1.4566418079948749), ('MUL_FIX', 1.3559294440525913), ('REM_FLOAT', 0.6791818272977558), ('REM_FIX', 0.8134963304433831), ('CAST_FIX_DOUBLE', 0.9433858666814137), ('CAST_FLOAT_FIX', 0.7758301246736606), ('DIV_DOUBLE', 1.3412421164326132)]
2023-12-13 07:59:19,045 [INFO] Compiling and running for idx 9
2023-12-13 07:59:50,339 [INFO] Calculating loss for idx 9

2023-12-13 07:59:50,624 [INFO] 
          fix_nofl flo_nofl                              e_perc                               e_abs     fix_t     flt_t                         speedup
gemver           0        0  0.00003027313379544594871299482309              0.00191701929193391475  0.000622  0.000592  0.9517684887459807073954983923
fdtd-2d          0        0  0.00004704790130159278723838813586  0.00001697663885679788055555555556  0.011132  0.009096  0.8171038447718289615522817104
jacobi-1d        0        0  0.00007857036815572305723013131653                    3.95077510528E-7  0.000074  0.000034  0.4594594594594594594594594595
jacobi-2d        0        0   0.0001428396627244173423026414782            0.0000900335637676545744  0.011806  0.008825  0.7475012705404031848212773166
2023-12-13 07:59:50,625 [INFO] Mean performance gains: 0.7439582347869873
2023-12-13 07:59:50,627 [INFO] 
loss: 0.09792925417423248, prev_loss: 0.08756669610738754

2023-12-13 07:59:50,637 [INFO] Current jump probability: 0.22354580648243427
2023-12-13 07:59:50,637 [INFO] Loss increased from 0.08756669610738754 to 0.09792925417423248. Removing components ['SUB_FLOAT' 'CAST_FLOAT_DOUBLE' 'CAST_DOUBLE_FLOAT' 'REM_DOUBLE'
 'ADD_DOUBLE' 'CAST_FIX_FLOAT' 'CAST_FIX_FIX' 'MUL_DOUBLE' 'ADD_FLOAT'
 'CAST_DOUBLE_FIX' 'DIV_FLOAT' 'SUB_DOUBLE' 'MUL_FLOAT' 'DIV_FIX'
 'MUL_FIX' 'REM_FLOAT' 'REM_FIX' 'CAST_FIX_DOUBLE' 'CAST_FLOAT_FIX'
 'DIV_DOUBLE'] and reversing modifications.
2023-12-13 07:59:50,687 [INFO] Resetting benchmark to everything for idx 10
2023-12-13 07:59:50,687 [INFO] Compiling and running for idx 10
2023-12-13 08:02:13,970 [INFO] Calculating loss for idx 10

2023-12-13 08:02:15,346 [INFO] 
               fix_nofl flo_nofl                              e_perc                               e_abs     fix_t     flt_t                         speedup
correlation           0        0       1.194385528564461457949895475     0.01194385528564461558680555556  0.007059  0.013492   1.911318883694574302309108939
2mm                   0        0    0.002116203505084219250051580296      0.1438640358449807895808080808  0.015269  0.017413   1.140415220381164450848123649
3mm                   0        0      0.1607428143865255962080035148       1.172867386937267929232804233  0.017576  0.025786   1.467114246700045516613563951
atax                  0        0    0.001245307518139623818345421377     0.03266340436183471048780487805  0.000279  0.000290   1.039426523297491039426523297
mvt                   0        0  0.00004734201893050139907084194797              0.00004664236306823225  0.000280  0.000512   1.828571428571428571428571429
symm                  0        0   0.0007963238953248391125850552133   0.0001487045288080912958333333333  0.009611  0.007436  0.7736968057434189990635729893
gemver                0        0  0.00003027313379544594871299482309              0.00191701929193391475  0.000535  0.000713   1.332710280373831775700934579
gesummv               0        0  0.00004861237071837252610943306509               0.0000806915283183144  0.000107  0.000184   1.719626168224299065420560748
trmm                  0        0   0.0001165630935028292699829867013           0.00004396649698377393125  0.006534  0.005601  0.8572084481175390266299357208
gramschmidt           0        0       8.481730959763505411538193444      0.2667616760502377581136363636  0.013526  0.015652   1.157178766819458820050273547
lu                    0        0    0.002061708849909160448173884941              0.00001379618248277339  0.019769  0.020549   1.039455713490818958976174819
ludcmp                0        0      0.2520458220045806715679653536              0.00002521245863239575  0.018515  0.019445   1.050229543613286524439643532
floyd-warshall        0        0                                   0                                   0  0.089915  0.112895   1.255574709447811822276594562
nussinov              0        0                                   0                                   0  0.015783  0.015846   1.003991636570994107584109485
fdtd-2d               0        0  0.00004704790130159278723838813586  0.00001697663885679788055555555556  0.010675  0.009496  0.8895550351288056206088992974
heat-3d               0        0                                   0                               0E-16  0.012504  0.014807   1.184181062060140754958413308
jacobi-1d             0        0  0.00007857036815572305723013131653                    3.95077510528E-7  0.000073  0.000034  0.4657534246575342465753424658
jacobi-2d             0        0   0.0001428396627244173423026414782            0.0000900335637676545744  0.008511  0.009864   1.158970743743390905886499824
2023-12-13 08:02:15,349 [INFO] Mean performance gains: 1.1819431781768799
2023-12-13 08:02:15,356 [INFO] Modifying components ['DIV_FLOAT'] with modifications [('DIV_FLOAT', 1.3865014047118143)]
2023-12-13 08:02:15,378 [INFO] Compiling and running for idx 11
2023-12-13 08:04:43,693 [INFO] Calculating loss for idx 11

2023-12-13 08:04:45,075 [INFO] 
               fix_nofl flo_nofl                              e_perc                               e_abs     fix_t     flt_t                         speedup
correlation           0        0       1.194385528564461457949895475     0.01194385528564461558680555556  0.008268  0.011190   1.353410740203193033381712627
2mm                   0        0    0.002116203505084219250051580296      0.1438640358449807895808080808  0.015410  0.018460   1.197923426346528228423101882
3mm                   0        0      0.1607428143865255962080035148       1.172867386937267929232804233  0.017531  0.025876   1.476013918202042096856996178
atax                  0        0    0.001245307518139623818345421377     0.03266340436183471048780487805  0.000207  0.000339   1.637681159420289855072463768
mvt                   0        0  0.00004734201893050139907084194797              0.00004664236306823225  0.000338  0.000570   1.686390532544378698224852071
symm                  0        0   0.0007963238953248391125850552133   0.0001487045288080912958333333333  0.009939  0.008929  0.8983801187242177281416641513
gemver                0        0  0.00003027313379544594871299482309              0.00191701929193391475  0.000693  0.000650  0.9379509379509379509379509380
gesummv               0        0  0.00004861237071837252610943306509               0.0000806915283183144  0.000107  0.000185   1.728971962616822429906542056
trmm                  0        0   0.0001165630935028292699829867013           0.00004396649698377393125  0.005102  0.006150   1.205409643277146217169737358
gramschmidt           0        0       8.481730959763505411538193444      0.2667616760502377581136363636  0.013123  0.015335   1.168559018517107368741903528
lu                    0        0    0.002061708849909160448173884941              0.00001379618248277339  0.019729  0.021298   1.079527598965989153023467991
ludcmp                0        0      0.2520458220045806715679653536              0.00002521245863239575  0.018641  0.019519   1.047100477442197307011426426
floyd-warshall        0        0                                   0                                   0  0.089535  0.116614   1.302440386441056570056402524
nussinov              0        0                                   0                                   0  0.016024  0.015902  0.9923864203694458312531203195
fdtd-2d               0        0  0.00004704790130159278723838813586  0.00001697663885679788055555555556  0.010626  0.008775  0.8258046301524562394127611519
heat-3d               0        0                                   0                               0E-16  0.013051  0.014747   1.129951727836947360355528312
jacobi-1d             0        0  0.00007857036815572305723013131653                    3.95077510528E-7  0.000055  0.000020  0.3636363636363636363636363636
jacobi-2d             0        0   0.0001428396627244173423026414782            0.0000900335637676545744  0.011778  0.008189  0.6952793343521820343012395993
2023-12-13 08:04:45,078 [INFO] Mean performance gains: 1.1514899730682373
2023-12-13 08:04:45,083 [INFO] 
loss: 0.09039866924285889, prev_loss: 0.0923050194978714

2023-12-13 08:04:45,092 [INFO] Loss decreased from 0.0923050194978714 to 0.09039866924285889. Resetting components.
2023-12-13 08:04:45,104 [INFO] Modifying components ['DIV_FLOAT' 'CAST_FIX_DOUBLE' 'MUL_FLOAT' 'MUL_DOUBLE' 'CAST_FIX_FLOAT'
 'SUB_FLOAT' 'DIV_FIX' 'ADD_DOUBLE' 'CAST_FLOAT_FIX' 'CAST_DOUBLE_FIX'] with modifications [('DIV_FLOAT', 1.1455926370644218), ('CAST_FIX_DOUBLE', 1.1900632506402575), ('MUL_FLOAT', 0.9046464251305995), ('MUL_DOUBLE', 1.1556941751022962), ('CAST_FIX_FLOAT', 1.2916846364333923), ('SUB_FLOAT', 1.3819281025667596), ('DIV_FIX', 1.295901660444526), ('ADD_DOUBLE', 1.2483808390775848), ('CAST_FLOAT_FIX', 1.3870661013651198), ('CAST_DOUBLE_FIX', 0.9355670458179532)]
2023-12-13 08:04:45,121 [INFO] Compiling and running for idx 12
2023-12-13 08:05:34,805 [INFO] Calculating loss for idx 12

2023-12-13 08:05:35,290 [INFO] 
          fix_nofl flo_nofl                              e_perc                               e_abs     fix_t     flt_t                         speedup
symm             0        0   0.0007963238953248391125850552133   0.0001487045288080912958333333333  0.011315  0.008935  0.7896597437030490499337163058
gemver           0        0  0.00003027313379544594871299482309              0.00191701929193391475  0.000849  0.000667  0.7856301531213191990577149588
nussinov         0        0                                   0                                   0  0.016036  0.015295  0.9537914691943127962085308057
fdtd-2d          0        0  0.00004704790130159278723838813586  0.00001697663885679788055555555556  0.010892  0.009009  0.8271208226221079691516709512
jacobi-1d        0        0  0.00007857036815572305723013131653                    3.95077510528E-7  0.000068  0.000035  0.5147058823529411764705882353
jacobi-2d        0        0   0.0001428396627244173423026414782            0.0000900335637676545744  0.012178  0.006429  0.5279191985547708983412711447
2023-12-13 08:05:35,291 [INFO] Mean performance gains: 0.733137845993042
2023-12-13 08:05:35,298 [INFO] 
loss: 0.09676510095596313, prev_loss: 0.09039866924285889

2023-12-13 08:05:35,312 [INFO] Current jump probability: 0.16348628755658864
2023-12-13 08:05:35,312 [INFO] Loss increased from 0.09039866924285889 to 0.09676510095596313. Removing components ['DIV_FLOAT' 'CAST_FIX_DOUBLE' 'MUL_FLOAT' 'MUL_DOUBLE' 'CAST_FIX_FLOAT'
 'SUB_FLOAT' 'DIV_FIX' 'ADD_DOUBLE' 'CAST_FLOAT_FIX' 'CAST_DOUBLE_FIX'] and reversing modifications.
2023-12-13 08:05:35,334 [INFO] Modifying components ['DIV_FIX' 'MUL_DOUBLE' 'MUL_FIX' 'SUB_DOUBLE' 'CAST_DOUBLE_FIX'
 'DIV_DOUBLE'] with modifications [('DIV_FIX', 0.8498880666458423), ('MUL_DOUBLE', 0.6932962085870987), ('MUL_FIX', 1.445726791463779), ('SUB_DOUBLE', 1.3184098692302177), ('CAST_DOUBLE_FIX', 1.0979946694787421), ('DIV_DOUBLE', 0.6803849776949714)]
2023-12-13 08:05:35,349 [INFO] Compiling and running for idx 13
2023-12-13 08:06:24,979 [INFO] Calculating loss for idx 13

2023-12-13 08:06:25,466 [INFO] 
          fix_nofl flo_nofl                              e_perc                               e_abs     fix_t     flt_t                         speedup
symm             0        0   0.0007963238953248391125850552133   0.0001487045288080912958333333333  0.009873  0.009210  0.9328471589182619264661197204
gemver           0        0  0.00003027313379544594871299482309              0.00191701929193391475  0.000715  0.000736   1.029370629370629370629370629
nussinov         0        0                                   0                                   0  0.016156  0.015169  0.9389081455805892547660311958
fdtd-2d          0        0  0.00004704790130159278723838813586  0.00001697663885679788055555555556  0.011021  0.009246  0.8389438344977769712367298793
jacobi-1d        0        0  0.00007857036815572305723013131653                    3.95077510528E-7  0.000068  0.000035  0.5147058823529411764705882353
jacobi-2d        0        0   0.0001428396627244173423026414782            0.0000900335637676545744  0.011329  0.008149  0.7193044399329155265248477359
2023-12-13 08:06:25,468 [INFO] Mean performance gains: 0.8290134072303772
2023-12-13 08:06:25,477 [INFO] 
loss: 0.06969623267650604, prev_loss: 0.09039866924285889

2023-12-13 08:06:25,502 [INFO] Loss decreased from 0.09039866924285889 to 0.06969623267650604. Resetting components.
2023-12-13 08:06:25,512 [INFO] Modifying components ['CAST_FIX_FLOAT' 'DIV_FIX' 'DIV_FLOAT' 'CAST_DOUBLE_FIX' 'SUB_DOUBLE'
 'CAST_DOUBLE_FLOAT' 'CAST_FIX_FIX'] with modifications [('CAST_FIX_FLOAT', 0.7036809808063668), ('DIV_FIX', 0.9010136005351352), ('DIV_FLOAT', 1.3875746093011894), ('CAST_DOUBLE_FIX', 0.7276021413864356), ('SUB_DOUBLE', 1.2169430187463095), ('CAST_DOUBLE_FLOAT', 0.8228149408251715), ('CAST_FIX_FIX', 1.1019051545162424)]
2023-12-13 08:06:25,540 [INFO] Compiling and running for idx 14
2023-12-13 08:07:14,207 [INFO] Calculating loss for idx 14

2023-12-13 08:07:14,705 [INFO] 
          fix_nofl flo_nofl                              e_perc                               e_abs     fix_t     flt_t                         speedup
symm             0        0   0.0007963238953248391125850552133   0.0001487045288080912958333333333  0.009588  0.009137  0.9529620358781810596579057155
nussinov         0        0                                   0                                   0  0.012113  0.012024  0.9926525220837117146867002394
fdtd-2d          0        0  0.00004704790130159278723838813586  0.00001697663885679788055555555556  0.010697  0.009280  0.8675329531644386276526128821
jacobi-1d        0        0  0.00007857036815572305723013131653                    3.95077510528E-7  0.000060  0.000033                            0.55
jacobi-2d        0        0   0.0001428396627244173423026414782            0.0000900335637676545744  0.011698  0.008423  0.7200376132672251666951615661
2023-12-13 08:07:14,707 [INFO] Mean performance gains: 0.8166370391845703
2023-12-13 08:07:14,709 [INFO] 
loss: 0.06013859435915947, prev_loss: 0.06969623267650604

2023-12-13 08:07:14,720 [INFO] Loss decreased from 0.06969623267650604 to 0.06013859435915947. Resetting components.
2023-12-13 08:07:14,732 [INFO] Modifying components ['REM_DOUBLE' 'SUB_DOUBLE'] with modifications [('REM_DOUBLE', 0.6740932364699952), ('SUB_DOUBLE', 1.087886278502813)]
2023-12-13 08:07:14,745 [INFO] Compiling and running for idx 15
2023-12-13 08:08:02,477 [INFO] Calculating loss for idx 15

2023-12-13 08:08:02,959 [INFO] 
          fix_nofl flo_nofl                              e_perc                               e_abs     fix_t     flt_t                         speedup
symm             0        0   0.0007963238953248391125850552133   0.0001487045288080912958333333333  0.009941  0.009886  0.9944673574087113972437380545
nussinov         0        0                                   0                                   0  0.012273  0.012510   1.019310681984844781227083843
fdtd-2d          0        0  0.00004704790130159278723838813586  0.00001697663885679788055555555556  0.010662  0.009040  0.8478709435377977865316075783
jacobi-1d        0        0  0.00007857036815572305723013131653                    3.95077510528E-7  0.000059  0.000034  0.5762711864406779661016949153
jacobi-2d        0        0   0.0001428396627244173423026414782            0.0000900335637676545744  0.011686  0.007089  0.6066233099435221632722916310
2023-12-13 08:08:02,960 [INFO] Mean performance gains: 0.8089086413383484
2023-12-13 08:08:02,963 [INFO] 
loss: 0.08936630189418793, prev_loss: 0.06013859435915947

2023-12-13 08:08:02,976 [INFO] Current jump probability: 0.0672944873571396
2023-12-13 08:08:02,976 [INFO] Loss increased from 0.06013859435915947 to 0.08936630189418793. Removing components ['REM_DOUBLE' 'SUB_DOUBLE'] and reversing modifications.
2023-12-13 08:08:02,994 [INFO] Modifying components ['ADD_DOUBLE' 'DIV_DOUBLE' 'DIV_FLOAT' 'MUL_DOUBLE' 'CAST_FLOAT_DOUBLE'] with modifications [('ADD_DOUBLE', 0.9941164844382546), ('DIV_DOUBLE', 0.7339858297545108), ('DIV_FLOAT', 0.9601006617955629), ('MUL_DOUBLE', 0.6675104051904539), ('CAST_FLOAT_DOUBLE', 1.1871918169459375)]
2023-12-13 08:08:03,007 [INFO] Compiling and running for idx 16
2023-12-13 08:08:52,112 [INFO] Calculating loss for idx 16

2023-12-13 08:08:52,580 [INFO] 
          fix_nofl flo_nofl                              e_perc                               e_abs     fix_t     flt_t                         speedup
symm             0        0   0.0007963238953248391125850552133   0.0001487045288080912958333333333  0.009461  0.009065  0.9581439594123242786174822957
nussinov         0        0                                   0                                   0  0.012251  0.015068   1.229940413027507958533997225
fdtd-2d          0        0  0.00004704790130159278723838813586  0.00001697663885679788055555555556  0.010604  0.009609  0.9061674839683138438325160317
jacobi-1d        0        0  0.00007857036815572305723013131653                    3.95077510528E-7  0.000047  0.000035  0.7446808510638297872340425532
jacobi-2d        0        0   0.0001428396627244173423026414782            0.0000900335637676545744  0.011385  0.008152  0.7160298638559508124725516030
2023-12-13 08:08:52,582 [INFO] Mean performance gains: 0.9109925031661987
2023-12-13 08:08:52,590 [INFO] 
loss: 0.03909584507346153, prev_loss: 0.06013859435915947

2023-12-13 08:08:52,608 [INFO] Loss decreased from 0.06013859435915947 to 0.03909584507346153. Resetting components.
2023-12-13 08:08:52,630 [INFO] Modifying components ['DIV_DOUBLE' 'SUB_DOUBLE' 'MUL_FIX'] with modifications [('DIV_DOUBLE', 1.3157683887739064), ('SUB_DOUBLE', 1.0938844241114618), ('MUL_FIX', 1.1793871898957617)]
2023-12-13 08:08:52,642 [INFO] Compiling and running for idx 17
2023-12-13 08:09:29,336 [INFO] Calculating loss for idx 17

2023-12-13 08:09:29,682 [INFO] 
          fix_nofl flo_nofl                              e_perc                               e_abs     fix_t     flt_t                         speedup
symm             0        0   0.0007963238953248391125850552133   0.0001487045288080912958333333333  0.009844  0.009017  0.9159894351889475822836245429
fdtd-2d          0        0  0.00004704790130159278723838813586  0.00001697663885679788055555555556  0.010661  0.008900  0.8348184973267048119313385236
jacobi-1d        0        0  0.00007857036815572305723013131653                    3.95077510528E-7  0.000078  0.000035  0.4487179487179487179487179487
jacobi-2d        0        0   0.0001428396627244173423026414782            0.0000900335637676545744  0.008976  0.006344  0.7067736185383244206773618538
2023-12-13 08:09:29,683 [INFO] Mean performance gains: 0.7265748977661133
2023-12-13 08:09:29,691 [INFO] 
loss: 0.10605907440185547, prev_loss: 0.03909584507346153

2023-12-13 08:09:29,708 [INFO] Current jump probability: 0.01843116581439972
2023-12-13 08:09:29,708 [INFO] Loss increased from 0.03909584507346153 to 0.10605907440185547. Removing components ['DIV_DOUBLE' 'SUB_DOUBLE' 'MUL_FIX'] and reversing modifications.
2023-12-13 08:09:29,740 [INFO] Modifying components ['DIV_DOUBLE' 'REM_FLOAT' 'CAST_DOUBLE_FLOAT' 'DIV_FLOAT'] with modifications [('DIV_DOUBLE', 1.2880308243477085), ('REM_FLOAT', 0.6919990952071173), ('CAST_DOUBLE_FLOAT', 0.9721188253985185), ('DIV_FLOAT', 1.3852884522625386)]
2023-12-13 08:09:29,772 [INFO] Compiling and running for idx 18
2023-12-13 08:10:05,682 [INFO] Calculating loss for idx 18

2023-12-13 08:10:06,021 [INFO] 
          fix_nofl flo_nofl                              e_perc                               e_abs     fix_t     flt_t                         speedup
symm             0        0   0.0007963238953248391125850552133   0.0001487045288080912958333333333  0.009795  0.009135  0.9326186830015313935681470138
fdtd-2d          0        0  0.00004704790130159278723838813586  0.00001697663885679788055555555556  0.010775  0.009830  0.9122969837587006960556844548
jacobi-1d        0        0  0.00007857036815572305723013131653                    3.95077510528E-7  0.000080  0.000020                            0.25
jacobi-2d        0        0   0.0001428396627244173423026414782            0.0000900335637676545744  0.012139  0.008632  0.7110964659362385698986736964
2023-12-13 08:10:06,022 [INFO] Mean performance gains: 0.7015030384063721
2023-12-13 08:10:06,024 [INFO] 
loss: 0.1645493358373642, prev_loss: 0.03909584507346153

2023-12-13 08:10:06,033 [INFO] Current jump probability: 0.005939836800098419
2023-12-13 08:10:06,034 [INFO] Loss increased from 0.03909584507346153 to 0.1645493358373642. Removing components ['DIV_DOUBLE' 'REM_FLOAT' 'CAST_DOUBLE_FLOAT' 'DIV_FLOAT'] and reversing modifications.
2023-12-13 08:10:06,048 [INFO] Modifying components ['DIV_FLOAT' 'REM_FLOAT' 'CAST_FIX_DOUBLE' 'ADD_DOUBLE' 'SUB_FLOAT'
 'DIV_DOUBLE' 'CAST_DOUBLE_FLOAT' 'MUL_FIX' 'REM_FIX' 'MUL_FLOAT'
 'CAST_FIX_FIX' 'CAST_FLOAT_FIX' 'SUB_DOUBLE'] with modifications [('DIV_FLOAT', 0.8363947426814246), ('REM_FLOAT', 0.7405129409380027), ('CAST_FIX_DOUBLE', 0.8047408126147068), ('ADD_DOUBLE', 1.0858301122022005), ('SUB_FLOAT', 1.3229840317295607), ('DIV_DOUBLE', 1.419668157835063), ('CAST_DOUBLE_FLOAT', 0.8496028902410957), ('MUL_FIX', 1.2817756340279427), ('REM_FIX', 0.8815019126951389), ('MUL_FLOAT', 1.1368403292984852), ('CAST_FIX_FIX', 0.7770241158104356), ('CAST_FLOAT_FIX', 0.9767393142356033), ('SUB_DOUBLE', 0.7357122695929514)]
2023-12-13 08:10:06,067 [INFO] Compiling and running for idx 19
2023-12-13 08:10:43,759 [INFO] Calculating loss for idx 19

2023-12-13 08:10:44,101 [INFO] 
          fix_nofl flo_nofl                              e_perc                               e_abs     fix_t     flt_t                         speedup
symm             0        0   0.0007963238953248391125850552133   0.0001487045288080912958333333333  0.009973  0.008889  0.8913065276245863832347337812
fdtd-2d          0        0  0.00004704790130159278723838813586  0.00001697663885679788055555555556  0.010628  0.009404  0.8848325178773052314640572074
jacobi-1d        0        0  0.00007857036815572305723013131653                    3.95077510528E-7  0.000058  0.000033  0.5689655172413793103448275862
jacobi-2d        0        0   0.0001428396627244173423026414782            0.0000900335637676545744  0.011068  0.007091  0.6406758221900975786049873509
2023-12-13 08:10:44,103 [INFO] Mean performance gains: 0.7464450597763062
2023-12-13 08:10:44,106 [INFO] 
loss: 0.08499560505151749, prev_loss: 0.03909584507346153

2023-12-13 08:10:44,120 [INFO] Current jump probability: 0.0
2023-12-13 08:10:44,121 [INFO] Loss increased from 0.03909584507346153 to 0.08499560505151749. Removing components ['DIV_FLOAT' 'REM_FLOAT' 'CAST_FIX_DOUBLE' 'ADD_DOUBLE' 'SUB_FLOAT'
 'DIV_DOUBLE' 'CAST_DOUBLE_FLOAT' 'MUL_FIX' 'REM_FIX' 'MUL_FLOAT'
 'CAST_FIX_FIX' 'CAST_FLOAT_FIX' 'SUB_DOUBLE'] and reversing modifications.
