2023-12-12 16:47:45,130 [INFO] Started logging at 20231212-164745
2023-12-12 16:47:45,136 [INFO] Setting seed to 1
2023-12-12 16:47:45,137 [INFO] Hyperparameters: 
num_components_min: 1
num_components_max: 20
range_low: 0.666666
range_high: 1.5
prob_jump: 1.0
no_jump_threshold: 5.0

2023-12-12 16:47:45,139 [INFO] Benchmarking for 50 indices
2023-12-12 16:47:45,164 [INFO] Resetting benchmark to everything for idx 0
2023-12-12 16:47:45,164 [INFO] Compiling and running for idx 0
2023-12-12 16:54:38,559 [INFO] Calculating loss for idx 0

2023-12-12 16:54:41,248 [INFO] 
               fix_nofl flo_nofl                              e_perc                                e_abs     fix_t     flt_t                         speedup
correlation           0        0       1.194385528564461457949895475      0.01194385528564461558680555556  0.008295  0.010953   1.320433996383363471971066908
covariance            0        0   0.0001481311655862873288252545117     0.002076789008244972704861111111  0.007784  0.010458   1.343525179856115107913669065
2mm                   0        0    0.002116203505084219250051580296       0.1438640358449807895808080808  0.015225  0.017140   1.125779967159277504105090312
3mm                   0        0      0.1607428143865255962080035148        1.172867386937267929232804233  0.013599  0.025440   1.870725788660930950805206265
atax                  0        0    0.001245307518139623818345421377      0.03266340436183471048780487805  0.000279  0.000347   1.243727598566308243727598566
bicg                  0        0  0.00004759444696888559227595466863              0.000047051263120545625  0.000241  0.000529   2.195020746887966804979253112
doitgen               0        0  0.00001518226308628690546534849225  0.000002021210889111604166666666667  0.005832  0.007184   1.231824417009602194787379973
mvt                   0        0  0.00004734201893050139907084194797               0.00004664236306823225  0.000204  0.000430   2.107843137254901960784313725
gemm                  0        0  0.00001479771693590298682699517632   0.00001244721276953818181818181818  0.007620  0.003916  0.5139107611548556430446194226
gemver                0        0  0.00003027313379544594871299482309               0.00191701929193391475  0.000745  0.000488  0.6550335570469798657718120805
gesummv               0        0  0.00004861237071837252610943306509                0.0000806915283183144  0.000126  0.000232   1.841269841269841269841269841
symm                  0        0   0.0007963238953248391125850552133    0.0001487045288080912958333333333  0.009342  0.008992  0.9625347891243845001070434596
syr2k                 0        0  0.00001699802890578776291817536193   0.00001223600474022919097222222222  0.011649  0.007248  0.6221993304146278650527942313
syrk                  0        0    0.008908022082727790005679672968     0.003215815621837633934027777778  0.006201  0.003130  0.5047572972101273988066440897
trmm                  0        0   0.0001165630935028292699829867013            0.00004396649698377393125  0.006203  0.006488   1.045945510236982105432855070
cholesky              0        0   0.0008462985893928526759173484168  0.000005670095025417226932668329177  0.007380  0.010456   1.416802168021680216802168022
durbin                0        0      -25.16409692019274273840881420               0.00062922264855964425  0.000151  0.000142  0.9403973509933774834437086093
gramschmidt           0        0       8.481730959763505411538193444       0.2667616760502377581136363636  0.009266  0.012006   1.295704726958774012518886251
lu                    0        0    0.002061708849909160448173884941               0.00001379618248277339  0.019610  0.020621   1.051555328913819479857215706
ludcmp                0        0      0.2520458220045806715679653536               0.00002521245863239575  0.018559  0.018761   1.010884207123228622231801282
trisolv               0        0   0.0007163980422090239072829048338               0.00000225930572684625  0.000117  0.000093  0.7948717948717948717948717949
deriche               0        0  0.00003496357273198525772562378705     6.531283331761574074074074074E-9  0.014958  0.006229  0.4164326781655301510897178767
floyd-warshall        0        0                                   0                                    0  0.090690  0.114908   1.267041570184143786525526519
nussinov              0        0                                   0                                    0  0.015011  0.012178  0.8112717340616880953967090800
adi                   0        0     0.07478138527832312320764620720              0.000747813852783233995  0.140485  0.058790  0.4184788411574189415240061216
fdtd-2d               0        0  0.00004704790130159278723838813586   0.00001697663885679788055555555556  0.007554  0.008839   1.170108551760656605771776542
heat-3d               0        0                                   0                                0E-16  0.009558  0.011503   1.203494454906884285415358862
jacobi-1d             0        0  0.00007857036815572305723013131653                     3.95077510528E-7  0.000077  0.000034  0.4415584415584415584415584416
jacobi-2d             0        0   0.0001428396627244173423026414782             0.0000900335637676545744  0.011516  0.008036  0.6978117401875651267801319903
seidel-2d             0        0   0.0001020126506449179568796360769           0.000102525901793475199375  0.051571  0.089748   1.740280390141746330301913866
2023-12-12 16:54:41,251 [INFO] Mean performance gains: 1.1087075471878052
2023-12-12 16:54:41,254 [INFO] Modifying components ['CAST_FIX_DOUBLE' 'REM_FIX' 'SUB_DOUBLE' 'CAST_DOUBLE_FIX'
 'CAST_FLOAT_DOUBLE' 'CAST_FIX_FLOAT'] with modifications [('CAST_FIX_DOUBLE', 0.8579804978263305), ('REM_FIX', 1.1120112803984534), ('SUB_DOUBLE', 1.4283016297907105), ('CAST_DOUBLE_FIX', 1.047670311459029), ('CAST_FLOAT_DOUBLE', 1.0255817597863017), ('CAST_FIX_FLOAT', 1.4492731172715478)]
2023-12-12 16:54:41,272 [INFO] Compiling and running for idx 1
2023-12-12 17:01:25,406 [INFO] Calculating loss for idx 1

2023-12-12 17:01:28,150 [INFO] 
               fix_nofl flo_nofl                              e_perc                                e_abs     fix_t     flt_t                         speedup
correlation           0        0       1.194385528564461457949895475      0.01194385528564461558680555556  0.007782  0.011682   1.501156515034695451040863531
covariance            0        0   0.0001481311655862873288252545117     0.002076789008244972704861111111  0.006514  0.011090   1.702486951182069389008289837
2mm                   0        0    0.002116203505084219250051580296       0.1438640358449807895808080808  0.014618  0.017393   1.189834450677247229443152278
3mm                   0        0      0.1607428143865255962080035148        1.172867386937267929232804233  0.017232  0.026046   1.511490250696378830083565460
atax                  0        0    0.001245307518139623818345421377      0.03266340436183471048780487805  0.000240  0.000343   1.429166666666666666666666667
bicg                  0        0  0.00004759444696888559227595466863              0.000047051263120545625  0.000360  0.000611   1.697222222222222222222222222
doitgen               0        0  0.00001518226308628690546534849225  0.000002021210889111604166666666667  0.005469  0.007001   1.280124337173157798500639971
mvt                   0        0  0.00004734201893050139907084194797               0.00004664236306823225  0.000205  0.000403   1.965853658536585365853658537
gemm                  0        0  0.00001479771693590298682699517632   0.00001244721276953818181818181818  0.009857  0.003836  0.3891650603631936694734706300
gemver                0        0  0.00003027313379544594871299482309               0.00191701929193391475  0.000546  0.000655   1.199633699633699633699633700
gesummv               0        0  0.00004861237071837252610943306509                0.0000806915283183144  0.000160  0.000243                         1.51875
symm                  0        0   0.0007963238953248391125850552133    0.0001487045288080912958333333333  0.009543  0.010097   1.058053023158335953054594991
syr2k                 0        0  0.00001699802890578776291817536193   0.00001223600474022919097222222222  0.015820  0.005004  0.3163084702907711757269279393
syrk                  0        0    0.008908022082727790005679672968     0.003215815621837633934027777778  0.007462  0.003142  0.4210667381399088716161886894
trmm                  0        0   0.0001165630935028292699829867013            0.00004396649698377393125  0.006350  0.006651   1.047401574803149606299212598
cholesky              0        0   0.0008462985893928526759173484168  0.000005670095025417226932668329177  0.007713  0.010339   1.340464151432646181771035913
durbin                0        0      -25.16409692019274273840881420               0.00062922264855964425  0.000195  0.000194  0.9948717948717948717948717949
gramschmidt           0        0       8.481730959763505411538193444       0.2667616760502377581136363636  0.012795  0.015162   1.184994138335287221570926143
lu                    0        0    0.002061708849909160448173884941               0.00001379618248277339  0.020914  0.021760   1.040451372286506646265659367
ludcmp                0        0      0.2520458220045806715679653536               0.00002521245863239575  0.018743  0.019169   1.022728485301179106866563517
trisolv               0        0   0.0007163980422090239072829048338               0.00000225930572684625  0.000127  0.000093  0.7322834645669291338582677165
deriche               0        0  0.00003496357273198525772562378705     6.531283331761574074074074074E-9  0.014822  0.008232  0.5553906355417622453110241533
floyd-warshall        0        0                                   0                                    0  0.092773  0.116246   1.253015424746424067347180753
nussinov              0        0                                   0                                    0  0.012163  0.015277   1.256022362903888843213023103
adi                   0        0     0.07478138527832312320764620720              0.000747813852783233995  0.136855  0.060816  0.4443827408571115414124438274
fdtd-2d               0        0  0.00004704790130159278723838813586   0.00001697663885679788055555555556  0.007666  0.008644   1.127576310983563788155491782
heat-3d               0        0                                   0                                0E-16  0.009575  0.011235   1.173368146214099216710182768
jacobi-1d             0        0  0.00007857036815572305723013131653                     3.95077510528E-7  0.000053  0.000040  0.7547169811320754716981132075
jacobi-2d             0        0   0.0001428396627244173423026414782             0.0000900335637676545744  0.008475  0.006022  0.7105604719764011799410029499
seidel-2d             0        0   0.0001020126506449179568796360769           0.000102525901793475199375  0.050948  0.084773   1.663912224228625264976054016
2023-12-12 17:01:28,153 [INFO] Mean performance gains: 1.116081714630127
2023-12-12 17:01:28,155 [INFO] 
loss: 0.21086028218269348, prev_loss: 0.15898564457893372

2023-12-12 17:01:28,172 [INFO] Current jump probability: 0.7238263034820557
2023-12-12 17:01:28,172 [INFO] Loss increased from 0.15898564457893372 to 0.21086028218269348. Removing components ['CAST_FIX_DOUBLE' 'REM_FIX' 'SUB_DOUBLE' 'CAST_DOUBLE_FIX'
 'CAST_FLOAT_DOUBLE' 'CAST_FIX_FLOAT'] and reversing modifications.
2023-12-12 17:01:28,193 [INFO] Modifying components ['CAST_DOUBLE_FIX' 'SUB_FLOAT' 'CAST_FLOAT_FIX' 'MUL_FIX' 'CAST_FIX_FLOAT'
 'MUL_FLOAT' 'REM_FLOAT' 'MUL_DOUBLE' 'CAST_FIX_DOUBLE'
 'CAST_DOUBLE_FLOAT'] with modifications [('CAST_DOUBLE_FIX', 0.9295959028488064), ('SUB_FLOAT', 1.2387505640686047), ('CAST_FLOAT_FIX', 1.3621879496649254), ('MUL_FIX', 0.6819062433123447), ('CAST_FIX_FLOAT', 1.2917867625503496), ('MUL_FLOAT', 1.4907175666628047), ('REM_FLOAT', 1.290137877426969), ('MUL_DOUBLE', 0.900369513682999), ('CAST_FIX_DOUBLE', 1.3243992998957927), ('CAST_DOUBLE_FLOAT', 0.7526877409653727)]
2023-12-12 17:01:28,210 [INFO] Compiling and running for idx 2
2023-12-12 17:06:14,551 [INFO] Calculating loss for idx 2

2023-12-12 17:06:17,372 [INFO] 
               fix_nofl flo_nofl                              e_perc                                e_abs     fix_t     flt_t                         speedup
correlation           0        0       1.194385528564461457949895475      0.01194385528564461558680555556  0.008296  0.011414   1.375843780135004821600771456
covariance            0        0   0.0001481311655862873288252545117     0.002076789008244972704861111111  0.008061  0.010935   1.356531447711202084108671381
2mm                   0        0    0.002116203505084219250051580296       0.1438640358449807895808080808  0.014644  0.017619   1.203154875717017208413001912
3mm                   0        0      0.1607428143865255962080035148        1.172867386937267929232804233  0.016926  0.026073   1.540411201701524282169443460
atax                  0        0    0.001245307518139623818345421377      0.03266340436183471048780487805  0.000235  0.000320   1.361702127659574468085106383
bicg                  0        0  0.00004759444696888559227595466863              0.000047051263120545625  0.000322  0.000424   1.316770186335403726708074534
doitgen               0        0  0.00001518226308628690546534849225  0.000002021210889111604166666666667  0.006336  0.007175   1.132417929292929292929292929
mvt                   0        0  0.00004734201893050139907084194797               0.00004664236306823225  0.000350  0.000513   1.465714285714285714285714286
gemm                  0        0  0.00001479771693590298682699517632   0.00001244721276953818181818181818  0.009671  0.003930  0.4063695584737876124495915624
gemver                0        0  0.00003027313379544594871299482309               0.00191701929193391475  0.000767  0.000620  0.8083441981747066492829204694
gesummv               0        0  0.00004861237071837252610943306509                0.0000806915283183144  0.000128  0.000211                       1.6484375
symm                  0        0   0.0007963238953248391125850552133    0.0001487045288080912958333333333  0.009293  0.008084  0.8699020768320241041644248359
syr2k                 0        0  0.00001699802890578776291817536193   0.00001223600474022919097222222222  0.009272  0.006306  0.6801121656600517687661777394
syrk                  0        0    0.008908022082727790005679672968     0.003215815621837633934027777778  0.007271  0.003616  0.4973181130518498143309035896
trmm                  0        0   0.0001165630935028292699829867013            0.00004396649698377393125  0.004496  0.004570   1.016459074733096085409252669
cholesky              0        0   0.0008462985893928526759173484168  0.000005670095025417226932668329177  0.007555  0.010701   1.416412971542025148908007942
durbin                0        0      -25.16409692019274273840881420               0.00062922264855964425  0.000114  0.000121   1.061403508771929824561403509
gramschmidt           0        0       8.481730959763505411538193444       0.2667616760502377581136363636  0.009482  0.011893   1.254271250790972368698586796
lu                    0        0    0.002061708849909160448173884941               0.00001379618248277339  0.035588  0.057563   1.617483421377992581769135664
ludcmp                0        0      0.2520458220045806715679653536               0.00002521245863239575  0.018224  0.019247   1.056134767339771729587357331
trisolv               0        0   0.0007163980422090239072829048338               0.00000225930572684625  0.000080  0.000095                          1.1875
deriche               0        0  0.00003496357273198525772562378705     6.531283331761574074074074074E-9  0.011789  0.005782  0.4904572058698787004835015693
floyd-warshall        0        0                                   0                                    0  0.175479  0.225821   1.286883330768923916821955904
nussinov              0        0                                   0                                    0  0.014905  0.012227  0.8203287487420328748742032875
adi                   0        0     0.07478138527832312320764620720              0.000747813852783233995  0.353434  0.114899  0.3250932281557518518308934624
fdtd-2d               0        0  0.00004704790130159278723838813586   0.00001697663885679788055555555556  0.014996  0.018506   1.234062416644438516937850093
heat-3d               0        0                                   0                                0E-16  0.013926  0.020090   1.442625305184546890708028149
jacobi-1d             0        0  0.00007857036815572305723013131653                     3.95077510528E-7  0.000060  0.000035  0.5833333333333333333333333333
jacobi-2d             0        0   0.0001428396627244173423026414782             0.0000900335637676545744  0.008853  0.006398  0.7226928724726081554275386875
seidel-2d             0        0   0.0001020126506449179568796360769           0.000102525901793475199375  0.052186  0.086546   1.658414134058943011535660905
2023-12-12 17:06:17,375 [INFO] Mean performance gains: 1.0945528745651245
2023-12-12 17:06:17,382 [INFO] 
loss: 0.1758996993303299, prev_loss: 0.15898564457893372

2023-12-12 17:06:17,404 [INFO] Current jump probability: 0.8496120633184909
2023-12-12 17:06:17,404 [INFO] Loss increased from 0.15898564457893372 to 0.1758996993303299. Jumping to search new minima.
2023-12-12 17:06:17,421 [INFO] Modifying components ['REM_DOUBLE' 'REM_FLOAT' 'CAST_FIX_FIX' 'CAST_FLOAT_FIX' 'REM_FIX'
 'CAST_FLOAT_DOUBLE' 'CAST_FIX_FLOAT' 'ADD_DOUBLE' 'CAST_FIX_DOUBLE'
 'CAST_DOUBLE_FIX'] with modifications [('REM_DOUBLE', 0.7519447589128074), ('REM_FLOAT', 1.0117129325536323), ('CAST_FIX_FIX', 1.2453332610398928), ('CAST_FLOAT_FIX', 1.0118156673919319), ('REM_FIX', 0.7082939157573785), ('CAST_FLOAT_DOUBLE', 1.113246695527197), ('CAST_FIX_FLOAT', 1.2198286468795874), ('ADD_DOUBLE', 1.0957406033079984), ('CAST_FIX_DOUBLE', 1.4538289263888484), ('CAST_DOUBLE_FIX', 1.1554622581216878)]
2023-12-12 17:06:17,445 [INFO] Compiling and running for idx 3
2023-12-12 17:08:03,314 [INFO] Calculating loss for idx 3

