2023-12-12 13:35:09,782 [INFO] Started logging at 20231212-133509
2023-12-12 13:35:09,784 [INFO] Setting seed to 1
2023-12-12 13:35:09,784 [INFO] Hyperparameters: 
num_components_min: 1
num_components_max: 20
range_low: 0.666666
range_high: 1.5
prob_jump: 1.0
no_jump_threshold: 5.0

2023-12-12 13:35:09,796 [INFO] Benchmarking for 50 indices
2023-12-12 13:35:09,796 [INFO] Compiling and running for idx 0
2023-12-12 13:37:21,425 [INFO] Calculating loss for idx 0

2023-12-12 13:37:22,368 [INFO] 
          fix_nofl flo_nofl                              e_perc                               e_abs     fix_t     flt_t                         speedup
gemm             0        0  0.00001479771693590298682699517632  0.00001244721276953818181818181818  0.008153  0.004870  0.5973261376180547037900159451
syr2k            0        0  0.00001699802890578776291817536193  0.00001223600474022919097222222222  0.009938  0.005864  0.5900583618434292614208090159
syrk             0        0    0.008908022082727790005679672968    0.003215815621837633934027777778  0.004851  0.005303   1.093176664605236033807462379
deriche          0        0  0.00003496357273198525772562378705    6.531283331761574074074074074E-9  0.029011  0.007042  0.2427355141153355623728930406
adi              0        0     0.07478138527832312320764620720             0.000747813852783233995  0.290440  0.127985  0.4406590001377220768489188817
heat-3d          0        0                                   0                               0E-16  0.024095  0.026725   1.109151276198381406930898527
jacobi-1d        0        0  0.00007857036815572305723013131653                    3.95077510528E-7  0.000046  0.000020  0.4347826086956521739130434783
2023-12-12 13:37:22,370 [INFO] Mean performance gains: 0.6439842581748962
2023-12-12 13:37:22,375 [INFO] Modifying components ['CAST_FIX_DOUBLE' 'REM_FIX' 'SUB_DOUBLE' 'CAST_DOUBLE_FIX'
 'CAST_FLOAT_DOUBLE' 'CAST_FIX_FLOAT'] with modifications [('CAST_FIX_DOUBLE', 0.8579804978263305), ('REM_FIX', 1.1120112803984534), ('SUB_DOUBLE', 1.4283016297907105), ('CAST_DOUBLE_FIX', 1.047670311459029), ('CAST_FLOAT_DOUBLE', 1.0255817597863017), ('CAST_FIX_FLOAT', 1.4492731172715478)]
2023-12-12 13:37:22,400 [INFO] Compiling and running for idx 1
2023-12-12 13:39:16,500 [INFO] Calculating loss for idx 1

2023-12-12 13:39:17,506 [INFO] 
          fix_nofl flo_nofl                              e_perc                               e_abs     fix_t     flt_t                         speedup
gemm             0        0  0.00001479771693590298682699517632  0.00001244721276953818181818181818  0.013091  0.002660  0.2031930333817126269956458636
syr2k            0        0  0.00001699802890578776291817536193  0.00001223600474022919097222222222  0.028576  0.038839   1.359147536394176931690929451
syrk             0        0    0.008908022082727790005679672968    0.003215815621837633934027777778  0.009934  0.002207  0.2221662975639218844372860882
deriche          0        0  0.00003496357273198525772562378705    6.531283331761574074074074074E-9  0.012820  0.010178  0.7939157566302652106084243370
adi              0        0     0.07478138527832312320764620720             0.000747813852783233995  0.163247  0.115053  0.7047786483059413036686738501
heat-3d          0        0                                   0                               0E-16  0.024662  0.012236  0.4961479198767334360554699538
jacobi-1d        0        0  0.00007857036815572305723013131653                    3.95077510528E-7  0.000052  0.000020  0.3846153846153846153846153846
2023-12-12 13:39:17,508 [INFO] Mean performance gains: 0.5948520302772522
2023-12-12 13:39:17,511 [INFO] 
loss: 0.2860168388911656, prev_loss: 0.2194258315222604

2023-12-12 13:39:17,511 [INFO] Current jump probability: 0.6686607049377244
2023-12-12 13:39:17,511 [INFO] Loss increased from 0.2194258315222604 to 0.2860168388911656. Removing components ['CAST_FIX_DOUBLE' 'REM_FIX' 'SUB_DOUBLE' 'CAST_DOUBLE_FIX'
 'CAST_FLOAT_DOUBLE' 'CAST_FIX_FLOAT'] and reversing modifications.
2023-12-12 13:39:17,529 [INFO] Modifying components ['CAST_DOUBLE_FIX' 'SUB_FLOAT' 'CAST_FLOAT_FIX' 'MUL_FIX' 'CAST_FIX_FLOAT'
 'MUL_FLOAT' 'REM_FLOAT' 'MUL_DOUBLE' 'CAST_FIX_DOUBLE'
 'CAST_DOUBLE_FLOAT'] with modifications [('CAST_DOUBLE_FIX', 0.9295959028488064), ('SUB_FLOAT', 1.2387505640686047), ('CAST_FLOAT_FIX', 1.3621879496649254), ('MUL_FIX', 0.6819062433123447), ('CAST_FIX_FLOAT', 1.2917867625503496), ('MUL_FLOAT', 1.4907175666628047), ('REM_FLOAT', 1.290137877426969), ('MUL_DOUBLE', 0.900369513682999), ('CAST_FIX_DOUBLE', 1.3243992998957927), ('CAST_DOUBLE_FLOAT', 0.7526877409653727)]
2023-12-12 13:39:17,553 [INFO] Compiling and running for idx 2
2023-12-12 13:41:11,809 [INFO] Calculating loss for idx 2

2023-12-12 13:41:13,269 [INFO] 
          fix_nofl flo_nofl                              e_perc                               e_abs     fix_t     flt_t                         speedup
gemm             0        0  0.00001479771693590298682699517632  0.00001244721276953818181818181818  0.014867  0.008502  0.5718705858613035582161834936
syr2k            0        0  0.00001699802890578776291817536193  0.00001223600474022919097222222222  0.008958  0.009886   1.103594552355436481357445858
syrk             0        0    0.008908022082727790005679672968    0.003215815621837633934027777778  0.005578  0.002609  0.4677303693079956973825743994
deriche          0        0  0.00003496357273198525772562378705    6.531283331761574074074074074E-9  0.026546  0.006852  0.2581179838770436223913207263
adi              0        0     0.07478138527832312320764620720             0.000747813852783233995  0.180942  0.082590  0.4564446065590078588719037039
heat-3d          0        0                                   0                               0E-16  0.010388  0.012849   1.236907970735463996919522526
jacobi-1d        0        0  0.00007857036815572305723013131653                    3.95077510528E-7  0.000069  0.000021  0.3043478260869565217391304348
2023-12-12 13:41:13,271 [INFO] Mean performance gains: 0.6284305453300476
2023-12-12 13:41:13,274 [INFO] 
loss: 0.2566255841936384, prev_loss: 0.2194258315222604

2023-12-12 13:41:13,275 [INFO] Current jump probability: 0.7806396946589768
2023-12-12 13:41:13,275 [INFO] Loss increased from 0.2194258315222604 to 0.2566255841936384. Jumping to search new minima.
2023-12-12 13:41:13,291 [INFO] Modifying components ['REM_DOUBLE' 'REM_FLOAT' 'CAST_FIX_FIX' 'CAST_FLOAT_FIX' 'REM_FIX'
 'CAST_FLOAT_DOUBLE' 'CAST_FIX_FLOAT' 'ADD_DOUBLE' 'CAST_FIX_DOUBLE'
 'CAST_DOUBLE_FIX'] with modifications [('REM_DOUBLE', 0.7519447589128074), ('REM_FLOAT', 1.0117129325536323), ('CAST_FIX_FIX', 1.2453332610398928), ('CAST_FLOAT_FIX', 1.0118156673919319), ('REM_FIX', 0.7082939157573785), ('CAST_FLOAT_DOUBLE', 1.113246695527197), ('CAST_FIX_FLOAT', 1.2198286468795874), ('ADD_DOUBLE', 1.0957406033079984), ('CAST_FIX_DOUBLE', 1.4538289263888484), ('CAST_DOUBLE_FIX', 1.1554622581216878)]
2023-12-12 13:41:13,319 [INFO] Compiling and running for idx 3
2023-12-12 13:43:26,833 [INFO] Calculating loss for idx 3

