2023-12-12 13:16:36,454 [INFO] Started logging at 20231212-131636
2023-12-12 13:16:36,456 [INFO] Setting seed to 1
2023-12-12 13:16:36,456 [INFO] Hyperparameters: 
num_components_min: 1
num_components_max: 20
range_low: 0.666666
range_high: 1.5
prob_jump: 0.5
no_jump_threshold: 1.0

2023-12-12 13:16:36,476 [INFO] Benchmarking for 50 indices
2023-12-12 13:16:36,476 [INFO] Compiling and running for idx 0
2023-12-12 13:18:43,546 [INFO] Calculating loss for idx 0

2023-12-12 13:18:48,869 [INFO] 
               fix_nofl flo_nofl                              e_perc                                e_abs     fix_t     flt_t                         speedup
correlation           0        0       1.194385528564461457949895475      0.01194385528564461558680555556  0.011711  0.022257   1.900520877807189821535308684
covariance            0        0   0.0001481311655862873288252545117     0.002076789008244972704861111111  0.024584  0.020314  0.8263097949886104783599088838
2mm                   0        0    0.002116203505084219250051580296       0.1438640358449807895808080808  0.030037  0.027592  0.9186003928488197889269900456
3mm                   0        0      0.1607428143865255962080035148        1.172867386937267929232804233  0.024837  0.046710   1.880661915690300760961468776
atax                  0        0    0.001245307518139623818345421377      0.03266340436183471048780487805  0.000233  0.000227  0.9742489270386266094420600858
bicg                  0        0  0.00004759444696888559227595466863              0.000047051263120545625  0.000233  0.000387   1.660944206008583690987124464
doitgen               0        0  0.00001518226308628690546534849225  0.000002021210889111604166666666667  0.014075  0.028364   2.015204262877442273534635879
mvt                   0        0  0.00004734201893050139907084194797               0.00004664236306823225  0.000244  0.000414   1.696721311475409836065573770
gemm                  0        0  0.00001479771693590298682699517632   0.00001244721276953818181818181818  0.015306  0.007178  0.4689664183980138507774728864
gesummv               0        0  0.00004861237071837252610943306509                0.0000806915283183144  0.000117  0.000155   1.324786324786324786324786325
symm                  0        0   0.0007963238953248391125850552133    0.0001487045288080912958333333333  0.012408  0.008170  0.6584461637653127014829142489
syr2k                 0        0  0.00001699802890578776291817536193   0.00001223600474022919097222222222  0.016958  0.006941  0.4093053426111569760584974643
syrk                  0        0    0.008908022082727790005679672968     0.003215815621837633934027777778  0.005735  0.002206  0.3846556233653007846556233653
trmm                  0        0   0.0001165630935028292699829867013            0.00004396649698377393125  0.005885  0.005352  0.9094307561597281223449447749
cholesky              0        0   0.0008462985893928526759173484168  0.000005670095025417226932668329177  0.023022  0.020283  0.8810268438884545217617930675
durbin                0        0      -25.16409692019274273840881420               0.00062922264855964425  0.000141  0.000142   1.007092198581560283687943262
gramschmidt           0        0       8.481730959763505411538193444       0.2667616760502377581136363636  0.034468  0.028692  0.8324242775908088661947313450
lu                    0        0    0.002061708849909160448173884941               0.00001379618248277339  0.043761  0.047758   1.091337035259706131029912479
ludcmp                0        0      0.2520458220045806715679653536               0.00002521245863239575  0.037439  0.041086   1.097411789844814231149336254
trisolv               0        0   0.0007163980422090239072829048338               0.00000225930572684625  0.000095  0.000123   1.294736842105263157894736842
deriche               0        0  0.00003496357273198525772562378705     6.531283331761574074074074074E-9  0.012975  0.014807   1.141194605009633911368015414
floyd-warshall        0        0                                   0                                    0  0.092145  0.165224   1.793086982473275815291117261
nussinov              0        0                                   0                                    0  0.013558  0.017829   1.315016964154005015489010178
adi                   0        0     0.07478138527832312320764620720              0.000747813852783233995  0.148541  0.063046  0.4244350044768784376030860167
fdtd-2d               0        0  0.00004704790130159278723838813586   0.00001697663885679788055555555556  0.023369  0.026978   1.154435363087851427104283452
heat-3d               0        0                                   0                                0E-16  0.019020  0.039303   2.066403785488958990536277603
jacobi-1d             0        0  0.00007857036815572305723013131653                     3.95077510528E-7  0.000045  0.000021  0.4666666666666666666666666667
jacobi-2d             0        0   0.0001428396627244173423026414782             0.0000900335637676545744  0.020025  0.016508  0.8243695380774032459425717853
seidel-2d             0        0   0.0001020126506449179568796360769           0.000102525901793475199375  0.114605  0.194982   1.701339383098468653200122159
2023-12-12 13:18:48,872 [INFO] Mean performance gains: 1.142061471939087
2023-12-12 13:18:48,872 [INFO] Modifying components ['CAST_FIX_DOUBLE' 'REM_FIX' 'SUB_DOUBLE' 'CAST_DOUBLE_FIX'
 'CAST_FLOAT_DOUBLE' 'CAST_FIX_FLOAT'] with modifications [('CAST_FIX_DOUBLE', 0.8579804978263305), ('REM_FIX', 1.1120112803984534), ('SUB_DOUBLE', 1.4283016297907105), ('CAST_DOUBLE_FIX', 1.047670311459029), ('CAST_FLOAT_DOUBLE', 1.0255817597863017), ('CAST_FIX_FLOAT', 1.4492731172715478)]
2023-12-12 13:18:48,888 [INFO] Compiling and running for idx 1
2023-12-12 13:20:40,528 [INFO] Calculating loss for idx 1

2023-12-12 13:20:41,943 [INFO] 
            fix_nofl flo_nofl                              e_perc                               e_abs     fix_t     flt_t                         speedup
correlation        0        0       1.194385528564461457949895475     0.01194385528564461558680555556  0.008516  0.010271   1.206082667919210897134805073
3mm                0        0      0.1607428143865255962080035148       1.172867386937267929232804233  0.015237  0.038908   2.553521034324342062085712411
gemm               0        0  0.00001479771693590298682699517632  0.00001244721276953818181818181818  0.008331  0.005318  0.6383387348457568119073340535
syr2k              0        0  0.00001699802890578776291817536193  0.00001223600474022919097222222222  0.011347  0.009283  0.8181017008901031109544372962
syrk               0        0    0.008908022082727790005679672968    0.003215815621837633934027777778  0.004427  0.008510   1.922295007906031172351479557
nussinov           0        0                                   0                                   0  0.014250  0.020672   1.450666666666666666666666667
adi                0        0     0.07478138527832312320764620720             0.000747813852783233995  0.148613  0.067522  0.4543478699709984994583246419
jacobi-1d          0        0  0.00007857036815572305723013131653                    3.95077510528E-7  0.000048  0.000021                          0.4375
jacobi-2d          0        0   0.0001428396627244173423026414782            0.0000900335637676545744  0.011949  0.007125  0.5962842078835048958071805172
seidel-2d          0        0   0.0001020126506449179568796360769          0.000102525901793475199375  0.054456  0.109821   2.016692375495813133539003967
2023-12-12 13:20:41,945 [INFO] Mean performance gains: 1.2093830108642578
2023-12-12 13:20:41,946 [INFO] 
loss: 0.09410148113965988, prev_loss: 0.06416160613298416

2023-12-12 13:20:41,946 [INFO] Current jump probability: 0.2560165214538574
2023-12-12 13:20:41,946 [INFO] Loss increased from 0.06416160613298416 to 0.09410148113965988. Removing components ['CAST_FIX_DOUBLE' 'REM_FIX' 'SUB_DOUBLE' 'CAST_DOUBLE_FIX'
 'CAST_FLOAT_DOUBLE' 'CAST_FIX_FLOAT'] and reversing modifications.
2023-12-12 13:20:41,964 [INFO] Modifying components ['CAST_DOUBLE_FIX' 'SUB_FLOAT' 'CAST_FLOAT_FIX' 'MUL_FIX' 'CAST_FIX_FLOAT'
 'MUL_FLOAT' 'REM_FLOAT' 'MUL_DOUBLE' 'CAST_FIX_DOUBLE'
 'CAST_DOUBLE_FLOAT'] with modifications [('CAST_DOUBLE_FIX', 0.9295959028488064), ('SUB_FLOAT', 1.2387505640686047), ('CAST_FLOAT_FIX', 1.3621879496649254), ('MUL_FIX', 0.6819062433123447), ('CAST_FIX_FLOAT', 1.2917867625503496), ('MUL_FLOAT', 1.4907175666628047), ('REM_FLOAT', 1.290137877426969), ('MUL_DOUBLE', 0.900369513682999), ('CAST_FIX_DOUBLE', 1.3243992998957927), ('CAST_DOUBLE_FLOAT', 0.7526877409653727)]
2023-12-12 13:20:41,986 [INFO] Compiling and running for idx 2
2023-12-12 13:21:27,033 [INFO] Calculating loss for idx 2

2023-12-12 13:21:28,435 [INFO] 
            fix_nofl flo_nofl                              e_perc                               e_abs     fix_t     flt_t                         speedup
correlation        0        0       1.194385528564461457949895475     0.01194385528564461558680555556  0.014653  0.022906   1.563229372824677540435405719
3mm                0        0      0.1607428143865255962080035148       1.172867386937267929232804233  0.015021  0.050921   3.389987351041874708741095799
gemm               0        0  0.00001479771693590298682699517632  0.00001244721276953818181818181818  0.008360  0.003033  0.3627990430622009569377990431
syr2k              0        0  0.00001699802890578776291817536193  0.00001223600474022919097222222222  0.009467  0.005719  0.6040984472377733178409210943
syrk               0        0    0.008908022082727790005679672968    0.003215815621837633934027777778  0.007766  0.002103  0.2707957764614988411022405357
nussinov           0        0                                   0                                   0  0.013311  0.014911   1.120201337239876793629329126
adi                0        0     0.07478138527832312320764620720             0.000747813852783233995  0.147919  0.075918  0.5132403545183512598111128388
jacobi-1d          0        0  0.00007857036815572305723013131653                    3.95077510528E-7  0.000046  0.000035  0.7608695652173913043478260870
jacobi-2d          0        0   0.0001428396627244173423026414782            0.0000900335637676545744  0.009735  0.006529  0.6706728299948638931689779147
seidel-2d          0        0   0.0001020126506449179568796360769          0.000102525901793475199375  0.056277  0.103491   1.838957300495762034223572685
2023-12-12 13:21:28,438 [INFO] Mean performance gains: 1.1094850301742554
2023-12-12 13:21:28,440 [INFO] 
loss: 0.14970766007900238, prev_loss: 0.06416160613298416

2023-12-12 13:21:28,440 [INFO] Current jump probability: 0
2023-12-12 13:21:28,440 [INFO] Loss increased from 0.06416160613298416 to 0.14970766007900238. Removing components ['CAST_DOUBLE_FIX' 'SUB_FLOAT' 'CAST_FLOAT_FIX' 'MUL_FIX' 'CAST_FIX_FLOAT'
 'MUL_FLOAT' 'REM_FLOAT' 'MUL_DOUBLE' 'CAST_FIX_DOUBLE'
 'CAST_DOUBLE_FLOAT'] and reversing modifications.
2023-12-12 13:21:28,462 [INFO] Modifying components ['REM_DOUBLE' 'REM_FLOAT' 'CAST_FIX_FIX' 'CAST_FLOAT_FIX' 'REM_FIX'
 'CAST_FLOAT_DOUBLE' 'CAST_FIX_FLOAT' 'ADD_DOUBLE' 'CAST_FIX_DOUBLE'
 'CAST_DOUBLE_FIX'] with modifications [('REM_DOUBLE', 0.7519447589128074), ('REM_FLOAT', 1.0117129325536323), ('CAST_FIX_FIX', 1.2453332610398928), ('CAST_FLOAT_FIX', 1.0118156673919319), ('REM_FIX', 0.7082939157573785), ('CAST_FLOAT_DOUBLE', 1.113246695527197), ('CAST_FIX_FLOAT', 1.2198286468795874), ('ADD_DOUBLE', 1.0957406033079984), ('CAST_FIX_DOUBLE', 1.4538289263888484), ('CAST_DOUBLE_FIX', 1.1554622581216878)]
2023-12-12 13:21:28,483 [INFO] Compiling and running for idx 3
2023-12-12 13:22:17,372 [INFO] Calculating loss for idx 3

2023-12-12 13:22:19,706 [INFO] 
            fix_nofl flo_nofl                              e_perc                               e_abs     fix_t     flt_t                         speedup
correlation        0        0       1.194385528564461457949895475     0.01194385528564461558680555556  0.011784  0.024750   2.100305498981670061099796334
3mm                0        0      0.1607428143865255962080035148       1.172867386937267929232804233  0.033569  0.071576   2.132205308469123298281152254
gemm               0        0  0.00001479771693590298682699517632  0.00001244721276953818181818181818  0.017153  0.002636  0.1536757418527371305311024311
syr2k              0        0  0.00001699802890578776291817536193  0.00001223600474022919097222222222  0.023149  0.010171  0.4393710311460538252192319323
syrk               0        0    0.008908022082727790005679672968    0.003215815621837633934027777778  0.009173  0.008194  0.8932737381445546713179984738
nussinov           0        0                                   0                                   0  0.024186  0.021767  0.8999834615066567435706607128
adi                0        0     0.07478138527832312320764620720             0.000747813852783233995  0.302592  0.129093  0.4266239689086294416243654822
jacobi-1d          0        0  0.00007857036815572305723013131653                    3.95077510528E-7  0.000045  0.000021  0.4666666666666666666666666667
jacobi-2d          0        0   0.0001428396627244173423026414782            0.0000900335637676545744  0.020744  0.010854  0.5232356344003085229463941381
seidel-2d          0        0   0.0001020126506449179568796360769          0.000102525901793475199375  0.061413  0.192100   3.128002214514842134401511081
2023-12-12 13:22:19,708 [INFO] Mean performance gains: 1.1163341999053955
2023-12-12 13:22:19,713 [INFO] 
loss: 0.1892472207546234, prev_loss: 0.06416160613298416

2023-12-12 13:22:19,713 [INFO] Current jump probability: 0
2023-12-12 13:22:19,713 [INFO] Loss increased from 0.06416160613298416 to 0.1892472207546234. Removing components ['REM_DOUBLE' 'REM_FLOAT' 'CAST_FIX_FIX' 'CAST_FLOAT_FIX' 'REM_FIX'
 'CAST_FLOAT_DOUBLE' 'CAST_FIX_FLOAT' 'ADD_DOUBLE' 'CAST_FIX_DOUBLE'
 'CAST_DOUBLE_FIX'] and reversing modifications.
2023-12-12 13:22:19,736 [INFO] Modifying components ['MUL_DOUBLE' 'DIV_FLOAT' 'CAST_FIX_FLOAT' 'SUB_DOUBLE' 'ADD_DOUBLE'
 'CAST_DOUBLE_FIX' 'CAST_FLOAT_DOUBLE' 'MUL_FLOAT' 'REM_FIX'] with modifications [('MUL_DOUBLE', 0.9574148509137634), ('DIV_FLOAT', 0.8916060897561162), ('CAST_FIX_FLOAT', 1.4132384457542013), ('SUB_DOUBLE', 1.0234089436202056), ('ADD_DOUBLE', 1.4707000158503527), ('CAST_DOUBLE_FIX', 1.2195343571430386), ('CAST_FLOAT_DOUBLE', 1.1847461813047482), ('MUL_FLOAT', 0.762287720625128), ('REM_FIX', 1.4579076819153984)]
2023-12-12 13:22:19,750 [INFO] Compiling and running for idx 4
2023-12-12 13:23:06,090 [INFO] Calculating loss for idx 4

2023-12-12 13:23:08,119 [INFO] 
            fix_nofl flo_nofl                              e_perc                               e_abs     fix_t     flt_t                         speedup
correlation        0        0       1.194385528564461457949895475     0.01194385528564461558680555556  0.007404  0.012204   1.648298217179902755267423015
3mm                0        0      0.1607428143865255962080035148       1.172867386937267929232804233  0.016561  0.041739   2.520318821327214540184771451
gemm               0        0  0.00001479771693590298682699517632  0.00001244721276953818181818181818  0.012972  0.006374  0.4913660191181005242059821153
syr2k              0        0  0.00001699802890578776291817536193  0.00001223600474022919097222222222  0.016648  0.007335  0.4405934646804420951465641519
syrk               0        0    0.008908022082727790005679672968    0.003215815621837633934027777778  0.007866  0.002742  0.3485888634630053394355453852
nussinov           0        0                                   0                                   0  0.035599  0.014572  0.4093373409365431613247563134
adi                0        0     0.07478138527832312320764620720             0.000747813852783233995  0.192475  0.068336  0.3550383166645018833614755163
jacobi-1d          0        0  0.00007857036815572305723013131653                    3.95077510528E-7  0.000079  0.000035  0.4430379746835443037974683544
jacobi-2d          0        0   0.0001428396627244173423026414782            0.0000900335637676545744  0.016399  0.006710  0.4091712909323739252393438624
seidel-2d          0        0   0.0001020126506449179568796360769          0.000102525901793475199375  0.067849  0.122710   1.808574923727689427994517237
2023-12-12 13:23:08,122 [INFO] Mean performance gains: 0.8874325752258301
2023-12-12 13:23:08,122 [INFO] 
loss: 0.2420124113559723, prev_loss: 0.06416160613298416

2023-12-12 13:23:08,123 [INFO] Current jump probability: 0
2023-12-12 13:23:08,123 [INFO] Loss increased from 0.06416160613298416 to 0.2420124113559723. Removing components ['MUL_DOUBLE' 'DIV_FLOAT' 'CAST_FIX_FLOAT' 'SUB_DOUBLE' 'ADD_DOUBLE'
 'CAST_DOUBLE_FIX' 'CAST_FLOAT_DOUBLE' 'MUL_FLOAT' 'REM_FIX'] and reversing modifications.
2023-12-12 13:23:08,142 [INFO] Modifying components ['CAST_FIX_FLOAT'] with modifications [('CAST_FIX_FLOAT', 1.186133178733246)]
2023-12-12 13:23:08,154 [INFO] Compiling and running for idx 5
2023-12-12 13:23:41,960 [INFO] Calculating loss for idx 5

2023-12-12 13:23:43,182 [INFO] 
            fix_nofl flo_nofl                              e_perc                               e_abs     fix_t     flt_t                         speedup
correlation        0        0       1.194385528564461457949895475     0.01194385528564461558680555556  0.008552  0.009099   1.063961646398503274087932647
3mm                0        0      0.1607428143865255962080035148       1.172867386937267929232804233  0.015408  0.026531   1.721897715472481827622014538
gemm               0        0  0.00001479771693590298682699517632  0.00001244721276953818181818181818  0.011307  0.003205  0.2834527283983373131688334660
syr2k              0        0  0.00001699802890578776291817536193  0.00001223600474022919097222222222  0.009567  0.006476  0.6769102121877286505696665621
syrk               0        0    0.008908022082727790005679672968    0.003215815621837633934027777778  0.012631  0.003236  0.2561950756076320164674214235
nussinov           0        0                                   0                                   0  0.034314  0.014952  0.4357405140758873929008567931
adi                0        0     0.07478138527832312320764620720             0.000747813852783233995  0.190670  0.070343  0.3689253684376147270152619709
jacobi-1d          0        0  0.00007857036815572305723013131653                    3.95077510528E-7  0.000099  0.000021  0.2121212121212121212121212121
jacobi-2d          0        0   0.0001428396627244173423026414782            0.0000900335637676545744  0.017138  0.011206  0.6538685961022289648733807912
seidel-2d          0        0   0.0001020126506449179568796360769          0.000102525901793475199375  0.055177  0.106766   1.934972905377240516882034181
2023-12-12 13:23:43,186 [INFO] Mean performance gains: 0.7608045339584351
2023-12-12 13:23:43,187 [INFO] 
loss: 0.26282766461372375, prev_loss: 0.06416160613298416

2023-12-12 13:23:43,187 [INFO] Current jump probability: 0
2023-12-12 13:23:43,191 [INFO] Loss increased from 0.06416160613298416 to 0.26282766461372375. Removing components ['CAST_FIX_FLOAT'] and reversing modifications.
2023-12-12 13:23:43,208 [INFO] Modifying components ['REM_FIX' 'SUB_DOUBLE' 'CAST_DOUBLE_FLOAT' 'ADD_DOUBLE' 'CAST_DOUBLE_FIX'
 'REM_DOUBLE' 'MUL_FLOAT' 'DIV_FIX'] with modifications [('REM_FIX', 1.0915082383434627), ('SUB_DOUBLE', 0.7517787618719826), ('CAST_DOUBLE_FLOAT', 0.9072643863998967), ('ADD_DOUBLE', 0.8597982082734208), ('CAST_DOUBLE_FIX', 1.4730565856546236), ('REM_DOUBLE', 0.898598550721063), ('MUL_FLOAT', 0.8613515917834434), ('DIV_FIX', 0.7429630957691306)]
2023-12-12 13:23:43,227 [INFO] Compiling and running for idx 6
2023-12-12 13:24:14,598 [INFO] Calculating loss for idx 6

2023-12-12 13:24:15,851 [INFO] 
            fix_nofl flo_nofl                              e_perc                               e_abs     fix_t     flt_t                         speedup
correlation        0        0       1.194385528564461457949895475     0.01194385528564461558680555556  0.006147  0.008924   1.451765088661135513258500081
3mm                0        0      0.1607428143865255962080035148       1.172867386937267929232804233  0.014220  0.025202   1.772292545710267229254571027
gemm               0        0  0.00001479771693590298682699517632  0.00001244721276953818181818181818  0.007761  0.002781  0.3583301120989563200618477000
syr2k              0        0  0.00001699802890578776291817536193  0.00001223600474022919097222222222  0.010259  0.006068  0.5914806511355882639633492543
syrk               0        0    0.008908022082727790005679672968    0.003215815621837633934027777778  0.004821  0.002743  0.5689690935490562124040655466
nussinov           0        0                                   0                                   0  0.013220  0.015526   1.174432677760968229954614221
adi                0        0     0.07478138527832312320764620720             0.000747813852783233995  0.152097  0.066914  0.4399429311557755905770659513
jacobi-1d          0        0  0.00007857036815572305723013131653                    3.95077510528E-7  0.000053  0.000038  0.7169811320754716981132075472
jacobi-2d          0        0   0.0001428396627244173423026414782            0.0000900335637676545744  0.010668  0.006753  0.6330146231721034870641169854
seidel-2d          0        0   0.0001020126506449179568796360769          0.000102525901793475199375  0.082694  0.098366   1.189517981957578542578663506
2023-12-12 13:24:15,853 [INFO] Mean performance gains: 0.8896726369857788
2023-12-12 13:24:15,856 [INFO] 
loss: 0.1292857825756073, prev_loss: 0.06416160613298416

2023-12-12 13:24:15,856 [INFO] Current jump probability: 0
2023-12-12 13:24:15,856 [INFO] Loss increased from 0.06416160613298416 to 0.1292857825756073. Removing components ['REM_FIX' 'SUB_DOUBLE' 'CAST_DOUBLE_FLOAT' 'ADD_DOUBLE' 'CAST_DOUBLE_FIX'
 'REM_DOUBLE' 'MUL_FLOAT' 'DIV_FIX'] and reversing modifications.
2023-12-12 13:24:15,879 [INFO] Modifying components ['CAST_DOUBLE_FLOAT' 'DIV_FLOAT' 'DIV_FIX' 'REM_FIX' 'REM_DOUBLE'
 'CAST_FLOAT_DOUBLE' 'CAST_FIX_DOUBLE' 'DIV_DOUBLE' 'MUL_DOUBLE'
 'CAST_DOUBLE_FIX' 'CAST_FLOAT_FIX' 'MUL_FIX' 'SUB_FLOAT' 'ADD_DOUBLE'
 'CAST_FIX_FIX'] with modifications [('CAST_DOUBLE_FLOAT', 0.7677856273462516), ('DIV_FLOAT', 0.7037925951552204), ('DIV_FIX', 0.7562445125844968), ('REM_FIX', 0.854757265979438), ('REM_DOUBLE', 1.2608239589782175), ('CAST_FLOAT_DOUBLE', 1.1330971915231067), ('CAST_FIX_DOUBLE', 0.6771293251699166), ('DIV_DOUBLE', 0.7266446143907588), ('MUL_DOUBLE', 1.4727302531844466), ('CAST_DOUBLE_FIX', 1.140083430333593), ('CAST_FLOAT_FIX', 0.8360771644129819), ('MUL_FIX', 0.8769376220257659), ('SUB_FLOAT', 1.2865213742798134), ('ADD_DOUBLE', 0.829524031210753), ('CAST_FIX_FIX', 1.151132160300333)]
2023-12-12 13:24:15,902 [INFO] Compiling and running for idx 7
2023-12-12 13:24:50,228 [INFO] Calculating loss for idx 7

2023-12-12 13:24:51,705 [INFO] 
            fix_nofl flo_nofl                              e_perc                               e_abs     fix_t     flt_t                         speedup
correlation        0        0       1.194385528564461457949895475     0.01194385528564461558680555556  0.006677  0.008705   1.303729219709450351954470571
3mm                0        0      0.1607428143865255962080035148       1.172867386937267929232804233  0.027296  0.025080  0.9188159437280187573270808910
gemm               0        0  0.00001479771693590298682699517632  0.00001244721276953818181818181818  0.014373  0.004619  0.3213664509844847978849231197
syr2k              0        0  0.00001699802890578776291817536193  0.00001223600474022919097222222222  0.016828  0.006032  0.3584502020442120275730924649
syrk               0        0    0.008908022082727790005679672968    0.003215815621837633934027777778  0.008540  0.003159  0.3699063231850117096018735363
nussinov           0        0                                   0                                   0  0.027172  0.021943  0.8075592521713528632415722067
adi                0        0     0.07478138527832312320764620720             0.000747813852783233995  0.318726  0.128909  0.4044508449263630830242904564
jacobi-1d          0        0  0.00007857036815572305723013131653                    3.95077510528E-7  0.000046  0.000021  0.4565217391304347826086956522
jacobi-2d          0        0   0.0001428396627244173423026414782            0.0000900335637676545744  0.018145  0.015722  0.8664645907963626343345274180
seidel-2d          0        0   0.0001020126506449179568796360769          0.000102525901793475199375  0.103388  0.185663   1.795788679537277053429798429
2023-12-12 13:24:51,707 [INFO] Mean performance gains: 0.7603052854537964
2023-12-12 13:24:51,711 [INFO] 
loss: 0.1980651170015335, prev_loss: 0.06416160613298416

2023-12-12 13:24:51,711 [INFO] Current jump probability: 0
2023-12-12 13:24:51,711 [INFO] Loss increased from 0.06416160613298416 to 0.1980651170015335. Removing components ['CAST_DOUBLE_FLOAT' 'DIV_FLOAT' 'DIV_FIX' 'REM_FIX' 'REM_DOUBLE'
 'CAST_FLOAT_DOUBLE' 'CAST_FIX_DOUBLE' 'DIV_DOUBLE' 'MUL_DOUBLE'
 'CAST_DOUBLE_FIX' 'CAST_FLOAT_FIX' 'MUL_FIX' 'SUB_FLOAT' 'ADD_DOUBLE'
 'CAST_FIX_FIX'] and reversing modifications.
2023-12-12 13:24:51,737 [INFO] Modifying components ['DIV_DOUBLE' 'REM_DOUBLE' 'REM_FLOAT' 'CAST_FLOAT_FIX' 'CAST_DOUBLE_FIX'
 'CAST_FIX_DOUBLE' 'ADD_DOUBLE' 'REM_FIX' 'DIV_FIX' 'MUL_DOUBLE'
 'MUL_FLOAT' 'CAST_FIX_FIX' 'DIV_FLOAT' 'CAST_DOUBLE_FLOAT' 'SUB_DOUBLE'
 'ADD_FLOAT'] with modifications [('DIV_DOUBLE', 0.7883600523453546), ('REM_DOUBLE', 1.0906569548419407), ('REM_FLOAT', 0.8463747111858465), ('CAST_FLOAT_FIX', 1.4303696968744437), ('CAST_DOUBLE_FIX', 1.051793402147699), ('CAST_FIX_DOUBLE', 0.7768888168921252), ('ADD_DOUBLE', 1.3035345167897623), ('REM_FIX', 0.8439442235830054), ('DIV_FIX', 0.7285480773041035), ('MUL_DOUBLE', 0.746182104101634), ('MUL_FLOAT', 0.8018373667513214), ('CAST_FIX_FIX', 0.9637193044096783), ('DIV_FLOAT', 0.7460892390718709), ('CAST_DOUBLE_FLOAT', 0.7860519339765113), ('SUB_DOUBLE', 1.4425107317171433), ('ADD_FLOAT', 1.1471532313820392)]
2023-12-12 13:24:51,773 [INFO] Compiling and running for idx 8
2023-12-12 13:25:30,688 [INFO] Calculating loss for idx 8

2023-12-12 13:25:35,058 [INFO] 
               fix_nofl flo_nofl                              e_perc                                e_abs     fix_t     flt_t                         speedup
correlation           0        0       1.194385528564461457949895475      0.01194385528564461558680555556  0.011342  0.016893   1.489419855404690530770587198
covariance            0        0   0.0001481311655862873288252545117     0.002076789008244972704861111111  0.005604  0.009919   1.769985724482512491077801570
2mm                   0        0    0.002116203505084219250051580296       0.1438640358449807895808080808  0.020278  0.026682   1.315810237696025249038366703
3mm                   0        0      0.1607428143865255962080035148        1.172867386937267929232804233  0.014289  0.025454   1.781370284834488067744418784
atax                  0        0    0.001245307518139623818345421377      0.03266340436183471048780487805  0.000192  0.000227   1.182291666666666666666666667
bicg                  0        0  0.00004759444696888559227595466863              0.000047051263120545625  0.000228  0.000386   1.692982456140350877192982456
doitgen               0        0  0.00001518226308628690546534849225  0.000002021210889111604166666666667  0.008555  0.012086   1.412741087083576855639976622
mvt                   0        0  0.00004734201893050139907084194797               0.00004664236306823225  0.000235  0.000401   1.706382978723404255319148936
gemm                  0        0  0.00001479771693590298682699517632   0.00001244721276953818181818181818  0.015139  0.002855  0.1885857718475460730563445406
gemver                0        0  0.00003027313379544594871299482309               0.00191701929193391475  0.000480  0.000491   1.022916666666666666666666667
gesummv               0        0  0.00004861237071837252610943306509                0.0000806915283183144  0.000087  0.000158   1.816091954022988505747126437
symm                  0        0   0.0007963238953248391125850552133    0.0001487045288080912958333333333  0.017859  0.018548   1.038579987681281146760736883
syr2k                 0        0  0.00001699802890578776291817536193   0.00001223600474022919097222222222  0.029877  0.005831  0.1951668507547611875355624728
syrk                  0        0    0.008908022082727790005679672968     0.003215815621837633934027777778  0.008284  0.002908  0.3510381458232737807822308064
trmm                  0        0   0.0001165630935028292699829867013            0.00004396649698377393125  0.007967  0.009681   1.215137441948035647044056734
cholesky              0        0   0.0008462985893928526759173484168  0.000005670095025417226932668329177  0.009390  0.011523   1.227156549520766773162939297
durbin                0        0      -25.16409692019274273840881420               0.00062922264855964425  0.000111  0.000136   1.225225225225225225225225225
gramschmidt           0        0       8.481730959763505411538193444       0.2667616760502377581136363636  0.011687  0.012888   1.102763754599127235389749294
lu                    0        0    0.002061708849909160448173884941               0.00001379618248277339  0.023793  0.037633   1.581683688479804984659353591
ludcmp                0        0      0.2520458220045806715679653536               0.00002521245863239575  0.040697  0.046866   1.151583654814851217534462000
trisolv               0        0   0.0007163980422090239072829048338               0.00000225930572684625  0.000095  0.000113   1.189473684210526315789473684
deriche               0        0  0.00003496357273198525772562378705     6.531283331761574074074074074E-9  0.024351  0.011671  0.4792821650034906164017904809
floyd-warshall        0        0                                   0                                    0  0.097972  0.123572   1.261299146694974074225288858
nussinov              0        0                                   0                                    0  0.026518  0.020324  0.7664228071498604721321366619
adi                   0        0     0.07478138527832312320764620720              0.000747813852783233995  0.298140  0.146969  0.4929529751123633192459918159
fdtd-2d               0        0  0.00004704790130159278723838813586   0.00001697663885679788055555555556  0.020274  0.022721   1.120696458518299299595541087
heat-3d               0        0                                   0                                0E-16  0.010316  0.016324   1.582396277626987204342768515
jacobi-1d             0        0  0.00007857036815572305723013131653                     3.95077510528E-7  0.000061  0.000021  0.3442622950819672131147540984
jacobi-2d             0        0   0.0001428396627244173423026414782             0.0000900335637676545744  0.017502  0.011103  0.6343846417552279739458347617
seidel-2d             0        0   0.0001020126506449179568796360769           0.000102525901793475199375  0.075236  0.197358   2.623185708969110532192035728
2023-12-12 13:25:35,061 [INFO] Mean performance gains: 1.1653755903244019
2023-12-12 13:25:35,063 [INFO] 
loss: 0.09579232335090637, prev_loss: 0.06416160613298416

2023-12-12 13:25:35,071 [INFO] Current jump probability: 0.20787609696388243
2023-12-12 13:25:35,071 [INFO] Loss increased from 0.06416160613298416 to 0.09579232335090637. Removing components ['DIV_DOUBLE' 'REM_DOUBLE' 'REM_FLOAT' 'CAST_FLOAT_FIX' 'CAST_DOUBLE_FIX'
 'CAST_FIX_DOUBLE' 'ADD_DOUBLE' 'REM_FIX' 'DIV_FIX' 'MUL_DOUBLE'
 'MUL_FLOAT' 'CAST_FIX_FIX' 'DIV_FLOAT' 'CAST_DOUBLE_FLOAT' 'SUB_DOUBLE'
 'ADD_FLOAT'] and reversing modifications.
2023-12-12 13:25:35,110 [INFO] Modifying components ['SUB_FLOAT' 'REM_FLOAT' 'DIV_DOUBLE' 'CAST_FIX_FIX' 'ADD_DOUBLE'
 'CAST_FLOAT_FIX' 'CAST_DOUBLE_FIX' 'MUL_DOUBLE' 'ADD_FLOAT'
 'CAST_FLOAT_DOUBLE' 'DIV_FLOAT' 'SUB_DOUBLE' 'REM_DOUBLE' 'MUL_FLOAT'
 'CAST_FIX_FLOAT' 'DIV_FIX' 'MUL_FIX'] with modifications [('SUB_FLOAT', 0.9916726884561813), ('REM_FLOAT', 1.071658546574536), ('DIV_DOUBLE', 1.170258471973633), ('CAST_FIX_FIX', 1.1246229676224164), ('ADD_DOUBLE', 1.4384844730429958), ('CAST_FLOAT_FIX', 1.4322778088502957), ('CAST_DOUBLE_FIX', 0.9957292740200376), ('MUL_DOUBLE', 1.469385415875612), ('ADD_FLOAT', 0.8116291715374981), ('CAST_FLOAT_DOUBLE', 0.7719406837527107), ('DIV_FLOAT', 0.7792320550917148), ('SUB_DOUBLE', 1.088051475172191), ('REM_DOUBLE', 0.6846033520783685), ('MUL_FLOAT', 1.4566418079948749), ('CAST_FIX_FLOAT', 1.3559294440525913), ('DIV_FIX', 0.6791818272977558), ('MUL_FIX', 0.8134963304433831)]
2023-12-12 13:25:35,137 [INFO] Compiling and running for idx 9
2023-12-12 13:28:58,810 [INFO] Calculating loss for idx 9

