2023-12-12 13:43:56,572 [INFO] Started logging at 20231212-134356
2023-12-12 13:43:56,574 [INFO] Setting seed to 1
2023-12-12 13:43:56,574 [INFO] Hyperparameters: 
num_components_min: 1
num_components_max: 20
range_low: 0.666666
range_high: 1.5
prob_jump: 1.0
no_jump_threshold: 5.0

2023-12-12 13:43:56,591 [INFO] Benchmarking for 50 indices
2023-12-12 13:43:56,592 [INFO] Compiling and running for idx 0
2023-12-12 13:45:50,533 [INFO] Calculating loss for idx 0

2023-12-12 13:45:51,376 [INFO] 
          fix_nofl flo_nofl                              e_perc                               e_abs     fix_t     flt_t                         speedup
gemm             0        0  0.00001479771693590298682699517632  0.00001244721276953818181818181818  0.008697  0.003111  0.3577095550189720593308037254
syrk             0        0    0.008908022082727790005679672968    0.003215815621837633934027777778  0.004586  0.002868  0.6253815961622328826864369821
deriche          0        0  0.00003496357273198525772562378705    6.531283331761574074074074074E-9  0.012966  0.007685  0.5927039950640135739626716027
adi              0        0     0.07478138527832312320764620720             0.000747813852783233995  0.350738  0.135732  0.3869897188214564717823560606
jacobi-1d        0        0  0.00007857036815572305723013131653                    3.95077510528E-7  0.000046  0.000020  0.4347826086956521739130434783
2023-12-12 13:45:51,378 [INFO] Mean performance gains: 0.4795134961605072
2023-12-12 13:45:51,378 [INFO] Modifying components ['CAST_FIX_DOUBLE' 'REM_FIX' 'SUB_DOUBLE' 'CAST_DOUBLE_FIX'
 'CAST_FLOAT_DOUBLE' 'CAST_FIX_FLOAT'] with modifications [('CAST_FIX_DOUBLE', 0.8579804978263305), ('REM_FIX', 1.1120112803984534), ('SUB_DOUBLE', 1.4283016297907105), ('CAST_DOUBLE_FIX', 1.047670311459029), ('CAST_FLOAT_DOUBLE', 1.0255817597863017), ('CAST_FIX_FLOAT', 1.4492731172715478)]
2023-12-12 13:45:51,396 [INFO] Compiling and running for idx 1
2023-12-12 13:47:11,236 [INFO] Calculating loss for idx 1

2023-12-12 13:47:12,374 [INFO] 
          fix_nofl flo_nofl                              e_perc                               e_abs     fix_t     flt_t                         speedup
gemm             0        0  0.00001479771693590298682699517632  0.00001244721276953818181818181818  0.007619  0.003417  0.4484840530253314083213020081
syrk             0        0    0.008908022082727790005679672968    0.003215815621837633934027777778  0.004573  0.002155  0.4712442597856986660835337853
deriche          0        0  0.00003496357273198525772562378705    6.531283331761574074074074074E-9  0.014293  0.006976  0.4880710837472888826698383824
adi              0        0     0.07478138527832312320764620720             0.000747813852783233995  0.167276  0.059115  0.3533979769961022501733661733
jacobi-1d        0        0  0.00007857036815572305723013131653                    3.95077510528E-7  0.000050  0.000021                            0.42
2023-12-12 13:47:12,376 [INFO] Mean performance gains: 0.43623948097229004
2023-12-12 13:47:12,380 [INFO] 
loss: 0.32006359100341797, prev_loss: 0.28280365467071533

2023-12-12 13:47:12,380 [INFO] Current jump probability: 0.8335181165850098
2023-12-12 13:47:12,386 [INFO] Loss increased from 0.28280365467071533 to 0.32006359100341797. Jumping to search new minima.
2023-12-12 13:47:12,398 [INFO] Modifying components ['CAST_DOUBLE_FIX' 'SUB_FLOAT' 'CAST_FLOAT_FIX' 'MUL_FIX' 'CAST_FIX_FLOAT'
 'MUL_FLOAT' 'REM_FLOAT' 'MUL_DOUBLE' 'CAST_FIX_DOUBLE'
 'CAST_DOUBLE_FLOAT'] with modifications [('CAST_DOUBLE_FIX', 0.9295959028488064), ('SUB_FLOAT', 1.2387505640686047), ('CAST_FLOAT_FIX', 1.3621879496649254), ('MUL_FIX', 0.6819062433123447), ('CAST_FIX_FLOAT', 1.2917867625503496), ('MUL_FLOAT', 1.4907175666628047), ('REM_FLOAT', 1.290137877426969), ('MUL_DOUBLE', 0.900369513682999), ('CAST_FIX_DOUBLE', 1.3243992998957927), ('CAST_DOUBLE_FLOAT', 0.7526877409653727)]
2023-12-12 13:47:12,418 [INFO] Compiling and running for idx 2
2023-12-12 13:48:54,717 [INFO] Calculating loss for idx 2

2023-12-12 13:48:59,169 [INFO] 
               fix_nofl flo_nofl                              e_perc                                e_abs     fix_t     flt_t                         speedup
correlation           0        0       1.194385528564461457949895475      0.01194385528564461558680555556  0.006018  0.011745   1.951645064805583250249252243
covariance            0        0   0.0001481311655862873288252545117     0.002076789008244972704861111111  0.006765  0.010937   1.616703621581670362158167036
2mm                   0        0    0.002116203505084219250051580296       0.1438640358449807895808080808  0.012679  0.015608   1.231011909456581749349317770
3mm                   0        0      0.1607428143865255962080035148        1.172867386937267929232804233  0.015753  0.025886   1.643242556973274931759030026
atax                  0        0    0.001245307518139623818345421377      0.03266340436183471048780487805  0.000195  0.000297   1.523076923076923076923076923
bicg                  0        0  0.00004759444696888559227595466863              0.000047051263120545625  0.000283  0.000530   1.872791519434628975265017668
doitgen               0        0  0.00001518226308628690546534849225  0.000002021210889111604166666666667  0.004147  0.006681   1.611044128285507595852423439
mvt                   0        0  0.00004734201893050139907084194797               0.00004664236306823225  0.000238  0.000339   1.424369747899159663865546218
gemm                  0        0  0.00001479771693590298682699517632   0.00001244721276953818181818181818  0.008046  0.003371  0.4189659458115833954760129257
gemver                0        0  0.00003027313379544594871299482309               0.00191701929193391475  0.000622  0.000695   1.117363344051446945337620579
gesummv               0        0  0.00004861237071837252610943306509                0.0000806915283183144  0.000110  0.000213   1.936363636363636363636363636
symm                  0        0   0.0007963238953248391125850552133    0.0001487045288080912958333333333  0.006738  0.008497   1.261056693380825170673790442
syr2k                 0        0  0.00001699802890578776291817536193   0.00001223600474022919097222222222  0.008958  0.009886   1.103594552355436481357445858
syrk                  0        0    0.008908022082727790005679672968     0.003215815621837633934027777778  0.011285  0.002185  0.1936198493575542755870624723
trmm                  0        0   0.0001165630935028292699829867013            0.00004396649698377393125  0.005461  0.006021   1.102545321369712506866874199
cholesky              0        0   0.0008462985893928526759173484168  0.000005670095025417226932668329177  0.008479  0.010964   1.293077013798797027951409364
durbin                0        0      -25.16409692019274273840881420               0.00062922264855964425  0.000123  0.000152   1.235772357723577235772357724
gramschmidt           0        0       8.481730959763505411538193444       0.2667616760502377581136363636  0.010487  0.016974   1.618575379040717078287403452
lu                    0        0    0.002061708849909160448173884941               0.00001379618248277339  0.021733  0.024083   1.108130492798969309345235356
ludcmp                0        0      0.2520458220045806715679653536               0.00002521245863239575  0.018869  0.021209   1.124012931262918013673220626
trisolv               0        0   0.0007163980422090239072829048338               0.00000225930572684625  0.000084  0.000097   1.154761904761904761904761905
deriche               0        0  0.00003496357273198525772562378705     6.531283331761574074074074074E-9  0.012125  0.006816  0.5621443298969072164948453608
floyd-warshall        0        0                                   0                                    0  0.117594  0.166787   1.418329166454070785924451928
adi                   0        0     0.07478138527832312320764620720              0.000747813852783233995  0.168444  0.086557  0.5138621737788226354159245803
fdtd-2d               0        0  0.00004704790130159278723838813586   0.00001697663885679788055555555556  0.012182  0.022405   1.839188967328845838121819077
heat-3d               0        0                                   0                                0E-16  0.010388  0.012849   1.236907970735463996919522526
jacobi-1d             0        0  0.00007857036815572305723013131653                     3.95077510528E-7  0.000073  0.000021  0.2876712328767123287671232877
jacobi-2d             0        0   0.0001428396627244173423026414782             0.0000900335637676545744  0.008784  0.010415   1.185678506375227686703096539
seidel-2d             0        0   0.0001020126506449179568796360769           0.000102525901793475199375  0.069720  0.175785   2.521299483648881239242685026
2023-12-12 13:48:59,172 [INFO] Mean performance gains: 1.2795451879501343
2023-12-12 13:48:59,172 [INFO] 
loss: 0.06632101124730604, prev_loss: 0.32006359100341797

2023-12-12 13:48:59,172 [INFO] Loss decreased from 0.32006359100341797 to 0.06632101124730604. Resetting components.
2023-12-12 13:48:59,185 [INFO] Modifying components ['CAST_FIX_DOUBLE' 'CAST_FIX_FIX' 'CAST_FIX_FLOAT' 'CAST_FLOAT_DOUBLE'
 'CAST_FLOAT_FIX' 'REM_DOUBLE' 'ADD_DOUBLE' 'REM_FIX' 'SUB_FLOAT'] with modifications [('CAST_FIX_DOUBLE', 0.8591790058541056), ('CAST_FIX_FIX', 1.1112067644699732), ('CAST_FIX_FLOAT', 1.4582817487359587), ('CAST_FLOAT_DOUBLE', 1.0775493233270172), ('CAST_FLOAT_FIX', 1.1171667844200426), ('REM_DOUBLE', 1.3045707640241289), ('ADD_DOUBLE', 0.70445413737603), ('REM_FIX', 0.7833045259705081), ('SUB_FLOAT', 1.3270028497657398)]
2023-12-12 13:48:59,208 [INFO] Compiling and running for idx 3
2023-12-12 13:49:27,604 [INFO] Calculating loss for idx 3

2023-12-12 13:49:27,894 [INFO] 
          fix_nofl flo_nofl                              e_perc                               e_abs     fix_t     flt_t                         speedup
gemm             0        0  0.00001479771693590298682699517632  0.00001244721276953818181818181818  0.012596  0.004578  0.3634487138774214036201968879
syrk             0        0    0.008908022082727790005679672968    0.003215815621837633934027777778  0.008083  0.004954  0.6128912532475566002721761722
adi              0        0     0.07478138527832312320764620720             0.000747813852783233995  0.282849  0.124361  0.4396727582561720211137391329
jacobi-1d        0        0  0.00007857036815572305723013131653                    3.95077510528E-7  0.000045  0.000021  0.4666666666666666666666666667
2023-12-12 13:49:27,896 [INFO] Mean performance gains: 0.47066986560821533
2023-12-12 13:49:27,900 [INFO] 
loss: 0.2883654236793518, prev_loss: 0.06632101124730604

2023-12-12 13:49:27,900 [INFO] Current jump probability: -2.1601831213902067
2023-12-12 13:49:27,900 [INFO] Loss increased from 0.06632101124730604 to 0.2883654236793518. Removing components ['CAST_FIX_DOUBLE' 'CAST_FIX_FIX' 'CAST_FIX_FLOAT' 'CAST_FLOAT_DOUBLE'
 'CAST_FLOAT_FIX' 'REM_DOUBLE' 'ADD_DOUBLE' 'REM_FIX' 'SUB_FLOAT'] and reversing modifications.
2023-12-12 13:49:27,934 [INFO] Modifying components ['REM_FIX' 'ADD_DOUBLE' 'MUL_FLOAT' 'SUB_DOUBLE' 'MUL_DOUBLE'
 'CAST_FLOAT_DOUBLE' 'SUB_FLOAT' 'DIV_DOUBLE' 'ADD_FLOAT'
 'CAST_FIX_DOUBLE' 'CAST_FIX_FLOAT' 'CAST_DOUBLE_FLOAT'] with modifications [('REM_FIX', 1.2064575983107229), ('ADD_DOUBLE', 0.9616154766246441), ('MUL_FLOAT', 1.3026940527513033), ('SUB_DOUBLE', 0.9637760073195282), ('MUL_DOUBLE', 1.293990129505239), ('CAST_FLOAT_DOUBLE', 1.401118112256229), ('SUB_FLOAT', 0.6763903358468738), ('DIV_DOUBLE', 1.081757223429577), ('ADD_FLOAT', 0.7281593920285531), ('CAST_FIX_DOUBLE', 1.3224594200252122), ('CAST_FIX_FLOAT', 0.7200554842434009), ('CAST_DOUBLE_FLOAT', 0.9627582055539319)]
2023-12-12 13:49:27,961 [INFO] Compiling and running for idx 4
2023-12-12 13:51:24,119 [INFO] Calculating loss for idx 4

2023-12-12 13:51:25,247 [INFO] 
          fix_nofl flo_nofl                              e_perc                               e_abs     fix_t     flt_t                         speedup
gemm             0        0  0.00001479771693590298682699517632  0.00001244721276953818181818181818  0.014399  0.007955  0.5524689214528786721300090284
syrk             0        0    0.008908022082727790005679672968    0.003215815621837633934027777778  0.004845  0.004767  0.9839009287925696594427244582
deriche          0        0  0.00003496357273198525772562378705    6.531283331761574074074074074E-9  0.022612  0.007765  0.3434017335927825933132849814
adi              0        0     0.07478138527832312320764620720             0.000747813852783233995  0.142731  0.064799  0.4539938765930316469442517743
jacobi-1d        0        0  0.00007857036815572305723013131653                    3.95077510528E-7  0.000108  0.000038  0.3518518518518518518518518519
2023-12-12 13:51:25,250 [INFO] Mean performance gains: 0.537123441696167
2023-12-12 13:51:25,256 [INFO] 
loss: 0.26997666358947753, prev_loss: 0.06632101124730604

2023-12-12 13:51:25,256 [INFO] Current jump probability: -1.8636805238762035
2023-12-12 13:51:25,261 [INFO] Loss increased from 0.06632101124730604 to 0.26997666358947753. Removing components ['REM_FIX' 'ADD_DOUBLE' 'MUL_FLOAT' 'SUB_DOUBLE' 'MUL_DOUBLE'
 'CAST_FLOAT_DOUBLE' 'SUB_FLOAT' 'DIV_DOUBLE' 'ADD_FLOAT'
 'CAST_FIX_DOUBLE' 'CAST_FIX_FLOAT' 'CAST_DOUBLE_FLOAT'] and reversing modifications.
2023-12-12 13:51:25,282 [INFO] Modifying components ['REM_FLOAT' 'DIV_DOUBLE' 'SUB_DOUBLE' 'DIV_FLOAT' 'CAST_DOUBLE_FLOAT'
 'CAST_FIX_FIX' 'CAST_FLOAT_DOUBLE'] with modifications [('REM_FLOAT', 1.0561602142176656), ('DIV_DOUBLE', 0.8908337220488909), ('SUB_DOUBLE', 1.3597437119671842), ('DIV_FLOAT', 1.126103818548255), ('CAST_DOUBLE_FLOAT', 0.725067293414855), ('CAST_FIX_FIX', 1.0603955133170775), ('CAST_FLOAT_DOUBLE', 1.2856371869157963)]
2023-12-12 13:51:25,299 [INFO] Compiling and running for idx 5
2023-12-12 13:53:54,092 [INFO] Calculating loss for idx 5

2023-12-12 13:53:55,972 [INFO] 
          fix_nofl flo_nofl                              e_perc                               e_abs     fix_t     flt_t                         speedup
gemm             0        0  0.00001479771693590298682699517632  0.00001244721276953818181818181818  0.008359  0.005136  0.6144275631056346452924991028
syrk             0        0    0.008908022082727790005679672968    0.003215815621837633934027777778  0.008572  0.002132  0.2487167522165188987400839944
deriche          0        0  0.00003496357273198525772562378705    6.531283331761574074074074074E-9  0.035381  0.006750  0.1907803623413696616828241146
adi              0        0     0.07478138527832312320764620720             0.000747813852783233995  0.299296  0.155387  0.5191749973270608360953704694
jacobi-1d        0        0  0.00007857036815572305723013131653                    3.95077510528E-7  0.000048  0.000021                          0.4375
2023-12-12 13:53:55,975 [INFO] Mean performance gains: 0.4021199345588684
2023-12-12 13:53:55,976 [INFO] 
loss: 0.38310558795928956, prev_loss: 0.06632101124730604

2023-12-12 13:53:55,976 [INFO] Current jump probability: -3.3233500735842467
2023-12-12 13:53:55,981 [INFO] Loss increased from 0.06632101124730604 to 0.38310558795928956. Removing components ['REM_FLOAT' 'DIV_DOUBLE' 'SUB_DOUBLE' 'DIV_FLOAT' 'CAST_DOUBLE_FLOAT'
 'CAST_FIX_FIX' 'CAST_FLOAT_DOUBLE'] and reversing modifications.
2023-12-12 13:53:56,008 [INFO] Modifying components ['CAST_FLOAT_DOUBLE' 'CAST_FIX_FLOAT' 'CAST_DOUBLE_FLOAT' 'REM_FLOAT'
 'ADD_DOUBLE' 'SUB_DOUBLE' 'CAST_FLOAT_FIX' 'ADD_FLOAT' 'REM_FIX'
 'DIV_FLOAT' 'REM_DOUBLE' 'MUL_FIX'] with modifications [('CAST_FLOAT_DOUBLE', 1.4730565856546236), ('CAST_FIX_FLOAT', 0.898598550721063), ('CAST_DOUBLE_FLOAT', 0.8613515917834434), ('REM_FLOAT', 0.7429630957691306), ('ADD_DOUBLE', 1.1417219303911859), ('SUB_DOUBLE', 1.0149383946096417), ('CAST_FLOAT_FIX', 0.973202279094185), ('ADD_FLOAT', 1.344162350651625), ('REM_FIX', 0.9081328621229483), ('DIV_FLOAT', 1.2644928126425756), ('REM_DOUBLE', 1.1774564859052408), ('MUL_FIX', 1.0224244726725726)]
2023-12-12 13:53:56,036 [INFO] Compiling and running for idx 6
2023-12-12 13:55:41,397 [INFO] Calculating loss for idx 6

2023-12-12 13:55:42,234 [INFO] 
          fix_nofl flo_nofl                              e_perc                               e_abs     fix_t     flt_t                         speedup
gemm             0        0  0.00001479771693590298682699517632  0.00001244721276953818181818181818  0.015037  0.003611  0.2401409855689299727339229900
syrk             0        0    0.008908022082727790005679672968    0.003215815621837633934027777778  0.015436  0.002202  0.1426535371857994299041202384
deriche          0        0  0.00003496357273198525772562378705    6.531283331761574074074074074E-9  0.012836  0.010708  0.8342162667497662823309442194
adi              0        0     0.07478138527832312320764620720             0.000747813852783233995  0.308852  0.167196  0.5413466644217942574436947146
jacobi-1d        0        0  0.00007857036815572305723013131653                    3.95077510528E-7  0.000047  0.000020  0.4255319148936170212765957447
2023-12-12 13:55:42,236 [INFO] Mean performance gains: 0.43677788972854614
2023-12-12 13:55:42,239 [INFO] 
loss: 0.37605791091918944, prev_loss: 0.06632101124730604

2023-12-12 13:55:42,239 [INFO] Current jump probability: -3.1564305204052485
2023-12-12 13:55:42,239 [INFO] Loss increased from 0.06632101124730604 to 0.37605791091918944. Removing components ['CAST_FLOAT_DOUBLE' 'CAST_FIX_FLOAT' 'CAST_DOUBLE_FLOAT' 'REM_FLOAT'
 'ADD_DOUBLE' 'SUB_DOUBLE' 'CAST_FLOAT_FIX' 'ADD_FLOAT' 'REM_FIX'
 'DIV_FLOAT' 'REM_DOUBLE' 'MUL_FIX'] and reversing modifications.
2023-12-12 13:55:42,263 [INFO] Modifying components ['CAST_DOUBLE_FLOAT' 'DIV_FIX' 'MUL_DOUBLE' 'REM_FLOAT' 'MUL_FLOAT'
 'CAST_FLOAT_DOUBLE' 'REM_DOUBLE' 'ADD_DOUBLE' 'CAST_FIX_FLOAT'
 'CAST_FLOAT_FIX' 'CAST_FIX_DOUBLE' 'DIV_DOUBLE' 'SUB_FLOAT' 'MUL_FIX'
 'CAST_DOUBLE_FIX' 'ADD_FLOAT' 'SUB_DOUBLE' 'CAST_FIX_FIX' 'DIV_FLOAT'] with modifications [('CAST_DOUBLE_FLOAT', 0.8769376220257659), ('DIV_FIX', 1.2865213742798134), ('MUL_DOUBLE', 0.829524031210753), ('REM_FLOAT', 1.151132160300333), ('MUL_FLOAT', 1.4750166375869198), ('CAST_FLOAT_DOUBLE', 1.372357232460897), ('REM_DOUBLE', 0.8665392925214945), ('ADD_DOUBLE', 1.078141091070418), ('CAST_FIX_FLOAT', 1.1832961786216287), ('CAST_FLOAT_FIX', 1.3574839689457487), ('CAST_FIX_DOUBLE', 0.797325600066), ('DIV_DOUBLE', 0.6821461808653093), ('SUB_FLOAT', 0.7250178331141144), ('MUL_FIX', 1.0719539166776004), ('CAST_DOUBLE_FIX', 1.1719409555974165), ('ADD_FLOAT', 1.140709243473026), ('SUB_DOUBLE', 0.9311348860100734), ('CAST_FIX_FIX', 1.4905134544211438), ('DIV_FLOAT', 1.1497874025349768)]
2023-12-12 13:55:42,287 [INFO] Compiling and running for idx 7
2023-12-12 13:57:39,565 [INFO] Calculating loss for idx 7

2023-12-12 13:57:40,684 [INFO] 
          fix_nofl flo_nofl                              e_perc                               e_abs     fix_t     flt_t                         speedup
gemm             0        0  0.00001479771693590298682699517632  0.00001244721276953818181818181818  0.008156  0.002987  0.3662334477685139774399215302
syrk             0        0    0.008908022082727790005679672968    0.003215815621837633934027777778  0.007465  0.002153  0.2884125920964501004688546551
deriche          0        0  0.00003496357273198525772562378705    6.531283331761574074074074074E-9  0.026324  0.007177  0.2726409360279592767056678316
adi              0        0     0.07478138527832312320764620720             0.000747813852783233995  0.188773  0.068176  0.3611533429039110466009439909
jacobi-1d        0        0  0.00007857036815572305723013131653                    3.95077510528E-7  0.000047  0.000021  0.4468085106382978723404255319
2023-12-12 13:57:40,685 [INFO] Mean performance gains: 0.3470497727394104
2023-12-12 13:57:40,688 [INFO] 
loss: 0.43024272918701173, prev_loss: 0.06632101124730604

2023-12-12 13:57:40,688 [INFO] Current jump probability: 0
2023-12-12 13:57:40,692 [INFO] Loss increased from 0.06632101124730604 to 0.43024272918701173. Removing components ['CAST_DOUBLE_FLOAT' 'DIV_FIX' 'MUL_DOUBLE' 'REM_FLOAT' 'MUL_FLOAT'
 'CAST_FLOAT_DOUBLE' 'REM_DOUBLE' 'ADD_DOUBLE' 'CAST_FIX_FLOAT'
 'CAST_FLOAT_FIX' 'CAST_FIX_DOUBLE' 'DIV_DOUBLE' 'SUB_FLOAT' 'MUL_FIX'
 'CAST_DOUBLE_FIX' 'ADD_FLOAT' 'SUB_DOUBLE' 'CAST_FIX_FIX' 'DIV_FLOAT'] and reversing modifications.
2023-12-12 13:57:40,724 [INFO] Modifying components ['CAST_FIX_DOUBLE' 'DIV_FLOAT' 'MUL_FLOAT' 'CAST_DOUBLE_FIX' 'MUL_FIX'] with modifications [('CAST_FIX_DOUBLE', 1.199550493707204), ('DIV_FLOAT', 1.1038916073833174), ('MUL_FLOAT', 1.4373399252047725), ('CAST_DOUBLE_FIX', 0.8860801509371061), ('MUL_FIX', 0.7216336195440802)]
2023-12-12 13:57:40,741 [INFO] Compiling and running for idx 8
2023-12-12 13:59:41,000 [INFO] Calculating loss for idx 8

2023-12-12 13:59:42,212 [INFO] 
          fix_nofl flo_nofl                              e_perc                               e_abs     fix_t     flt_t                         speedup
gemm             0        0  0.00001479771693590298682699517632  0.00001244721276953818181818181818  0.012419  0.002819  0.2269909010387309767292052500
syrk             0        0    0.008908022082727790005679672968    0.003215815621837633934027777778  0.004676  0.002699  0.5772027373823781009409751925
deriche          0        0  0.00003496357273198525772562378705    6.531283331761574074074074074E-9  0.011972  0.008185  0.6836785833611760775141997995
adi              0        0     0.07478138527832312320764620720             0.000747813852783233995  0.179216  0.067326  0.3756695830729399160789215249
jacobi-1d        0        0  0.00007857036815572305723013131653                    3.95077510528E-7  0.000075  0.000038  0.5066666666666666666666666667
2023-12-12 13:59:42,214 [INFO] Mean performance gains: 0.4740416407585144
2023-12-12 13:59:42,215 [INFO] 
loss: 0.3019052267074585, prev_loss: 0.06632101124730604

2023-12-12 13:59:42,215 [INFO] Current jump probability: -2.0927881653820823
2023-12-12 13:59:42,216 [INFO] Loss increased from 0.06632101124730604 to 0.3019052267074585. Removing components ['CAST_FIX_DOUBLE' 'DIV_FLOAT' 'MUL_FLOAT' 'CAST_DOUBLE_FIX' 'MUL_FIX'] and reversing modifications.
2023-12-12 13:59:42,234 [INFO] Modifying components ['ADD_FLOAT' 'CAST_DOUBLE_FIX' 'CAST_FLOAT_DOUBLE' 'ADD_DOUBLE' 'REM_FIX'
 'DIV_FLOAT' 'CAST_FIX_DOUBLE' 'SUB_FLOAT' 'REM_FLOAT' 'CAST_FIX_FIX'
 'MUL_FIX' 'MUL_FLOAT' 'DIV_DOUBLE' 'REM_DOUBLE' 'DIV_FIX'] with modifications [('ADD_FLOAT', 1.3402821604116695), ('CAST_DOUBLE_FIX', 0.9736469572711532), ('CAST_FLOAT_DOUBLE', 1.174338897082846), ('ADD_DOUBLE', 0.6957057921931086), ('REM_FIX', 0.9621472608582875), ('DIV_FLOAT', 0.7320993554586771), ('CAST_FIX_DOUBLE', 1.244320794702034), ('SUB_FLOAT', 0.6772598960272621), ('REM_FLOAT', 1.0496207097985282), ('CAST_FIX_FIX', 1.4677643594244378), ('MUL_FIX', 0.9451539064676897), ('MUL_FLOAT', 1.0600691654507393), ('DIV_DOUBLE', 0.7544921132064153), ('REM_DOUBLE', 1.085896257150785), ('DIV_FIX', 1.4047414743374596)]
2023-12-12 13:59:42,258 [INFO] Compiling and running for idx 9
2023-12-12 14:01:53,385 [INFO] Calculating loss for idx 9

2023-12-12 14:01:54,254 [INFO] 
          fix_nofl flo_nofl                              e_perc                               e_abs     fix_t     flt_t                         speedup
gemm             0        0  0.00001479771693590298682699517632  0.00001244721276953818181818181818  0.007436  0.004749  0.6386498117267348036578805810
syrk             0        0    0.008908022082727790005679672968    0.003215815621837633934027777778  0.008949  0.003648  0.4076433121019108280254777070
deriche          0        0  0.00003496357273198525772562378705    6.531283331761574074074074074E-9  0.015471  0.018988   1.227328550190679335530993472
adi              0        0     0.07478138527832312320764620720             0.000747813852783233995  0.403849  0.191495  0.4741747534350710290232240268
jacobi-1d        0        0  0.00007857036815572305723013131653                    3.95077510528E-7  0.000048  0.000020  0.4166666666666666666666666667
2023-12-12 14:01:54,260 [INFO] Mean performance gains: 0.6328926086425781
2023-12-12 14:01:54,263 [INFO] 
loss: 0.21964607238769532, prev_loss: 0.06632101124730604

2023-12-12 14:01:54,263 [INFO] Current jump probability: -1.049490027450296
2023-12-12 14:01:54,263 [INFO] Loss increased from 0.06632101124730604 to 0.21964607238769532. Removing components ['ADD_FLOAT' 'CAST_DOUBLE_FIX' 'CAST_FLOAT_DOUBLE' 'ADD_DOUBLE' 'REM_FIX'
 'DIV_FLOAT' 'CAST_FIX_DOUBLE' 'SUB_FLOAT' 'REM_FLOAT' 'CAST_FIX_FIX'
 'MUL_FIX' 'MUL_FLOAT' 'DIV_DOUBLE' 'REM_DOUBLE' 'DIV_FIX'] and reversing modifications.
2023-12-12 14:01:54,320 [INFO] Resetting benchmark to everything for idx 10
2023-12-12 14:01:54,320 [INFO] Compiling and running for idx 10
2023-12-12 14:02:47,488 [INFO] Calculating loss for idx 10

2023-12-12 14:02:48,011 [INFO] 
          fix_nofl flo_nofl                              e_perc                               e_abs     fix_t     flt_t                         speedup
gemm             0        0  0.00001479771693590298682699517632  0.00001244721276953818181818181818  0.023014  0.011051  0.4801859737551055879030155557
syrk             0        0    0.008908022082727790005679672968    0.003215815621837633934027777778  0.009321  0.002196  0.2355970389443192790473125201
jacobi-1d        0        0  0.00007857036815572305723013131653                    3.95077510528E-7  0.000048  0.000019  0.3958333333333333333333333333
2023-12-12 14:02:48,018 [INFO] Mean performance gains: 0.3705388009548187
2023-12-12 14:02:48,019 [INFO] Modifying components ['DIV_FLOAT'] with modifications [('DIV_FLOAT', 1.3865014047118143)]
2023-12-12 14:02:48,033 [INFO] Compiling and running for idx 11
2023-12-12 14:03:03,688 [INFO] Calculating loss for idx 11

2023-12-12 14:03:08,078 [INFO] 
               fix_nofl flo_nofl                              e_perc                                e_abs     fix_t     flt_t                         speedup
correlation           0        0       1.194385528564461457949895475      0.01194385528564461558680555556  0.006018  0.011745   1.951645064805583250249252243
covariance            0        0   0.0001481311655862873288252545117     0.002076789008244972704861111111  0.006765  0.010937   1.616703621581670362158167036
2mm                   0        0    0.002116203505084219250051580296       0.1438640358449807895808080808  0.012679  0.015608   1.231011909456581749349317770
3mm                   0        0      0.1607428143865255962080035148        1.172867386937267929232804233  0.015753  0.025886   1.643242556973274931759030026
atax                  0        0    0.001245307518139623818345421377      0.03266340436183471048780487805  0.000195  0.000297   1.523076923076923076923076923
bicg                  0        0  0.00004759444696888559227595466863              0.000047051263120545625  0.000283  0.000530   1.872791519434628975265017668
doitgen               0        0  0.00001518226308628690546534849225  0.000002021210889111604166666666667  0.004147  0.006681   1.611044128285507595852423439
mvt                   0        0  0.00004734201893050139907084194797               0.00004664236306823225  0.000238  0.000339   1.424369747899159663865546218
gemm                  0        0  0.00001479771693590298682699517632   0.00001244721276953818181818181818  0.014205  0.004244  0.2987680394227384723688841957
gemver                0        0  0.00003027313379544594871299482309               0.00191701929193391475  0.000622  0.000695   1.117363344051446945337620579
gesummv               0        0  0.00004861237071837252610943306509                0.0000806915283183144  0.000110  0.000213   1.936363636363636363636363636
symm                  0        0   0.0007963238953248391125850552133    0.0001487045288080912958333333333  0.006738  0.008497   1.261056693380825170673790442
syr2k                 0        0  0.00001699802890578776291817536193   0.00001223600474022919097222222222  0.008958  0.009886   1.103594552355436481357445858
syrk                  0        0    0.008908022082727790005679672968     0.003215815621837633934027777778  0.004618  0.002199  0.4761801645734084019055868341
trmm                  0        0   0.0001165630935028292699829867013            0.00004396649698377393125  0.005461  0.006021   1.102545321369712506866874199
cholesky              0        0   0.0008462985893928526759173484168  0.000005670095025417226932668329177  0.008479  0.010964   1.293077013798797027951409364
durbin                0        0      -25.16409692019274273840881420               0.00062922264855964425  0.000123  0.000152   1.235772357723577235772357724
gramschmidt           0        0       8.481730959763505411538193444       0.2667616760502377581136363636  0.010487  0.016974   1.618575379040717078287403452
lu                    0        0    0.002061708849909160448173884941               0.00001379618248277339  0.021733  0.024083   1.108130492798969309345235356
ludcmp                0        0      0.2520458220045806715679653536               0.00002521245863239575  0.018869  0.021209   1.124012931262918013673220626
trisolv               0        0   0.0007163980422090239072829048338               0.00000225930572684625  0.000084  0.000097   1.154761904761904761904761905
deriche               0        0  0.00003496357273198525772562378705     6.531283331761574074074074074E-9  0.015471  0.018988   1.227328550190679335530993472
floyd-warshall        0        0                                   0                                    0  0.117594  0.166787   1.418329166454070785924451928
adi                   0        0     0.07478138527832312320764620720              0.000747813852783233995  0.177794  0.065540  0.3686288626162862638784210941
fdtd-2d               0        0  0.00004704790130159278723838813586   0.00001697663885679788055555555556  0.012182  0.022405   1.839188967328845838121819077
heat-3d               0        0                                   0                                0E-16  0.010388  0.012849   1.236907970735463996919522526
jacobi-1d             0        0  0.00007857036815572305723013131653                     3.95077510528E-7  0.000109  0.000058  0.5321100917431192660550458716
jacobi-2d             0        0   0.0001428396627244173423026414782             0.0000900335637676545744  0.008784  0.010415   1.185678506375227686703096539
seidel-2d             0        0   0.0001020126506449179568796360769           0.000102525901793475199375  0.069720  0.175785   2.521299483648881239242685026
2023-12-12 14:03:08,081 [INFO] Mean performance gains: 1.3115018606185913
2023-12-12 14:03:08,084 [INFO] 
loss: 0.04771254802572316, prev_loss: 0.40651194254557294

2023-12-12 14:03:08,084 [INFO] Loss decreased from 0.40651194254557294 to 0.04771254802572316. Resetting components.
2023-12-12 14:03:08,093 [INFO] Modifying components ['DIV_FLOAT' 'CAST_FIX_DOUBLE' 'MUL_FLOAT' 'MUL_DOUBLE' 'CAST_FIX_FLOAT'
 'SUB_FLOAT' 'DIV_FIX' 'ADD_DOUBLE' 'CAST_FLOAT_FIX' 'CAST_DOUBLE_FIX'] with modifications [('DIV_FLOAT', 1.1455926370644218), ('CAST_FIX_DOUBLE', 1.1900632506402575), ('MUL_FLOAT', 0.9046464251305995), ('MUL_DOUBLE', 1.1556941751022962), ('CAST_FIX_FLOAT', 1.2916846364333923), ('SUB_FLOAT', 1.3819281025667596), ('DIV_FIX', 1.295901660444526), ('ADD_DOUBLE', 1.2483808390775848), ('CAST_FLOAT_FIX', 1.3870661013651198), ('CAST_DOUBLE_FIX', 0.9355670458179532)]
2023-12-12 14:03:08,109 [INFO] Compiling and running for idx 12
2023-12-12 14:03:23,000 [INFO] Calculating loss for idx 12

2023-12-12 14:03:23,359 [INFO] 
          fix_nofl flo_nofl                              e_perc                               e_abs     fix_t     flt_t                         speedup
gemm             0        0  0.00001479771693590298682699517632  0.00001244721276953818181818181818  0.007282  0.004198  0.5764899752815160670145564405
syrk             0        0    0.008908022082727790005679672968    0.003215815621837633934027777778  0.007941  0.002167  0.2728875456491625739831255509
adi              0        0     0.07478138527832312320764620720             0.000747813852783233995  0.157934  0.059866  0.3790570744741474286727367128
jacobi-1d        0        0  0.00007857036815572305723013131653                    3.95077510528E-7  0.000053  0.000021  0.3962264150943396226415094340
2023-12-12 14:03:23,361 [INFO] Mean performance gains: 0.4061652421951294
2023-12-12 14:03:23,362 [INFO] 
loss: 0.3645414710044861, prev_loss: 0.04771254802572316

2023-12-12 14:03:23,363 [INFO] Current jump probability: 0
2023-12-12 14:03:23,365 [INFO] Loss increased from 0.04771254802572316 to 0.3645414710044861. Removing components ['DIV_FLOAT' 'CAST_FIX_DOUBLE' 'MUL_FLOAT' 'MUL_DOUBLE' 'CAST_FIX_FLOAT'
 'SUB_FLOAT' 'DIV_FIX' 'ADD_DOUBLE' 'CAST_FLOAT_FIX' 'CAST_DOUBLE_FIX'] and reversing modifications.
2023-12-12 14:03:23,383 [INFO] Modifying components ['DIV_FIX' 'MUL_DOUBLE' 'MUL_FIX' 'SUB_DOUBLE' 'CAST_DOUBLE_FIX'
 'DIV_DOUBLE'] with modifications [('DIV_FIX', 0.8498880666458423), ('MUL_DOUBLE', 0.6932962085870987), ('MUL_FIX', 1.445726791463779), ('SUB_DOUBLE', 1.3184098692302177), ('CAST_DOUBLE_FIX', 1.0979946694787421), ('DIV_DOUBLE', 0.6803849776949714)]
2023-12-12 14:03:23,398 [INFO] Compiling and running for idx 13
2023-12-12 14:03:38,572 [INFO] Calculating loss for idx 13

2023-12-12 14:03:38,909 [INFO] 
          fix_nofl flo_nofl                              e_perc                             e_abs     fix_t     flt_t                         speedup
syrk             0        0    0.008908022082727790005679672968  0.003215815621837633934027777778  0.007448  0.002214  0.2972610096670247046186895811
adi              0        0     0.07478138527832312320764620720           0.000747813852783233995  0.253490  0.119863  0.4728510000394492879403526766
jacobi-1d        0        0  0.00007857036815572305723013131653                  3.95077510528E-7  0.000060  0.000020  0.3333333333333333333333333333
2023-12-12 14:03:38,911 [INFO] Mean performance gains: 0.36781513690948486
2023-12-12 14:03:38,914 [INFO] 
loss: 0.4053908586502075, prev_loss: 0.04771254802572316

2023-12-12 14:03:38,914 [INFO] Current jump probability: 0
2023-12-12 14:03:38,914 [INFO] Loss increased from 0.04771254802572316 to 0.4053908586502075. Removing components ['DIV_FIX' 'MUL_DOUBLE' 'MUL_FIX' 'SUB_DOUBLE' 'CAST_DOUBLE_FIX'
 'DIV_DOUBLE'] and reversing modifications.
2023-12-12 14:03:38,936 [INFO] Modifying components ['CAST_DOUBLE_FLOAT'] with modifications [('CAST_DOUBLE_FLOAT', 0.8180101638508707)]
2023-12-12 14:03:38,951 [INFO] Compiling and running for idx 14
2023-12-12 14:03:50,209 [INFO] Calculating loss for idx 14

2023-12-12 14:03:50,470 [INFO] 
          fix_nofl flo_nofl                              e_perc                               e_abs     fix_t     flt_t                         speedup
gemm             0        0  0.00001479771693590298682699517632  0.00001244721276953818181818181818  0.008072  0.003124  0.3870168483647175421209117939
syrk             0        0    0.008908022082727790005679672968    0.003215815621837633934027777778  0.005893  0.002186  0.3709485830646529781096215849
jacobi-1d        0        0  0.00007857036815572305723013131653                    3.95077510528E-7  0.000108  0.000033  0.3055555555555555555555555556
2023-12-12 14:03:50,472 [INFO] Mean performance gains: 0.3545069992542267
2023-12-12 14:03:50,472 [INFO] 
loss: 0.4179023504257202, prev_loss: 0.04771254802572316

2023-12-12 14:03:50,473 [INFO] Current jump probability: 0
2023-12-12 14:03:50,473 [INFO] Loss increased from 0.04771254802572316 to 0.4179023504257202. Removing components ['CAST_DOUBLE_FLOAT'] and reversing modifications.
