2023-12-12 10:09:05,858 [INFO] Started logging at 20231212-100905
2023-12-12 10:09:05,867 [INFO] Hyperparameters: 
num_components: 4
range_low: 0.666666
range_high: 1.5
prob_jump: 0.25
no_jump_threshold: 0.5

2023-12-12 10:09:05,896 [INFO] Benchmarking for 30 indices
2023-12-12 10:09:05,896 [INFO] Running for idx 0

2023-12-12 10:12:19,868 [INFO] Calculating loss for idx 0

2023-12-12 10:12:22,475 [INFO] 
               fix_nofl flo_nofl                              e_perc                                e_abs     fix_t     flt_t                         speedup
correlation           0        0       1.194385528564461457949895475      0.01194385528564461558680555556  0.008571  0.011120   1.297398203243495508108738770
covariance            0        0   0.0001481311655862873288252545117     0.002076789008244972704861111111  0.007810  0.008453   1.082330345710627400768245839
2mm                   0        0    0.002116203505084219250051580296       0.1438640358449807895808080808  0.014958  0.018056   1.207113250434550073539243214
3mm                   0        0      0.1607428143865255962080035148        1.172867386937267929232804233  0.016776  0.026070   1.554005722460658082975679542
atax                  0        0    0.001245307518139623818345421377      0.03266340436183471048780487805  0.000276  0.000344   1.246376811594202898550724638
bicg                  0        0  0.00004759444696888559227595466863              0.000047051263120545625  0.000315  0.000458   1.453968253968253968253968254
doitgen               0        0  0.00001518226308628690546534849225  0.000002021210889111604166666666667  0.005954  0.007589   1.274605307356399059455828015
mvt                   0        0  0.00004734201893050139907084194797               0.00004664236306823225  0.000352  0.000574   1.630681818181818181818181818
gemm                  0        0  0.00001479771693590298682699517632   0.00001244721276953818181818181818  0.009779  0.004090  0.4182431741486859597095817568
gemver                0        0  0.00003027313379544594871299482309               0.00191701929193391475  0.000479  0.000608   1.269311064718162839248434238
gesummv               0        0  0.00004861237071837252610943306509                0.0000806915283183144  0.000117  0.000239   2.042735042735042735042735043
symm                  0        0   0.0007963238953248391125850552133    0.0001487045288080912958333333333  0.009275  0.009140  0.9854447439353099730458221024
syr2k                 0        0  0.00001699802890578776291817536193   0.00001223600474022919097222222222  0.011622  0.007533  0.6481672689726381001548786784
syrk                  0        0    0.008908022082727790005679672968     0.003215815621837633934027777778  0.006329  0.002665  0.4210775793964291357244430400
trmm                  0        0   0.0001165630935028292699829867013            0.00004396649698377393125  0.006489  0.006672   1.028201571890892279241793805
cholesky              0        0   0.0008462985893928526759173484168  0.000005670095025417226932668329177  0.007554  0.010583   1.400979613449827905745300503
durbin                0        0      -25.16409692019274273840881420               0.00062922264855964425  0.000138  0.000196   1.420289855072463768115942029
gramschmidt           0        0       8.481730959763505411538193444       0.2667616760502377581136363636  0.009873  0.013263   1.343360680644181099969614099
lu                    0        0    0.002061708849909160448173884941               0.00001379618248277339  0.020423  0.022147   1.084414630563580277138520296
ludcmp                0        0      0.2520458220045806715679653536               0.00002521245863239575  0.020241  0.021017   1.038338026777333135714638605
trisolv               0        0   0.0007163980422090239072829048338               0.00000225930572684625  0.000076  0.000100   1.315789473684210526315789474
deriche               0        0  0.00003496357273198525772562378705     6.531283331761574074074074074E-9  0.012175  0.005962  0.4896919917864476386036960986
floyd-warshall        0        0                                   0                                    0  0.113442  0.118365   1.043396625588406410324218543
nussinov              0        0                                   0                                    0  0.012638  0.018643   1.475154296565912327899984175
adi                   0        0     0.07478138527832312320764620720              0.000747813852783233995  0.136105  0.057985  0.4260313728371477903089526469
fdtd-2d               0        0  0.00004704790130159278723838813586   0.00001697663885679788055555555556  0.007948  0.006723  0.8458731756416708605938600906
heat-3d               0        0                                   0                                0E-16  0.016735  0.011025  0.6587989244099193307439498058
jacobi-1d             0        0  0.00007857036815572305723013131653                     3.95077510528E-7  0.000047  0.000021  0.4468085106382978723404255319
jacobi-2d             0        0   0.0001428396627244173423026414782             0.0000900335637676545744  0.008696  0.006039  0.6944572217111315547378104876
seidel-2d             0        0   0.0001020126506449179568796360769           0.000102525901793475199375  0.052166  0.088623   1.698865161216117777862975885
2023-12-12 10:12:22,496 [INFO] Modifying components ['REM_FIX' 'SUB_DOUBLE' 'MUL_FLOAT' 'CAST_FLOAT_DOUBLE'] with modifications [('REM_FIX', 0.7143608480002677), ('SUB_DOUBLE', 0.884574707312361), ('MUL_FLOAT', 1.017942986190857), ('CAST_FLOAT_DOUBLE', 0.8185847869545799)]
2023-12-12 10:12:22,510 [INFO] Running idx 1

2023-12-12 10:14:07,683 [INFO] Calculating loss for idx 1

2023-12-12 10:14:08,774 [INFO] 
          fix_nofl flo_nofl                              e_perc                               e_abs     fix_t     flt_t                         speedup
gemm             0        0  0.00001479771693590298682699517632  0.00001244721276953818181818181818  0.010042  0.003891  0.3874726150169288986257717586
symm             0        0   0.0007963238953248391125850552133   0.0001487045288080912958333333333  0.007102  0.007055  0.9933821458744015770205575894
syr2k            0        0  0.00001699802890578776291817536193  0.00001223600474022919097222222222  0.008587  0.005726  0.6668219401420752299988354489
syrk             0        0    0.008908022082727790005679672968    0.003215815621837633934027777778  0.006049  0.003423  0.5658786576293602248305505042
deriche          0        0  0.00003496357273198525772562378705    6.531283331761574074074074074E-9  0.014948  0.008250  0.5519132994380519132994380519
adi              0        0     0.07478138527832312320764620720             0.000747813852783233995  0.139402  0.063651  0.4566003357197170772298819242
fdtd-2d          0        0  0.00004704790130159278723838813586  0.00001697663885679788055555555556  0.010781  0.008880  0.8236712735367776644096094982
heat-3d          0        0                                   0                               0E-16  0.013305  0.014771   1.110184141300263059000375799
jacobi-1d        0        0  0.00007857036815572305723013131653                    3.95077510528E-7  0.000060  0.000035  0.5833333333333333333333333333
jacobi-2d        0        0   0.0001428396627244173423026414782            0.0000900335637676545744  0.011741  0.006516  0.5549782812366919342475087301
2023-12-12 10:14:08,786 [INFO] 
loss: 3.4159483909606934, prev_loss: 3.9654059410095215

2023-12-12 10:14:08,787 [INFO] Loss decreased from 3.9654059410095215 to 3.4159483909606934. Resetting components.
2023-12-12 10:14:08,787 [INFO] Modifying components ['MUL_DOUBLE' 'REM_FIX' 'MUL_FLOAT' 'REM_FLOAT'] with modifications [('MUL_DOUBLE', 0.9798096191497525), ('REM_FIX', 1.2504747086684125), ('MUL_FLOAT', 1.4827592334058177), ('REM_FLOAT', 0.9287390588882101)]
2023-12-12 10:14:08,806 [INFO] Running idx 2

2023-12-12 10:14:22,733 [INFO] Calculating loss for idx 2

2023-12-12 10:14:23,705 [INFO] 
          fix_nofl flo_nofl                              e_perc                               e_abs     fix_t     flt_t                         speedup
gemm             0        0  0.00001479771693590298682699517632  0.00001244721276953818181818181818  0.010031  0.004289  0.4275745189911275047353205064
symm             0        0   0.0007963238953248391125850552133   0.0001487045288080912958333333333  0.006632  0.009448   1.424607961399276236429433052
syr2k            0        0  0.00001699802890578776291817536193  0.00001223600474022919097222222222  0.008217  0.005183  0.6307654861871729341608859681
syrk             0        0    0.008908022082727790005679672968    0.003215815621837633934027777778  0.004363  0.003115  0.7139582855833142333256933303
deriche          0        0  0.00003496357273198525772562378705    6.531283331761574074074074074E-9  0.015163  0.008276  0.5458022818703422805513420827
adi              0        0     0.07478138527832312320764620720             0.000747813852783233995  0.135587  0.065064  0.4798690139910168378974385450
fdtd-2d          0        0  0.00004704790130159278723838813586  0.00001697663885679788055555555556  0.010302  0.006332  0.6146379343816734614637934382
jacobi-1d        0        0  0.00007857036815572305723013131653                    3.95077510528E-7  0.000052  0.000034  0.6538461538461538461538461538
jacobi-2d        0        0   0.0001428396627244173423026414782            0.0000900335637676545744  0.009170  0.007937  0.8655398037077426390403489640
2023-12-12 10:14:23,719 [INFO] 
loss: 3.0680065155029297, prev_loss: 3.4159483909606934

2023-12-12 10:14:23,719 [INFO] Loss decreased from 3.4159483909606934 to 3.0680065155029297. Resetting components.
2023-12-12 10:14:23,720 [INFO] Modifying components ['CAST_FLOAT_FIX' 'SUB_FLOAT' 'ADD_FLOAT' 'REM_FLOAT'] with modifications [('CAST_FLOAT_FIX', 0.8589029633466047), ('SUB_FLOAT', 0.9664436073941187), ('ADD_FLOAT', 1.1773020259001465), ('REM_FLOAT', 0.9695962381657615)]
2023-12-12 10:14:23,735 [INFO] Running idx 3

2023-12-12 10:14:27,349 [INFO] Calculating loss for idx 3

2023-12-12 10:14:28,275 [INFO] 
          fix_nofl flo_nofl                              e_perc                               e_abs     fix_t     flt_t                         speedup
gemm             0        0  0.00001479771693590298682699517632  0.00001244721276953818181818181818  0.007397  0.003043  0.4113829931053129647154251724
syr2k            0        0  0.00001699802890578776291817536193  0.00001223600474022919097222222222  0.011049  0.005126  0.4639333876368902163091682505
syrk             0        0    0.008908022082727790005679672968    0.003215815621837633934027777778  0.004139  0.002066  0.4991543851171780623338970766
deriche          0        0  0.00003496357273198525772562378705    6.531283331761574074074074074E-9  0.018366  0.006685  0.3639878035500381139061308940
adi              0        0     0.07478138527832312320764620720             0.000747813852783233995  0.134989  0.067241  0.4981220692056389779907992503
fdtd-2d          0        0  0.00004704790130159278723838813586  0.00001697663885679788055555555556  0.009647  0.006312  0.6542966725406862236964859542
jacobi-1d        0        0  0.00007857036815572305723013131653                    3.95077510528E-7  0.000052  0.000034  0.6538461538461538461538461538
jacobi-2d        0        0   0.0001428396627244173423026414782            0.0000900335637676545744  0.008493  0.006111  0.7195337336630166019074531968
2023-12-12 10:14:28,285 [INFO] 
loss: 3.7357425689697266, prev_loss: 3.0680065155029297

2023-12-12 10:14:28,285 [INFO] Loss increased from 3.0680065155029297 to 3.7357425689697266. Removing components ['CAST_FLOAT_FIX' 'SUB_FLOAT' 'ADD_FLOAT' 'REM_FLOAT'] and reversing modifications.
2023-12-12 10:14:28,302 [INFO] Modifying components ['SUB_DOUBLE' 'MUL_FIX' 'DIV_FLOAT' 'CAST_FLOAT_DOUBLE'] with modifications [('SUB_DOUBLE', 0.8532086010678385), ('MUL_FIX', 1.479398929176011), ('DIV_FLOAT', 1.203108240311377), ('CAST_FLOAT_DOUBLE', 1.111366810559943)]
2023-12-12 10:14:28,314 [INFO] Running idx 4

2023-12-12 10:14:32,105 [INFO] Calculating loss for idx 4

2023-12-12 10:14:33,021 [INFO] 
          fix_nofl flo_nofl                              e_perc                               e_abs     fix_t     flt_t                         speedup
gemm             0        0  0.00001479771693590298682699517632  0.00001244721276953818181818181818  0.006855  0.004018  0.5861415025528811086797957695
syr2k            0        0  0.00001699802890578776291817536193  0.00001223600474022919097222222222  0.008487  0.004946  0.5827736538234947566866973018
syrk             0        0    0.008908022082727790005679672968    0.003215815621837633934027777778  0.004320  0.003438  0.7958333333333333333333333333
deriche          0        0  0.00003496357273198525772562378705    6.531283331761574074074074074E-9  0.017243  0.008213  0.4763092269326683291770573566
adi              0        0     0.07478138527832312320764620720             0.000747813852783233995  0.134036  0.064857  0.4838774657554686800561043302
fdtd-2d          0        0  0.00004704790130159278723838813586  0.00001697663885679788055555555556  0.011055  0.006474  0.5856173677069199457259158752
jacobi-1d        0        0  0.00007857036815572305723013131653                    3.95077510528E-7  0.000061  0.000035  0.5737704918032786885245901639
jacobi-2d        0        0   0.0001428396627244173423026414782            0.0000900335637676545744  0.012567  0.006078  0.4836476486034853186918118883
2023-12-12 10:14:33,036 [INFO] 
loss: 3.4320292472839355, prev_loss: 3.0680065155029297

2023-12-12 10:14:33,036 [INFO] Loss increased from 3.0680065155029297 to 3.4320292472839355. Removing components ['SUB_DOUBLE' 'MUL_FIX' 'DIV_FLOAT' 'CAST_FLOAT_DOUBLE'] and reversing modifications.
2023-12-12 10:14:33,054 [INFO] Modifying components ['CAST_FIX_FIX' 'MUL_DOUBLE' 'CAST_FIX_FLOAT' 'DIV_DOUBLE'] with modifications [('CAST_FIX_FIX', 0.7152285168309346), ('MUL_DOUBLE', 1.4277935690906371), ('CAST_FIX_FLOAT', 1.0023849164282583), ('DIV_DOUBLE', 0.7155982725892477)]
2023-12-12 10:14:33,078 [INFO] Running idx 5

2023-12-12 10:14:36,809 [INFO] Calculating loss for idx 5

2023-12-12 10:14:37,708 [INFO] 
          fix_nofl flo_nofl                              e_perc                               e_abs     fix_t     flt_t                         speedup
gemm             0        0  0.00001479771693590298682699517632  0.00001244721276953818181818181818  0.006882  0.004339  0.6304853240337111304853240337
syr2k            0        0  0.00001699802890578776291817536193  0.00001223600474022919097222222222  0.008529  0.007143  0.8374956032360182905381639114
syrk             0        0    0.008908022082727790005679672968    0.003215815621837633934027777778  0.004121  0.003241  0.7864595971851492356224217423
deriche          0        0  0.00003496357273198525772562378705    6.531283331761574074074074074E-9  0.018563  0.008221  0.4428702257178257824705058450
adi              0        0     0.07478138527832312320764620720             0.000747813852783233995  0.135449  0.064224  0.4741563245206682958161374392
fdtd-2d          0        0  0.00004704790130159278723838813586  0.00001697663885679788055555555556  0.010288  0.008752  0.8506998444790046656298600311
jacobi-1d        0        0  0.00007857036815572305723013131653                    3.95077510528E-7  0.000081  0.000032  0.3950617283950617283950617284
jacobi-2d        0        0   0.0001428396627244173423026414782            0.0000900335637676545744  0.008931  0.007616  0.8527600492665994849400962938
2023-12-12 10:14:37,726 [INFO] 
loss: 2.730011224746704, prev_loss: 3.0680065155029297

2023-12-12 10:14:37,726 [INFO] Loss decreased from 3.0680065155029297 to 2.730011224746704. Resetting components.
2023-12-12 10:14:37,726 [INFO] Modifying components ['DIV_FLOAT' 'ADD_DOUBLE' 'DIV_DOUBLE' 'ADD_FLOAT'] with modifications [('DIV_FLOAT', 0.7570809289180196), ('ADD_DOUBLE', 1.4871364835284502), ('DIV_DOUBLE', 0.8701027831326067), ('ADD_FLOAT', 1.2063414359269888)]
2023-12-12 10:14:37,743 [INFO] Running idx 6

2023-12-12 10:14:41,610 [INFO] Calculating loss for idx 6

2023-12-12 10:14:42,526 [INFO] 
          fix_nofl flo_nofl                              e_perc                               e_abs     fix_t     flt_t                         speedup
gemm             0        0  0.00001479771693590298682699517632  0.00001244721276953818181818181818  0.007049  0.004690  0.6653426017874875868917576961
syr2k            0        0  0.00001699802890578776291817536193  0.00001223600474022919097222222222  0.008417  0.007247  0.8609956041344897231792800285
syrk             0        0    0.008908022082727790005679672968    0.003215815621837633934027777778  0.004080  0.002094  0.5132352941176470588235294118
deriche          0        0  0.00003496357273198525772562378705    6.531283331761574074074074074E-9  0.014173  0.007976  0.5627601778028646017074719537
adi              0        0     0.07478138527832312320764620720             0.000747813852783233995  0.135590  0.062461  0.4606608156943727413526071244
fdtd-2d          0        0  0.00004704790130159278723838813586  0.00001697663885679788055555555556  0.010350  0.009228  0.8915942028985507246376811594
jacobi-1d        0        0  0.00007857036815572305723013131653                    3.95077510528E-7  0.000083  0.000036  0.4337349397590361445783132530
jacobi-2d        0        0   0.0001428396627244173423026414782            0.0000900335637676545744  0.008511  0.006922  0.8133004347315239102338150629
2023-12-12 10:14:42,549 [INFO] 
loss: 2.7983760833740234, prev_loss: 2.730011224746704

2023-12-12 10:14:42,550 [INFO] Loss increased from 2.730011224746704 to 2.7983760833740234. Removing components ['DIV_FLOAT' 'ADD_DOUBLE' 'DIV_DOUBLE' 'ADD_FLOAT'] and reversing modifications.
2023-12-12 10:14:42,571 [INFO] Modifying components ['SUB_FLOAT' 'MUL_DOUBLE' 'DIV_FIX' 'CAST_FIX_FIX'] with modifications [('SUB_FLOAT', 0.8611089827673419), ('MUL_DOUBLE', 0.791614057162565), ('DIV_FIX', 1.1582752536734535), ('CAST_FIX_FIX', 0.9504260791039268)]
2023-12-12 10:14:42,589 [INFO] Running idx 7

2023-12-12 10:14:46,366 [INFO] Calculating loss for idx 7

2023-12-12 10:14:47,269 [INFO] 
          fix_nofl flo_nofl                              e_perc                               e_abs     fix_t     flt_t                         speedup
gemm             0        0  0.00001479771693590298682699517632  0.00001244721276953818181818181818  0.009695  0.003955  0.4079422382671480144404332130
syr2k            0        0  0.00001699802890578776291817536193  0.00001223600474022919097222222222  0.009590  0.007654  0.7981230448383733055265901981
syrk             0        0    0.008908022082727790005679672968    0.003215815621837633934027777778  0.004130  0.002072  0.5016949152542372881355932203
deriche          0        0  0.00003496357273198525772562378705    6.531283331761574074074074074E-9  0.017825  0.005739  0.3219635343618513323983169705
adi              0        0     0.07478138527832312320764620720             0.000747813852783233995  0.135276  0.063347  0.4682796652769153434459918980
fdtd-2d          0        0  0.00004704790130159278723838813586  0.00001697663885679788055555555556  0.009570  0.006555  0.6849529780564263322884012539
jacobi-1d        0        0  0.00007857036815572305723013131653                    3.95077510528E-7  0.000053  0.000034  0.6415094339622641509433962264
jacobi-2d        0        0   0.0001428396627244173423026414782            0.0000900335637676545744  0.011155  0.005928  0.5314208874943971313312415957
2023-12-12 10:14:47,289 [INFO] 
loss: 3.644113302230835, prev_loss: 2.730011224746704

2023-12-12 10:14:47,289 [INFO] Loss increased from 2.730011224746704 to 3.644113302230835. Removing components ['SUB_FLOAT' 'MUL_DOUBLE' 'DIV_FIX' 'CAST_FIX_FIX'] and reversing modifications.
2023-12-12 10:14:47,302 [INFO] Modifying components ['CAST_FIX_FLOAT' 'CAST_FLOAT_FIX' 'CAST_FLOAT_DOUBLE' 'REM_DOUBLE'] with modifications [('CAST_FIX_FLOAT', 1.0635571584029333), ('CAST_FLOAT_FIX', 0.7210965047915289), ('CAST_FLOAT_DOUBLE', 1.083971147738462), ('REM_DOUBLE', 0.9045068970311985)]
2023-12-12 10:14:47,312 [INFO] Running idx 8

2023-12-12 10:14:50,991 [INFO] Calculating loss for idx 8

2023-12-12 10:14:51,906 [INFO] 
          fix_nofl flo_nofl                              e_perc                               e_abs     fix_t     flt_t                         speedup
gemm             0        0  0.00001479771693590298682699517632  0.00001244721276953818181818181818  0.009531  0.004666  0.4895603819116566991921099570
syr2k            0        0  0.00001699802890578776291817536193  0.00001223600474022919097222222222  0.010506  0.007017  0.6679040548258138206739006282
syrk             0        0    0.008908022082727790005679672968    0.003215815621837633934027777778  0.006102  0.002234  0.3661094723041625696492953130
deriche          0        0  0.00003496357273198525772562378705    6.531283331761574074074074074E-9  0.017448  0.005691  0.3261691884456671251719394773
adi              0        0     0.07478138527832312320764620720             0.000747813852783233995  0.137798  0.065127  0.4726265983541125415463214270
fdtd-2d          0        0  0.00004704790130159278723838813586  0.00001697663885679788055555555556  0.010052  0.006381  0.6347990449661758853959411062
jacobi-1d        0        0  0.00007857036815572305723013131653                    3.95077510528E-7  0.000058  0.000026  0.4482758620689655172413793103
jacobi-2d        0        0   0.0001428396627244173423026414782            0.0000900335637676545744  0.008578  0.006427  0.7492422476101655397528561436
2023-12-12 10:14:51,929 [INFO] 
loss: 3.84531307220459, prev_loss: 2.730011224746704

2023-12-12 10:14:51,929 [INFO] Loss increased from 2.730011224746704 to 3.84531307220459. Jumping to search new minima.
2023-12-12 10:14:51,929 [INFO] Modifying components ['REM_FIX' 'DIV_FLOAT' 'CAST_DOUBLE_FIX' 'CAST_FLOAT_DOUBLE'] with modifications [('REM_FIX', 0.8894997712476609), ('DIV_FLOAT', 0.9821175720011843), ('CAST_DOUBLE_FIX', 0.8308747739490933), ('CAST_FLOAT_DOUBLE', 0.9847284291021972)]
2023-12-12 10:14:51,962 [INFO] Running idx 9

2023-12-12 10:14:55,727 [INFO] Calculating loss for idx 9

2023-12-12 10:14:56,618 [INFO] 
          fix_nofl flo_nofl                              e_perc                               e_abs     fix_t     flt_t                         speedup
gemm             0        0  0.00001479771693590298682699517632  0.00001244721276953818181818181818  0.009421  0.003921  0.4161978558539433181190956374
syr2k            0        0  0.00001699802890578776291817536193  0.00001223600474022919097222222222  0.008395  0.005173  0.6162001191185229303156640858
syrk             0        0    0.008908022082727790005679672968    0.003215815621837633934027777778  0.004007  0.002060  0.5141003244322435737459445970
deriche          0        0  0.00003496357273198525772562378705    6.531283331761574074074074074E-9  0.018122  0.006172  0.3405805098774969650148990178
adi              0        0     0.07478138527832312320764620720             0.000747813852783233995  0.135955  0.066458  0.4888235077783089993012393807
fdtd-2d          0        0  0.00004704790130159278723838813586  0.00001697663885679788055555555556  0.010775  0.008632  0.8011136890951276102088167053
jacobi-1d        0        0  0.00007857036815572305723013131653                    3.95077510528E-7  0.000069  0.000030  0.4347826086956521739130434783
jacobi-2d        0        0   0.0001428396627244173423026414782            0.0000900335637676545744  0.009065  0.008069  0.8901268615554329840044125758
2023-12-12 10:14:56,634 [INFO] 
loss: 3.498074531555176, prev_loss: 3.84531307220459

2023-12-12 10:14:56,634 [INFO] Loss decreased from 3.84531307220459 to 3.498074531555176. Resetting components.
2023-12-12 10:14:56,645 [INFO] Resetting benchmark to everything for idx 10
2023-12-12 10:14:56,645 [INFO] Running idx 10

2023-12-12 10:15:07,846 [INFO] Calculating loss for idx 10

2023-12-12 10:15:10,345 [INFO] 
               fix_nofl flo_nofl                              e_perc                                e_abs     fix_t     flt_t                         speedup
correlation           0        0       1.194385528564461457949895475      0.01194385528564461558680555556  0.007832  0.010190   1.301072522982635342185903984
covariance            0        0   0.0001481311655862873288252545117     0.002076789008244972704861111111  0.005721  0.011050   1.931480510400279671386121307
2mm                   0        0    0.002116203505084219250051580296       0.1438640358449807895808080808  0.011236  0.015232   1.355642577429690281238875044
3mm                   0        0      0.1607428143865255962080035148        1.172867386937267929232804233  0.016016  0.022605   1.411401098901098901098901099
atax                  0        0    0.001245307518139623818345421377      0.03266340436183471048780487805  0.000163  0.000212   1.300613496932515337423312883
bicg                  0        0  0.00004759444696888559227595466863              0.000047051263120545625  0.000320  0.000365                        1.140625
doitgen               0        0  0.00001518226308628690546534849225  0.000002021210889111604166666666667  0.006051  0.006865   1.134523219302594612460750289
mvt                   0        0  0.00004734201893050139907084194797               0.00004664236306823225  0.000240  0.000431   1.795833333333333333333333333
gemm                  0        0  0.00001479771693590298682699517632   0.00001244721276953818181818181818  0.009626  0.003357  0.3487429877415333471847080823
gemver                0        0  0.00003027313379544594871299482309               0.00191701929193391475  0.000649  0.000449  0.6918335901386748844375963020
gesummv               0        0  0.00004861237071837252610943306509                0.0000806915283183144  0.000085  0.000189   2.223529411764705882352941176
symm                  0        0   0.0007963238953248391125850552133    0.0001487045288080912958333333333  0.009000  0.008835  0.9816666666666666666666666667
syr2k                 0        0  0.00001699802890578776291817536193   0.00001223600474022919097222222222  0.008305  0.006874  0.8276941601444912703190848886
syrk                  0        0    0.008908022082727790005679672968     0.003215815621837633934027777778  0.005995  0.003247  0.5416180150125104253544620517
trmm                  0        0   0.0001165630935028292699829867013            0.00004396649698377393125  0.004400  0.004578   1.040454545454545454545454545
cholesky              0        0   0.0008462985893928526759173484168  0.000005670095025417226932668329177  0.007397  0.010281   1.389887792348249290252805191
durbin                0        0      -25.16409692019274273840881420               0.00062922264855964425  0.000184  0.000124  0.6739130434782608695652173913
gramschmidt           0        0       8.481730959763505411538193444       0.2667616760502377581136363636  0.011731  0.012584   1.072713323672321200238683829
lu                    0        0    0.002061708849909160448173884941               0.00001379618248277339  0.019833  0.021031   1.060404376544143599052084909
ludcmp                0        0      0.2520458220045806715679653536               0.00002521245863239575  0.018779  0.019152   1.019862612492677991373342564
trisolv               0        0   0.0007163980422090239072829048338               0.00000225930572684625  0.000088  0.000127   1.443181818181818181818181818
deriche               0        0  0.00003496357273198525772562378705     6.531283331761574074074074074E-9  0.017671  0.005804  0.3284477392337728481693169600
floyd-warshall        0        0                                   0                                    0  0.089204  0.117551   1.317777229720640330030043496
nussinov              0        0                                   0                                    0  0.012605  0.012249  0.9717572391907973026576755256
adi                   0        0     0.07478138527832312320764620720              0.000747813852783233995  0.136651  0.062226  0.4553643954306957138989103629
fdtd-2d               0        0  0.00004704790130159278723838813586   0.00001697663885679788055555555556  0.011429  0.006436  0.5631288826668999912503281127
heat-3d               0        0                                   0                                0E-16  0.012801  0.016990   1.327240059370361690492930240
jacobi-1d             0        0  0.00007857036815572305723013131653                     3.95077510528E-7  0.000045  0.000020  0.4444444444444444444444444444
jacobi-2d             0        0   0.0001428396627244173423026414782             0.0000900335637676545744  0.011474  0.007951  0.6929579919818720585671953983
seidel-2d             0        0   0.0001020126506449179568796360769           0.000102525901793475199375  0.054989  0.089495   1.627507319645747331284438706
2023-12-12 10:15:10,358 [INFO] Modifying components ['CAST_DOUBLE_FIX' 'CAST_DOUBLE_FLOAT' 'ADD_FLOAT' 'SUB_FLOAT'] with modifications [('CAST_DOUBLE_FIX', 1.156882459754795), ('CAST_DOUBLE_FLOAT', 1.1258443719014297), ('ADD_FLOAT', 0.8432586664383135), ('SUB_FLOAT', 1.010918703203369)]
2023-12-12 10:15:10,375 [INFO] Running idx 11

2023-12-12 10:15:14,950 [INFO] Calculating loss for idx 11

2023-12-12 10:15:16,076 [INFO] 
          fix_nofl flo_nofl                              e_perc                               e_abs     fix_t     flt_t                         speedup
gemm             0        0  0.00001479771693590298682699517632  0.00001244721276953818181818181818  0.007010  0.003357  0.4788873038516405135520684736
gemver           0        0  0.00003027313379544594871299482309              0.00191701929193391475  0.000434  0.000617   1.421658986175115207373271889
symm             0        0   0.0007963238953248391125850552133   0.0001487045288080912958333333333  0.009101  0.006673  0.7332161300955938907812328316
syr2k            0        0  0.00001699802890578776291817536193  0.00001223600474022919097222222222  0.008372  0.005182  0.6189679885332059245102723364
syrk             0        0    0.008908022082727790005679672968    0.003215815621837633934027777778  0.005861  0.002077  0.3543763862822044019791844395
durbin           0        0      -25.16409692019274273840881420              0.00062922264855964425  0.000169  0.000170   1.005917159763313609467455621
deriche          0        0  0.00003496357273198525772562378705    6.531283331761574074074074074E-9  0.017163  0.007172  0.4178756627629202353900833188
nussinov         0        0                                   0                                   0  0.012398  0.016467   1.328198096467172124536215519
adi              0        0     0.07478138527832312320764620720             0.000747813852783233995  0.135936  0.059051  0.4344029543314500941619585687
fdtd-2d          0        0  0.00004704790130159278723838813586  0.00001697663885679788055555555556  0.009773  0.006359  0.6506702138544970838023124936
jacobi-1d        0        0  0.00007857036815572305723013131653                    3.95077510528E-7  0.000058  0.000026  0.4482758620689655172413793103
jacobi-2d        0        0   0.0001428396627244173423026414782            0.0000900335637676545744  0.008571  0.007248  0.8456422821141057052852642632
2023-12-12 10:15:16,090 [INFO] 
loss: 4.017685413360596, prev_loss: 4.47843074798584

2023-12-12 10:15:16,090 [INFO] Loss decreased from 4.47843074798584 to 4.017685413360596. Resetting components.
2023-12-12 10:15:16,090 [INFO] Modifying components ['CAST_FIX_FLOAT' 'DIV_FIX' 'DIV_FLOAT' 'SUB_DOUBLE'] with modifications [('CAST_FIX_FLOAT', 1.381012042076738), ('DIV_FIX', 1.211561604660195), ('DIV_FLOAT', 0.7461806765469884), ('SUB_DOUBLE', 1.200594900511189)]
2023-12-12 10:15:16,102 [INFO] Running idx 12

2023-12-12 10:15:20,112 [INFO] Calculating loss for idx 12

2023-12-12 10:15:21,074 [INFO] 
          fix_nofl flo_nofl                              e_perc                               e_abs     fix_t     flt_t                         speedup
gemm             0        0  0.00001479771693590298682699517632  0.00001244721276953818181818181818  0.007093  0.002826  0.3984209784294374735654871000
symm             0        0   0.0007963238953248391125850552133   0.0001487045288080912958333333333  0.006654  0.008982   1.349864743011722272317403066
syr2k            0        0  0.00001699802890578776291817536193  0.00001223600474022919097222222222  0.008884  0.005328  0.5997298514182800540297163440
syrk             0        0    0.008908022082727790005679672968    0.003215815621837633934027777778  0.004158  0.002165  0.5206830206830206830206830207
deriche          0        0  0.00003496357273198525772562378705    6.531283331761574074074074074E-9  0.015015  0.005838  0.3888111888111888111888111888
adi              0        0     0.07478138527832312320764620720             0.000747813852783233995  0.135912  0.064696  0.4760138913414562363882512214
fdtd-2d          0        0  0.00004704790130159278723838813586  0.00001697663885679788055555555556  0.011471  0.006456  0.5628105657745619388021968442
jacobi-1d        0        0  0.00007857036815572305723013131653                    3.95077510528E-7  0.000046  0.000036  0.7826086956521739130434782609
jacobi-2d        0        0   0.0001428396627244173423026414782            0.0000900335637676545744  0.011635  0.006255  0.5376020627417275461968199398
2023-12-12 10:15:21,086 [INFO] 
loss: 3.7333197593688965, prev_loss: 4.017685413360596

2023-12-12 10:15:21,086 [INFO] Loss decreased from 4.017685413360596 to 3.7333197593688965. Resetting components.
2023-12-12 10:15:21,086 [INFO] Modifying components ['CAST_FLOAT_FIX' 'ADD_DOUBLE' 'CAST_FLOAT_DOUBLE' 'CAST_FIX_FLOAT'] with modifications [('CAST_FLOAT_FIX', 1.4467384256923728), ('ADD_DOUBLE', 0.7222538070874437), ('CAST_FLOAT_DOUBLE', 0.852988001994288), ('CAST_FIX_FLOAT', 0.7485700091407443)]
2023-12-12 10:15:21,100 [INFO] Running idx 13

2023-12-12 10:15:24,916 [INFO] Calculating loss for idx 13

2023-12-12 10:15:25,839 [INFO] 
          fix_nofl flo_nofl                              e_perc                               e_abs     fix_t     flt_t                         speedup
gemm             0        0  0.00001479771693590298682699517632  0.00001244721276953818181818181818  0.006930  0.003750  0.5411255411255411255411255411
syr2k            0        0  0.00001699802890578776291817536193  0.00001223600474022919097222222222  0.011687  0.007507  0.6423376401129460083853854710
syrk             0        0    0.008908022082727790005679672968    0.003215815621837633934027777778  0.004047  0.002090  0.5164319248826291079812206573
deriche          0        0  0.00003496357273198525772562378705    6.531283331761574074074074074E-9  0.014881  0.005800  0.3897587527719911296283851892
adi              0        0     0.07478138527832312320764620720             0.000747813852783233995  0.138803  0.067582  0.4868914936997038968898366750
fdtd-2d          0        0  0.00004704790130159278723838813586  0.00001697663885679788055555555556  0.011041  0.008660  0.7843492437279231953627388823
jacobi-1d        0        0  0.00007857036815572305723013131653                    3.95077510528E-7  0.000059  0.000034  0.5762711864406779661016949153
jacobi-2d        0        0   0.0001428396627244173423026414782            0.0000900335637676545744  0.012002  0.006594  0.5494084319280119980003332778
2023-12-12 10:15:25,850 [INFO] 
loss: 3.513425827026367, prev_loss: 3.7333197593688965

2023-12-12 10:15:25,850 [INFO] Loss decreased from 3.7333197593688965 to 3.513425827026367. Resetting components.
2023-12-12 10:15:25,851 [INFO] Modifying components ['REM_FIX' 'MUL_FLOAT' 'CAST_FIX_DOUBLE' 'DIV_FLOAT'] with modifications [('REM_FIX', 0.946411002535974), ('MUL_FLOAT', 1.0899137803283117), ('CAST_FIX_DOUBLE', 0.8925482539817704), ('DIV_FLOAT', 1.4866437867047342)]
2023-12-12 10:15:25,864 [INFO] Running idx 14

2023-12-12 10:15:29,351 [INFO] Calculating loss for idx 14

2023-12-12 10:15:30,275 [INFO] 
          fix_nofl flo_nofl                              e_perc                               e_abs     fix_t     flt_t                         speedup
gemm             0        0  0.00001479771693590298682699517632  0.00001244721276953818181818181818  0.007060  0.002701  0.3825779036827195467422096317
syr2k            0        0  0.00001699802890578776291817536193  0.00001223600474022919097222222222  0.008482  0.005410  0.6378212685687337892006602216
syrk             0        0    0.008908022082727790005679672968    0.003215815621837633934027777778  0.004155  0.002266  0.5453670276774969915764139591
deriche          0        0  0.00003496357273198525772562378705    6.531283331761574074074074074E-9  0.011298  0.005866  0.5192069392812887236679058240
adi              0        0     0.07478138527832312320764620720             0.000747813852783233995  0.133468  0.058918  0.4414391464620733059609794108
fdtd-2d          0        0  0.00004704790130159278723838813586  0.00001697663885679788055555555556  0.007913  0.006591  0.8329331479843295842284847719
jacobi-1d        0        0  0.00007857036815572305723013131653                    3.95077510528E-7  0.000046  0.000020  0.4347826086956521739130434783
jacobi-2d        0        0   0.0001428396627244173423026414782            0.0000900335637676545744  0.008953  0.006091  0.6803306154361666480509326483
2023-12-12 10:15:30,285 [INFO] 
loss: 3.525541305541992, prev_loss: 3.513425827026367

2023-12-12 10:15:30,285 [INFO] Loss increased from 3.513425827026367 to 3.525541305541992. Jumping to search new minima.
2023-12-12 10:15:30,285 [INFO] Modifying components ['DIV_FIX' 'CAST_DOUBLE_FLOAT' 'ADD_DOUBLE' 'REM_FLOAT'] with modifications [('DIV_FIX', 1.2734576398943573), ('CAST_DOUBLE_FLOAT', 1.026327478586941), ('ADD_DOUBLE', 1.3333999576924942), ('REM_FLOAT', 1.386200394878467)]
2023-12-12 10:15:30,297 [INFO] Running idx 15

2023-12-12 10:15:33,963 [INFO] Calculating loss for idx 15

2023-12-12 10:15:34,904 [INFO] 
          fix_nofl flo_nofl                              e_perc                               e_abs     fix_t     flt_t                         speedup
gemm             0        0  0.00001479771693590298682699517632  0.00001244721276953818181818181818  0.009055  0.003382  0.3734953064605190502484815019
syr2k            0        0  0.00001699802890578776291817536193  0.00001223600474022919097222222222  0.008407  0.004953  0.5891518972285000594742476508
syrk             0        0    0.008908022082727790005679672968    0.003215815621837633934027777778  0.004069  0.003238  0.7957729171786679773900221185
deriche          0        0  0.00003496357273198525772562378705    6.531283331761574074074074074E-9  0.014452  0.005626  0.3892886797675062275117630778
adi              0        0     0.07478138527832312320764620720             0.000747813852783233995  0.132970  0.065394  0.4917951417612995412499059938
fdtd-2d          0        0  0.00004704790130159278723838813586  0.00001697663885679788055555555556  0.010467  0.006449  0.6161268749402885258431260151
jacobi-1d        0        0  0.00007857036815572305723013131653                    3.95077510528E-7  0.000079  0.000028  0.3544303797468354430379746835
jacobi-2d        0        0   0.0001428396627244173423026414782            0.0000900335637676545744  0.008417  0.006893  0.8189378638469763573719852679
2023-12-12 10:15:34,914 [INFO] 
loss: 3.5710010528564453, prev_loss: 3.525541305541992

2023-12-12 10:15:34,914 [INFO] Loss increased from 3.525541305541992 to 3.5710010528564453. Jumping to search new minima.
2023-12-12 10:15:34,914 [INFO] Modifying components ['CAST_DOUBLE_FLOAT' 'SUB_DOUBLE' 'CAST_FIX_FLOAT' 'DIV_FIX'] with modifications [('CAST_DOUBLE_FLOAT', 1.1059831321553975), ('SUB_DOUBLE', 1.3447473833089085), ('CAST_FIX_FLOAT', 1.3667714446591517), ('DIV_FIX', 1.431437970655311)]
2023-12-12 10:15:34,927 [INFO] Running idx 16

2023-12-12 10:15:38,687 [INFO] Calculating loss for idx 16

2023-12-12 10:15:39,599 [INFO] 
          fix_nofl flo_nofl                              e_perc                               e_abs     fix_t     flt_t                         speedup
gemm             0        0  0.00001479771693590298682699517632  0.00001244721276953818181818181818  0.010050  0.003914  0.3894527363184079601990049751
syr2k            0        0  0.00001699802890578776291817536193  0.00001223600474022919097222222222  0.011236  0.006845  0.6092025631897472410110359559
syrk             0        0    0.008908022082727790005679672968    0.003215815621837633934027777778  0.004659  0.002095  0.4496673105816698862416827645
deriche          0        0  0.00003496357273198525772562378705    6.531283331761574074074074074E-9  0.017985  0.006248  0.3474006116207951070336391437
adi              0        0     0.07478138527832312320764620720             0.000747813852783233995  0.136215  0.068231  0.5009066549205300444150791029
fdtd-2d          0        0  0.00004704790130159278723838813586  0.00001697663885679788055555555556  0.009498  0.008876  0.9345125289534638871341335018
jacobi-1d        0        0  0.00007857036815572305723013131653                    3.95077510528E-7  0.000049  0.000021  0.4285714285714285714285714286
jacobi-2d        0        0   0.0001428396627244173423026414782            0.0000900335637676545744  0.008671  0.006308  0.7274824126398339291892515281
2023-12-12 10:15:39,613 [INFO] 
loss: 3.6128036975860596, prev_loss: 3.5710010528564453

2023-12-12 10:15:39,613 [INFO] Loss increased from 3.5710010528564453 to 3.6128036975860596. Removing components ['CAST_DOUBLE_FLOAT' 'SUB_DOUBLE' 'CAST_FIX_FLOAT' 'DIV_FIX'] and reversing modifications.
2023-12-12 10:15:39,628 [INFO] Modifying components ['ADD_FLOAT' 'DIV_DOUBLE' 'CAST_FIX_DOUBLE' 'CAST_FIX_FIX'] with modifications [('ADD_FLOAT', 1.1485174138036731), ('DIV_DOUBLE', 1.3081905927499746), ('CAST_FIX_DOUBLE', 1.386779682815828), ('CAST_FIX_FIX', 1.4931541113059204)]
2023-12-12 10:15:39,640 [INFO] Running idx 17

2023-12-12 10:15:43,428 [INFO] Calculating loss for idx 17

2023-12-12 10:15:44,333 [INFO] 
          fix_nofl flo_nofl                              e_perc                               e_abs     fix_t     flt_t                         speedup
gemm             0        0  0.00001479771693590298682699517632  0.00001244721276953818181818181818  0.009853  0.004366  0.4431137724550898203592814371
syr2k            0        0  0.00001699802890578776291817536193  0.00001223600474022919097222222222  0.008383  0.005041  0.6013360372181796492902302278
syrk             0        0    0.008908022082727790005679672968    0.003215815621837633934027777778  0.005717  0.002116  0.3701241910092705964666783278
deriche          0        0  0.00003496357273198525772562378705    6.531283331761574074074074074E-9  0.014622  0.006222  0.4255231842429216249487074272
adi              0        0     0.07478138527832312320764620720             0.000747813852783233995  0.138910  0.067915  0.4889136851198617810092865884
fdtd-2d          0        0  0.00004704790130159278723838813586  0.00001697663885679788055555555556  0.011516  0.008665  0.7524313997915943035776311219
jacobi-1d        0        0  0.00007857036815572305723013131653                    3.95077510528E-7  0.000067  0.000029  0.4328358208955223880597014925
jacobi-2d        0        0   0.0001428396627244173423026414782            0.0000900335637676545744  0.008502  0.006029  0.7091272641731357327687602917
2023-12-12 10:15:44,342 [INFO] 
loss: 3.776594638824463, prev_loss: 3.5710010528564453

2023-12-12 10:15:44,342 [INFO] Loss increased from 3.5710010528564453 to 3.776594638824463. Removing components ['ADD_FLOAT' 'DIV_DOUBLE' 'CAST_FIX_DOUBLE' 'CAST_FIX_FIX'] and reversing modifications.
2023-12-12 10:15:44,355 [INFO] Modifying components ['CAST_DOUBLE_FIX' 'SUB_FLOAT' 'REM_DOUBLE' 'CAST_FLOAT_DOUBLE'] with modifications [('CAST_DOUBLE_FIX', 1.4534111252819426), ('SUB_FLOAT', 1.4220732810693102), ('REM_DOUBLE', 0.8519409219239101), ('CAST_FLOAT_DOUBLE', 1.098593389741151)]
2023-12-12 10:15:44,366 [INFO] Running idx 18

2023-12-12 10:15:47,966 [INFO] Calculating loss for idx 18

2023-12-12 10:15:48,883 [INFO] 
          fix_nofl flo_nofl                              e_perc                               e_abs     fix_t     flt_t                         speedup
gemm             0        0  0.00001479771693590298682699517632  0.00001244721276953818181818181818  0.006985  0.002669  0.3821045096635647816750178955
syr2k            0        0  0.00001699802890578776291817536193  0.00001223600474022919097222222222  0.008406  0.005047  0.6004044729954794194622888413
syrk             0        0    0.008908022082727790005679672968    0.003215815621837633934027777778  0.004405  0.002271  0.5155505107832009080590238365
deriche          0        0  0.00003496357273198525772562378705    6.531283331761574074074074074E-9  0.014796  0.006048  0.4087591240875912408759124088
adi              0        0     0.07478138527832312320764620720             0.000747813852783233995  0.136127  0.062812  0.4614220544050776113482262887
fdtd-2d          0        0  0.00004704790130159278723838813586  0.00001697663885679788055555555556  0.008937  0.006369  0.7126552534407519301779120510
jacobi-1d        0        0  0.00007857036815572305723013131653                    3.95077510528E-7  0.000046  0.000025  0.5434782608695652173913043478
jacobi-2d        0        0   0.0001428396627244173423026414782            0.0000900335637676545744  0.008345  0.005817  0.6970641102456560814859197124
2023-12-12 10:15:48,892 [INFO] 
loss: 3.6785616874694824, prev_loss: 3.5710010528564453

2023-12-12 10:15:48,892 [INFO] Loss increased from 3.5710010528564453 to 3.6785616874694824. Removing components ['CAST_DOUBLE_FIX' 'SUB_FLOAT' 'REM_DOUBLE' 'CAST_FLOAT_DOUBLE'] and reversing modifications.
2023-12-12 10:15:48,904 [INFO] Modifying components ['MUL_FLOAT' 'CAST_FLOAT_FIX' 'DIV_FLOAT' 'MUL_DOUBLE'] with modifications [('MUL_FLOAT', 0.7333848797652299), ('CAST_FLOAT_FIX', 0.9705459947478231), ('DIV_FLOAT', 0.7362898373866054), ('MUL_DOUBLE', 0.9919167025795173)]
2023-12-12 10:15:48,916 [INFO] Running idx 19

2023-12-12 10:15:52,779 [INFO] Calculating loss for idx 19

2023-12-12 10:15:53,675 [INFO] 
          fix_nofl flo_nofl                              e_perc                               e_abs     fix_t     flt_t                         speedup
gemm             0        0  0.00001479771693590298682699517632  0.00001244721276953818181818181818  0.006984  0.003984  0.5704467353951890034364261168
syr2k            0        0  0.00001699802890578776291817536193  0.00001223600474022919097222222222  0.010985  0.007174  0.6530723714155666818388711880
syrk             0        0    0.008908022082727790005679672968    0.003215815621837633934027777778  0.004087  0.002125  0.5199412772204551015414729631
deriche          0        0  0.00003496357273198525772562378705    6.531283331761574074074074074E-9  0.018838  0.008364  0.4439961779382100010616838306
adi              0        0     0.07478138527832312320764620720             0.000747813852783233995  0.138096  0.067779  0.4908107403545359749739311783
fdtd-2d          0        0  0.00004704790130159278723838813586  0.00001697663885679788055555555556  0.010954  0.009073  0.8282819061530034690524009494
jacobi-1d        0        0  0.00007857036815572305723013131653                    3.95077510528E-7  0.000064  0.000027                        0.421875
jacobi-2d        0        0   0.0001428396627244173423026414782            0.0000900335637676545744  0.008288  0.008084  0.9753861003861003861003861004
2023-12-12 10:15:53,688 [INFO] 
loss: 3.0961897373199463, prev_loss: 3.5710010528564453

2023-12-12 10:15:53,688 [INFO] Loss decreased from 3.5710010528564453 to 3.0961897373199463. Resetting components.
2023-12-12 10:15:53,696 [INFO] Resetting benchmark to everything for idx 20
2023-12-12 10:15:53,696 [INFO] Running idx 20

2023-12-12 10:16:04,881 [INFO] Calculating loss for idx 20

2023-12-12 10:16:07,358 [INFO] 
               fix_nofl flo_nofl                              e_perc                                e_abs     fix_t     flt_t                         speedup
correlation           0        0       1.194385528564461457949895475      0.01194385528564461558680555556  0.005493  0.010683   1.944838885854724194429273621
covariance            0        0   0.0001481311655862873288252545117     0.002076789008244972704861111111  0.005210  0.008543   1.639731285988483685220729367
2mm                   0        0    0.002116203505084219250051580296       0.1438640358449807895808080808  0.013972  0.014372   1.028628685943315201832235900
3mm                   0        0      0.1607428143865255962080035148        1.172867386937267929232804233  0.013584  0.025303   1.862706124852767962308598351
atax                  0        0    0.001245307518139623818345421377      0.03266340436183471048780487805  0.000206  0.000320   1.553398058252427184466019417
bicg                  0        0  0.00004759444696888559227595466863              0.000047051263120545625  0.000246  0.000421   1.711382113821138211382113821
doitgen               0        0  0.00001518226308628690546534849225  0.000002021210889111604166666666667  0.004252  0.006781   1.594778927563499529633113829
mvt                   0        0  0.00004734201893050139907084194797               0.00004664236306823225  0.000222  0.000533   2.400900900900900900900900901
gemm                  0        0  0.00001479771693590298682699517632   0.00001244721276953818181818181818  0.006886  0.002652  0.3851292477490560557653209410
gemver                0        0  0.00003027313379544594871299482309               0.00191701929193391475  0.000730  0.000417  0.5712328767123287671232876712
gesummv               0        0  0.00004861237071837252610943306509                0.0000806915283183144  0.000142  0.000181   1.274647887323943661971830986
symm                  0        0   0.0007963238953248391125850552133    0.0001487045288080912958333333333  0.006714  0.009094   1.354483169496574322311587727
syr2k                 0        0  0.00001699802890578776291817536193   0.00001223600474022919097222222222  0.008608  0.005185  0.6023466542750929368029739777
syrk                  0        0    0.008908022082727790005679672968     0.003215815621837633934027777778  0.004188  0.002139  0.5107449856733524355300859599
trmm                  0        0   0.0001165630935028292699829867013            0.00004396649698377393125  0.005936  0.006197   1.043969002695417789757412399
cholesky              0        0   0.0008462985893928526759173484168  0.000005670095025417226932668329177  0.007471  0.010259   1.373176281622272788114040958
durbin                0        0      -25.16409692019274273840881420               0.00062922264855964425  0.000184  0.000135  0.7336956521739130434782608696
gramschmidt           0        0       8.481730959763505411538193444       0.2667616760502377581136363636  0.010783  0.012571   1.165816563108596865436334972
lu                    0        0    0.002061708849909160448173884941               0.00001379618248277339  0.019225  0.021096   1.097321196358907672301690507
ludcmp                0        0      0.2520458220045806715679653536               0.00002521245863239575  0.018620  0.019166   1.029323308270676691729323308
trisolv               0        0   0.0007163980422090239072829048338               0.00000225930572684625  0.000122  0.000090  0.7377049180327868852459016393
deriche               0        0  0.00003496357273198525772562378705     6.531283331761574074074074074E-9  0.016996  0.007114  0.4185690750764885855495410685
floyd-warshall        0        0                                   0                                    0  0.088167  0.115984   1.315503533067927909535313666
nussinov              0        0                                   0                                    0  0.012287  0.013157   1.070806543501261495889965004
adi                   0        0     0.07478138527832312320764620720              0.000747813852783233995  0.139721  0.059065  0.4227353082213840439160899221
fdtd-2d               0        0  0.00004704790130159278723838813586   0.00001697663885679788055555555556  0.010697  0.008808  0.8234084322707301112461437786
heat-3d               0        0                                   0                                0E-16  0.009780  0.014632   1.496114519427402862985685072
jacobi-1d             0        0  0.00007857036815572305723013131653                     3.95077510528E-7  0.000050  0.000021                            0.42
jacobi-2d             0        0   0.0001428396627244173423026414782             0.0000900335637676545744  0.008666  0.006206  0.7161320101546272790214631895
seidel-2d             0        0   0.0001020126506449179568796360769           0.000102525901793475199375  0.052819  0.085568   1.620023097748916109733239933
2023-12-12 10:16:07,368 [INFO] Modifying components ['CAST_FLOAT_FIX' 'MUL_FLOAT' 'DIV_FIX' 'MUL_FIX'] with modifications [('CAST_FLOAT_FIX', 0.9178539515917561), ('MUL_FLOAT', 1.2533923515664358), ('DIV_FIX', 0.8850706674850198), ('MUL_FIX', 1.3445219597834326)]
2023-12-12 10:16:07,380 [INFO] Running idx 21

2023-12-12 10:16:11,362 [INFO] Calculating loss for idx 21

2023-12-12 10:16:12,274 [INFO] 
          fix_nofl flo_nofl                              e_perc                               e_abs     fix_t     flt_t                         speedup
gemm             0        0  0.00001479771693590298682699517632  0.00001244721276953818181818181818  0.007061  0.002682  0.3798328848605013454184959637
gemver           0        0  0.00003027313379544594871299482309              0.00191701929193391475  0.000738  0.000451  0.6111111111111111111111111111
syr2k            0        0  0.00001699802890578776291817536193  0.00001223600474022919097222222222  0.008542  0.005989  0.7011238585811285413252165769
syrk             0        0    0.008908022082727790005679672968    0.003215815621837633934027777778  0.004192  0.002070  0.4937977099236641221374045802
durbin           0        0      -25.16409692019274273840881420              0.00062922264855964425  0.000184  0.000115                           0.625
trisolv          0        0   0.0007163980422090239072829048338              0.00000225930572684625  0.000086  0.000109   1.267441860465116279069767442
deriche          0        0  0.00003496357273198525772562378705    6.531283331761574074074074074E-9  0.018511  0.008073  0.4361190643401220895683647561
adi              0        0     0.07478138527832312320764620720             0.000747813852783233995  0.136420  0.065705  0.4816375897962175634071250550
fdtd-2d          0        0  0.00004704790130159278723838813586  0.00001697663885679788055555555556  0.010123  0.008750  0.8643682702756099970364516448
jacobi-1d        0        0  0.00007857036815572305723013131653                    3.95077510528E-7  0.000057  0.000033  0.5789473684210526315789473684
jacobi-2d        0        0   0.0001428396627244173423026414782            0.0000900335637676545744  0.009705  0.007146  0.7363214837712519319938176198
2023-12-12 10:16:12,286 [INFO] 
loss: 4.09174108505249, prev_loss: 4.658300876617432

2023-12-12 10:16:12,286 [INFO] Loss decreased from 4.658300876617432 to 4.09174108505249. Resetting components.
2023-12-12 10:16:12,286 [INFO] Modifying components ['DIV_FIX' 'CAST_DOUBLE_FIX' 'MUL_FIX' 'MUL_DOUBLE'] with modifications [('DIV_FIX', 0.8226380503669312), ('CAST_DOUBLE_FIX', 0.9761501871268881), ('MUL_FIX', 0.6823163209880029), ('MUL_DOUBLE', 1.0120216164219358)]
2023-12-12 10:16:12,301 [INFO] Running idx 22

2023-12-12 10:16:16,166 [INFO] Calculating loss for idx 22

2023-12-12 10:16:17,094 [INFO] 
          fix_nofl flo_nofl                              e_perc                               e_abs     fix_t     flt_t                         speedup
gemm             0        0  0.00001479771693590298682699517632  0.00001244721276953818181818181818  0.006916  0.002722  0.3935801041064198958935801041
gemver           0        0  0.00003027313379544594871299482309              0.00191701929193391475  0.000448  0.000395  0.8816964285714285714285714286
syr2k            0        0  0.00001699802890578776291817536193  0.00001223600474022919097222222222  0.011078  0.007824  0.7062646687127640368297526629
syrk             0        0    0.008908022082727790005679672968    0.003215815621837633934027777778  0.004132  0.002247  0.5438044530493707647628267183
durbin           0        0      -25.16409692019274273840881420              0.00062922264855964425  0.000106  0.000114   1.075471698113207547169811321
deriche          0        0  0.00003496357273198525772562378705    6.531283331761574074074074074E-9  0.018025  0.005730  0.3178918169209431345353675451
adi              0        0     0.07478138527832312320764620720             0.000747813852783233995  0.135960  0.066989  0.4927110914974992644895557517
fdtd-2d          0        0  0.00004704790130159278723838813586  0.00001697663885679788055555555556  0.012949  0.009326  0.7202100548304888408371302803
jacobi-1d        0        0  0.00007857036815572305723013131653                    3.95077510528E-7  0.000091  0.000030  0.3296703296703296703296703297
jacobi-2d        0        0   0.0001428396627244173423026414782            0.0000900335637676545744  0.009092  0.009403   1.034205895292564892212934448
2023-12-12 10:16:17,108 [INFO] 
loss: 3.614171028137207, prev_loss: 4.09174108505249

2023-12-12 10:16:17,108 [INFO] Loss decreased from 4.09174108505249 to 3.614171028137207. Resetting components.
2023-12-12 10:16:17,108 [INFO] Modifying components ['DIV_FLOAT' 'CAST_FIX_FLOAT' 'CAST_FLOAT_DOUBLE' 'REM_FIX'] with modifications [('DIV_FLOAT', 1.0679282195666167), ('CAST_FIX_FLOAT', 1.4713624097386238), ('CAST_FLOAT_DOUBLE', 0.9194455204409202), ('REM_FIX', 1.108749633392895)]
2023-12-12 10:16:17,124 [INFO] Running idx 23

2023-12-12 10:16:20,497 [INFO] Calculating loss for idx 23

2023-12-12 10:16:21,338 [INFO] 
          fix_nofl flo_nofl                              e_perc                               e_abs     fix_t     flt_t                         speedup
gemm             0        0  0.00001479771693590298682699517632  0.00001244721276953818181818181818  0.007021  0.002798  0.3985187295257085885201538242
gemver           0        0  0.00003027313379544594871299482309              0.00191701929193391475  0.000444  0.000406  0.9144144144144144144144144144
syr2k            0        0  0.00001699802890578776291817536193  0.00001223600474022919097222222222  0.008560  0.004977  0.5814252336448598130841121495
syrk             0        0    0.008908022082727790005679672968    0.003215815621837633934027777778  0.004061  0.002096  0.5161290322580645161290322581
deriche          0        0  0.00003496357273198525772562378705    6.531283331761574074074074074E-9  0.017216  0.005755  0.3342820631970260223048327138
adi              0        0     0.07478138527832312320764620720             0.000747813852783233995  0.138709  0.066405  0.4787360589435436777714495815
fdtd-2d          0        0  0.00004704790130159278723838813586  0.00001697663885679788055555555556  0.011336  0.006402  0.5647494707127734650670430487
jacobi-1d        0        0  0.00007857036815572305723013131653                    3.95077510528E-7  0.000073  0.000031  0.4246575342465753424657534247
2023-12-12 10:16:21,354 [INFO] 
loss: 3.7870874404907227, prev_loss: 3.614171028137207

2023-12-12 10:16:21,354 [INFO] Loss increased from 3.614171028137207 to 3.7870874404907227. Removing components ['DIV_FLOAT' 'CAST_FIX_FLOAT' 'CAST_FLOAT_DOUBLE' 'REM_FIX'] and reversing modifications.
2023-12-12 10:16:21,365 [INFO] Modifying components ['SUB_FLOAT' 'MUL_FLOAT' 'DIV_DOUBLE' 'REM_FLOAT'] with modifications [('SUB_FLOAT', 1.255454996478223), ('MUL_FLOAT', 1.2877093730396532), ('DIV_DOUBLE', 1.0503895984774647), ('REM_FLOAT', 1.0339419623409751)]
2023-12-12 10:16:21,375 [INFO] Running idx 24

2023-12-12 10:16:24,846 [INFO] Calculating loss for idx 24

2023-12-12 10:16:25,696 [INFO] 
          fix_nofl flo_nofl                              e_perc                               e_abs     fix_t     flt_t                         speedup
gemm             0        0  0.00001479771693590298682699517632  0.00001244721276953818181818181818  0.009432  0.004181  0.4432782018659881255301102629
gemver           0        0  0.00003027313379544594871299482309              0.00191701929193391475  0.000475  0.000598   1.258947368421052631578947368
syr2k            0        0  0.00001699802890578776291817536193  0.00001223600474022919097222222222  0.008216  0.005184  0.6309639727361246348588120740
syrk             0        0    0.008908022082727790005679672968    0.003215815621837633934027777778  0.004143  0.003203  0.7731112720251025826695631185
deriche          0        0  0.00003496357273198525772562378705    6.531283331761574074074074074E-9  0.018252  0.006670  0.3654394039009423624808240193
adi              0        0     0.07478138527832312320764620720             0.000747813852783233995  0.136037  0.068183  0.5012092298418812528944331322
fdtd-2d          0        0  0.00004704790130159278723838813586  0.00001697663885679788055555555556  0.010606  0.008923  0.8413162360927776730152743730
jacobi-1d        0        0  0.00007857036815572305723013131653                    3.95077510528E-7  0.000063  0.000027  0.4285714285714285714285714286
2023-12-12 10:16:25,710 [INFO] 
loss: 3.0161101818084717, prev_loss: 3.614171028137207

2023-12-12 10:16:25,710 [INFO] Loss decreased from 3.614171028137207 to 3.0161101818084717. Resetting components.
2023-12-12 10:16:25,710 [INFO] Modifying components ['MUL_FIX' 'MUL_DOUBLE' 'DIV_FLOAT' 'CAST_DOUBLE_FLOAT'] with modifications [('MUL_FIX', 1.234396462337409), ('MUL_DOUBLE', 0.8474551729913232), ('DIV_FLOAT', 1.393430064028114), ('CAST_DOUBLE_FLOAT', 1.3513482119263733)]
2023-12-12 10:16:25,720 [INFO] Running idx 25

2023-12-12 10:16:29,053 [INFO] Calculating loss for idx 25

2023-12-12 10:16:29,884 [INFO] 
          fix_nofl flo_nofl                              e_perc                               e_abs     fix_t     flt_t                         speedup
gemm             0        0  0.00001479771693590298682699517632  0.00001244721276953818181818181818  0.006927  0.002786  0.4021943121120254078244550310
syr2k            0        0  0.00001699802890578776291817536193  0.00001223600474022919097222222222  0.008235  0.006938  0.8425015179113539769277474196
syrk             0        0    0.008908022082727790005679672968    0.003215815621837633934027777778  0.004029  0.002084  0.5172499379498634896996773393
deriche          0        0  0.00003496357273198525772562378705    6.531283331761574074074074074E-9  0.018304  0.005718  0.3123907342657342657342657343
adi              0        0     0.07478138527832312320764620720             0.000747813852783233995  0.138073  0.066908  0.4845842416692619121768919340
fdtd-2d          0        0  0.00004704790130159278723838813586  0.00001697663885679788055555555556  0.009494  0.008939  0.9415420265430798398988835054
jacobi-1d        0        0  0.00007857036815572305723013131653                    3.95077510528E-7  0.000060  0.000034  0.5666666666666666666666666667
2023-12-12 10:16:29,895 [INFO] 
loss: 2.932870388031006, prev_loss: 3.0161101818084717

2023-12-12 10:16:29,895 [INFO] Loss decreased from 3.0161101818084717 to 2.932870388031006. Resetting components.
2023-12-12 10:16:29,895 [INFO] Modifying components ['CAST_DOUBLE_FLOAT' 'MUL_FLOAT' 'MUL_DOUBLE' 'REM_FIX'] with modifications [('CAST_DOUBLE_FLOAT', 1.225641297946741), ('MUL_FLOAT', 1.1731013738570177), ('MUL_DOUBLE', 1.152329024963412), ('REM_FIX', 0.7826129709472894)]
2023-12-12 10:16:29,909 [INFO] Running idx 26

2023-12-12 10:16:33,273 [INFO] Calculating loss for idx 26

2023-12-12 10:16:34,096 [INFO] 
          fix_nofl flo_nofl                              e_perc                               e_abs     fix_t     flt_t                         speedup
gemm             0        0  0.00001479771693590298682699517632  0.00001244721276953818181818181818  0.007130  0.002801  0.3928471248246844319775596073
syr2k            0        0  0.00001699802890578776291817536193  0.00001223600474022919097222222222  0.008417  0.007180  0.8530355233456100748485208507
syrk             0        0    0.008908022082727790005679672968    0.003215815621837633934027777778  0.004134  0.002105  0.5091920657958393807450411224
deriche          0        0  0.00003496357273198525772562378705    6.531283331761574074074074074E-9  0.015299  0.005729  0.3744689195372246552062226289
adi              0        0     0.07478138527832312320764620720             0.000747813852783233995  0.135358  0.066605  0.4920654856011465890453464147
fdtd-2d          0        0  0.00004704790130159278723838813586  0.00001697663885679788055555555556  0.011632  0.006332  0.5443603851444291609353507565
jacobi-1d        0        0  0.00007857036815572305723013131653                    3.95077510528E-7  0.000079  0.000043  0.5443037974683544303797468354
2023-12-12 10:16:34,109 [INFO] 
loss: 3.289726734161377, prev_loss: 2.932870388031006

2023-12-12 10:16:34,110 [INFO] Loss increased from 2.932870388031006 to 3.289726734161377. Removing components ['CAST_DOUBLE_FLOAT' 'MUL_FLOAT' 'MUL_DOUBLE' 'REM_FIX'] and reversing modifications.
2023-12-12 10:16:34,126 [INFO] Modifying components ['REM_FLOAT' 'DIV_FLOAT' 'CAST_FIX_DOUBLE' 'CAST_FIX_FIX'] with modifications [('REM_FLOAT', 0.9067039921954922), ('DIV_FLOAT', 0.9261828478119143), ('CAST_FIX_DOUBLE', 0.8991911640297119), ('CAST_FIX_FIX', 0.785572824204235)]
2023-12-12 10:16:34,142 [INFO] Running idx 27

2023-12-12 10:16:37,471 [INFO] Calculating loss for idx 27

2023-12-12 10:16:38,288 [INFO] 
          fix_nofl flo_nofl                              e_perc                               e_abs     fix_t     flt_t                         speedup
gemm             0        0  0.00001479771693590298682699517632  0.00001244721276953818181818181818  0.006886  0.002646  0.3842579146093523090328202149
syr2k            0        0  0.00001699802890578776291817536193  0.00001223600474022919097222222222  0.014958  0.004914  0.3285198555956678700361010830
syrk             0        0    0.008908022082727790005679672968    0.003215815621837633934027777778  0.004087  0.002090  0.5113775385368240763396134084
deriche          0        0  0.00003496357273198525772562378705    6.531283331761574074074074074E-9  0.017337  0.005766  0.3325834919536251946703581935
adi              0        0     0.07478138527832312320764620720             0.000747813852783233995  0.134687  0.065902  0.4892974080646239057964020284
fdtd-2d          0        0  0.00004704790130159278723838813586  0.00001697663885679788055555555556  0.010925  0.009225  0.8443935926773455377574370709
jacobi-1d        0        0  0.00007857036815572305723013131653                    3.95077510528E-7  0.000053  0.000021  0.3962264150943396226415094340
2023-12-12 10:16:38,302 [INFO] 
loss: 3.713344097137451, prev_loss: 2.932870388031006

2023-12-12 10:16:38,302 [INFO] Loss increased from 2.932870388031006 to 3.713344097137451. Removing components ['REM_FLOAT' 'DIV_FLOAT' 'CAST_FIX_DOUBLE' 'CAST_FIX_FIX'] and reversing modifications.
2023-12-12 10:16:38,318 [INFO] Modifying components ['SUB_FLOAT' 'CAST_FLOAT_FIX' 'MUL_FIX' 'ADD_DOUBLE'] with modifications [('SUB_FLOAT', 0.7648054355603651), ('CAST_FLOAT_FIX', 1.2815591649865081), ('MUL_FIX', 0.7072484711329496), ('ADD_DOUBLE', 0.8229650150980725)]
2023-12-12 10:16:38,334 [INFO] Running idx 28

2023-12-12 10:16:41,755 [INFO] Calculating loss for idx 28

2023-12-12 10:16:42,578 [INFO] 
          fix_nofl flo_nofl                              e_perc                               e_abs     fix_t     flt_t                         speedup
gemm             0        0  0.00001479771693590298682699517632  0.00001244721276953818181818181818  0.009267  0.003863  0.4168555087946476745440811482
syr2k            0        0  0.00001699802890578776291817536193  0.00001223600474022919097222222222  0.008271  0.005086  0.6149195985975093700882601862
syrk             0        0    0.008908022082727790005679672968    0.003215815621837633934027777778  0.004133  0.002181  0.5277038470844422937333655940
deriche          0        0  0.00003496357273198525772562378705    6.531283331761574074074074074E-9  0.014981  0.005778  0.3856885388158333889593485081
adi              0        0     0.07478138527832312320764620720             0.000747813852783233995  0.136920  0.065000  0.4747297692082968156587788490
fdtd-2d          0        0  0.00004704790130159278723838813586  0.00001697663885679788055555555556  0.011693  0.006403  0.5475925767553236979389378260
jacobi-1d        0        0  0.00007857036815572305723013131653                    3.95077510528E-7  0.000078  0.000036  0.4615384615384615384615384615
2023-12-12 10:16:42,586 [INFO] 
loss: 3.5709714889526367, prev_loss: 2.932870388031006

2023-12-12 10:16:42,586 [INFO] Loss increased from 2.932870388031006 to 3.5709714889526367. Removing components ['SUB_FLOAT' 'CAST_FLOAT_FIX' 'MUL_FIX' 'ADD_DOUBLE'] and reversing modifications.
2023-12-12 10:16:42,597 [INFO] Modifying components ['DIV_DOUBLE' 'CAST_FLOAT_DOUBLE' 'SUB_DOUBLE' 'CAST_DOUBLE_FIX'] with modifications [('DIV_DOUBLE', 1.1613577998275093), ('CAST_FLOAT_DOUBLE', 0.8933723276744041), ('SUB_DOUBLE', 0.979423784081936), ('CAST_DOUBLE_FIX', 1.3037538522462202)]
2023-12-12 10:16:42,608 [INFO] Running idx 29

2023-12-12 10:16:45,990 [INFO] Calculating loss for idx 29

2023-12-12 10:16:46,811 [INFO] 
          fix_nofl flo_nofl                              e_perc                               e_abs     fix_t     flt_t                         speedup
gemm             0        0  0.00001479771693590298682699517632  0.00001244721276953818181818181818  0.007149  0.002639  0.3691425374178206742201706532
syr2k            0        0  0.00001699802890578776291817536193  0.00001223600474022919097222222222  0.008204  0.005186  0.6321306679668454412481716236
syrk             0        0    0.008908022082727790005679672968    0.003215815621837633934027777778  0.006136  0.002055  0.3349087353324641460234680574
deriche          0        0  0.00003496357273198525772562378705    6.531283331761574074074074074E-9  0.015596  0.007982  0.5117978968966401641446524750
adi              0        0     0.07478138527832312320764620720             0.000747813852783233995  0.142061  0.066118  0.4654197844587888301504283371
fdtd-2d          0        0  0.00004704790130159278723838813586  0.00001697663885679788055555555556  0.011097  0.006313  0.5688924934667027124448049022
jacobi-1d        0        0  0.00007857036815572305723013131653                    3.95077510528E-7  0.000047  0.000033  0.7021276595744680851063829787
2023-12-12 10:16:46,821 [INFO] 
loss: 3.4155802726745605, prev_loss: 2.932870388031006

2023-12-12 10:16:46,821 [INFO] Loss increased from 2.932870388031006 to 3.4155802726745605. Removing components ['DIV_DOUBLE' 'CAST_FLOAT_DOUBLE' 'SUB_DOUBLE' 'CAST_DOUBLE_FIX'] and reversing modifications.
