2023-12-12 10:21:32,302 [INFO] Started logging at 20231212-102132
2023-12-12 10:21:32,305 [INFO] Hyperparameters: 
num_components: 6
range_low: 0.666666
range_high: 1.5
prob_jump: 0.25
no_jump_threshold: 0.5

2023-12-12 10:21:32,320 [INFO] Benchmarking for 50 indices
2023-12-12 10:21:32,320 [INFO] Running for idx 0

2023-12-12 10:21:43,221 [INFO] Calculating loss for idx 0

2023-12-12 10:21:45,832 [INFO] 
               fix_nofl flo_nofl                              e_perc                                e_abs     fix_t     flt_t                         speedup
correlation           0        0       1.194385528564461457949895475      0.01194385528564461558680555556  0.005681  0.011436   2.013025875726104559056504137
covariance            0        0   0.0001481311655862873288252545117     0.002076789008244972704861111111  0.005228  0.010356   1.980872226472838561591430757
2mm                   0        0    0.002116203505084219250051580296       0.1438640358449807895808080808  0.014280  0.014814   1.037394957983193277310924370
3mm                   0        0      0.1607428143865255962080035148        1.172867386937267929232804233  0.015565  0.025578   1.643302280758111146803726309
atax                  0        0    0.001245307518139623818345421377      0.03266340436183471048780487805  0.000160  0.000209                         1.30625
bicg                  0        0  0.00004759444696888559227595466863              0.000047051263120545625  0.000208  0.000361   1.735576923076923076923076923
doitgen               0        0  0.00001518226308628690546534849225  0.000002021210889111604166666666667  0.004261  0.004974   1.167331612297582727059375733
mvt                   0        0  0.00004734201893050139907084194797               0.00004664236306823225  0.000320  0.000388                          1.2125
gemm                  0        0  0.00001479771693590298682699517632   0.00001244721276953818181818181818  0.007057  0.003851  0.5456993056539606064900099192
gemver                0        0  0.00003027313379544594871299482309               0.00191701929193391475  0.000612  0.000397  0.6486928104575163398692810458
gesummv               0        0  0.00004861237071837252610943306509                0.0000806915283183144  0.000079  0.000144   1.822784810126582278481012658
symm                  0        0   0.0007963238953248391125850552133    0.0001487045288080912958333333333  0.007195  0.006710  0.9325920778318276580958999305
syr2k                 0        0  0.00001699802890578776291817536193   0.00001223600474022919097222222222  0.011274  0.004997  0.4432322157175802731949618591
syrk                  0        0    0.008908022082727790005679672968     0.003215815621837633934027777778  0.004059  0.003062  0.7543729982754372998275437300
trmm                  0        0   0.0001165630935028292699829867013            0.00004396649698377393125  0.004141  0.004404   1.063511229171697657570635112
cholesky              0        0   0.0008462985893928526759173484168  0.000005670095025417226932668329177  0.007687  0.010377   1.349941459607128918954078314
durbin                0        0      -25.16409692019274273840881420               0.00062922264855964425  0.000110  0.000119   1.081818181818181818181818182
gramschmidt           0        0       8.481730959763505411538193444       0.2667616760502377581136363636  0.011874  0.011797  0.9935152433889169614283308068
lu                    0        0    0.002061708849909160448173884941               0.00001379618248277339  0.019683  0.021101   1.072041863537062439668749682
ludcmp                0        0      0.2520458220045806715679653536               0.00002521245863239575  0.018459  0.019177   1.038897015006230023294869711
trisolv               0        0   0.0007163980422090239072829048338               0.00000225930572684625  0.000068  0.000084   1.235294117647058823529411765
deriche               0        0  0.00003496357273198525772562378705     6.531283331761574074074074074E-9  0.017314  0.005693  0.3288090562550537137576527665
floyd-warshall        0        0                                   0                                    0  0.086221  0.120442   1.396898667378016956425928718
nussinov              0        0                                   0                                    0  0.012499  0.015646   1.251780142411392911432914633
adi                   0        0     0.07478138527832312320764620720              0.000747813852783233995  0.136437  0.059131  0.4333941672713413516861261974
fdtd-2d               0        0  0.00004704790130159278723838813586   0.00001697663885679788055555555556  0.010277  0.006339  0.6168142454023547727936168142
heat-3d               0        0                                   0                                0E-16  0.009453  0.015947   1.686977679043689833915159209
jacobi-1d             0        0  0.00007857036815572305723013131653                     3.95077510528E-7  0.000079  0.000020  0.2531645569620253164556962025
jacobi-2d             0        0   0.0001428396627244173423026414782             0.0000900335637676545744  0.008525  0.006285  0.7372434017595307917888563050
seidel-2d             0        0   0.0001020126506449179568796360769           0.000102525901793475199375  0.052650  0.090679   1.722298195631528964862298196
2023-12-12 10:21:45,849 [INFO] Modifying components ['DIV_DOUBLE' 'MUL_FIX' 'ADD_FLOAT' 'CAST_FLOAT_FIX' 'REM_FIX'
 'CAST_FIX_FLOAT'] with modifications [('DIV_DOUBLE', 1.4907304436407858), ('MUL_FIX', 0.9395876468390412), ('ADD_FLOAT', 1.113260285241361), ('CAST_FLOAT_FIX', 1.3808701798383374), ('REM_FIX', 0.9345454272291831), ('CAST_FIX_FLOAT', 1.077405222080411)]
2023-12-12 10:21:45,864 [INFO] Running idx 1

2023-12-12 10:21:50,595 [INFO] Calculating loss for idx 1

2023-12-12 10:21:51,715 [INFO] 
            fix_nofl flo_nofl                              e_perc                               e_abs     fix_t     flt_t                         speedup
gemm               0        0  0.00001479771693590298682699517632  0.00001244721276953818181818181818  0.006874  0.002731  0.3972941518766366016875181845
gemver             0        0  0.00003027313379544594871299482309              0.00191701929193391475  0.000492  0.000402  0.8170731707317073170731707317
symm               0        0   0.0007963238953248391125850552133   0.0001487045288080912958333333333  0.009578  0.008256  0.8619753602004593860931300898
syr2k              0        0  0.00001699802890578776291817536193  0.00001223600474022919097222222222  0.008294  0.004952  0.5970581142994936098384374246
syrk               0        0    0.008908022082727790005679672968    0.003215815621837633934027777778  0.005865  0.003114  0.5309462915601023017902813299
gramschmidt        0        0       8.481730959763505411538193444      0.2667616760502377581136363636  0.012904  0.011765  0.9117327960322380657160570366
deriche            0        0  0.00003496357273198525772562378705    6.531283331761574074074074074E-9  0.014751  0.007183  0.4869500372856077554064131245
adi                0        0     0.07478138527832312320764620720             0.000747813852783233995  0.140041  0.063220  0.4514392213708842410436943467
fdtd-2d            0        0  0.00004704790130159278723838813586  0.00001697663885679788055555555556  0.010580  0.008872  0.8385633270321361058601134216
jacobi-1d          0        0  0.00007857036815572305723013131653                    3.95077510528E-7  0.000078  0.000028  0.3589743589743589743589743590
jacobi-2d          0        0   0.0001428396627244173423026414782            0.0000900335637676545744  0.008538  0.007346  0.8603888498477395174513937690
2023-12-12 10:21:51,732 [INFO] 
loss: 3.887604236602783, prev_loss: 4.312469482421875

2023-12-12 10:21:51,732 [INFO] Loss decreased from 4.312469482421875 to 3.887604236602783. Resetting components.
2023-12-12 10:21:51,732 [INFO] Modifying components ['REM_FIX' 'CAST_DOUBLE_FLOAT' 'DIV_FLOAT' 'MUL_FLOAT' 'ADD_DOUBLE'
 'CAST_FIX_DOUBLE'] with modifications [('REM_FIX', 1.0179276536832633), ('CAST_DOUBLE_FLOAT', 1.0812904086290673), ('DIV_FLOAT', 0.9356563089513723), ('MUL_FLOAT', 1.488240137154304), ('ADD_DOUBLE', 1.019390867234387), ('CAST_FIX_DOUBLE', 1.2780131514421038)]
2023-12-12 10:21:51,747 [INFO] Running idx 2

2023-12-12 10:21:56,302 [INFO] Calculating loss for idx 2

2023-12-12 10:21:57,410 [INFO] 
            fix_nofl flo_nofl                              e_perc                               e_abs     fix_t     flt_t                         speedup
gemm               0        0  0.00001479771693590298682699517632  0.00001244721276953818181818181818  0.006915  0.003106  0.4491684743311641359363702097
gemver             0        0  0.00003027313379544594871299482309              0.00191701929193391475  0.000714  0.000408  0.5714285714285714285714285714
symm               0        0   0.0007963238953248391125850552133   0.0001487045288080912958333333333  0.009109  0.007207  0.7911955209133823690855198156
syr2k              0        0  0.00001699802890578776291817536193  0.00001223600474022919097222222222  0.008198  0.004991  0.6088070261039277872651866309
syrk               0        0    0.008908022082727790005679672968    0.003215815621837633934027777778  0.004221  0.002066  0.4894574745321013977730395641
gramschmidt        0        0       8.481730959763505411538193444      0.2667616760502377581136363636  0.012841  0.012413  0.9666692625184954442800404953
deriche            0        0  0.00003496357273198525772562378705    6.531283331761574074074074074E-9  0.018402  0.007202  0.3913705032061732420389088143
adi                0        0     0.07478138527832312320764620720             0.000747813852783233995  0.136007  0.069764  0.5129441866962729859492526120
fdtd-2d            0        0  0.00004704790130159278723838813586  0.00001697663885679788055555555556  0.008760  0.008938   1.020319634703196347031963470
jacobi-1d          0        0  0.00007857036815572305723013131653                    3.95077510528E-7  0.000058  0.000035  0.6034482758620689655172413793
jacobi-2d          0        0   0.0001428396627244173423026414782            0.0000900335637676545744  0.010985  0.008384  0.7632225762403277196176604461
2023-12-12 10:21:57,424 [INFO] 
loss: 3.852287769317627, prev_loss: 3.887604236602783

2023-12-12 10:21:57,425 [INFO] Loss decreased from 3.887604236602783 to 3.852287769317627. Resetting components.
2023-12-12 10:21:57,425 [INFO] Modifying components ['REM_DOUBLE' 'CAST_FIX_FIX' 'ADD_FLOAT' 'CAST_DOUBLE_FLOAT' 'REM_FLOAT'
 'MUL_FIX'] with modifications [('REM_DOUBLE', 0.8252559346271144), ('CAST_FIX_FIX', 1.4244085217510996), ('ADD_FLOAT', 1.1753381581091897), ('CAST_DOUBLE_FLOAT', 0.674715421230168), ('REM_FLOAT', 1.4420289909969668), ('MUL_FIX', 0.8837211286784654)]
2023-12-12 10:21:57,443 [INFO] Running idx 3

2023-12-12 10:22:01,288 [INFO] Calculating loss for idx 3

2023-12-12 10:22:02,213 [INFO] 
            fix_nofl flo_nofl                              e_perc                               e_abs     fix_t     flt_t                         speedup
gemm               0        0  0.00001479771693590298682699517632  0.00001244721276953818181818181818  0.007507  0.004731  0.6302118023178366857599573731
gemver             0        0  0.00003027313379544594871299482309              0.00191701929193391475  0.000474  0.000572   1.206751054852320675105485232
symm               0        0   0.0007963238953248391125850552133   0.0001487045288080912958333333333  0.009083  0.008510  0.9369151161510514147308158098
syr2k              0        0  0.00001699802890578776291817536193  0.00001223600474022919097222222222  0.008441  0.005120  0.6065632034119180191920388580
syrk               0        0    0.008908022082727790005679672968    0.003215815621837633934027777778  0.004241  0.002047  0.4826691817967460504597972176
gramschmidt        0        0       8.481730959763505411538193444      0.2667616760502377581136363636  0.009793  0.011689   1.193607678954355151638925763
deriche            0        0  0.00003496357273198525772562378705    6.531283331761574074074074074E-9  0.018419  0.008260  0.4484499701395298333242847060
adi                0        0     0.07478138527832312320764620720             0.000747813852783233995  0.139392  0.063700  0.4569846189164370982552800735
jacobi-1d          0        0  0.00007857036815572305723013131653                    3.95077510528E-7  0.000046  0.000020  0.4347826086956521739130434783
jacobi-2d          0        0   0.0001428396627244173423026414782            0.0000900335637676545744  0.008476  0.005845  0.6895941481831052383199622463
2023-12-12 10:22:02,226 [INFO] 
loss: 3.3138294219970703, prev_loss: 3.852287769317627

2023-12-12 10:22:02,226 [INFO] Loss decreased from 3.852287769317627 to 3.3138294219970703. Resetting components.
2023-12-12 10:22:02,227 [INFO] Modifying components ['DIV_FLOAT' 'ADD_DOUBLE' 'MUL_FIX' 'CAST_FLOAT_DOUBLE' 'MUL_DOUBLE'
 'REM_FIX'] with modifications [('DIV_FLOAT', 1.1090954437821146), ('ADD_DOUBLE', 0.7592915676463015), ('MUL_FIX', 1.0439366745989815), ('CAST_FLOAT_DOUBLE', 0.686807249189665), ('MUL_DOUBLE', 1.3416647996980064), ('REM_FIX', 1.1318867842572808)]
2023-12-12 10:22:02,246 [INFO] Running idx 4

2023-12-12 10:22:05,701 [INFO] Calculating loss for idx 4

2023-12-12 10:22:06,489 [INFO] 
          fix_nofl flo_nofl                              e_perc                               e_abs     fix_t     flt_t                         speedup
gemm             0        0  0.00001479771693590298682699517632  0.00001244721276953818181818181818  0.006854  0.004822  0.7035307849430989203384884739
symm             0        0   0.0007963238953248391125850552133   0.0001487045288080912958333333333  0.009301  0.008952  0.9624771529943016879905386518
syr2k            0        0  0.00001699802890578776291817536193  0.00001223600474022919097222222222  0.008564  0.006718  0.7844465203176085941148995796
syrk             0        0    0.008908022082727790005679672968    0.003215815621837633934027777778  0.004438  0.002061  0.4643983776475890040558810275
deriche          0        0  0.00003496357273198525772562378705    6.531283331761574074074074074E-9  0.014545  0.005686  0.3909247163973874183568236507
adi              0        0     0.07478138527832312320764620720             0.000747813852783233995  0.138124  0.063299  0.4582766210072109119342040485
jacobi-1d        0        0  0.00007857036815572305723013131653                    3.95077510528E-7  0.000059  0.000034  0.5762711864406779661016949153
jacobi-2d        0        0   0.0001428396627244173423026414782            0.0000900335637676545744  0.008510  0.007054  0.8289071680376028202115158637
2023-12-12 10:22:06,503 [INFO] 
loss: 2.8307673931121826, prev_loss: 3.3138294219970703

2023-12-12 10:22:06,503 [INFO] Loss decreased from 3.3138294219970703 to 2.8307673931121826. Resetting components.
2023-12-12 10:22:06,504 [INFO] Modifying components ['CAST_FIX_DOUBLE' 'MUL_FLOAT' 'ADD_DOUBLE' 'SUB_DOUBLE' 'CAST_FLOAT_FIX'
 'MUL_DOUBLE'] with modifications [('CAST_FIX_DOUBLE', 0.8601238615053759), ('MUL_FLOAT', 0.8752057964962411), ('ADD_DOUBLE', 0.9759915453782166), ('SUB_DOUBLE', 1.0777202062838827), ('CAST_FLOAT_FIX', 1.3870908658242702), ('MUL_DOUBLE', 0.6933743943227947)]
2023-12-12 10:22:06,528 [INFO] Running idx 5

2023-12-12 10:22:09,928 [INFO] Calculating loss for idx 5

2023-12-12 10:22:10,735 [INFO] 
          fix_nofl flo_nofl                              e_perc                               e_abs     fix_t     flt_t                         speedup
gemm             0        0  0.00001479771693590298682699517632  0.00001244721276953818181818181818  0.006923  0.003949  0.5704174490827675863065145168
symm             0        0   0.0007963238953248391125850552133   0.0001487045288080912958333333333  0.009151  0.006622  0.7236367610097257130368265763
syr2k            0        0  0.00001699802890578776291817536193  0.00001223600474022919097222222222  0.008968  0.005128  0.5718108831400535236396074933
syrk             0        0    0.008908022082727790005679672968    0.003215815621837633934027777778  0.004187  0.002064  0.4929543826128492954382612849
deriche          0        0  0.00003496357273198525772562378705    6.531283331761574074074074074E-9  0.014779  0.006588  0.4457676432776236551864131538
adi              0        0     0.07478138527832312320764620720             0.000747813852783233995  0.136751  0.063079  0.4612690217987437020570233490
jacobi-1d        0        0  0.00007857036815572305723013131653                    3.95077510528E-7  0.000077  0.000025  0.3246753246753246753246753247
jacobi-2d        0        0   0.0001428396627244173423026414782            0.0000900335637676545744  0.011176  0.006033  0.5398174659985683607730851825
2023-12-12 10:22:10,749 [INFO] 
loss: 3.8696510791778564, prev_loss: 2.8307673931121826

2023-12-12 10:22:10,749 [INFO] Loss increased from 2.8307673931121826 to 3.8696510791778564. Removing components ['CAST_FIX_DOUBLE' 'MUL_FLOAT' 'ADD_DOUBLE' 'SUB_DOUBLE' 'CAST_FLOAT_FIX'
 'MUL_DOUBLE'] and reversing modifications.
2023-12-12 10:22:10,762 [INFO] Modifying components ['CAST_FLOAT_DOUBLE' 'DIV_FLOAT' 'SUB_FLOAT' 'REM_FLOAT'
 'CAST_DOUBLE_FLOAT' 'CAST_FIX_FLOAT'] with modifications [('CAST_FLOAT_DOUBLE', 1.1213018678731657), ('DIV_FLOAT', 0.8668603184127419), ('SUB_FLOAT', 1.1523622100522612), ('REM_FLOAT', 1.4498704393535968), ('CAST_DOUBLE_FLOAT', 1.18569217899352), ('CAST_FIX_FLOAT', 1.082968053801736)]
2023-12-12 10:22:10,774 [INFO] Running idx 6

2023-12-12 10:22:14,134 [INFO] Calculating loss for idx 6

2023-12-12 10:22:14,920 [INFO] 
          fix_nofl flo_nofl                              e_perc                               e_abs     fix_t     flt_t                         speedup
gemm             0        0  0.00001479771693590298682699517632  0.00001244721276953818181818181818  0.007371  0.003102  0.4208384208384208384208384208
symm             0        0   0.0007963238953248391125850552133   0.0001487045288080912958333333333  0.009026  0.006510  0.7212497230223797917128296034
syr2k            0        0  0.00001699802890578776291817536193  0.00001223600474022919097222222222  0.011613  0.005987  0.5155429260311719624558684233
syrk             0        0    0.008908022082727790005679672968    0.003215815621837633934027777778  0.004083  0.002286  0.5598824393828067597354886113
deriche          0        0  0.00003496357273198525772562378705    6.531283331761574074074074074E-9  0.017298  0.005776  0.3339114348479593016533703318
adi              0        0     0.07478138527832312320764620720             0.000747813852783233995  0.139759  0.066155  0.4733505534527293412231054887
jacobi-1d        0        0  0.00007857036815572305723013131653                    3.95077510528E-7  0.000079  0.000034  0.4303797468354430379746835443
jacobi-2d        0        0   0.0001428396627244173423026414782            0.0000900335637676545744  0.009508  0.006617  0.6959402608329827513672696676
2023-12-12 10:22:14,933 [INFO] 
loss: 3.848904609680176, prev_loss: 2.8307673931121826

2023-12-12 10:22:14,934 [INFO] Loss increased from 2.8307673931121826 to 3.848904609680176. Removing components ['CAST_FLOAT_DOUBLE' 'DIV_FLOAT' 'SUB_FLOAT' 'REM_FLOAT'
 'CAST_DOUBLE_FLOAT' 'CAST_FIX_FLOAT'] and reversing modifications.
2023-12-12 10:22:14,951 [INFO] Modifying components ['CAST_DOUBLE_FIX' 'DIV_FIX' 'MUL_FIX' 'REM_DOUBLE' 'DIV_DOUBLE'
 'CAST_FIX_FIX'] with modifications [('CAST_DOUBLE_FIX', 1.4646812596872476), ('DIV_FIX', 1.0454299088609025), ('MUL_FIX', 1.3395359894729244), ('REM_DOUBLE', 1.056509101224637), ('DIV_DOUBLE', 1.3337312637945176), ('CAST_FIX_FIX', 1.0846255514252703)]
2023-12-12 10:22:14,968 [INFO] Running idx 7

2023-12-12 10:22:18,383 [INFO] Calculating loss for idx 7

2023-12-12 10:22:19,342 [INFO] 
          fix_nofl flo_nofl                              e_perc                               e_abs     fix_t     flt_t                         speedup
gemm             0        0  0.00001479771693590298682699517632  0.00001244721276953818181818181818  0.009664  0.004505  0.4661630794701986754966887417
symm             0        0   0.0007963238953248391125850552133   0.0001487045288080912958333333333  0.007195  0.007328   1.018485059068797776233495483
syr2k            0        0  0.00001699802890578776291817536193  0.00001223600474022919097222222222  0.009144  0.005266  0.5758967629046369203849518810
syrk             0        0    0.008908022082727790005679672968    0.003215815621837633934027777778  0.004328  0.002381  0.5501386321626617375231053604
deriche          0        0  0.00003496357273198525772562378705    6.531283331761574074074074074E-9  0.011471  0.006113  0.5329090750588440414959462994
adi              0        0     0.07478138527832312320764620720             0.000747813852783233995  0.141471  0.061691  0.4360681694481554523541927321
jacobi-1d        0        0  0.00007857036815572305723013131653                    3.95077510528E-7  0.000050  0.000020                             0.4
jacobi-2d        0        0   0.0001428396627244173423026414782            0.0000900335637676545744  0.009765  0.006322  0.6474142345110087045570916539
2023-12-12 10:22:19,352 [INFO] 
loss: 3.3914103507995605, prev_loss: 2.8307673931121826

2023-12-12 10:22:19,352 [INFO] Loss increased from 2.8307673931121826 to 3.3914103507995605. Removing components ['CAST_DOUBLE_FIX' 'DIV_FIX' 'MUL_FIX' 'REM_DOUBLE' 'DIV_DOUBLE'
 'CAST_FIX_FIX'] and reversing modifications.
