2023-12-12 02:04:32,429 [INFO] Started logging at 20231212-020432
2023-12-12 02:04:32,432 [INFO] Hyperparameters: 
num_components: 4
range_low: 0.666666
range_high: 1.5
prob_jump: 0.25
no_jump_threshold: 0.3

2023-12-12 02:04:32,448 [INFO] Benchmarking for 50 indices
2023-12-12 02:04:32,448 [INFO] Running for idx 0

2023-12-12 02:06:35,130 [INFO] Calculating loss for idx 0

2023-12-12 02:06:37,714 [INFO] 
               fix_nofl flo_nofl                              e_perc                                e_abs     fix_t     flt_t                         speedup
correlation           0        0       1.194385528564461457949895475      0.01194385528564461558680555556  0.005696  0.008184   1.436797752808988764044943820
covariance            0        0   0.0001481311655862873288252545117     0.002076789008244972704861111111  0.005386  0.008103   1.504455997029335313776457482
2mm                   0        0    0.002116203505084219250051580296       0.1438640358449807895808080808  0.011783  0.014748   1.251633709581600611049817534
3mm                   0        0      0.1607428143865255962080035148        1.172867386937267929232804233  0.012927  0.023931   1.851241587375261081457414713
atax                  0        0    0.001245307518139623818345421377      0.03266340436183471048780487805  0.000163  0.000210   1.288343558282208588957055215
bicg                  0        0  0.00004759444696888559227595466863              0.000047051263120545625  0.000218  0.000376   1.724770642201834862385321101
doitgen               0        0  0.00001518226308628690546534849225  0.000002021210889111604166666666667  0.003888  0.005002   1.286522633744855967078189300
mvt                   0        0  0.00004734201893050139907084194797               0.00004664236306823225  0.000191  0.000366   1.916230366492146596858638743
gemm                  0        0  0.00001479771693590298682699517632   0.00001244721276953818181818181818  0.007100  0.002579  0.3632394366197183098591549296
gemver                0        0  0.00003027313379544594871299482309               0.00191701929193391475  0.000788  0.000483  0.6129441624365482233502538071
gesummv               0        0  0.00004861237071837252610943306509                0.0000806915283183144  0.000126  0.000171   1.357142857142857142857142857
symm                  0        0   0.0007963238953248391125850552133    0.0001487045288080912958333333333  0.006532  0.006519  0.9980097979179424372320881813
syr2k                 0        0  0.00001699802890578776291817536193   0.00001223600474022919097222222222  0.008216  0.005008  0.6095423563777994157740993184
syrk                  0        0    0.008908022082727790005679672968     0.003215815621837633934027777778  0.004039  0.002106  0.5214161921267640505075513741
trmm                  0        0   0.0001165630935028292699829867013            0.00004396649698377393125  0.004142  0.004497   1.085707387735393529695799131
cholesky              0        0   0.0008462985893928526759173484168  0.000005670095025417226932668329177  0.008674  0.010278   1.184920451925293982015217893
durbin                0        0      -25.16409692019274273840881420               0.00062922264855964425  0.000107  0.000115   1.074766355140186915887850467
gramschmidt           0        0       8.481730959763505411538193444       0.2667616760502377581136363636  0.009650  0.011872   1.230259067357512953367875648
lu                    0        0    0.002061708849909160448173884941               0.00001379618248277339  0.019490  0.021008   1.077886095433555669574140585
ludcmp                0        0      0.2520458220045806715679653536               0.00002521245863239575  0.018390  0.019061   1.036487221315932572050027189
trisolv               0        0   0.0007163980422090239072829048338               0.00000225930572684625  0.000073  0.000090   1.232876712328767123287671233
deriche               0        0  0.00003496357273198525772562378705     6.531283331761574074074074074E-9  0.011132  0.005993  0.5383578871721164211282788358
floyd-warshall        0        0                                   0                                    0  0.085599  0.112010   1.308543324104253554363952850
nussinov              0        0                                   0                                    0  0.012100  0.012201   1.008347107438016528925619835
adi                   0        0     0.07478138527832312320764620720              0.000747813852783233995  0.133304  0.057561  0.4318024965492408329832563164
fdtd-2d               0        0  0.00004704790130159278723838813586   0.00001697663885679788055555555556  0.007660  0.006529  0.8523498694516971279373368146
heat-3d               0        0                                   0                                0E-16  0.012676  0.011319  0.8929473019880088355948248659
jacobi-1d             0        0  0.00007857036815572305723013131653                     3.95077510528E-7  0.000068  0.000034                             0.5
jacobi-2d             0        0   0.0001428396627244173423026414782             0.0000900335637676545744  0.012012  0.007936  0.6606726606726606726606726607
seidel-2d             0        0   0.0001020126506449179568796360769           0.000102525901793475199375  0.052375  0.089449   1.707856801909307875894988067
2023-12-12 02:06:37,725 [INFO] Modifying components ['CAST_DOUBLE_FLOAT' 'CAST_FLOAT_DOUBLE' 'ADD_FLOAT' 'CAST_FIX_FIX'] with modifications [('CAST_DOUBLE_FLOAT', 0.9902954387776923), ('CAST_FLOAT_DOUBLE', 0.768180613869226), ('ADD_FLOAT', 0.7837562363647457), ('CAST_FIX_FIX', 1.1070051025392464)]
2023-12-12 02:06:37,736 [INFO] Running idx 1

2023-12-12 02:08:10,199 [INFO] Calculating loss for idx 1

2023-12-12 02:08:11,287 [INFO] 
          fix_nofl flo_nofl                              e_perc                               e_abs     fix_t     flt_t                         speedup
gemm             0        0  0.00001479771693590298682699517632  0.00001244721276953818181818181818  0.010014  0.003091  0.3086678649890153784701418015
gemver           0        0  0.00003027313379544594871299482309              0.00191701929193391475  0.000669  0.000661  0.9880418535127055306427503737
symm             0        0   0.0007963238953248391125850552133   0.0001487045288080912958333333333  0.009327  0.009380   1.005682427361423823308673743
syr2k            0        0  0.00001699802890578776291817536193  0.00001223600474022919097222222222  0.012342  0.007052  0.5713822719170312753200453735
syrk             0        0    0.008908022082727790005679672968    0.003215815621837633934027777778  0.004281  0.003099  0.7238962859145059565522074282
deriche          0        0  0.00003496357273198525772562378705    6.531283331761574074074074074E-9  0.011146  0.008621  0.7734613314193432621568275615
adi              0        0     0.07478138527832312320764620720             0.000747813852783233995  0.139865  0.059506  0.4254531155042362277910842598
fdtd-2d          0        0  0.00004704790130159278723838813586  0.00001697663885679788055555555556  0.010877  0.009468  0.8704606049462167877172014342
heat-3d          0        0                                   0                               0E-16  0.013215  0.014785   1.118804388951948543321982596
jacobi-1d        0        0  0.00007857036815572305723013131653                    3.95077510528E-7  0.000067  0.000034  0.5074626865671641791044776119
jacobi-2d        0        0   0.0001428396627244173423026414782            0.0000900335637676545744  0.011267  0.008461  0.7509541137836158693529777226
2023-12-12 02:08:11,300 [INFO] 
loss: 3.0802197456359863, prev_loss: 4.0187177658081055

2023-12-12 02:08:11,300 [INFO] Loss decreased from 4.0187177658081055 to 3.0802197456359863. Resetting components.
2023-12-12 02:08:11,300 [INFO] Modifying components ['CAST_FIX_DOUBLE' 'SUB_DOUBLE' 'CAST_FLOAT_FIX' 'DIV_FIX'] with modifications [('CAST_FIX_DOUBLE', 1.2706842140142065), ('SUB_DOUBLE', 1.2078849534454823), ('CAST_FLOAT_FIX', 1.4273915202526002), ('DIV_FIX', 1.32840887449346)]
2023-12-12 02:08:11,318 [INFO] Running idx 2

2023-12-12 02:09:08,022 [INFO] Calculating loss for idx 2

2023-12-12 02:09:09,008 [INFO] 
          fix_nofl flo_nofl                              e_perc                               e_abs     fix_t     flt_t                         speedup
gemm             0        0  0.00001479771693590298682699517632  0.00001244721276953818181818181818  0.009846  0.003865  0.3925451960186877919967499492
gemver           0        0  0.00003027313379544594871299482309              0.00191701929193391475  0.000753  0.000717  0.9521912350597609561752988048
syr2k            0        0  0.00001699802890578776291817536193  0.00001223600474022919097222222222  0.011519  0.007496  0.6507509332407327024915357236
syrk             0        0    0.008908022082727790005679672968    0.003215815621837633934027777778  0.007302  0.003384  0.4634346754313886606409202958
deriche          0        0  0.00003496357273198525772562378705    6.531283331761574074074074074E-9  0.011089  0.008313  0.7496618270358012444765082514
adi              0        0     0.07478138527832312320764620720             0.000747813852783233995  0.137918  0.058175  0.4218086109137313476123493670
fdtd-2d          0        0  0.00004704790130159278723838813586  0.00001697663885679788055555555556  0.007743  0.006463  0.8346893968745964096603383701
jacobi-1d        0        0  0.00007857036815572305723013131653                    3.95077510528E-7  0.000046  0.000022  0.4782608695652173913043478261
jacobi-2d        0        0   0.0001428396627244173423026414782            0.0000900335637676545744  0.008380  0.006126  0.7310262529832935560859188544
2023-12-12 02:09:09,021 [INFO] 
loss: 3.3256311416625977, prev_loss: 3.0802197456359863

2023-12-12 02:09:09,021 [INFO] Loss increased from 3.0802197456359863 to 3.3256311416625977. Removing components ['CAST_FIX_DOUBLE' 'SUB_DOUBLE' 'CAST_FLOAT_FIX' 'DIV_FIX'] and reversing modifications.
2023-12-12 02:09:09,038 [INFO] Modifying components ['MUL_FIX' 'CAST_FIX_FIX' 'ADD_DOUBLE' 'ADD_FLOAT'] with modifications [('MUL_FIX', 1.4899838212407779), ('CAST_FIX_FIX', 1.3163553991781223), ('ADD_DOUBLE', 1.4201402686630629), ('ADD_FLOAT', 1.3701232617420793)]
2023-12-12 02:09:09,051 [INFO] Running idx 3

2023-12-12 02:09:46,587 [INFO] Calculating loss for idx 3

2023-12-12 02:09:47,562 [INFO] 
          fix_nofl flo_nofl                              e_perc                               e_abs     fix_t     flt_t                         speedup
gemm             0        0  0.00001479771693590298682699517632  0.00001244721276953818181818181818  0.007275  0.002631  0.3616494845360824742268041237
gemver           0        0  0.00003027313379544594871299482309              0.00191701929193391475  0.000450  0.000486                            1.08
syr2k            0        0  0.00001699802890578776291817536193  0.00001223600474022919097222222222  0.008508  0.005337  0.6272919605077574047954866008
syrk             0        0    0.008908022082727790005679672968    0.003215815621837633934027777778  0.004067  0.002134  0.5247110892549791000737644455
deriche          0        0  0.00003496357273198525772562378705    6.531283331761574074074074074E-9  0.011379  0.005699  0.5008348712540645047895245628
adi              0        0     0.07478138527832312320764620720             0.000747813852783233995  0.142062  0.057855  0.4072517633146091143303627993
fdtd-2d          0        0  0.00004704790130159278723838813586  0.00001697663885679788055555555556  0.007708  0.006531  0.8473015049299429164504411002
jacobi-1d        0        0  0.00007857036815572305723013131653                    3.95077510528E-7  0.000046  0.000020  0.4347826086956521739130434783
jacobi-2d        0        0   0.0001428396627244173423026414782            0.0000900335637676545744  0.008422  0.005874  0.6974590358584659225837093327
2023-12-12 02:09:47,570 [INFO] 
loss: 3.59871768951416, prev_loss: 3.0802197456359863

2023-12-12 02:09:47,571 [INFO] Loss increased from 3.0802197456359863 to 3.59871768951416. Removing components ['MUL_FIX' 'CAST_FIX_FIX' 'ADD_DOUBLE' 'ADD_FLOAT'] and reversing modifications.
2023-12-12 02:09:47,584 [INFO] Modifying components ['CAST_DOUBLE_FLOAT' 'CAST_FIX_FLOAT' 'REM_FLOAT' 'DIV_DOUBLE'] with modifications [('CAST_DOUBLE_FLOAT', 1.278050980420548), ('CAST_FIX_FLOAT', 1.4641568324946665), ('REM_FLOAT', 1.096626563744253), ('DIV_DOUBLE', 0.910192017264142)]
2023-12-12 02:09:47,595 [INFO] Running idx 4

2023-12-12 02:09:58,147 [INFO] Calculating loss for idx 4

