2023-12-12 09:21:07,107 [INFO] Started logging at 20231212-092107
2023-12-12 09:21:07,110 [INFO] Hyperparameters: 
num_components: 3
range_low: 0.666666
range_high: 1.5
prob_jump: 0.25
no_jump_threshold: 0.5

2023-12-12 09:21:07,122 [INFO] Benchmarking for 50 indices
2023-12-12 09:21:07,122 [INFO] Running for idx 0

2023-12-12 09:24:09,305 [INFO] Calculating loss for idx 0

2023-12-12 09:24:12,554 [INFO] 
               fix_nofl flo_nofl                              e_perc                                e_abs     fix_t     flt_t                         speedup
correlation           0        0       1.194385528564461457949895475      0.01194385528564461558680555556  0.008719  0.008797   1.008945980043582979699506824
covariance            0        0   0.0001481311655862873288252545117     0.002076789008244972704861111111  0.005876  0.011256   1.915588835942818243703199455
2mm                   0        0    0.002116203505084219250051580296       0.1438640358449807895808080808  0.012659  0.014894   1.176554230191958290544276799
3mm                   0        0      0.1607428143865255962080035148        1.172867386937267929232804233  0.017136  0.023831   1.390697945845004668534080299
atax                  0        0    0.001245307518139623818345421377      0.03266340436183471048780487805  0.000266  0.000389   1.462406015037593984962406015
bicg                  0        0  0.00004759444696888559227595466863              0.000047051263120545625  0.000359  0.000382   1.064066852367688022284122563
doitgen               0        0  0.00001518226308628690546534849225  0.000002021210889111604166666666667  0.004313  0.007323   1.697890099698585671226524461
mvt                   0        0  0.00004734201893050139907084194797               0.00004664236306823225  0.000350  0.000465   1.328571428571428571428571429
gemm                  0        0  0.00001479771693590298682699517632   0.00001244721276953818181818181818  0.008606  0.003441  0.3998373227980478735765744829
gemver                0        0  0.00003027313379544594871299482309               0.00191701929193391475  0.000583  0.000520  0.8919382504288164665523156089
gesummv               0        0  0.00004861237071837252610943306509                0.0000806915283183144  0.000102  0.000227   2.225490196078431372549019608
symm                  0        0   0.0007963238953248391125850552133    0.0001487045288080912958333333333  0.007314  0.008329   1.138774952146568225321301613
syr2k                 0        0  0.00001699802890578776291817536193   0.00001223600474022919097222222222  0.008902  0.006103  0.6855762749943832846551336778
syrk                  0        0    0.008908022082727790005679672968     0.003215815621837633934027777778  0.004866  0.002411  0.4954788327168105219893136046
trmm                  0        0   0.0001165630935028292699829867013            0.00004396649698377393125  0.004615  0.007294   1.580498374864572047670639220
cholesky              0        0   0.0008462985893928526759173484168  0.000005670095025417226932668329177  0.008007  0.011740   1.466217060072436617959285625
durbin                0        0      -25.16409692019274273840881420               0.00062922264855964425  0.000168  0.000212   1.261904761904761904761904762
gramschmidt           0        0       8.481730959763505411538193444       0.2667616760502377581136363636  0.010888  0.014174   1.301800146950771491550330639
lu                    0        0    0.002061708849909160448173884941               0.00001379618248277339  0.021921  0.024580   1.121299210802426896583185074
ludcmp                0        0      0.2520458220045806715679653536               0.00002521245863239575  0.021133  0.020470  0.9686272654142809823498793356
trisolv               0        0   0.0007163980422090239072829048338               0.00000225930572684625  0.000101  0.000124   1.227722772277227722772277228
deriche               0        0  0.00003496357273198525772562378705     6.531283331761574074074074074E-9  0.012312  0.006688  0.5432098765432098765432098765
floyd-warshall        0        0                                   0                                    0  0.127062  0.118645  0.9337567486738757456989501188
nussinov              0        0                                   0                                    0  0.026694  0.026997   1.011350865363002922004944931
adi                   0        0     0.07478138527832312320764620720              0.000747813852783233995  0.148650  0.067189  0.4519946182307433568785738311
fdtd-2d               0        0  0.00004704790130159278723838813586   0.00001697663885679788055555555556  0.008379  0.007002  0.8356605800214822771213748657
heat-3d               0        0                                   0                                0E-16  0.011214  0.014282   1.273586588193329766363474229
jacobi-1d             0        0  0.00007857036815572305723013131653                     3.95077510528E-7  0.000060  0.000021                            0.35
jacobi-2d             0        0   0.0001428396627244173423026414782             0.0000900335637676545744  0.009456  0.006628  0.7009306260575296108291032149
seidel-2d             0        0   0.0001020126506449179568796360769           0.000102525901793475199375  0.052277  0.091948   1.758861449585859938405034719
2023-12-12 09:24:12,568 [INFO] Modifying components ['CAST_FLOAT_FIX' 'SUB_FLOAT' 'ADD_FLOAT'] with modifications [('CAST_FLOAT_FIX', 1.4378107532009672), ('SUB_FLOAT', 1.1795447838045607), ('ADD_FLOAT', 0.8132220388691997)]
2023-12-12 09:24:12,581 [INFO] Running idx 1

2023-12-12 09:25:50,097 [INFO] Calculating loss for idx 1

2023-12-12 09:25:51,483 [INFO] 
               fix_nofl flo_nofl                              e_perc                               e_abs     fix_t     flt_t                         speedup
gemm                  0        0  0.00001479771693590298682699517632  0.00001244721276953818181818181818  0.007689  0.002724  0.3542723371049551307062036676
gemver                0        0  0.00003027313379544594871299482309              0.00191701929193391475  0.000562  0.000440  0.7829181494661921708185053381
syr2k                 0        0  0.00001699802890578776291817536193  0.00001223600474022919097222222222  0.010827  0.005685  0.5250761983929066223330562483
syrk                  0        0    0.008908022082727790005679672968    0.003215815621837633934027777778  0.004403  0.002428  0.5514421985010220304337951397
ludcmp                0        0      0.2520458220045806715679653536              0.00002521245863239575  0.019421  0.019934   1.026414705730909839864064672
deriche               0        0  0.00003496357273198525772562378705    6.531283331761574074074074074E-9  0.011684  0.006111  0.5230229373502225265320095858
floyd-warshall        0        0                                   0                                   0  0.093071  0.117636   1.263938283675903342609405723
adi                   0        0     0.07478138527832312320764620720             0.000747813852783233995  0.146976  0.061063  0.4154623884171565425647724799
fdtd-2d               0        0  0.00004704790130159278723838813586  0.00001697663885679788055555555556  0.008155  0.006536  0.8014714898835070508890251380
jacobi-1d             0        0  0.00007857036815572305723013131653                    3.95077510528E-7  0.000046  0.000025  0.5434782608695652173913043478
jacobi-2d             0        0   0.0001428396627244173423026414782            0.0000900335637676545744  0.010026  0.006588  0.6570915619389587073608617594
2023-12-12 09:25:51,502 [INFO] 
loss: 3.845764398574829, prev_loss: 3.7429895401000977

2023-12-12 09:25:51,503 [INFO] Loss increased from 3.7429895401000977 to 3.845764398574829. Removing components ['CAST_FLOAT_FIX' 'SUB_FLOAT' 'ADD_FLOAT'] and reversing modifications.
2023-12-12 09:25:51,526 [INFO] Modifying components ['REM_DOUBLE' 'DIV_FLOAT' 'REM_FIX'] with modifications [('REM_DOUBLE', 0.8557721445077179), ('DIV_FLOAT', 1.1308926512008721), ('REM_FIX', 1.1537019507378976)]
2023-12-12 09:25:51,542 [INFO] Running idx 2

2023-12-12 09:27:40,807 [INFO] Calculating loss for idx 2

2023-12-12 09:27:41,781 [INFO] 
          fix_nofl flo_nofl                              e_perc                               e_abs     fix_t     flt_t                         speedup
gemm             0        0  0.00001479771693590298682699517632  0.00001244721276953818181818181818  0.007888  0.004191  0.5313133874239350912778904665
gemver           0        0  0.00003027313379544594871299482309              0.00191701929193391475  0.000488  0.000483  0.9897540983606557377049180328
syr2k            0        0  0.00001699802890578776291817536193  0.00001223600474022919097222222222  0.008994  0.005608  0.6235267956415388036468756949
syrk             0        0    0.008908022082727790005679672968    0.003215815621837633934027777778  0.004852  0.002184  0.4501236603462489694971145919
deriche          0        0  0.00003496357273198525772562378705    6.531283331761574074074074074E-9  0.011448  0.005925  0.5175576519916142557651991614
adi              0        0     0.07478138527832312320764620720             0.000747813852783233995  0.140740  0.062486  0.4439818104305812135853346597
fdtd-2d          0        0  0.00004704790130159278723838813586  0.00001697663885679788055555555556  0.010984  0.008649  0.7874180626365622723962126730
jacobi-1d        0        0  0.00007857036815572305723013131653                    3.95077510528E-7  0.000115  0.000034  0.2956521739130434782608695652
jacobi-2d        0        0   0.0001428396627244173423026414782            0.0000900335637676545744  0.012043  0.007113  0.5906335630656813086440255750
2023-12-12 09:27:41,809 [INFO] 
loss: 3.770038604736328, prev_loss: 3.7429895401000977

2023-12-12 09:27:41,809 [INFO] Loss increased from 3.7429895401000977 to 3.770038604736328. Removing components ['REM_DOUBLE' 'DIV_FLOAT' 'REM_FIX'] and reversing modifications.
2023-12-12 09:27:41,828 [INFO] Modifying components ['ADD_DOUBLE' 'DIV_FIX' 'CAST_FIX_FLOAT'] with modifications [('ADD_DOUBLE', 0.6797007310350105), ('DIV_FIX', 1.2211369683959878), ('CAST_FIX_FLOAT', 1.260006759535607)]
2023-12-12 09:27:41,842 [INFO] Running idx 3

2023-12-12 09:29:42,424 [INFO] Calculating loss for idx 3

2023-12-12 09:29:43,426 [INFO] 
          fix_nofl flo_nofl                              e_perc                               e_abs     fix_t     flt_t                         speedup
gemm             0        0  0.00001479771693590298682699517632  0.00001244721276953818181818181818  0.009852  0.002690  0.2730410069021518473406414941
gemver           0        0  0.00003027313379544594871299482309              0.00191701929193391475  0.000739  0.000664  0.8985115020297699594046008119
syr2k            0        0  0.00001699802890578776291817536193  0.00001223600474022919097222222222  0.010998  0.008776  0.7979632660483724313511547554
syrk             0        0    0.008908022082727790005679672968    0.003215815621837633934027777778  0.006367  0.003397  0.5335322757970786869797392807
deriche          0        0  0.00003496357273198525772562378705    6.531283331761574074074074074E-9  0.014960  0.006139  0.4103609625668449197860962567
adi              0        0     0.07478138527832312320764620720             0.000747813852783233995  0.138648  0.063948  0.4612255495932144711788125325
fdtd-2d          0        0  0.00004704790130159278723838813586  0.00001697663885679788055555555556  0.007773  0.008833   1.136369484111668596423517303
jacobi-1d        0        0  0.00007857036815572305723013131653                    3.95077510528E-7  0.000047  0.000020  0.4255319148936170212765957447
jacobi-2d        0        0   0.0001428396627244173423026414782            0.0000900335637676545744  0.009360  0.006168  0.6589743589743589743589743590
2023-12-12 09:29:43,435 [INFO] 
loss: 3.5408589839935303, prev_loss: 3.7429895401000977

2023-12-12 09:29:43,435 [INFO] Loss decreased from 3.7429895401000977 to 3.5408589839935303. Resetting components.
2023-12-12 09:29:43,435 [INFO] Modifying components ['CAST_FLOAT_DOUBLE' 'DIV_FLOAT' 'CAST_DOUBLE_FIX'] with modifications [('CAST_FLOAT_DOUBLE', 1.234869854907853), ('DIV_FLOAT', 1.220059822734366), ('CAST_DOUBLE_FIX', 1.1088538414715996)]
2023-12-12 09:29:43,450 [INFO] Running idx 4

2023-12-12 09:31:23,418 [INFO] Calculating loss for idx 4

2023-12-12 09:31:24,196 [INFO] 
          fix_nofl flo_nofl                              e_perc                               e_abs     fix_t     flt_t                         speedup
gemm             0        0  0.00001479771693590298682699517632  0.00001244721276953818181818181818  0.007881  0.002650  0.3362517447024489278010404771
gemver           0        0  0.00003027313379544594871299482309              0.00191701929193391475  0.000500  0.000650                             1.3
syr2k            0        0  0.00001699802890578776291817536193  0.00001223600474022919097222222222  0.011672  0.005644  0.4835503769705277587388622344
syrk             0        0    0.008908022082727790005679672968    0.003215815621837633934027777778  0.004232  0.002099  0.4959829867674858223062381853
deriche          0        0  0.00003496357273198525772562378705    6.531283331761574074074074074E-9  0.014984  0.008151  0.5439802455953016550987720235
adi              0        0     0.07478138527832312320764620720             0.000747813852783233995  0.140156  0.061876  0.4414794942778047318702017752
jacobi-1d        0        0  0.00007857036815572305723013131653                    3.95077510528E-7  0.000077  0.000034  0.4415584415584415584415584416
jacobi-2d        0        0   0.0001428396627244173423026414782            0.0000900335637676545744  0.011790  0.008287  0.7028837998303647158608990670
2023-12-12 09:31:24,220 [INFO] 
loss: 3.5543127059936523, prev_loss: 3.5408589839935303

2023-12-12 09:31:24,220 [INFO] Loss increased from 3.5408589839935303 to 3.5543127059936523. Removing components ['CAST_FLOAT_DOUBLE' 'DIV_FLOAT' 'CAST_DOUBLE_FIX'] and reversing modifications.
2023-12-12 09:31:24,238 [INFO] Modifying components ['SUB_FLOAT' 'CAST_FIX_DOUBLE' 'MUL_FIX'] with modifications [('SUB_FLOAT', 1.0876959238571389), ('CAST_FIX_DOUBLE', 1.2003841192340436), ('MUL_FIX', 1.0611517858617818)]
2023-12-12 09:31:24,252 [INFO] Running idx 5

2023-12-12 09:33:13,618 [INFO] Calculating loss for idx 5

2023-12-12 09:33:14,392 [INFO] 
          fix_nofl flo_nofl                              e_perc                               e_abs     fix_t     flt_t                         speedup
gemm             0        0  0.00001479771693590298682699517632  0.00001244721276953818181818181818  0.012507  0.004121  0.3294954825297833213400495722
syr2k            0        0  0.00001699802890578776291817536193  0.00001223600474022919097222222222  0.011686  0.007976  0.6825260996063665925038507616
syrk             0        0    0.008908022082727790005679672968    0.003215815621837633934027777778  0.004514  0.002160  0.4785112981834293309703145769
deriche          0        0  0.00003496357273198525772562378705    6.531283331761574074074074074E-9  0.015164  0.007952  0.5243998944869427591664468478
adi              0        0     0.07478138527832312320764620720             0.000747813852783233995  0.136439  0.063100  0.4624777373038500721934344286
jacobi-1d        0        0  0.00007857036815572305723013131653                    3.95077510528E-7  0.000052  0.000029  0.5576923076923076923076923077
jacobi-2d        0        0   0.0001428396627244173423026414782            0.0000900335637676545744  0.012070  0.007299  0.6047224523612261806130903065
2023-12-12 09:33:14,405 [INFO] 
loss: 3.3601746559143066, prev_loss: 3.5408589839935303

2023-12-12 09:33:14,406 [INFO] Loss decreased from 3.5408589839935303 to 3.3601746559143066. Resetting components.
2023-12-12 09:33:14,411 [INFO] Modifying components ['CAST_DOUBLE_FLOAT' 'CAST_DOUBLE_FIX' 'SUB_DOUBLE'] with modifications [('CAST_DOUBLE_FLOAT', 0.696642720190428), ('CAST_DOUBLE_FIX', 0.9640269450068258), ('SUB_DOUBLE', 1.4815921952638016)]
2023-12-12 09:33:14,434 [INFO] Running idx 6

2023-12-12 09:34:54,335 [INFO] Calculating loss for idx 6

2023-12-12 09:34:55,271 [INFO] 
          fix_nofl flo_nofl                              e_perc                               e_abs     fix_t     flt_t                         speedup
gemm             0        0  0.00001479771693590298682699517632  0.00001244721276953818181818181818  0.009848  0.003890  0.3950040617384240454914703493
syr2k            0        0  0.00001699802890578776291817536193  0.00001223600474022919097222222222  0.011518  0.007498  0.6509810731029692654974822018
syrk             0        0    0.008908022082727790005679672968    0.003215815621837633934027777778  0.006205  0.003073  0.4952457695406929895245769541
deriche          0        0  0.00003496357273198525772562378705    6.531283331761574074074074074E-9  0.013704  0.007894  0.5760361938120256859311150029
adi              0        0     0.07478138527832312320764620720             0.000747813852783233995  0.141752  0.064130  0.4524098425419041706642587053
jacobi-1d        0        0  0.00007857036815572305723013131653                    3.95077510528E-7  0.000047  0.000020  0.4255319148936170212765957447
jacobi-2d        0        0   0.0001428396627244173423026414782            0.0000900335637676545744  0.011927  0.006141  0.5148822000503060283390626310
2023-12-12 09:34:55,284 [INFO] 
loss: 3.4899091720581055, prev_loss: 3.3601746559143066

2023-12-12 09:34:55,284 [INFO] Loss increased from 3.3601746559143066 to 3.4899091720581055. Removing components ['CAST_DOUBLE_FLOAT' 'CAST_DOUBLE_FIX' 'SUB_DOUBLE'] and reversing modifications.
2023-12-12 09:34:55,300 [INFO] Modifying components ['REM_FIX' 'CAST_FIX_DOUBLE' 'DIV_DOUBLE'] with modifications [('REM_FIX', 1.0660239289799274), ('CAST_FIX_DOUBLE', 1.40290354309165), ('DIV_DOUBLE', 1.3695974612831994)]
2023-12-12 09:34:55,313 [INFO] Running idx 7

2023-12-12 09:36:11,490 [INFO] Calculating loss for idx 7

2023-12-12 09:36:12,255 [INFO] 
          fix_nofl flo_nofl                              e_perc                               e_abs     fix_t     flt_t                         speedup
gemm             0        0  0.00001479771693590298682699517632  0.00001244721276953818181818181818  0.009037  0.002593  0.2869315038176385968794954078
syr2k            0        0  0.00001699802890578776291817536193  0.00001223600474022919097222222222  0.008810  0.005270  0.5981838819523269012485811578
syrk             0        0    0.008908022082727790005679672968    0.003215815621837633934027777778  0.004373  0.002258  0.5163503315801509261376629316
deriche          0        0  0.00003496357273198525772562378705    6.531283331761574074074074074E-9  0.011545  0.006827  0.5913382416630576006929406670
adi              0        0     0.07478138527832312320764620720             0.000747813852783233995  0.141383  0.062273  0.4404560661465664188763854212
jacobi-1d        0        0  0.00007857036815572305723013131653                    3.95077510528E-7  0.000059  0.000030  0.5084745762711864406779661017
jacobi-2d        0        0   0.0001428396627244173423026414782            0.0000900335637676545744  0.012006  0.007898  0.6578377477927702815259037148
2023-12-12 09:36:12,265 [INFO] 
loss: 3.40042781829834, prev_loss: 3.3601746559143066

2023-12-12 09:36:12,265 [INFO] Loss increased from 3.3601746559143066 to 3.40042781829834. Removing components ['REM_FIX' 'CAST_FIX_DOUBLE' 'DIV_DOUBLE'] and reversing modifications.
2023-12-12 09:36:12,280 [INFO] Modifying components ['DIV_FIX' 'CAST_FIX_FIX' 'CAST_FLOAT_FIX'] with modifications [('DIV_FIX', 1.4572298028573307), ('CAST_FIX_FIX', 1.0862332723379828), ('CAST_FLOAT_FIX', 0.767099022297761)]
2023-12-12 09:36:12,294 [INFO] Running idx 8

2023-12-12 09:37:33,663 [INFO] Calculating loss for idx 8

2023-12-12 09:37:34,865 [INFO] 
          fix_nofl flo_nofl                              e_perc                               e_abs     fix_t     flt_t                         speedup
gemm             0        0  0.00001479771693590298682699517632  0.00001244721276953818181818181818  0.006911  0.003871  0.5601215453624656344957314426
syr2k            0        0  0.00001699802890578776291817536193  0.00001223600474022919097222222222  0.011416  0.006800  0.5956552207428170988086895585
syrk             0        0    0.008908022082727790005679672968    0.003215815621837633934027777778  0.006032  0.003342  0.5540450928381962864721485411
deriche          0        0  0.00003496357273198525772562378705    6.531283331761574074074074074E-9  0.011436  0.008270  0.7231549492829660720531654425
adi              0        0     0.07478138527832312320764620720             0.000747813852783233995  0.142366  0.063522  0.4461879943244875883286739811
jacobi-1d        0        0  0.00007857036815572305723013131653                    3.95077510528E-7  0.000046  0.000020  0.4347826086956521739130434783
jacobi-2d        0        0   0.0001428396627244173423026414782            0.0000900335637676545744  0.008827  0.005896  0.6679506060949359918432083381
2023-12-12 09:37:34,885 [INFO] 
loss: 3.0181021690368652, prev_loss: 3.3601746559143066

2023-12-12 09:37:34,885 [INFO] Loss decreased from 3.3601746559143066 to 3.0181021690368652. Resetting components.
2023-12-12 09:37:34,890 [INFO] Modifying components ['REM_FIX' 'REM_DOUBLE' 'DIV_FIX'] with modifications [('REM_FIX', 1.4336355439865935), ('REM_DOUBLE', 1.4724740067652873), ('DIV_FIX', 0.7146669769720813)]
2023-12-12 09:37:34,905 [INFO] Running idx 9

2023-12-12 09:39:00,007 [INFO] Calculating loss for idx 9

2023-12-12 09:39:00,839 [INFO] 
          fix_nofl flo_nofl                              e_perc                               e_abs     fix_t     flt_t                         speedup
gemm             0        0  0.00001479771693590298682699517632  0.00001244721276953818181818181818  0.007245  0.004140  0.5714285714285714285714285714
syr2k            0        0  0.00001699802890578776291817536193  0.00001223600474022919097222222222  0.008484  0.005367  0.6326025459688826025459688826
syrk             0        0    0.008908022082727790005679672968    0.003215815621837633934027777778  0.006374  0.002096  0.3288358958267963602133668026
deriche          0        0  0.00003496357273198525772562378705    6.531283331761574074074074074E-9  0.014978  0.008105  0.5411269862464948591267191881
adi              0        0     0.07478138527832312320764620720             0.000747813852783233995  0.140754  0.061903  0.4397956718814385381587734629
jacobi-1d        0        0  0.00007857036815572305723013131653                    3.95077510528E-7  0.000078  0.000035  0.4487179487179487179487179487
jacobi-2d        0        0   0.0001428396627244173423026414782            0.0000900335637676545744  0.011126  0.008847  0.7951644795973395649829228833
2023-12-12 09:39:00,850 [INFO] 
loss: 3.2423276901245117, prev_loss: 3.0181021690368652

2023-12-12 09:39:00,850 [INFO] Loss increased from 3.0181021690368652 to 3.2423276901245117. Removing components ['REM_FIX' 'REM_DOUBLE' 'DIV_FIX'] and reversing modifications.
2023-12-12 09:39:00,878 [INFO] Resetting benchmark to everything for idx 10
2023-12-12 09:39:00,878 [INFO] Running idx 10

2023-12-12 09:44:41,154 [INFO] Calculating loss for idx 10

2023-12-12 09:44:43,713 [INFO] 
               fix_nofl flo_nofl                              e_perc                                e_abs     fix_t     flt_t                         speedup
correlation           0        0       1.194385528564461457949895475      0.01194385528564461558680555556  0.006684  0.012277   1.836774386594853381208856972
covariance            0        0   0.0001481311655862873288252545117     0.002076789008244972704861111111  0.005349  0.008537   1.595999252196672275191624603
2mm                   0        0    0.002116203505084219250051580296       0.1438640358449807895808080808  0.011287  0.015730   1.393638699388677239301851688
3mm                   0        0      0.1607428143865255962080035148        1.172867386937267929232804233  0.017064  0.026357   1.544596812001875293014533521
atax                  0        0    0.001245307518139623818345421377      0.03266340436183471048780487805  0.000187  0.000302   1.614973262032085561497326203
bicg                  0        0  0.00004759444696888559227595466863              0.000047051263120545625  0.000373  0.000409   1.096514745308310991957104558
doitgen               0        0  0.00001518226308628690546534849225  0.000002021210889111604166666666667  0.006257  0.006613   1.056896276170688828512066486
mvt                   0        0  0.00004734201893050139907084194797               0.00004664236306823225  0.000415  0.000446   1.074698795180722891566265060
gemm                  0        0  0.00001479771693590298682699517632   0.00001244721276953818181818181818  0.009982  0.004019  0.4026247245041073933079543178
gemver                0        0  0.00003027313379544594871299482309               0.00191701929193391475  0.000728  0.000703  0.9656593406593406593406593407
gesummv               0        0  0.00004861237071837252610943306509                0.0000806915283183144  0.000088  0.000212   2.409090909090909090909090909
symm                  0        0   0.0007963238953248391125850552133    0.0001487045288080912958333333333  0.010147  0.008828  0.8700108406425544495910121218
syr2k                 0        0  0.00001699802890578776291817536193   0.00001223600474022919097222222222  0.011486  0.007003  0.6096987637123454640431830054
syrk                  0        0    0.008908022082727790005679672968     0.003215815621837633934027777778  0.005790  0.003379  0.5835924006908462867012089810
trmm                  0        0   0.0001165630935028292699829867013            0.00004396649698377393125  0.006012  0.006279   1.044411177644710578842315369
cholesky              0        0   0.0008462985893928526759173484168  0.000005670095025417226932668329177  0.007867  0.010597   1.347019194101944832846065845
durbin                0        0      -25.16409692019274273840881420               0.00062922264855964425  0.000121  0.000116  0.9586776859504132231404958678
gramschmidt           0        0       8.481730959763505411538193444       0.2667616760502377581136363636  0.010074  0.012250   1.216001588246972404208854477
lu                    0        0    0.002061708849909160448173884941               0.00001379618248277339  0.019808  0.021934   1.107330371567043618739903069
ludcmp                0        0      0.2520458220045806715679653536               0.00002521245863239575  0.020523  0.019737  0.9617015056278321882765677533
trisolv               0        0   0.0007163980422090239072829048338               0.00000225930572684625  0.000080  0.000097                          1.2125
deriche               0        0  0.00003496357273198525772562378705     6.531283331761574074074074074E-9  0.014084  0.008451  0.6000426015336552115876171542
floyd-warshall        0        0                                   0                                    0  0.088675  0.120512   1.359030166337750211446292642
nussinov              0        0                                   0                                    0  0.015752  0.015612  0.9911122397155916708989334688
adi                   0        0     0.07478138527832312320764620720              0.000747813852783233995  0.138505  0.062237  0.4493483989747662539258510523
fdtd-2d               0        0  0.00004704790130159278723838813586   0.00001697663885679788055555555556  0.010895  0.008750  0.8031206975676916016521340064
heat-3d               0        0                                   0                                0E-16  0.013242  0.014665   1.107461108593867995771031566
jacobi-1d             0        0  0.00007857036815572305723013131653                     3.95077510528E-7  0.000053  0.000029  0.5471698113207547169811320755
jacobi-2d             0        0   0.0001428396627244173423026414782             0.0000900335637676545744  0.011776  0.008480  0.7201086956521739130434782609
seidel-2d             0        0   0.0001020126506449179568796360769           0.000102525901793475199375  0.052241  0.089381   1.710935854979805133898661970
2023-12-12 09:44:43,731 [INFO] Modifying components ['MUL_FLOAT' 'MUL_DOUBLE' 'SUB_FLOAT'] with modifications [('MUL_FLOAT', 1.4884817814951026), ('MUL_DOUBLE', 1.2701071709660798), ('SUB_FLOAT', 1.1463297225401976)]
2023-12-12 09:44:43,750 [INFO] Running idx 11

2023-12-12 09:47:26,187 [INFO] Calculating loss for idx 11

2023-12-12 09:47:27,482 [INFO] 
          fix_nofl flo_nofl                              e_perc                               e_abs     fix_t     flt_t                         speedup
gemm             0        0  0.00001479771693590298682699517632  0.00001244721276953818181818181818  0.009459  0.004405  0.4656940479966169785389576065
gemver           0        0  0.00003027313379544594871299482309              0.00191701929193391475  0.000457  0.000450  0.9846827133479212253829321663
symm             0        0   0.0007963238953248391125850552133   0.0001487045288080912958333333333  0.009439  0.006766  0.7168132217395910583748278419
syr2k            0        0  0.00001699802890578776291817536193  0.00001223600474022919097222222222  0.008233  0.007113  0.8639621037288959067168711284
syrk             0        0    0.008908022082727790005679672968    0.003215815621837633934027777778  0.005889  0.002172  0.3688232297503820682628629648
durbin           0        0      -25.16409692019274273840881420              0.00062922264855964425  0.000186  0.000168  0.9032258064516129032258064516
ludcmp           0        0      0.2520458220045806715679653536              0.00002521245863239575  0.018283  0.019512   1.067220915604660066728655035
deriche          0        0  0.00003496357273198525772562378705    6.531283331761574074074074074E-9  0.013645  0.008023  0.5879809454012458776108464639
nussinov         0        0                                   0                                   0  0.015655  0.015087  0.9637176620887895241137016927
adi              0        0     0.07478138527832312320764620720             0.000747813852783233995  0.140394  0.063550  0.4526546718520734504323546590
fdtd-2d          0        0  0.00004704790130159278723838813586  0.00001697663885679788055555555556  0.010620  0.008593  0.8091337099811676082862523540
jacobi-1d        0        0  0.00007857036815572305723013131653                    3.95077510528E-7  0.000059  0.000034  0.5762711864406779661016949153
jacobi-2d        0        0   0.0001428396627244173423026414782            0.0000900335637676545744  0.008776  0.009365   1.067114858705560619872379216
2023-12-12 09:47:27,499 [INFO] 
loss: 3.3070406913757324, prev_loss: 3.537132501602173

2023-12-12 09:47:27,499 [INFO] Loss decreased from 3.537132501602173 to 3.3070406913757324. Resetting components.
2023-12-12 09:47:27,499 [INFO] Modifying components ['SUB_FLOAT' 'MUL_FLOAT' 'REM_DOUBLE'] with modifications [('SUB_FLOAT', 1.4186792196892304), ('MUL_FLOAT', 1.2986850530018805), ('REM_DOUBLE', 0.7798748468878269)]
2023-12-12 09:47:27,521 [INFO] Running idx 12

2023-12-12 09:49:58,934 [INFO] Calculating loss for idx 12

2023-12-12 09:50:00,024 [INFO] 
          fix_nofl flo_nofl                              e_perc                               e_abs     fix_t     flt_t                         speedup
gemm             0        0  0.00001479771693590298682699517632  0.00001244721276953818181818181818  0.006931  0.004309  0.6216996104458231135478285962
gemver           0        0  0.00003027313379544594871299482309              0.00191701929193391475  0.000720  0.000663  0.9208333333333333333333333333
symm             0        0   0.0007963238953248391125850552133   0.0001487045288080912958333333333  0.009201  0.009069  0.9856537332898597978480599935
syr2k            0        0  0.00001699802890578776291817536193  0.00001223600474022919097222222222  0.011632  0.007060  0.6069463548830811554332874828
syrk             0        0    0.008908022082727790005679672968    0.003215815621837633934027777778  0.006137  0.003132  0.5103470751181358970180870132
durbin           0        0      -25.16409692019274273840881420              0.00062922264855964425  0.000187  0.000198   1.058823529411764705882352941
deriche          0        0  0.00003496357273198525772562378705    6.531283331761574074074074074E-9  0.013921  0.008498  0.6104446519646577113713095324
nussinov         0        0                                   0                                   0  0.015915  0.012242  0.7692114357524348099277411247
adi              0        0     0.07478138527832312320764620720             0.000747813852783233995  0.138900  0.062273  0.4483297336213102951763858891
fdtd-2d          0        0  0.00004704790130159278723838813586  0.00001697663885679788055555555556  0.011000  0.008675  0.7886363636363636363636363636
jacobi-1d        0        0  0.00007857036815572305723013131653                    3.95077510528E-7  0.000078  0.000034  0.4358974358974358974358974359
2023-12-12 09:50:00,038 [INFO] 
loss: 3.302000045776367, prev_loss: 3.3070406913757324

2023-12-12 09:50:00,038 [INFO] Loss decreased from 3.3070406913757324 to 3.302000045776367. Resetting components.
2023-12-12 09:50:00,038 [INFO] Modifying components ['DIV_FIX' 'REM_DOUBLE' 'CAST_FLOAT_DOUBLE'] with modifications [('DIV_FIX', 1.2415671598151532), ('REM_DOUBLE', 0.9653676780899705), ('CAST_FLOAT_DOUBLE', 0.8521044407144978)]
2023-12-12 09:50:00,060 [INFO] Running idx 13

2023-12-12 09:52:33,573 [INFO] Calculating loss for idx 13

2023-12-12 09:52:34,677 [INFO] 
          fix_nofl flo_nofl                              e_perc                               e_abs     fix_t     flt_t                         speedup
gemm             0        0  0.00001479771693590298682699517632  0.00001244721276953818181818181818  0.010626  0.005034  0.4737436476566911349520045172
gemver           0        0  0.00003027313379544594871299482309              0.00191701929193391475  0.000723  0.000660  0.9128630705394190871369294606
symm             0        0   0.0007963238953248391125850552133   0.0001487045288080912958333333333  0.009895  0.010588   1.070035371399696816574027287
syr2k            0        0  0.00001699802890578776291817536193  0.00001223600474022919097222222222  0.011846  0.007154  0.6039169339861556643592773932
syrk             0        0    0.008908022082727790005679672968    0.003215815621837633934027777778  0.006497  0.003306  0.5088502385716484531322148684
deriche          0        0  0.00003496357273198525772562378705    6.531283331761574074074074074E-9  0.014646  0.008796  0.6005735354362965997541990987
nussinov         0        0                                   0                                   0  0.016094  0.015674  0.9739033180067105753697029949
adi              0        0     0.07478138527832312320764620720             0.000747813852783233995  0.146076  0.061974  0.4242586051096689394561734987
fdtd-2d          0        0  0.00004704790130159278723838813586  0.00001697663885679788055555555556  0.010884  0.009318  0.8561190738699007717750826902
jacobi-1d        0        0  0.00007857036815572305723013131653                    3.95077510528E-7  0.000079  0.000029  0.3670886075949367088607594937
2023-12-12 09:52:34,687 [INFO] 
loss: 3.2786829471588135, prev_loss: 3.302000045776367

2023-12-12 09:52:34,687 [INFO] Loss decreased from 3.302000045776367 to 3.2786829471588135. Resetting components.
2023-12-12 09:52:34,687 [INFO] Modifying components ['REM_FIX' 'DIV_FLOAT' 'CAST_FIX_DOUBLE'] with modifications [('REM_FIX', 0.6696853010539792), ('DIV_FLOAT', 1.4793247871563726), ('CAST_FIX_DOUBLE', 0.8970376250009644)]
2023-12-12 09:52:34,700 [INFO] Running idx 14

2023-12-12 09:54:54,625 [INFO] Calculating loss for idx 14

2023-12-12 09:54:55,624 [INFO] 
          fix_nofl flo_nofl                              e_perc                               e_abs     fix_t     flt_t                         speedup
gemm             0        0  0.00001479771693590298682699517632  0.00001244721276953818181818181818  0.007066  0.003955  0.5597226153410699122558731956
gemver           0        0  0.00003027313379544594871299482309              0.00191701929193391475  0.000596  0.000664   1.114093959731543624161073826
syr2k            0        0  0.00001699802890578776291817536193  0.00001223600474022919097222222222  0.013489  0.007068  0.5239825042627325969308325302
syrk             0        0    0.008908022082727790005679672968    0.003215815621837633934027777778  0.006251  0.003121  0.4992801151815709486482162854
deriche          0        0  0.00003496357273198525772562378705    6.531283331761574074074074074E-9  0.014911  0.008327  0.5584467842532358661390919455
nussinov         0        0                                   0                                   0  0.015734  0.015891   1.009978390746154823948137791
adi              0        0     0.07478138527832312320764620720             0.000747813852783233995  0.135438  0.062413  0.4608234025901150341853837180
fdtd-2d          0        0  0.00004704790130159278723838813586  0.00001697663885679788055555555556  0.010772  0.009080  0.8429261047159301893798737468
jacobi-1d        0        0  0.00007857036815572305723013131653                    3.95077510528E-7  0.000066  0.000035  0.5303030303030303030303030303
2023-12-12 09:54:55,640 [INFO] 
loss: 3.0245156288146973, prev_loss: 3.2786829471588135

2023-12-12 09:54:55,640 [INFO] Loss decreased from 3.2786829471588135 to 3.0245156288146973. Resetting components.
2023-12-12 09:54:55,645 [INFO] Modifying components ['MUL_FIX' 'CAST_DOUBLE_FIX' 'SUB_DOUBLE'] with modifications [('MUL_FIX', 0.7196331144264064), ('CAST_DOUBLE_FIX', 1.3042960672740576), ('SUB_DOUBLE', 1.133214570342234)]
2023-12-12 09:54:55,662 [INFO] Running idx 15

2023-12-12 09:56:01,854 [INFO] Calculating loss for idx 15

2023-12-12 09:56:03,021 [INFO] 
          fix_nofl flo_nofl                              e_perc                               e_abs     fix_t     flt_t                         speedup
gemm             0        0  0.00001479771693590298682699517632  0.00001244721276953818181818181818  0.009765  0.003974  0.4069636456733230926779313876
syr2k            0        0  0.00001699802890578776291817536193  0.00001223600474022919097222222222  0.008463  0.007475  0.8832565284178187403993855607
syrk             0        0    0.008908022082727790005679672968    0.003215815621837633934027777778  0.004060  0.002169  0.5342364532019704433497536946
deriche          0        0  0.00003496357273198525772562378705    6.531283331761574074074074074E-9  0.011962  0.005846  0.4887142618291255642869085437
adi              0        0     0.07478138527832312320764620720             0.000747813852783233995  0.147667  0.063299  0.4286604319177609079889210182
fdtd-2d          0        0  0.00004704790130159278723838813586  0.00001697663885679788055555555556  0.007974  0.012229   1.533609229997491848507649862
jacobi-1d        0        0  0.00007857036815572305723013131653                    3.95077510528E-7  0.000059  0.000035  0.5932203389830508474576271186
2023-12-12 09:56:03,037 [INFO] 
loss: 2.6649484634399414, prev_loss: 3.0245156288146973

2023-12-12 09:56:03,037 [INFO] Loss decreased from 3.0245156288146973 to 2.6649484634399414. Resetting components.
2023-12-12 09:56:03,037 [INFO] Modifying components ['CAST_FLOAT_FIX' 'DIV_FLOAT' 'REM_DOUBLE'] with modifications [('CAST_FLOAT_FIX', 0.804187733680756), ('DIV_FLOAT', 1.2835729879149782), ('REM_DOUBLE', 0.828158922009693)]
2023-12-12 09:56:03,057 [INFO] Running idx 16

2023-12-12 09:57:01,112 [INFO] Calculating loss for idx 16

2023-12-12 09:57:01,753 [INFO] 
          fix_nofl flo_nofl                              e_perc                               e_abs     fix_t     flt_t                         speedup
gemm             0        0  0.00001479771693590298682699517632  0.00001244721276953818181818181818  0.008093  0.002798  0.3457308785370072902508340541
syr2k            0        0  0.00001699802890578776291817536193  0.00001223600474022919097222222222  0.009794  0.006051  0.6178272411680620788237696549
syrk             0        0    0.008908022082727790005679672968    0.003215815621837633934027777778  0.005665  0.003169  0.5593998234774933804060017652
deriche          0        0  0.00003496357273198525772562378705    6.531283331761574074074074074E-9  0.011591  0.005935  0.5120351997239237339314985765
adi              0        0     0.07478138527832312320764620720             0.000747813852783233995  0.134698  0.058021  0.4307487861735140833568427148
jacobi-1d        0        0  0.00007857036815572305723013131653                    3.95077510528E-7  0.000045  0.000021  0.4666666666666666666666666667
2023-12-12 09:57:01,763 [INFO] 
loss: 3.0675911903381348, prev_loss: 2.6649484634399414

2023-12-12 09:57:01,763 [INFO] Loss increased from 2.6649484634399414 to 3.0675911903381348. Removing components ['CAST_FLOAT_FIX' 'DIV_FLOAT' 'REM_DOUBLE'] and reversing modifications.
2023-12-12 09:57:01,779 [INFO] Modifying components ['CAST_DOUBLE_FIX' 'ADD_FLOAT' 'CAST_FIX_FLOAT'] with modifications [('CAST_DOUBLE_FIX', 1.272239474961825), ('ADD_FLOAT', 0.8817803181394231), ('CAST_FIX_FLOAT', 1.4347630243612093)]
2023-12-12 09:57:01,792 [INFO] Running idx 17

2023-12-12 09:58:00,612 [INFO] Calculating loss for idx 17

2023-12-12 09:58:01,395 [INFO] 
          fix_nofl flo_nofl                              e_perc                               e_abs     fix_t     flt_t                         speedup
gemm             0        0  0.00001479771693590298682699517632  0.00001244721276953818181818181818  0.007128  0.002623  0.3679854096520763187429854097
syr2k            0        0  0.00001699802890578776291817536193  0.00001223600474022919097222222222  0.008421  0.005155  0.6121600760004750029687685548
syrk             0        0    0.008908022082727790005679672968    0.003215815621837633934027777778  0.004157  0.002091  0.5030069761847486167909550156
deriche          0        0  0.00003496357273198525772562378705    6.531283331761574074074074074E-9  0.011436  0.005966  0.5216859041622945085694298706
adi              0        0     0.07478138527832312320764620720             0.000747813852783233995  0.138711  0.064932  0.4681099552306594285961459437
jacobi-1d        0        0  0.00007857036815572305723013131653                    3.95077510528E-7  0.000072  0.000036                             0.5
2023-12-12 09:58:01,417 [INFO] 
loss: 3.0270519256591797, prev_loss: 2.6649484634399414

2023-12-12 09:58:01,417 [INFO] Loss increased from 2.6649484634399414 to 3.0270519256591797. Jumping to search new minima.
2023-12-12 09:58:01,417 [INFO] Modifying components ['CAST_DOUBLE_FIX' 'REM_FIX' 'MUL_FIX'] with modifications [('CAST_DOUBLE_FIX', 1.4662115160330842), ('REM_FIX', 1.3629395151942576), ('MUL_FIX', 0.8303142193492697)]
2023-12-12 09:58:01,439 [INFO] Running idx 18

2023-12-12 09:59:25,930 [INFO] Calculating loss for idx 18

2023-12-12 09:59:26,624 [INFO] 
          fix_nofl flo_nofl                              e_perc                               e_abs     fix_t     flt_t                         speedup
gemm             0        0  0.00001479771693590298682699517632  0.00001244721276953818181818181818  0.006870  0.004038  0.5877729257641921397379912664
syr2k            0        0  0.00001699802890578776291817536193  0.00001223600474022919097222222222  0.011412  0.007287  0.6385383806519453207150368034
syrk             0        0    0.008908022082727790005679672968    0.003215815621837633934027777778  0.005770  0.003215  0.5571923743500866551126516464
deriche          0        0  0.00003496357273198525772562378705    6.531283331761574074074074074E-9  0.014467  0.005809  0.4015345268542199488491048593
adi              0        0     0.07478138527832312320764620720             0.000747813852783233995  0.145793  0.062445  0.4283127447819854176812329810
jacobi-1d        0        0  0.00007857036815572305723013131653                    3.95077510528E-7  0.000085  0.000035  0.4117647058823529411764705882
2023-12-12 09:59:26,639 [INFO] 
loss: 2.974884510040283, prev_loss: 3.0270519256591797

2023-12-12 09:59:26,639 [INFO] Loss decreased from 3.0270519256591797 to 2.974884510040283. Resetting components.
2023-12-12 09:59:26,640 [INFO] Modifying components ['CAST_FLOAT_FIX' 'SUB_FLOAT' 'CAST_FIX_FLOAT'] with modifications [('CAST_FLOAT_FIX', 1.0257427997231225), ('SUB_FLOAT', 0.9291912279917586), ('CAST_FIX_FLOAT', 0.6955558749653025)]
2023-12-12 09:59:26,671 [INFO] Running idx 19

2023-12-12 10:01:03,234 [INFO] Calculating loss for idx 19

2023-12-12 10:01:03,911 [INFO] 
          fix_nofl flo_nofl                              e_perc                               e_abs     fix_t     flt_t                         speedup
gemm             0        0  0.00001479771693590298682699517632  0.00001244721276953818181818181818  0.010109  0.004491  0.4442575922445345731526362647
syr2k            0        0  0.00001699802890578776291817536193  0.00001223600474022919097222222222  0.011679  0.007545  0.6460313382995119445157975854
syrk             0        0    0.008908022082727790005679672968    0.003215815621837633934027777778  0.006199  0.003352  0.5407323761897080174221648653
deriche          0        0  0.00003496357273198525772562378705    6.531283331761574074074074074E-9  0.014278  0.008468  0.5930802633422047905869169351
adi              0        0     0.07478138527832312320764620720             0.000747813852783233995  0.140110  0.063107  0.4504103918349867960887873813
jacobi-1d        0        0  0.00007857036815572305723013131653                    3.95077510528E-7  0.000078  0.000033  0.4230769230769230769230769231
2023-12-12 10:01:03,928 [INFO] 
loss: 2.9024112224578857, prev_loss: 2.974884510040283

2023-12-12 10:01:03,929 [INFO] Loss decreased from 2.974884510040283 to 2.9024112224578857. Resetting components.
2023-12-12 10:01:03,947 [INFO] Resetting benchmark to everything for idx 20
2023-12-12 10:01:03,948 [INFO] Running idx 20

2023-12-12 10:03:34,204 [INFO] Calculating loss for idx 20

