2023-12-12 10:36:38,631 [INFO] Started logging at 20231212-103638
2023-12-12 10:36:38,633 [INFO] Hyperparameters: 
num_components: 6
range_low: 0.5
range_high: 2.0
prob_jump: 0.25
no_jump_threshold: 0.5

2023-12-12 10:36:38,656 [INFO] Benchmarking for 50 indices
2023-12-12 10:36:38,657 [INFO] Running for idx 0

2023-12-12 10:36:50,000 [INFO] Calculating loss for idx 0

2023-12-12 10:36:52,510 [INFO] 
               fix_nofl flo_nofl                              e_perc                                e_abs     fix_t     flt_t                         speedup
correlation           0        0       1.194385528564461457949895475      0.01194385528564461558680555556  0.006513  0.008592   1.319207738369415016121602948
covariance            0        0   0.0001481311655862873288252545117     0.002076789008244972704861111111  0.005567  0.008387   1.506556493623136339141368780
2mm                   0        0    0.002116203505084219250051580296       0.1438640358449807895808080808  0.014394  0.014198  0.9863832152285674586633319439
3mm                   0        0      0.1607428143865255962080035148        1.172867386937267929232804233  0.014562  0.021917   1.505081719544018678752918555
atax                  0        0    0.001245307518139623818345421377      0.03266340436183471048780487805  0.000212  0.000204  0.9622641509433962264150943396
bicg                  0        0  0.00004759444696888559227595466863              0.000047051263120545625  0.000283  0.000461   1.628975265017667844522968198
doitgen               0        0  0.00001518226308628690546534849225  0.000002021210889111604166666666667  0.004979  0.005232   1.050813416348664390439847359
mvt                   0        0  0.00004734201893050139907084194797               0.00004664236306823225  0.000259  0.000469   1.810810810810810810810810811
gemm                  0        0  0.00001479771693590298682699517632   0.00001244721276953818181818181818  0.006928  0.003943  0.5691397228637413394919168591
gemver                0        0  0.00003027313379544594871299482309               0.00191701929193391475  0.000640  0.000440                          0.6875
gesummv               0        0  0.00004861237071837252610943306509                0.0000806915283183144  0.000131  0.000170   1.297709923664122137404580153
symm                  0        0   0.0007963238953248391125850552133    0.0001487045288080912958333333333  0.013316  0.011379  0.8545358966656653649744668068
syr2k                 0        0  0.00001699802890578776291817536193   0.00001223600474022919097222222222  0.017372  0.010157  0.5846764909049044439327653696
syrk                  0        0    0.008908022082727790005679672968     0.003215815621837633934027777778  0.008025  0.004499  0.5606230529595015576323987539
trmm                  0        0   0.0001165630935028292699829867013            0.00004396649698377393125  0.007979  0.006696  0.8392029076325354054392781050
cholesky              0        0   0.0008462985893928526759173484168  0.000005670095025417226932668329177  0.013552  0.013198  0.9738783943329397874852420307
durbin                0        0      -25.16409692019274273840881420               0.00062922264855964425  0.000108  0.000116   1.074074074074074074074074074
gramschmidt           0        0       8.481730959763505411538193444       0.2667616760502377581136363636  0.009462  0.011551   1.220777848235045444937645318
lu                    0        0    0.002061708849909160448173884941               0.00001379618248277339  0.019549  0.021582   1.103995089262877896567599366
ludcmp                0        0      0.2520458220045806715679653536               0.00002521245863239575  0.019384  0.019231  0.9921068922822946760214609988
trisolv               0        0   0.0007163980422090239072829048338               0.00000225930572684625  0.000091  0.000104   1.142857142857142857142857143
deriche               0        0  0.00003496357273198525772562378705     6.531283331761574074074074074E-9  0.011181  0.005992  0.5359091315624720508004650747
floyd-warshall        0        0                                   0                                    0  0.085479  0.113906   1.332561213865393839422548228
nussinov              0        0                                   0                                    0  0.012155  0.012261   1.008720691073632250102838338
adi                   0        0     0.07478138527832312320764620720              0.000747813852783233995  0.133353  0.057711  0.4327686666216733031877798025
fdtd-2d               0        0  0.00004704790130159278723838813586   0.00001697663885679788055555555556  0.007708  0.006378  0.8274519979242345614945511157
heat-3d               0        0                                   0                                0E-16  0.009797  0.011392   1.162804940287843217311421864
jacobi-1d             0        0  0.00007857036815572305723013131653                     3.95077510528E-7  0.000048  0.000020  0.4166666666666666666666666667
jacobi-2d             0        0   0.0001428396627244173423026414782             0.0000900335637676545744  0.008636  0.005891  0.6821445113478462251042149143
seidel-2d             0        0   0.0001020126506449179568796360769           0.000102525901793475199375  0.048694  0.084268   1.730562286934735285661477800
2023-12-12 10:36:52,522 [INFO] Modifying components ['DIV_FIX' 'CAST_FLOAT_DOUBLE' 'CAST_DOUBLE_FIX' 'REM_FIX' 'SUB_DOUBLE'
 'CAST_FIX_DOUBLE'] with modifications [('DIV_FIX', 1.894738929105231), ('CAST_FLOAT_DOUBLE', 0.7338203875582932), ('CAST_DOUBLE_FIX', 1.254805900393288), ('REM_FIX', 1.3742142097642511), ('SUB_DOUBLE', 1.7082143929063338), ('CAST_FIX_DOUBLE', 0.9109564795472944)]
2023-12-12 10:36:52,536 [INFO] Running idx 1

2023-12-12 10:36:57,657 [INFO] Calculating loss for idx 1

2023-12-12 10:36:58,855 [INFO] 
          fix_nofl flo_nofl                              e_perc                                e_abs     fix_t     flt_t                         speedup
2mm              0        0    0.002116203505084219250051580296       0.1438640358449807895808080808  0.012033  0.014126   1.173938336242001163467132054
atax             0        0    0.001245307518139623818345421377      0.03266340436183471048780487805  0.000182  0.000208   1.142857142857142857142857143
gemm             0        0  0.00001479771693590298682699517632   0.00001244721276953818181818181818  0.006879  0.002736  0.3977322285215874400348887920
gemver           0        0  0.00003027313379544594871299482309               0.00191701929193391475  0.000421  0.000417  0.9904988123515439429928741093
symm             0        0   0.0007963238953248391125850552133    0.0001487045288080912958333333333  0.006569  0.006553  0.9975643172476784898766935607
syr2k            0        0  0.00001699802890578776291817536193   0.00001223600474022919097222222222  0.008299  0.004968  0.5986263405229545728401012170
syrk             0        0    0.008908022082727790005679672968     0.003215815621837633934027777778  0.004108  0.002066  0.5029211295034079844206426485
trmm             0        0   0.0001165630935028292699829867013            0.00004396649698377393125  0.004150  0.004468   1.076626506024096385542168675
cholesky         0        0   0.0008462985893928526759173484168  0.000005670095025417226932668329177  0.007549  0.010151   1.344681414756921446549211816
ludcmp           0        0      0.2520458220045806715679653536               0.00002521245863239575  0.019054  0.019380   1.017109268395087645638711032
deriche          0        0  0.00003496357273198525772562378705     6.531283331761574074074074074E-9  0.014957  0.005861  0.3918566557464732232399545363
adi              0        0     0.07478138527832312320764620720              0.000747813852783233995  0.134256  0.058799  0.4379618043141461089262304850
fdtd-2d          0        0  0.00004704790130159278723838813586   0.00001697663885679788055555555556  0.007620  0.006399  0.8397637795275590551181102362
jacobi-1d        0        0  0.00007857036815572305723013131653                     3.95077510528E-7  0.000045  0.000020  0.4444444444444444444444444444
jacobi-2d        0        0   0.0001428396627244173423026414782             0.0000900335637676545744  0.008504  0.005808  0.6829727187206020696142991533
2023-12-12 10:36:58,872 [INFO] 
loss: 3.7156577110290527, prev_loss: 4.094748020172119

2023-12-12 10:36:58,872 [INFO] Loss decreased from 4.094748020172119 to 3.7156577110290527. Resetting components.
2023-12-12 10:36:58,872 [INFO] Modifying components ['SUB_FLOAT' 'CAST_FIX_FLOAT' 'MUL_FIX' 'DIV_DOUBLE' 'CAST_FLOAT_FIX'
 'DIV_FLOAT'] with modifications [('SUB_FLOAT', 1.5721601401299288), ('CAST_FIX_FLOAT', 1.1624572790755072), ('MUL_FIX', 0.6846094489917609), ('DIV_DOUBLE', 1.2465287488961438), ('CAST_FLOAT_FIX', 0.5570651020435291), ('DIV_FLOAT', 1.7810532512311077)]
2023-12-12 10:36:58,889 [INFO] Running idx 2

2023-12-12 10:37:02,701 [INFO] Calculating loss for idx 2

2023-12-12 10:37:03,677 [INFO] 
          fix_nofl flo_nofl                              e_perc                               e_abs     fix_t     flt_t                         speedup
gemm             0        0  0.00001479771693590298682699517632  0.00001244721276953818181818181818  0.006978  0.002694  0.3860705073086844368013757524
gemver           0        0  0.00003027313379544594871299482309              0.00191701929193391475  0.000444  0.000492   1.108108108108108108108108108
symm             0        0   0.0007963238953248391125850552133   0.0001487045288080912958333333333  0.006876  0.006641  0.9658231529959278650378126818
syr2k            0        0  0.00001699802890578776291817536193  0.00001223600474022919097222222222  0.008388  0.005079  0.6055078683834048640915593705
syrk             0        0    0.008908022082727790005679672968    0.003215815621837633934027777778  0.004148  0.002108  0.5081967213114754098360655738
deriche          0        0  0.00003496357273198525772562378705    6.531283331761574074074074074E-9  0.011621  0.005730  0.4930728852938645555459943206
adi              0        0     0.07478138527832312320764620720             0.000747813852783233995  0.137508  0.059152  0.4301713354859353637606539256
fdtd-2d          0        0  0.00004704790130159278723838813586  0.00001697663885679788055555555556  0.007519  0.006451  0.8579598350844527197765660327
jacobi-1d        0        0  0.00007857036815572305723013131653                    3.95077510528E-7  0.000046  0.000020  0.4347826086956521739130434783
jacobi-2d        0        0   0.0001428396627244173423026414782            0.0000900335637676545744  0.008903  0.005960  0.6694372683365157811973492081
2023-12-12 10:37:03,686 [INFO] 
loss: 3.648977756500244, prev_loss: 3.7156577110290527

2023-12-12 10:37:03,686 [INFO] Loss decreased from 3.7156577110290527 to 3.648977756500244. Resetting components.
2023-12-12 10:37:03,686 [INFO] Modifying components ['REM_DOUBLE' 'CAST_FLOAT_DOUBLE' 'MUL_DOUBLE' 'CAST_DOUBLE_FIX'
 'DIV_DOUBLE' 'DIV_FLOAT'] with modifications [('REM_DOUBLE', 1.174212785746322), ('CAST_FLOAT_DOUBLE', 1.5904516153195665), ('MUL_DOUBLE', 1.6485342055212278), ('CAST_DOUBLE_FIX', 1.7940851574659014), ('DIV_DOUBLE', 0.8077184571376541), ('DIV_FLOAT', 0.9993227750751772)]
2023-12-12 10:37:03,698 [INFO] Running idx 3

2023-12-12 10:37:07,455 [INFO] Calculating loss for idx 3

2023-12-12 10:37:08,463 [INFO] 
          fix_nofl flo_nofl                              e_perc                               e_abs     fix_t     flt_t                         speedup
gemm             0        0  0.00001479771693590298682699517632  0.00001244721276953818181818181818  0.007128  0.002613  0.3665824915824915824915824916
symm             0        0   0.0007963238953248391125850552133   0.0001487045288080912958333333333  0.006806  0.006880   1.010872759330002938583602703
syr2k            0        0  0.00001699802890578776291817536193  0.00001223600474022919097222222222  0.008258  0.004996  0.6049891014773552918382174861
syrk             0        0    0.008908022082727790005679672968    0.003215815621837633934027777778  0.004155  0.002145  0.5162454873646209386281588448
deriche          0        0  0.00003496357273198525772562378705    6.531283331761574074074074074E-9  0.011731  0.005797  0.4941607706077913221379251556
adi              0        0     0.07478138527832312320764620720             0.000747813852783233995  0.136834  0.057870  0.4229212037943785901164915153
fdtd-2d          0        0  0.00004704790130159278723838813586  0.00001697663885679788055555555556  0.007591  0.006357  0.8374390725859570544065340535
jacobi-1d        0        0  0.00007857036815572305723013131653                    3.95077510528E-7  0.000074  0.000020  0.2702702702702702702702702703
jacobi-2d        0        0   0.0001428396627244173423026414782            0.0000900335637676545744  0.008479  0.006037  0.7119943389550654558320556669
2023-12-12 10:37:08,472 [INFO] 
loss: 3.775397300720215, prev_loss: 3.648977756500244

2023-12-12 10:37:08,473 [INFO] Loss increased from 3.648977756500244 to 3.775397300720215. Jumping to search new minima.
2023-12-12 10:37:08,473 [INFO] Modifying components ['CAST_FLOAT_FIX' 'ADD_FLOAT' 'CAST_DOUBLE_FIX' 'CAST_FIX_FIX'
 'CAST_FIX_FLOAT' 'SUB_DOUBLE'] with modifications [('CAST_FLOAT_FIX', 1.8790154726466368), ('ADD_FLOAT', 0.7921822702480226), ('CAST_DOUBLE_FIX', 0.8449232195716245), ('CAST_FIX_FIX', 1.9459504538020018), ('CAST_FIX_FLOAT', 0.786285134923739), ('SUB_DOUBLE', 0.5043279580682536)]
2023-12-12 10:37:08,486 [INFO] Running idx 4

2023-12-12 10:37:12,094 [INFO] Calculating loss for idx 4

2023-12-12 10:37:13,164 [INFO] 
          fix_nofl flo_nofl                              e_perc                               e_abs     fix_t     flt_t                         speedup
gemm             0        0  0.00001479771693590298682699517632  0.00001244721276953818181818181818  0.009312  0.002670  0.2867268041237113402061855670
syr2k            0        0  0.00001699802890578776291817536193  0.00001223600474022919097222222222  0.008889  0.005256  0.5912926088423894701316233547
syrk             0        0    0.008908022082727790005679672968    0.003215815621837633934027777778  0.004280  0.002242  0.5238317757009345794392523364
deriche          0        0  0.00003496357273198525772562378705    6.531283331761574074074074074E-9  0.016310  0.008216  0.5037400367872470876762722256
adi              0        0     0.07478138527832312320764620720             0.000747813852783233995  0.135686  0.061861  0.4559129165868254646757955869
fdtd-2d          0        0  0.00004704790130159278723838813586  0.00001697663885679788055555555556  0.008182  0.006884  0.8413590809093131263749694451
jacobi-1d        0        0  0.00007857036815572305723013131653                    3.95077510528E-7  0.000047  0.000034  0.7234042553191489361702127660
jacobi-2d        0        0   0.0001428396627244173423026414782            0.0000900335637676545744  0.008703  0.005964  0.6852809376077214753533264392
2023-12-12 10:37:13,172 [INFO] 
loss: 3.38845157623291, prev_loss: 3.775397300720215

2023-12-12 10:37:13,173 [INFO] Loss decreased from 3.775397300720215 to 3.38845157623291. Resetting components.
2023-12-12 10:37:13,173 [INFO] Modifying components ['CAST_DOUBLE_FLOAT' 'MUL_FLOAT' 'CAST_FIX_FIX' 'CAST_DOUBLE_FIX'
 'DIV_DOUBLE' 'CAST_FLOAT_FIX'] with modifications [('CAST_DOUBLE_FLOAT', 1.6753249487068718), ('MUL_FLOAT', 1.8903774761699927), ('CAST_FIX_FIX', 1.7887064866602025), ('CAST_DOUBLE_FIX', 1.1456122051149074), ('DIV_DOUBLE', 1.390550905452987), ('CAST_FLOAT_FIX', 0.8600369736754201)]
2023-12-12 10:37:13,185 [INFO] Running idx 5

2023-12-12 10:37:16,764 [INFO] Calculating loss for idx 5

2023-12-12 10:37:17,705 [INFO] 
          fix_nofl flo_nofl                              e_perc                               e_abs     fix_t     flt_t                         speedup
gemm             0        0  0.00001479771693590298682699517632  0.00001244721276953818181818181818  0.007621  0.002868  0.3763285658050124655557013515
syr2k            0        0  0.00001699802890578776291817536193  0.00001223600474022919097222222222  0.009224  0.005518  0.5982220294882914137033824805
syrk             0        0    0.008908022082727790005679672968    0.003215815621837633934027777778  0.004503  0.002217  0.4923384410393071285809460360
deriche          0        0  0.00003496357273198525772562378705    6.531283331761574074074074074E-9  0.011842  0.005978  0.5048133761188988346563080561
adi              0        0     0.07478138527832312320764620720             0.000747813852783233995  0.139742  0.059226  0.4238239040517525153497159050
fdtd-2d          0        0  0.00004704790130159278723838813586  0.00001697663885679788055555555556  0.007853  0.006643  0.8459187571628676938749522475
jacobi-1d        0        0  0.00007857036815572305723013131653                    3.95077510528E-7  0.000045  0.000020  0.4444444444444444444444444444
jacobi-2d        0        0   0.0001428396627244173423026414782            0.0000900335637676545744  0.008795  0.006053  0.6882319499715747583854462763
2023-12-12 10:37:17,726 [INFO] 
loss: 3.62587833404541, prev_loss: 3.38845157623291

2023-12-12 10:37:17,726 [INFO] Loss increased from 3.38845157623291 to 3.62587833404541. Jumping to search new minima.
2023-12-12 10:37:17,726 [INFO] Modifying components ['CAST_FIX_FLOAT' 'CAST_DOUBLE_FLOAT' 'MUL_DOUBLE' 'REM_DOUBLE'
 'SUB_DOUBLE' 'SUB_FLOAT'] with modifications [('CAST_FIX_FLOAT', 1.5634288587797818), ('CAST_DOUBLE_FLOAT', 1.4540497945490336), ('MUL_DOUBLE', 1.7847278410949983), ('REM_DOUBLE', 0.9668911359682423), ('SUB_DOUBLE', 0.9469595282020689), ('SUB_FLOAT', 0.9222337574396577)]
2023-12-12 10:37:17,738 [INFO] Running idx 6

2023-12-12 10:37:21,197 [INFO] Calculating loss for idx 6

2023-12-12 10:37:22,080 [INFO] 
          fix_nofl flo_nofl                              e_perc                               e_abs     fix_t     flt_t                         speedup
gemm             0        0  0.00001479771693590298682699517632  0.00001244721276953818181818181818  0.007132  0.002693  0.3775939427930454290521592821
syr2k            0        0  0.00001699802890578776291817536193  0.00001223600474022919097222222222  0.008628  0.005093  0.5902874362540565600370885489
syrk             0        0    0.008908022082727790005679672968    0.003215815621837633934027777778  0.004119  0.002244  0.5447924253459577567370721049
deriche          0        0  0.00003496357273198525772562378705    6.531283331761574074074074074E-9  0.011451  0.006533  0.5705178587022967426425639682
adi              0        0     0.07478138527832312320764620720             0.000747813852783233995  0.136672  0.058885  0.4308490400374619527042847108
fdtd-2d          0        0  0.00004704790130159278723838813586  0.00001697663885679788055555555556  0.007675  0.006511  0.8483387622149837133550488599
jacobi-1d        0        0  0.00007857036815572305723013131653                    3.95077510528E-7  0.000045  0.000021  0.4666666666666666666666666667
jacobi-2d        0        0   0.0001428396627244173423026414782            0.0000900335637676545744  0.008488  0.005976  0.7040527803958529688972667295
2023-12-12 10:37:22,094 [INFO] 
loss: 3.4669010639190674, prev_loss: 3.62587833404541

2023-12-12 10:37:22,094 [INFO] Loss decreased from 3.62587833404541 to 3.4669010639190674. Resetting components.
2023-12-12 10:37:22,094 [INFO] Modifying components ['CAST_FIX_DOUBLE' 'MUL_DOUBLE' 'CAST_FIX_FIX' 'SUB_DOUBLE'
 'CAST_FLOAT_DOUBLE' 'MUL_FLOAT'] with modifications [('CAST_FIX_DOUBLE', 1.5285153709956645), ('MUL_DOUBLE', 1.3170829395520818), ('CAST_FIX_FIX', 1.8529796345173288), ('SUB_DOUBLE', 1.513008111151177), ('CAST_FLOAT_DOUBLE', 1.6209060218926705), ('MUL_FLOAT', 1.428112375935736)]
2023-12-12 10:37:22,117 [INFO] Running idx 7

2023-12-12 10:37:25,684 [INFO] Calculating loss for idx 7

2023-12-12 10:37:26,590 [INFO] 
          fix_nofl flo_nofl                              e_perc                               e_abs     fix_t     flt_t                         speedup
gemm             0        0  0.00001479771693590298682699517632  0.00001244721276953818181818181818  0.006849  0.002654  0.3875018250839538618776463717
syr2k            0        0  0.00001699802890578776291817536193  0.00001223600474022919097222222222  0.008241  0.005206  0.6317194515228734376896007766
syrk             0        0    0.008908022082727790005679672968    0.003215815621837633934027777778  0.004096  0.002085                  0.509033203125
deriche          0        0  0.00003496357273198525772562378705    6.531283331761574074074074074E-9  0.011587  0.006031  0.5204971088288599292310347804
adi              0        0     0.07478138527832312320764620720             0.000747813852783233995  0.134886  0.065675  0.4868926352623697047877466898
fdtd-2d          0        0  0.00004704790130159278723838813586  0.00001697663885679788055555555556  0.007818  0.006382  0.8163213097979022767971348171
jacobi-1d        0        0  0.00007857036815572305723013131653                    3.95077510528E-7  0.000088  0.000031  0.3522727272727272727272727273
jacobi-2d        0        0   0.0001428396627244173423026414782            0.0000900335637676545744  0.008345  0.006263  0.7505092869982025164769322948
2023-12-12 10:37:26,605 [INFO] 
loss: 3.5452523231506348, prev_loss: 3.4669010639190674

2023-12-12 10:37:26,605 [INFO] Loss increased from 3.4669010639190674 to 3.5452523231506348. Removing components ['CAST_FIX_DOUBLE' 'MUL_DOUBLE' 'CAST_FIX_FIX' 'SUB_DOUBLE'
 'CAST_FLOAT_DOUBLE' 'MUL_FLOAT'] and reversing modifications.
2023-12-12 10:37:26,623 [INFO] Modifying components ['MUL_FIX' 'REM_FLOAT' 'REM_DOUBLE' 'SUB_FLOAT' 'DIV_FLOAT'
 'CAST_DOUBLE_FLOAT'] with modifications [('MUL_FIX', 1.2426771905965546), ('REM_FLOAT', 0.7950912386453348), ('REM_DOUBLE', 1.0630147741589897), ('SUB_FLOAT', 0.7995129481864354), ('DIV_FLOAT', 1.8395571199440002), ('CAST_DOUBLE_FLOAT', 1.0733005531887696)]
2023-12-12 10:37:26,639 [INFO] Running idx 8

2023-12-12 10:37:30,368 [INFO] Calculating loss for idx 8

2023-12-12 10:37:31,303 [INFO] 
          fix_nofl flo_nofl                              e_perc                               e_abs     fix_t     flt_t                         speedup
gemm             0        0  0.00001479771693590298682699517632  0.00001244721276953818181818181818  0.006891  0.002661  0.3861558554636482368306486722
syr2k            0        0  0.00001699802890578776291817536193  0.00001223600474022919097222222222  0.008254  0.004984  0.6038284468136661012842258299
syrk             0        0    0.008908022082727790005679672968    0.003215815621837633934027777778  0.004282  0.002179  0.5088743577767398411957029426
deriche          0        0  0.00003496357273198525772562378705    6.531283331761574074074074074E-9  0.017347  0.005980  0.3447281950769585519109932553
adi              0        0     0.07478138527832312320764620720             0.000747813852783233995  0.136439  0.062098  0.4551337960553800599535323478
fdtd-2d          0        0  0.00004704790130159278723838813586  0.00001697663885679788055555555556  0.011893  0.006340  0.5330866896493735810981249474
jacobi-1d        0        0  0.00007857036815572305723013131653                    3.95077510528E-7  0.000058  0.000034  0.5862068965517241379310344828
jacobi-2d        0        0   0.0001428396627244173423026414782            0.0000900335637676545744  0.008523  0.008373  0.9824005631819781766983456529
2023-12-12 10:37:31,317 [INFO] 
loss: 3.5995850563049316, prev_loss: 3.4669010639190674

2023-12-12 10:37:31,317 [INFO] Loss increased from 3.4669010639190674 to 3.5995850563049316. Removing components ['MUL_FIX' 'REM_FLOAT' 'REM_DOUBLE' 'SUB_FLOAT' 'DIV_FLOAT'
 'CAST_DOUBLE_FLOAT'] and reversing modifications.
2023-12-12 10:37:31,334 [INFO] Modifying components ['CAST_FLOAT_FIX' 'ADD_FLOAT' 'REM_FIX' 'DIV_DOUBLE' 'ADD_DOUBLE'
 'CAST_DOUBLE_FIX'] with modifications [('CAST_FLOAT_FIX', 1.1134690146067523), ('ADD_FLOAT', 0.9423490086355217), ('REM_FIX', 1.2034474926401004), ('DIV_DOUBLE', 1.8362093615056083), ('ADD_DOUBLE', 0.6759238836656296), ('CAST_DOUBLE_FIX', 1.777568533916166)]
2023-12-12 10:37:31,351 [INFO] Running idx 9

2023-12-12 10:37:35,098 [INFO] Calculating loss for idx 9

2023-12-12 10:37:35,997 [INFO] 
          fix_nofl flo_nofl                              e_perc                               e_abs     fix_t     flt_t                         speedup
gemm             0        0  0.00001479771693590298682699517632  0.00001244721276953818181818181818  0.006902  0.003927  0.5689655172413793103448275862
syr2k            0        0  0.00001699802890578776291817536193  0.00001223600474022919097222222222  0.008218  0.004986  0.6067169627646629350206862984
syrk             0        0    0.008908022082727790005679672968    0.003215815621837633934027777778  0.006199  0.002239  0.3611872882723019841909985482
deriche          0        0  0.00003496357273198525772562378705    6.531283331761574074074074074E-9  0.015333  0.008031  0.5237722559186069262375269028
adi              0        0     0.07478138527832312320764620720             0.000747813852783233995  0.135272  0.066793  0.4937681116565142823348512626
fdtd-2d          0        0  0.00004704790130159278723838813586  0.00001697663885679788055555555556  0.012770  0.006322  0.4950665622552858261550509005
jacobi-1d        0        0  0.00007857036815572305723013131653                    3.95077510528E-7  0.000046  0.000023                             0.5
jacobi-2d        0        0   0.0001428396627244173423026414782            0.0000900335637676545744  0.008935  0.006249  0.6993844432008953553441522104
2023-12-12 10:37:36,009 [INFO] 
loss: 3.751138925552368, prev_loss: 3.4669010639190674

2023-12-12 10:37:36,009 [INFO] Loss increased from 3.4669010639190674 to 3.751138925552368. Jumping to search new minima.
2023-12-12 10:37:36,026 [INFO] Resetting benchmark to everything for idx 10
2023-12-12 10:37:36,026 [INFO] Running idx 10

2023-12-12 10:37:47,032 [INFO] Calculating loss for idx 10

2023-12-12 10:37:49,554 [INFO] 
               fix_nofl flo_nofl                              e_perc                                e_abs     fix_t     flt_t                         speedup
correlation           0        0       1.194385528564461457949895475      0.01194385528564461558680555556  0.005739  0.009327   1.625196027182435964453737585
covariance            0        0   0.0001481311655862873288252545117     0.002076789008244972704861111111  0.007159  0.008303   1.159798854588629696885039810
2mm                   0        0    0.002116203505084219250051580296       0.1438640358449807895808080808  0.011278  0.014663   1.300141869125731512679553112
3mm                   0        0      0.1607428143865255962080035148        1.172867386937267929232804233  0.013160  0.025226   1.916869300911854103343465046
atax                  0        0    0.001245307518139623818345421377      0.03266340436183471048780487805  0.000180  0.000343   1.905555555555555555555555556
bicg                  0        0  0.00004759444696888559227595466863              0.000047051263120545625  0.000226  0.000527   2.331858407079646017699115044
doitgen               0        0  0.00001518226308628690546534849225  0.000002021210889111604166666666667  0.004246  0.004823   1.135892604804521902967498822
mvt                   0        0  0.00004734201893050139907084194797               0.00004664236306823225  0.000220  0.000365   1.659090909090909090909090909
gemm                  0        0  0.00001479771693590298682699517632   0.00001244721276953818181818181818  0.006916  0.003774  0.5456911509543088490456911510
gemver                0        0  0.00003027313379544594871299482309               0.00191701929193391475  0.000419  0.000426   1.016706443914081145584725537
gesummv               0        0  0.00004861237071837252610943306509                0.0000806915283183144  0.000081  0.000150   1.851851851851851851851851852
symm                  0        0   0.0007963238953248391125850552133    0.0001487045288080912958333333333  0.009066  0.006510  0.7180675049636002647253474520
syr2k                 0        0  0.00001699802890578776291817536193   0.00001223600474022919097222222222  0.008316  0.007453  0.8962241462241462241462241462
syrk                  0        0    0.008908022082727790005679672968     0.003215815621837633934027777778  0.004106  0.002086  0.5080370189965903555772040916
trmm                  0        0   0.0001165630935028292699829867013            0.00004396649698377393125  0.004237  0.004726   1.115411848005664385178192117
cholesky              0        0   0.0008462985893928526759173484168  0.000005670095025417226932668329177  0.007547  0.010319   1.367298264210944746256790778
durbin                0        0      -25.16409692019274273840881420               0.00062922264855964425  0.000189  0.000124  0.6560846560846560846560846561
gramschmidt           0        0       8.481730959763505411538193444       0.2667616760502377581136363636  0.011949  0.012465   1.043183530002510670348983179
lu                    0        0    0.002061708849909160448173884941               0.00001379618248277339  0.019469  0.021186   1.088191483897478042015511839
ludcmp                0        0      0.2520458220045806715679653536               0.00002521245863239575  0.018263  0.019359   1.060012046213656025844603844
trisolv               0        0   0.0007163980422090239072829048338               0.00000225930572684625  0.000065  0.000082   1.261538461538461538461538462
deriche               0        0  0.00003496357273198525772562378705     6.531283331761574074074074074E-9  0.011248  0.008387  0.7456436699857752489331436700
floyd-warshall        0        0                                   0                                    0  0.085890  0.123639   1.439504016765630457561997904
nussinov              0        0                                   0                                    0  0.012148  0.013507   1.111870266710569641093184063
adi                   0        0     0.07478138527832312320764620720              0.000747813852783233995  0.135443  0.058397  0.4311555414454789099473579292
fdtd-2d               0        0  0.00004704790130159278723838813586   0.00001697663885679788055555555556  0.009617  0.008738  0.9085993553083082042216907560
heat-3d               0        0                                   0                                0E-16  0.011071  0.015140   1.367536807876433926474573209
jacobi-1d             0        0  0.00007857036815572305723013131653                     3.95077510528E-7  0.000058  0.000022  0.3793103448275862068965517241
jacobi-2d             0        0   0.0001428396627244173423026414782             0.0000900335637676545744  0.008514  0.009014   1.058726802912849424477331454
seidel-2d             0        0   0.0001020126506449179568796360769           0.000102525901793475199375  0.048142  0.088841   1.845394873499231440322379627
2023-12-12 10:37:49,564 [INFO] Modifying components ['CAST_DOUBLE_FIX' 'CAST_FLOAT_FIX' 'DIV_FIX' 'DIV_FLOAT'
 'CAST_FLOAT_DOUBLE' 'REM_FIX'] with modifications [('CAST_DOUBLE_FIX', 1.3494364279198279), ('CAST_FLOAT_FIX', 1.6705260475251986), ('DIV_FIX', 1.6993990451824204), ('DIV_FLOAT', 1.6838019910198845), ('CAST_FLOAT_DOUBLE', 0.6462441265816828), ('REM_FIX', 1.5342370927886095)]
2023-12-12 10:37:49,576 [INFO] Running idx 11

2023-12-12 10:37:53,398 [INFO] Calculating loss for idx 11

2023-12-12 10:37:54,336 [INFO] 
          fix_nofl flo_nofl                              e_perc                               e_abs     fix_t     flt_t                         speedup
gemm             0        0  0.00001479771693590298682699517632  0.00001244721276953818181818181818  0.007053  0.002653  0.3761519920601162625832978874
symm             0        0   0.0007963238953248391125850552133   0.0001487045288080912958333333333  0.006730  0.006956   1.033580980683506686478454681
syr2k            0        0  0.00001699802890578776291817536193  0.00001223600474022919097222222222  0.008555  0.005271  0.6161309175920514319111630625
syrk             0        0    0.008908022082727790005679672968    0.003215815621837633934027777778  0.004304  0.002234  0.5190520446096654275092936803
durbin           0        0      -25.16409692019274273840881420              0.00062922264855964425  0.000108  0.000114   1.055555555555555555555555556
deriche          0        0  0.00003496357273198525772562378705    6.531283331761574074074074074E-9  0.011634  0.005964  0.5126353790613718411552346570
adi              0        0     0.07478138527832312320764620720             0.000747813852783233995  0.137405  0.058855  0.4283323023179651395509624832
fdtd-2d          0        0  0.00004704790130159278723838813586  0.00001697663885679788055555555556  0.008087  0.006720  0.8309632743909978978607641894
jacobi-1d        0        0  0.00007857036815572305723013131653                    3.95077510528E-7  0.000045  0.000021  0.4666666666666666666666666667
2023-12-12 10:37:54,356 [INFO] 
loss: 3.2500674724578857, prev_loss: 3.211186647415161

2023-12-12 10:37:54,356 [INFO] Loss increased from 3.211186647415161 to 3.2500674724578857. Jumping to search new minima.
2023-12-12 10:37:54,356 [INFO] Modifying components ['DIV_FLOAT' 'REM_FIX' 'MUL_DOUBLE' 'ADD_DOUBLE' 'DIV_DOUBLE' 'SUB_DOUBLE'] with modifications [('DIV_FLOAT', 0.5188230355443296), ('REM_FIX', 0.7077756603759562), ('MUL_DOUBLE', 1.5834202247350513), ('ADD_DOUBLE', 0.9193657291334643), ('DIV_DOUBLE', 1.8673634656586033), ('SUB_DOUBLE', 1.5248211297329075)]
2023-12-12 10:37:54,376 [INFO] Running idx 12

2023-12-12 10:37:58,194 [INFO] Calculating loss for idx 12

2023-12-12 10:37:59,013 [INFO] 
          fix_nofl flo_nofl                              e_perc                               e_abs     fix_t     flt_t                         speedup
gemm             0        0  0.00001479771693590298682699517632  0.00001244721276953818181818181818  0.013341  0.004337  0.3250880743572445843639907053
syr2k            0        0  0.00001699802890578776291817536193  0.00001223600474022919097222222222  0.015343  0.008469  0.5519781007625627321905755067
syrk             0        0    0.008908022082727790005679672968    0.003215815621837633934027777778  0.007943  0.003653  0.4599018003273322422258592471
deriche          0        0  0.00003496357273198525772562378705    6.531283331761574074074074074E-9  0.012028  0.006471  0.5379946790821416694379780512
adi              0        0     0.07478138527832312320764620720             0.000747813852783233995  0.183212  0.060780  0.3317468288103399340654542279
fdtd-2d          0        0  0.00004704790130159278723838813586  0.00001697663885679788055555555556  0.013115  0.011400  0.8692337018680899733130003812
jacobi-1d        0        0  0.00007857036815572305723013131653                    3.95077510528E-7  0.000074  0.000037                             0.5
2023-12-12 10:37:59,021 [INFO] 
loss: 3.4240570068359375, prev_loss: 3.2500674724578857

2023-12-12 10:37:59,021 [INFO] Loss increased from 3.2500674724578857 to 3.4240570068359375. Removing components ['DIV_FLOAT' 'REM_FIX' 'MUL_DOUBLE' 'ADD_DOUBLE' 'DIV_DOUBLE' 'SUB_DOUBLE'] and reversing modifications.
2023-12-12 10:37:59,033 [INFO] Modifying components ['CAST_FIX_DOUBLE' 'CAST_FLOAT_DOUBLE' 'REM_FLOAT' 'REM_DOUBLE'
 'SUB_FLOAT' 'CAST_DOUBLE_FLOAT'] with modifications [('CAST_FIX_DOUBLE', 1.854903892621199), ('CAST_FLOAT_DOUBLE', 1.1134878081962543), ('REM_FLOAT', 1.0835970233051861), ('REM_DOUBLE', 1.3795388295238418), ('SUB_FLOAT', 1.2382879451309625), ('CAST_DOUBLE_FLOAT', 1.2134353574735013)]
2023-12-12 10:37:59,044 [INFO] Running idx 13

2023-12-12 10:38:02,416 [INFO] Calculating loss for idx 13

2023-12-12 10:38:03,285 [INFO] 
          fix_nofl flo_nofl                              e_perc                               e_abs     fix_t     flt_t                         speedup
gemm             0        0  0.00001479771693590298682699517632  0.00001244721276953818181818181818  0.013462  0.004386  0.3258059723666617144555043827
syr2k            0        0  0.00001699802890578776291817536193  0.00001223600474022919097222222222  0.015856  0.009124  0.5754288597376387487386478305
syrk             0        0    0.008908022082727790005679672968    0.003215815621837633934027777778  0.004217  0.003539  0.8392221958738439649039601613
deriche          0        0  0.00003496357273198525772562378705    6.531283331761574074074074074E-9  0.015587  0.005728  0.3674857252838904215051004042
adi              0        0     0.07478138527832312320764620720             0.000747813852783233995  0.135780  0.062177  0.4579245838856974517602003241
fdtd-2d          0        0  0.00004704790130159278723838813586  0.00001697663885679788055555555556  0.007604  0.006528  0.8584955286691215149921094161
jacobi-1d        0        0  0.00007857036815572305723013131653                    3.95077510528E-7  0.000047  0.000020  0.4255319148936170212765957447
2023-12-12 10:38:03,298 [INFO] 
loss: 3.1501052379608154, prev_loss: 3.2500674724578857

2023-12-12 10:38:03,298 [INFO] Loss decreased from 3.2500674724578857 to 3.1501052379608154. Resetting components.
2023-12-12 10:38:03,298 [INFO] Modifying components ['MUL_FLOAT' 'REM_DOUBLE' 'CAST_DOUBLE_FIX' 'CAST_FIX_FIX'
 'CAST_FLOAT_DOUBLE' 'CAST_FIX_DOUBLE'] with modifications [('MUL_FLOAT', 1.2744839065474833), ('REM_DOUBLE', 0.9609509101262232), ('CAST_DOUBLE_FIX', 1.274338090524528), ('CAST_FIX_FIX', 1.2392554107921887), ('CAST_FLOAT_DOUBLE', 0.7760529781030383), ('CAST_FIX_DOUBLE', 1.3489360518068216)]
2023-12-12 10:38:03,310 [INFO] Running idx 14

2023-12-12 10:38:06,476 [INFO] Calculating loss for idx 14

2023-12-12 10:38:07,286 [INFO] 
          fix_nofl flo_nofl                              e_perc                               e_abs     fix_t     flt_t                         speedup
gemm             0        0  0.00001479771693590298682699517632  0.00001244721276953818181818181818  0.007086  0.003009  0.4246401354784081287044877223
syr2k            0        0  0.00001699802890578776291817536193  0.00001223600474022919097222222222  0.008467  0.005348  0.6316286760363765206094248258
syrk             0        0    0.008908022082727790005679672968    0.003215815621837633934027777778  0.004166  0.002424  0.5818530964954392702832453193
deriche          0        0  0.00003496357273198525772562378705    6.531283331761574074074074074E-9  0.011300  0.005873  0.5197345132743362831858407080
adi              0        0     0.07478138527832312320764620720             0.000747813852783233995  0.133421  0.058562  0.4389264058881285554747753352
fdtd-2d          0        0  0.00004704790130159278723838813586  0.00001697663885679788055555555556  0.007568  0.006512  0.8604651162790697674418604651
jacobi-1d        0        0  0.00007857036815572305723013131653                    3.95077510528E-7  0.000046  0.000021  0.4565217391304347826086956522
2023-12-12 10:38:07,299 [INFO] 
loss: 3.0862302780151367, prev_loss: 3.1501052379608154

2023-12-12 10:38:07,299 [INFO] Loss decreased from 3.1501052379608154 to 3.0862302780151367. Resetting components.
2023-12-12 10:38:07,299 [INFO] Modifying components ['REM_DOUBLE' 'ADD_DOUBLE' 'ADD_FLOAT' 'CAST_DOUBLE_FIX' 'DIV_FLOAT'
 'SUB_FLOAT'] with modifications [('REM_DOUBLE', 0.8207587443448975), ('ADD_DOUBLE', 0.8421944865341315), ('ADD_FLOAT', 1.9545358227221752), ('CAST_DOUBLE_FIX', 1.0001887552683195), ('DIV_FLOAT', 1.388269177963671), ('SUB_FLOAT', 1.4544443820147643)]
2023-12-12 10:38:07,313 [INFO] Running idx 15

2023-12-12 10:38:10,493 [INFO] Calculating loss for idx 15

2023-12-12 10:38:11,302 [INFO] 
          fix_nofl flo_nofl                              e_perc                               e_abs     fix_t     flt_t                         speedup
gemm             0        0  0.00001479771693590298682699517632  0.00001244721276953818181818181818  0.007103  0.002664  0.3750527945938335914402365198
syr2k            0        0  0.00001699802890578776291817536193  0.00001223600474022919097222222222  0.008426  0.005739  0.6811061001661523854735342986
syrk             0        0    0.008908022082727790005679672968    0.003215815621837633934027777778  0.004317  0.002256  0.5225851285615010423905489924
deriche          0        0  0.00003496357273198525772562378705    6.531283331761574074074074074E-9  0.011651  0.005758  0.4942065058793236632048751180
adi              0        0     0.07478138527832312320764620720             0.000747813852783233995  0.135441  0.057894  0.4274481139389106695904489778
fdtd-2d          0        0  0.00004704790130159278723838813586  0.00001697663885679788055555555556  0.007593  0.006393  0.8419596997234294745160015804
jacobi-1d        0        0  0.00007857036815572305723013131653                    3.95077510528E-7  0.000046  0.000020  0.4347826086956521739130434783
2023-12-12 10:38:11,318 [INFO] 
loss: 3.2228589057922363, prev_loss: 3.0862302780151367

2023-12-12 10:38:11,318 [INFO] Loss increased from 3.0862302780151367 to 3.2228589057922363. Jumping to search new minima.
2023-12-12 10:38:11,318 [INFO] Modifying components ['SUB_DOUBLE' 'ADD_DOUBLE' 'REM_FLOAT' 'CAST_FIX_FIX' 'CAST_DOUBLE_FLOAT'
 'CAST_FLOAT_DOUBLE'] with modifications [('SUB_DOUBLE', 1.7088244863175708), ('ADD_DOUBLE', 1.7704752710536236), ('REM_FLOAT', 1.584308708996811), ('CAST_FIX_FIX', 0.5985575890079644), ('CAST_DOUBLE_FLOAT', 0.6500655049391129), ('CAST_FLOAT_DOUBLE', 1.1197813000321784)]
2023-12-12 10:38:11,335 [INFO] Running idx 16

2023-12-12 10:38:14,489 [INFO] Calculating loss for idx 16

2023-12-12 10:38:15,294 [INFO] 
          fix_nofl flo_nofl                              e_perc                               e_abs     fix_t     flt_t                         speedup
gemm             0        0  0.00001479771693590298682699517632  0.00001244721276953818181818181818  0.007103  0.002661  0.3746304378431648599183443615
syr2k            0        0  0.00001699802890578776291817536193  0.00001223600474022919097222222222  0.008172  0.005141  0.6290993636808614782183064121
syrk             0        0    0.008908022082727790005679672968    0.003215815621837633934027777778  0.004154  0.002232  0.5373134328358208955223880597
deriche          0        0  0.00003496357273198525772562378705    6.531283331761574074074074074E-9  0.011103  0.006118  0.5510222462397550211654507791
adi              0        0     0.07478138527832312320764620720             0.000747813852783233995  0.135330  0.059496  0.4396364442473952560407891820
fdtd-2d          0        0  0.00004704790130159278723838813586  0.00001697663885679788055555555556  0.007981  0.006375  0.7987720836987846134569602807
jacobi-1d        0        0  0.00007857036815572305723013131653                    3.95077510528E-7  0.000046  0.000020  0.4347826086956521739130434783
2023-12-12 10:38:15,309 [INFO] 
loss: 3.234743118286133, prev_loss: 3.2228589057922363

2023-12-12 10:38:15,310 [INFO] Loss increased from 3.2228589057922363 to 3.234743118286133. Removing components ['SUB_DOUBLE' 'ADD_DOUBLE' 'REM_FLOAT' 'CAST_FIX_FIX' 'CAST_DOUBLE_FLOAT'
 'CAST_FLOAT_DOUBLE'] and reversing modifications.
2023-12-12 10:38:15,328 [INFO] Modifying components ['CAST_FIX_DOUBLE' 'SUB_FLOAT' 'DIV_DOUBLE' 'DIV_FLOAT' 'MUL_FIX'
 'CAST_FIX_FLOAT'] with modifications [('CAST_FIX_DOUBLE', 1.776218754015904), ('SUB_FLOAT', 0.6092000359345577), ('DIV_DOUBLE', 1.410036873234026), ('DIV_FLOAT', 0.8871797630287449), ('MUL_FIX', 1.5458901056831484), ('CAST_FIX_FLOAT', 0.644124879852873)]
2023-12-12 10:38:15,342 [INFO] Running idx 17

2023-12-12 10:38:18,975 [INFO] Calculating loss for idx 17

2023-12-12 10:38:19,809 [INFO] 
          fix_nofl flo_nofl                              e_perc                               e_abs     fix_t     flt_t                         speedup
gemm             0        0  0.00001479771693590298682699517632  0.00001244721276953818181818181818  0.006953  0.002901  0.4172299726736660434344887099
syr2k            0        0  0.00001699802890578776291817536193  0.00001223600474022919097222222222  0.008285  0.005208  0.6286059143029571514785757393
syrk             0        0    0.008908022082727790005679672968    0.003215815621837633934027777778  0.004078  0.002090  0.5125061304561059342815105444
deriche          0        0  0.00003496357273198525772562378705    6.531283331761574074074074074E-9  0.017769  0.005723  0.3220777759018515391974787551
adi              0        0     0.07478138527832312320764620720             0.000747813852783233995  0.197488  0.067298  0.3407700721056469253828080694
fdtd-2d          0        0  0.00004704790130159278723838813586  0.00001697663885679788055555555556  0.015114  0.012312  0.8146089718142119888844779674
jacobi-1d        0        0  0.00007857036815572305723013131653                    3.95077510528E-7  0.000080  0.000055                          0.6875
2023-12-12 10:38:19,828 [INFO] 
loss: 3.2767012119293213, prev_loss: 3.2228589057922363

2023-12-12 10:38:19,828 [INFO] Loss increased from 3.2228589057922363 to 3.2767012119293213. Removing components ['CAST_FIX_DOUBLE' 'SUB_FLOAT' 'DIV_DOUBLE' 'DIV_FLOAT' 'MUL_FIX'
 'CAST_FIX_FLOAT'] and reversing modifications.
2023-12-12 10:38:19,851 [INFO] Modifying components ['MUL_DOUBLE' 'REM_DOUBLE' 'REM_FIX' 'MUL_FLOAT' 'ADD_FLOAT' 'DIV_FIX'] with modifications [('MUL_DOUBLE', 1.458392325194902), ('REM_DOUBLE', 0.6258229347605518), ('REM_FIX', 1.9551406361629302), ('MUL_FLOAT', 1.8407969211882789), ('ADD_FLOAT', 0.8730584755098082), ('DIV_FIX', 1.3559695081023477)]
2023-12-12 10:38:19,868 [INFO] Running idx 18

2023-12-12 10:38:24,376 [INFO] Calculating loss for idx 18

2023-12-12 10:38:25,175 [INFO] 
          fix_nofl flo_nofl                              e_perc                               e_abs     fix_t     flt_t                         speedup
gemm             0        0  0.00001479771693590298682699517632  0.00001244721276953818181818181818  0.014277  0.004808  0.3367654269104153533655529873
syr2k            0        0  0.00001699802890578776291817536193  0.00001223600474022919097222222222  0.017550  0.010219  0.5822792022792022792022792023
syrk             0        0    0.008908022082727790005679672968    0.003215815621837633934027777778  0.008443  0.004219  0.4997038967191756484661850053
deriche          0        0  0.00003496357273198525772562378705    6.531283331761574074074074074E-9  0.014064  0.007121  0.5063282138794084186575654152
adi              0        0     0.07478138527832312320764620720             0.000747813852783233995  0.199439  0.067134  0.3366142028389632920341558070
fdtd-2d          0        0  0.00004704790130159278723838813586  0.00001697663885679788055555555556  0.014252  0.012277  0.8614229581813078866124052765
jacobi-1d        0        0  0.00007857036815572305723013131653                    3.95077510528E-7  0.000072  0.000037  0.5138888888888888888888888889
2023-12-12 10:38:25,187 [INFO] 
loss: 3.36299729347229, prev_loss: 3.2228589057922363

2023-12-12 10:38:25,187 [INFO] Loss increased from 3.2228589057922363 to 3.36299729347229. Jumping to search new minima.
2023-12-12 10:38:25,188 [INFO] Modifying components ['REM_FIX' 'REM_FLOAT' 'REM_DOUBLE' 'CAST_FIX_DOUBLE' 'MUL_DOUBLE'
 'DIV_DOUBLE'] with modifications [('REM_FIX', 1.546112121679355), ('REM_FLOAT', 1.1564681338516134), ('REM_DOUBLE', 1.9101282053642106), ('CAST_FIX_DOUBLE', 0.7068882700313064), ('MUL_DOUBLE', 1.210353304887018), ('DIV_DOUBLE', 1.5345992469506602)]
2023-12-12 10:38:25,202 [INFO] Running idx 19

2023-12-12 10:38:29,030 [INFO] Calculating loss for idx 19

2023-12-12 10:38:29,856 [INFO] 
          fix_nofl flo_nofl                              e_perc                               e_abs     fix_t     flt_t                         speedup
gemm             0        0  0.00001479771693590298682699517632  0.00001244721276953818181818181818  0.013098  0.004540  0.3466178042449228889906856009
syr2k            0        0  0.00001699802890578776291817536193  0.00001223600474022919097222222222  0.015621  0.008647  0.5535497087254337110300236861
syrk             0        0    0.008908022082727790005679672968    0.003215815621837633934027777778  0.008007  0.003743  0.4674659672786311977020107406
deriche          0        0  0.00003496357273198525772562378705    6.531283331761574074074074074E-9  0.011912  0.006536  0.5486903962390866353257219610
adi              0        0     0.07478138527832312320764620720             0.000747813852783233995  0.185604  0.060858  0.3278916402663735695351393289
fdtd-2d          0        0  0.00004704790130159278723838813586  0.00001697663885679788055555555556  0.013605  0.011108  0.8164645350973906651966188901
jacobi-1d        0        0  0.00007857036815572305723013131653                    3.95077510528E-7  0.000071  0.000037  0.5211267605633802816901408451
2023-12-12 10:38:29,874 [INFO] 
loss: 3.4181933403015137, prev_loss: 3.36299729347229

2023-12-12 10:38:29,875 [INFO] Loss increased from 3.36299729347229 to 3.4181933403015137. Removing components ['REM_FIX' 'REM_FLOAT' 'REM_DOUBLE' 'CAST_FIX_DOUBLE' 'MUL_DOUBLE'
 'DIV_DOUBLE'] and reversing modifications.
2023-12-12 10:38:29,910 [INFO] Resetting benchmark to everything for idx 20
2023-12-12 10:38:29,910 [INFO] Running idx 20

2023-12-12 10:38:41,216 [INFO] Calculating loss for idx 20

2023-12-12 10:38:43,678 [INFO] 
               fix_nofl flo_nofl                              e_perc                                e_abs     fix_t     flt_t                         speedup
correlation           0        0       1.194385528564461457949895475      0.01194385528564461558680555556  0.010894  0.009529  0.8747016706443914081145584726
covariance            0        0   0.0001481311655862873288252545117     0.002076789008244972704861111111  0.010709  0.010050  0.9384629750677000653655803530
2mm                   0        0    0.002116203505084219250051580296       0.1438640358449807895808080808  0.019951  0.017489  0.8765976642774798255726529998
3mm                   0        0      0.1607428143865255962080035148        1.172867386937267929232804233  0.025599  0.026477   1.034298214774014609945701004
atax                  0        0    0.001245307518139623818345421377      0.03266340436183471048780487805  0.000304  0.000265  0.8717105263157894736842105263
bicg                  0        0  0.00004759444696888559227595466863              0.000047051263120545625  0.000340  0.000408                             1.2
doitgen               0        0  0.00001518226308628690546534849225  0.000002021210889111604166666666667  0.007347  0.006782  0.9230978630733632775282428202
mvt                   0        0  0.00004734201893050139907084194797               0.00004664236306823225  0.000200  0.000425                           2.125
gemm                  0        0  0.00001479771693590298682699517632   0.00001244721276953818181818181818  0.009433  0.003281  0.3478214777907346549348033499
gemver                0        0  0.00003027313379544594871299482309               0.00191701929193391475  0.000675  0.000569  0.8429629629629629629629629630
gesummv               0        0  0.00004861237071837252610943306509                0.0000806915283183144  0.000087  0.000154   1.770114942528735632183908046
symm                  0        0   0.0007963238953248391125850552133    0.0001487045288080912958333333333  0.006634  0.006616  0.9972867048537835393427796201
syr2k                 0        0  0.00001699802890578776291817536193   0.00001223600474022919097222222222  0.008763  0.005792  0.6609608581536003651717448362
syrk                  0        0    0.008908022082727790005679672968     0.003215815621837633934027777778  0.005651  0.002398  0.4243496726243142806582905680
trmm                  0        0   0.0001165630935028292699829867013            0.00004396649698377393125  0.004090  0.004339   1.060880195599022004889975550
cholesky              0        0   0.0008462985893928526759173484168  0.000005670095025417226932668329177  0.007493  0.010164   1.356466034965968237021219805
durbin                0        0      -25.16409692019274273840881420               0.00062922264855964425  0.000116  0.000127   1.094827586206896551724137931
gramschmidt           0        0       8.481730959763505411538193444       0.2667616760502377581136363636  0.010658  0.013127   1.231656971289172452617751923
lu                    0        0    0.002061708849909160448173884941               0.00001379618248277339  0.019274  0.021241   1.102054581301234824115388606
ludcmp                0        0      0.2520458220045806715679653536               0.00002521245863239575  0.018688  0.019464   1.041523972602739726027397260
trisolv               0        0   0.0007163980422090239072829048338               0.00000225930572684625  0.000080  0.000088                             1.1
deriche               0        0  0.00003496357273198525772562378705     6.531283331761574074074074074E-9  0.014889  0.006651  0.4467056215998388071730807979
floyd-warshall        0        0                                   0                                    0  0.086737  0.118672   1.368181975396889447409986511
nussinov              0        0                                   0                                    0  0.012032  0.015167   1.260555186170212765957446809
adi                   0        0     0.07478138527832312320764620720              0.000747813852783233995  0.133235  0.058672  0.4403647690171501482343228131
fdtd-2d               0        0  0.00004704790130159278723838813586   0.00001697663885679788055555555556  0.012310  0.006358  0.5164906580016246953696181966
heat-3d               0        0                                   0                                0E-16  0.013113  0.014964   1.141157629832990162434225578
jacobi-1d             0        0  0.00007857036815572305723013131653                     3.95077510528E-7  0.000050  0.000020                             0.4
jacobi-2d             0        0   0.0001428396627244173423026414782             0.0000900335637676545744  0.011486  0.007490  0.6520982065122758140344767543
seidel-2d             0        0   0.0001020126506449179568796360769           0.000102525901793475199375  0.055022  0.090561   1.645905274253934789720475446
2023-12-12 10:38:43,697 [INFO] Modifying components ['CAST_DOUBLE_FIX' 'SUB_DOUBLE' 'REM_FLOAT' 'ADD_FLOAT' 'CAST_FIX_FLOAT'
 'MUL_FLOAT'] with modifications [('CAST_DOUBLE_FIX', 1.7849393212872902), ('SUB_DOUBLE', 1.7256988354377802), ('REM_FLOAT', 0.7574585496437625), ('ADD_FLOAT', 0.5778515234845252), ('CAST_FIX_FLOAT', 0.6990810313140019), ('MUL_FLOAT', 0.9715862046559107)]
2023-12-12 10:38:43,714 [INFO] Running idx 21

2023-12-12 10:38:49,527 [INFO] Calculating loss for idx 21

2023-12-12 10:38:50,855 [INFO] 
            fix_nofl flo_nofl                              e_perc                                e_abs     fix_t     flt_t                         speedup
correlation        0        0       1.194385528564461457949895475      0.01194385528564461558680555556  0.005776  0.008179   1.416031855955678670360110803
covariance         0        0   0.0001481311655862873288252545117     0.002076789008244972704861111111  0.005298  0.010763   2.031521328803322008305020763
2mm                0        0    0.002116203505084219250051580296       0.1438640358449807895808080808  0.014955  0.014585  0.9752591106653293212972250084
atax               0        0    0.001245307518139623818345421377      0.03266340436183471048780487805  0.000183  0.000208   1.136612021857923497267759563
doitgen            0        0  0.00001518226308628690546534849225  0.000002021210889111604166666666667  0.004143  0.005031   1.214337436640115858073859522
gemm               0        0  0.00001479771693590298682699517632   0.00001244721276953818181818181818  0.009737  0.003254  0.3341891753106706377734415118
gemver             0        0  0.00003027313379544594871299482309               0.00191701929193391475  0.000440  0.000651   1.479545454545454545454545455
symm               0        0   0.0007963238953248391125850552133    0.0001487045288080912958333333333  0.009363  0.008663  0.9252376375093452953113318381
syr2k              0        0  0.00001699802890578776291817536193   0.00001223600474022919097222222222  0.008521  0.007157  0.8399248914446661190001173571
syrk               0        0    0.008908022082727790005679672968     0.003215815621837633934027777778  0.006031  0.002125  0.3523462112419167633891560272
deriche            0        0  0.00003496357273198525772562378705     6.531283331761574074074074074E-9  0.016647  0.006334  0.3804889769928515648465188923
adi                0        0     0.07478138527832312320764620720              0.000747813852783233995  0.139836  0.068127  0.4871921393632540976572556423
fdtd-2d            0        0  0.00004704790130159278723838813586   0.00001697663885679788055555555556  0.010881  0.009172  0.8429372300340042275526146494
jacobi-1d          0        0  0.00007857036815572305723013131653                     3.95077510528E-7  0.000068  0.000034                             0.5
jacobi-2d          0        0   0.0001428396627244173423026414782             0.0000900335637676545744  0.009185  0.006157  0.6703320631464344039194338596
2023-12-12 10:38:50,869 [INFO] 
loss: 3.6920924186706543, prev_loss: 4.786388397216797

2023-12-12 10:38:50,869 [INFO] Loss decreased from 4.786388397216797 to 3.6920924186706543. Resetting components.
2023-12-12 10:38:50,870 [INFO] Modifying components ['SUB_DOUBLE' 'DIV_DOUBLE' 'MUL_FLOAT' 'REM_DOUBLE' 'MUL_DOUBLE'
 'CAST_DOUBLE_FLOAT'] with modifications [('SUB_DOUBLE', 1.2985459663719368), ('DIV_DOUBLE', 1.8117742298389015), ('MUL_FLOAT', 0.8725254331920563), ('REM_DOUBLE', 1.1086632252020179), ('MUL_DOUBLE', 1.4991818146642457), ('CAST_DOUBLE_FLOAT', 0.8944592700056619)]
2023-12-12 10:38:50,884 [INFO] Running idx 22

2023-12-12 10:38:55,046 [INFO] Calculating loss for idx 22

2023-12-12 10:38:56,085 [INFO] 
          fix_nofl flo_nofl                              e_perc                               e_abs     fix_t     flt_t                         speedup
2mm              0        0    0.002116203505084219250051580296      0.1438640358449807895808080808  0.011323  0.016918   1.494126998145367835379316436
gemm             0        0  0.00001479771693590298682699517632  0.00001244721276953818181818181818  0.006941  0.002685  0.3868318686068289871776401095
symm             0        0   0.0007963238953248391125850552133   0.0001487045288080912958333333333  0.006562  0.006863   1.045870161536117037488570558
syr2k            0        0  0.00001699802890578776291817536193  0.00001223600474022919097222222222  0.008532  0.005005  0.5866150961087669948429442100
syrk             0        0    0.008908022082727790005679672968    0.003215815621837633934027777778  0.004103  0.002187  0.5330246161345357055812819888
deriche          0        0  0.00003496357273198525772562378705    6.531283331761574074074074074E-9  0.011738  0.005992  0.5104787868461407394786164594
adi              0        0     0.07478138527832312320764620720             0.000747813852783233995  0.137001  0.059084  0.4312669250589411756118568478
fdtd-2d          0        0  0.00004704790130159278723838813586  0.00001697663885679788055555555556  0.007901  0.006504  0.8231869383622326287811669409
jacobi-1d        0        0  0.00007857036815572305723013131653                    3.95077510528E-7  0.000050  0.000022                            0.44
jacobi-2d        0        0   0.0001428396627244173423026414782            0.0000900335637676545744  0.008502  0.008071  0.9493060456363208656786638438
2023-12-12 10:38:56,098 [INFO] 
loss: 3.339289665222168, prev_loss: 3.6920924186706543

2023-12-12 10:38:56,098 [INFO] Loss decreased from 3.6920924186706543 to 3.339289665222168. Resetting components.
2023-12-12 10:38:56,098 [INFO] Modifying components ['DIV_DOUBLE' 'SUB_DOUBLE' 'REM_FIX' 'MUL_FIX' 'MUL_FLOAT' 'ADD_FLOAT'] with modifications [('DIV_DOUBLE', 1.039226814721838), ('SUB_DOUBLE', 0.5653771630459892), ('REM_FIX', 0.6648614609697505), ('MUL_FIX', 1.7873417358100914), ('MUL_FLOAT', 0.684344086788705), ('ADD_FLOAT', 1.3586884309491962)]
2023-12-12 10:38:56,111 [INFO] Running idx 23

2023-12-12 10:38:59,842 [INFO] Calculating loss for idx 23

2023-12-12 10:39:00,777 [INFO] 
          fix_nofl flo_nofl                              e_perc                               e_abs     fix_t     flt_t                         speedup
gemm             0        0  0.00001479771693590298682699517632  0.00001244721276953818181818181818  0.009696  0.002848  0.2937293729372937293729372937
syr2k            0        0  0.00001699802890578776291817536193  0.00001223600474022919097222222222  0.008275  0.004970  0.6006042296072507552870090634
syrk             0        0    0.008908022082727790005679672968    0.003215815621837633934027777778  0.006313  0.002199  0.3483288452399809916046253762
deriche          0        0  0.00003496357273198525772562378705    6.531283331761574074074074074E-9  0.017486  0.006145  0.3514239963399290861260436921
adi              0        0     0.07478138527832312320764620720             0.000747813852783233995  0.134741  0.066244  0.4916395158118167447176434790
fdtd-2d          0        0  0.00004704790130159278723838813586  0.00001697663885679788055555555556  0.010871  0.009006  0.8284426455707846564253518536
jacobi-1d        0        0  0.00007857036815572305723013131653                    3.95077510528E-7  0.000068  0.000040  0.5882352941176470588235294118
jacobi-2d        0        0   0.0001428396627244173423026414782            0.0000900335637676545744  0.008379  0.005781  0.6899391335481561045470819907
2023-12-12 10:39:00,796 [INFO] 
loss: 3.80765700340271, prev_loss: 3.339289665222168

2023-12-12 10:39:00,796 [INFO] Loss increased from 3.339289665222168 to 3.80765700340271. Removing components ['DIV_DOUBLE' 'SUB_DOUBLE' 'REM_FIX' 'MUL_FIX' 'MUL_FLOAT' 'ADD_FLOAT'] and reversing modifications.
2023-12-12 10:39:00,813 [INFO] Modifying components ['DIV_FLOAT' 'REM_DOUBLE' 'ADD_DOUBLE' 'CAST_DOUBLE_FIX' 'MUL_DOUBLE'
 'SUB_FLOAT'] with modifications [('DIV_FLOAT', 0.9358278038393029), ('REM_DOUBLE', 0.8683588192419189), ('ADD_DOUBLE', 0.9896583875725985), ('CAST_DOUBLE_FIX', 1.7225525169850704), ('MUL_DOUBLE', 1.8046503132595724), ('SUB_FLOAT', 1.7896211883767466)]
2023-12-12 10:39:00,831 [INFO] Running idx 24

2023-12-12 10:39:04,747 [INFO] Calculating loss for idx 24

2023-12-12 10:39:05,674 [INFO] 
          fix_nofl flo_nofl                              e_perc                               e_abs     fix_t     flt_t                         speedup
gemm             0        0  0.00001479771693590298682699517632  0.00001244721276953818181818181818  0.012824  0.004534  0.3535558328134747348721147848
syr2k            0        0  0.00001699802890578776291817536193  0.00001223600474022919097222222222  0.016299  0.009610  0.5896067243389164979446591815
syrk             0        0    0.008908022082727790005679672968    0.003215815621837633934027777778  0.008015  0.003846  0.4798502807236431690580162196
deriche          0        0  0.00003496357273198525772562378705    6.531283331761574074074074074E-9  0.011333  0.007194  0.6347833759816465190152651549
adi              0        0     0.07478138527832312320764620720             0.000747813852783233995  0.132769  0.058116  0.4377226611633739803719241690
fdtd-2d          0        0  0.00004704790130159278723838813586  0.00001697663885679788055555555556  0.008194  0.006894  0.8413473273126678057114962167
jacobi-1d        0        0  0.00007857036815572305723013131653                    3.95077510528E-7  0.000046  0.000020  0.4347826086956521739130434783
jacobi-2d        0        0   0.0001428396627244173423026414782            0.0000900335637676545744  0.008353  0.006224  0.7451215132287800790135280737
2023-12-12 10:39:05,692 [INFO] 
loss: 3.483229637145996, prev_loss: 3.339289665222168

2023-12-12 10:39:05,692 [INFO] Loss increased from 3.339289665222168 to 3.483229637145996. Removing components ['DIV_FLOAT' 'REM_DOUBLE' 'ADD_DOUBLE' 'CAST_DOUBLE_FIX' 'MUL_DOUBLE'
 'SUB_FLOAT'] and reversing modifications.
2023-12-12 10:39:05,709 [INFO] Modifying components ['CAST_FLOAT_FIX' 'DIV_FIX' 'REM_FLOAT' 'CAST_DOUBLE_FLOAT' 'CAST_FIX_FIX'
 'CAST_FIX_FLOAT'] with modifications [('CAST_FLOAT_FIX', 0.9143612248855977), ('DIV_FIX', 0.8503862119462497), ('REM_FLOAT', 1.569374042977591), ('CAST_DOUBLE_FLOAT', 1.4054347066073898), ('CAST_FIX_FIX', 1.0912060417102176), ('CAST_FIX_FLOAT', 0.6075546244445749)]
2023-12-12 10:39:05,727 [INFO] Running idx 25

2023-12-12 10:39:09,281 [INFO] Calculating loss for idx 25

2023-12-12 10:39:10,168 [INFO] 
          fix_nofl flo_nofl                              e_perc                               e_abs     fix_t     flt_t                         speedup
gemm             0        0  0.00001479771693590298682699517632  0.00001244721276953818181818181818  0.007012  0.002779  0.3963205932686822589845978323
syr2k            0        0  0.00001699802890578776291817536193  0.00001223600474022919097222222222  0.008380  0.004978  0.5940334128878281622911694511
syrk             0        0    0.008908022082727790005679672968    0.003215815621837633934027777778  0.004116  0.002139  0.5196793002915451895043731778
deriche          0        0  0.00003496357273198525772562378705    6.531283331761574074074074074E-9  0.011404  0.005951  0.5218344440547176429323044546
adi              0        0     0.07478138527832312320764620720             0.000747813852783233995  0.134621  0.057671  0.4283952726543407046448919559
fdtd-2d          0        0  0.00004704790130159278723838813586  0.00001697663885679788055555555556  0.007583  0.006407  0.8449162600553870499802189107
jacobi-1d        0        0  0.00007857036815572305723013131653                    3.95077510528E-7  0.000085  0.000020  0.2352941176470588235294117647
jacobi-2d        0        0   0.0001428396627244173423026414782            0.0000900335637676545744  0.008947  0.007284  0.8141276405499049960880742148
2023-12-12 10:39:10,182 [INFO] 
loss: 3.6453990936279297, prev_loss: 3.339289665222168

2023-12-12 10:39:10,183 [INFO] Loss increased from 3.339289665222168 to 3.6453990936279297. Removing components ['CAST_FLOAT_FIX' 'DIV_FIX' 'REM_FLOAT' 'CAST_DOUBLE_FLOAT' 'CAST_FIX_FIX'
 'CAST_FIX_FLOAT'] and reversing modifications.
